-----------running 1 out of 1 samples---------------------- 
bulkChIC-PMC-DRO-011
2
-----start alignment for bulkChIC-PMC-DRO-011 at Wed Mar 15 08:48:30 CET 2023-------
14439590 reads; of these:
  14439590 (100.00%) were paired; of these:
    1670682 (11.57%) aligned concordantly 0 times
    11306238 (78.30%) aligned concordantly exactly 1 time
    1462670 (10.13%) aligned concordantly >1 times
    ----
    1670682 pairs aligned concordantly 0 times; of these:
      693683 (41.52%) aligned discordantly 1 time
    ----
    976999 pairs aligned 0 times concordantly or discordantly; of these:
      1953998 mates make up the pairs; of these:
        1159210 (59.33%) aligned 0 times
        446736 (22.86%) aligned exactly 1 time
        348052 (17.81%) aligned >1 times
95.99% overall alignment rate
-------finish alignment for bulkChIC-PMC-DRO-011 at Wed Mar 15 09:04:53 CET 2023--------
