-----------running 1 out of 18 samples---------------------- 
-----------running 2 out of 18 samples---------------------- 
-----------running 3 out of 18 samples---------------------- 
-----------running 4 out of 18 samples---------------------- 
-----------running 5 out of 18 samples---------------------- 
-----------running 6 out of 18 samples---------------------- 
-----------running 7 out of 18 samples---------------------- 
-----------running 8 out of 18 samples---------------------- 
-----------running 9 out of 18 samples---------------------- 
-----------running 10 out of 18 samples---------------------- 
-----------running 11 out of 18 samples---------------------- 
-----------running 12 out of 18 samples---------------------- 
-----------running 13 out of 18 samples---------------------- 
-----------running 14 out of 18 samples---------------------- 
2
2
2
-----------running 15 out of 18 samples---------------------- 
-----------running 16 out of 18 samples---------------------- 
-----------running 17 out of 18 samples---------------------- 
2
2
2
-----------running 18 out of 18 samples---------------------- 
2
2
2
2
2
2
2
-----start alignment for bulkChIC-PMC-DRO-011 at Thu Apr  6 10:45:03 CEST 2023-------
-----start alignment for bulkChIC-PMC-DRO-012 at Thu Apr  6 10:45:03 CEST 2023-------
2
2
2
2
2
-----start alignment for SCC-bulkChIC-PMC-DRO-005 at Thu Apr  6 10:45:03 CEST 2023-------
-----start alignment for bulkChIC-PMC-DRO-013 at Thu Apr  6 10:45:03 CEST 2023-------
-----start alignment for SCC-ChIC-PMC-DRO-LH at Thu Apr  6 10:45:03 CEST 2023-------
-----start alignment for SCC-ChIC-PMC-DRO-L5 at Thu Apr  6 10:45:03 CEST 2023-------
-----start alignment for bulkChIC-PMC-DRO-016 at Thu Apr  6 10:45:03 CEST 2023-------
-----start alignment for bulkChIC-PMC-DRO-014 at Thu Apr  6 10:45:03 CEST 2023-------
-----start alignment for bulkChIC-PMC-DRO-015 at Thu Apr  6 10:45:03 CEST 2023-------
-----start alignment for SCC-bulkChIC-PMC-DRO-008 at Thu Apr  6 10:45:03 CEST 2023-------
-----start alignment for SCC-bulkChIC-PMC-DRO-002 at Thu Apr  6 10:45:03 CEST 2023-------
-----start alignment for SCC-ChIC-PMC-DRO-F1 at Thu Apr  6 10:45:03 CEST 2023-------
-----start alignment for SCC-ChIC-PMC-DRO-F5 at Thu Apr  6 10:45:03 CEST 2023-------
-----start alignment for SCC-ChIC-PMC-DRO-T5 at Thu Apr  6 10:45:03 CEST 2023-------
-----start alignment for SCC-ChIC-PMC-DRO-L1 at Thu Apr  6 10:45:03 CEST 2023-------
-----start alignment for SCC-ChIC-PMC-DRO-T1 at Thu Apr  6 10:45:03 CEST 2023-------
-----start alignment for SCC-ChIC-PMC-DRO-FH at Thu Apr  6 10:45:03 CEST 2023-------
-----start alignment for SCC-ChIC-PMC-DRO-TH at Thu Apr  6 10:45:03 CEST 2023-------
-------finish alignment for SCC-ChIC-PMC-DRO-F1 at Thu Apr  6 11:21:53 CEST 2023--------
-------finish alignment for SCC-ChIC-PMC-DRO-L1 at Thu Apr  6 11:22:34 CEST 2023--------
-------finish alignment for SCC-ChIC-PMC-DRO-FH at Thu Apr  6 11:22:37 CEST 2023--------
-------finish alignment for SCC-ChIC-PMC-DRO-F5 at Thu Apr  6 11:22:55 CEST 2023--------
-------finish alignment for SCC-ChIC-PMC-DRO-TH at Thu Apr  6 11:23:47 CEST 2023--------
-------finish alignment for SCC-ChIC-PMC-DRO-T5 at Thu Apr  6 11:24:08 CEST 2023--------
-------finish alignment for SCC-ChIC-PMC-DRO-T1 at Thu Apr  6 11:27:40 CEST 2023--------
-------finish alignment for SCC-ChIC-PMC-DRO-L5 at Thu Apr  6 11:31:00 CEST 2023--------
-------finish alignment for SCC-ChIC-PMC-DRO-LH at Thu Apr  6 11:35:47 CEST 2023--------
-------finish alignment for bulkChIC-PMC-DRO-011 at Thu Apr  6 13:30:26 CEST 2023--------
-------finish alignment for bulkChIC-PMC-DRO-014 at Thu Apr  6 13:56:10 CEST 2023--------
-------finish alignment for bulkChIC-PMC-DRO-013 at Thu Apr  6 13:57:37 CEST 2023--------
-------finish alignment for bulkChIC-PMC-DRO-015 at Thu Apr  6 13:57:55 CEST 2023--------
-------finish alignment for bulkChIC-PMC-DRO-012 at Thu Apr  6 13:59:06 CEST 2023--------
-------finish alignment for bulkChIC-PMC-DRO-016 at Thu Apr  6 14:21:21 CEST 2023--------
-------finish alignment for SCC-bulkChIC-PMC-DRO-002 at Thu Apr  6 18:25:46 CEST 2023--------
-------finish alignment for SCC-bulkChIC-PMC-DRO-008 at Thu Apr  6 18:35:38 CEST 2023--------
-------finish alignment for SCC-bulkChIC-PMC-DRO-005 at Thu Apr  6 18:43:26 CEST 2023--------
all done
