-----------running 1 out of 18 samples---------------------- 
-----------running 2 out of 18 samples---------------------- 
-----------running 3 out of 18 samples---------------------- 
-----------running 4 out of 18 samples---------------------- 
-----------running 5 out of 18 samples---------------------- 
-----------running 6 out of 18 samples---------------------- 
-----------running 7 out of 18 samples---------------------- 
-----------running 8 out of 18 samples---------------------- 
-----------running 9 out of 18 samples---------------------- 
-----------running 10 out of 18 samples---------------------- 
2
2
2
-----------running 11 out of 18 samples---------------------- 
-----------running 12 out of 18 samples---------------------- 
-----------running 13 out of 18 samples---------------------- 
-----------running 14 out of 18 samples---------------------- 
2
2
2
2
2
-----------running 15 out of 18 samples---------------------- 
-----------running 16 out of 18 samples---------------------- 
2
2
2
-----------running 17 out of 18 samples---------------------- 
2
-----------running 18 out of 18 samples---------------------- 
-----start alignment for bulkChIC-PMC-DRO-013 at Fri Apr  7 11:11:09 CEST 2023-------
-----start alignment for bulkChIC-PMC-DRO-012 at Fri Apr  7 11:11:09 CEST 2023-------
-----start alignment for bulkChIC-PMC-DRO-011 at Fri Apr  7 11:11:09 CEST 2023-------
2
2
2
-----start alignment for SCC-bulkChIC-PMC-DRO-005 at Fri Apr  7 11:11:09 CEST 2023-------
2
2
-----start alignment for bulkChIC-PMC-DRO-014 at Fri Apr  7 11:11:09 CEST 2023-------
-----start alignment for SCC-bulkChIC-PMC-DRO-002 at Fri Apr  7 11:11:09 CEST 2023-------
-----start alignment for SCC-ChIC-PMC-DRO-LH at Fri Apr  7 11:11:09 CEST 2023-------
-----start alignment for SCC-ChIC-PMC-DRO-F1 at Fri Apr  7 11:11:09 CEST 2023-------
-----start alignment for SCC-bulkChIC-PMC-DRO-008 at Fri Apr  7 11:11:09 CEST 2023-------
-----start alignment for SCC-ChIC-PMC-DRO-L5 at Fri Apr  7 11:11:09 CEST 2023-------
-----start alignment for bulkChIC-PMC-DRO-015 at Fri Apr  7 11:11:09 CEST 2023-------
-----start alignment for bulkChIC-PMC-DRO-016 at Fri Apr  7 11:11:09 CEST 2023-------
2
-----start alignment for SCC-ChIC-PMC-DRO-L1 at Fri Apr  7 11:11:09 CEST 2023-------
-----start alignment for SCC-ChIC-PMC-DRO-F5 at Fri Apr  7 11:11:09 CEST 2023-------
-----start alignment for SCC-ChIC-PMC-DRO-T1 at Fri Apr  7 11:11:09 CEST 2023-------
-----start alignment for SCC-ChIC-PMC-DRO-FH at Fri Apr  7 11:11:09 CEST 2023-------
-----start alignment for SCC-ChIC-PMC-DRO-T5 at Fri Apr  7 11:11:09 CEST 2023-------
-----start alignment for SCC-ChIC-PMC-DRO-TH at Fri Apr  7 11:11:09 CEST 2023-------
-------finish alignment for SCC-ChIC-PMC-DRO-F1 at Fri Apr  7 11:12:23 CEST 2023--------
-------finish alignment for SCC-ChIC-PMC-DRO-L1 at Fri Apr  7 11:12:25 CEST 2023--------
-------finish alignment for SCC-ChIC-PMC-DRO-T5 at Fri Apr  7 11:12:26 CEST 2023--------
-------finish alignment for SCC-ChIC-PMC-DRO-T1 at Fri Apr  7 11:12:27 CEST 2023--------
-------finish alignment for SCC-ChIC-PMC-DRO-F5 at Fri Apr  7 11:12:27 CEST 2023--------
-------finish alignment for SCC-ChIC-PMC-DRO-FH at Fri Apr  7 11:12:28 CEST 2023--------
-------finish alignment for SCC-ChIC-PMC-DRO-TH at Fri Apr  7 11:12:29 CEST 2023--------
-------finish alignment for SCC-ChIC-PMC-DRO-L5 at Fri Apr  7 11:12:36 CEST 2023--------
-------finish alignment for SCC-ChIC-PMC-DRO-LH at Fri Apr  7 11:12:40 CEST 2023--------
-------finish alignment for bulkChIC-PMC-DRO-015 at Fri Apr  7 11:17:37 CEST 2023--------
-------finish alignment for bulkChIC-PMC-DRO-013 at Fri Apr  7 11:17:41 CEST 2023--------
-------finish alignment for bulkChIC-PMC-DRO-014 at Fri Apr  7 11:17:49 CEST 2023--------
-------finish alignment for bulkChIC-PMC-DRO-012 at Fri Apr  7 11:18:14 CEST 2023--------
-------finish alignment for bulkChIC-PMC-DRO-011 at Fri Apr  7 11:18:27 CEST 2023--------
-------finish alignment for bulkChIC-PMC-DRO-016 at Fri Apr  7 11:19:36 CEST 2023--------
-------finish alignment for SCC-bulkChIC-PMC-DRO-002 at Fri Apr  7 11:29:40 CEST 2023--------
-------finish alignment for SCC-bulkChIC-PMC-DRO-008 at Fri Apr  7 11:30:30 CEST 2023--------
-------finish alignment for SCC-bulkChIC-PMC-DRO-005 at Fri Apr  7 11:32:39 CEST 2023--------
all done
