/var/spool/slurm/d/job22884530/slurm_script: line 16: Tool:: command not found
-----------running 1 out of 19 samples---------------------- 
-----------running 2 out of 19 samples---------------------- 
-----------running 3 out of 19 samples---------------------- 
bulkChIC-PMC-DRO-011
-----------running 4 out of 19 samples---------------------- 
bulkChIC-PMC-DRO-013
-----------running 5 out of 19 samples---------------------- 
bulkChIC-PMC-DRO-016
-----------running 6 out of 19 samples---------------------- 
SCC-ChIC-PMC-DRO-L5
bulkChIC-PMC-DRO-012
-----------running 7 out of 19 samples---------------------- 
-----------running 8 out of 19 samples---------------------- 
SCC-bulkChIC-PMC-DRO-005
SCC-bulkChIC-PMC-DRO-008
-----------running 9 out of 19 samples---------------------- 
SCC-ChIC-PMC-DRO-LH
-----------running 10 out of 19 samples---------------------- 
bulkChIC-PMC-DRO-013
-----------running 11 out of 19 samples---------------------- 
SCC-ChIC-PMC-DRO-F1
-----------running 12 out of 19 samples---------------------- 
-----------running 13 out of 19 samples---------------------- 
SCC-ChIC-PMC-DRO-T1
SCC-ChIC-PMC-DRO-F5
-----------running 14 out of 19 samples---------------------- 
SCC-ChIC-PMC-DRO-T5
-----------running 15 out of 19 samples---------------------- 
bulkChIC-PMC-DRO-014
-----------running 16 out of 19 samples---------------------- 
2
-----------running 17 out of 19 samples---------------------- 
bulkChIC-PMC-DRO-015
SCC-ChIC-PMC-DRO-FH
2
-----------running 18 out of 19 samples---------------------- 
2
-----------running 19 out of 19 samples---------------------- 
2
2
SCC-ChIC-PMC-DRO-TH
2
SCC-ChIC-PMC-DRO-L1
2
SCC-bulkChIC-PMC-DRO-002
2
2
2
2
2
2
-----start alignment for bulkChIC-PMC-DRO-013 at Wed Mar 15 14:52:19 CET 2023-------
-----start alignment for bulkChIC-PMC-DRO-011 at Wed Mar 15 14:52:19 CET 2023-------
2
2
2
-----start alignment for bulkChIC-PMC-DRO-016 at Wed Mar 15 14:52:19 CET 2023-------
2
2
-----start alignment for bulkChIC-PMC-DRO-013 at Wed Mar 15 14:52:19 CET 2023-------
-----start alignment for SCC-ChIC-PMC-DRO-L5 at Wed Mar 15 14:52:19 CET 2023-------
2
-----start alignment for SCC-bulkChIC-PMC-DRO-008 at Wed Mar 15 14:52:19 CET 2023-------
-----start alignment for bulkChIC-PMC-DRO-012 at Wed Mar 15 14:52:19 CET 2023-------
-----start alignment for SCC-ChIC-PMC-DRO-F1 at Wed Mar 15 14:52:19 CET 2023-------
-----start alignment for SCC-bulkChIC-PMC-DRO-005 at Wed Mar 15 14:52:19 CET 2023-------
-----start alignment for SCC-ChIC-PMC-DRO-TH at Wed Mar 15 14:52:19 CET 2023-------
-----start alignment for SCC-ChIC-PMC-DRO-T1 at Wed Mar 15 14:52:19 CET 2023-------
-----start alignment for SCC-ChIC-PMC-DRO-LH at Wed Mar 15 14:52:19 CET 2023-------
-----start alignment for SCC-ChIC-PMC-DRO-F5 at Wed Mar 15 14:52:19 CET 2023-------
-----start alignment for SCC-ChIC-PMC-DRO-T5 at Wed Mar 15 14:52:19 CET 2023-------
-----start alignment for SCC-ChIC-PMC-DRO-FH at Wed Mar 15 14:52:19 CET 2023-------
-----start alignment for bulkChIC-PMC-DRO-015 at Wed Mar 15 14:52:19 CET 2023-------
-----start alignment for bulkChIC-PMC-DRO-014 at Wed Mar 15 14:52:19 CET 2023-------
-----start alignment for SCC-ChIC-PMC-DRO-L1 at Wed Mar 15 14:52:19 CET 2023-------
-----start alignment for SCC-bulkChIC-PMC-DRO-002 at Wed Mar 15 14:52:19 CET 2023-------
1572377 reads; of these:
  1572377 (100.00%) were paired; of these:
    677416 (43.08%) aligned concordantly 0 times
    738639 (46.98%) aligned concordantly exactly 1 time
    156322 (9.94%) aligned concordantly >1 times
    ----
    677416 pairs aligned concordantly 0 times; of these:
      17778 (2.62%) aligned discordantly 1 time
    ----
    659638 pairs aligned 0 times concordantly or discordantly; of these:
      1319276 mates make up the pairs; of these:
        1245473 (94.41%) aligned 0 times
        40285 (3.05%) aligned exactly 1 time
        33518 (2.54%) aligned >1 times
60.40% overall alignment rate
-------finish alignment for SCC-ChIC-PMC-DRO-F1 at Wed Mar 15 15:22:57 CET 2023--------
1621480 reads; of these:
  1621480 (100.00%) were paired; of these:
    553240 (34.12%) aligned concordantly 0 times
    914881 (56.42%) aligned concordantly exactly 1 time
    153359 (9.46%) aligned concordantly >1 times
    ----
    553240 pairs aligned concordantly 0 times; of these:
      15540 (2.81%) aligned discordantly 1 time
    ----
    537700 pairs aligned 0 times concordantly or discordantly; of these:
      1075400 mates make up the pairs; of these:
        1004660 (93.42%) aligned 0 times
        38161 (3.55%) aligned exactly 1 time
        32579 (3.03%) aligned >1 times
69.02% overall alignment rate
-------finish alignment for SCC-ChIC-PMC-DRO-FH at Wed Mar 15 15:23:57 CET 2023--------
1658110 reads; of these:
  1658110 (100.00%) were paired; of these:
    828288 (49.95%) aligned concordantly 0 times
    640513 (38.63%) aligned concordantly exactly 1 time
    189309 (11.42%) aligned concordantly >1 times
    ----
    828288 pairs aligned concordantly 0 times; of these:
      32892 (3.97%) aligned discordantly 1 time
    ----
    795396 pairs aligned 0 times concordantly or discordantly; of these:
      1590792 mates make up the pairs; of these:
        1518058 (95.43%) aligned 0 times
        38333 (2.41%) aligned exactly 1 time
        34401 (2.16%) aligned >1 times
54.22% overall alignment rate
-------finish alignment for SCC-ChIC-PMC-DRO-T5 at Wed Mar 15 15:24:49 CET 2023--------
1643150 reads; of these:
  1643150 (100.00%) were paired; of these:
    858100 (52.22%) aligned concordantly 0 times
    679025 (41.32%) aligned concordantly exactly 1 time
    106025 (6.45%) aligned concordantly >1 times
    ----
    858100 pairs aligned concordantly 0 times; of these:
      28640 (3.34%) aligned discordantly 1 time
    ----
    829460 pairs aligned 0 times concordantly or discordantly; of these:
      1658920 mates make up the pairs; of these:
        1600985 (96.51%) aligned 0 times
        34663 (2.09%) aligned exactly 1 time
        23272 (1.40%) aligned >1 times
51.28% overall alignment rate
-------finish alignment for SCC-ChIC-PMC-DRO-F5 at Wed Mar 15 15:27:47 CET 2023--------
1893551 reads; of these:
  1893551 (100.00%) were paired; of these:
    579526 (30.61%) aligned concordantly 0 times
    1143969 (60.41%) aligned concordantly exactly 1 time
    170056 (8.98%) aligned concordantly >1 times
    ----
    579526 pairs aligned concordantly 0 times; of these:
      21608 (3.73%) aligned discordantly 1 time
    ----
    557918 pairs aligned 0 times concordantly or discordantly; of these:
      1115836 mates make up the pairs; of these:
        1044775 (93.63%) aligned 0 times
        40737 (3.65%) aligned exactly 1 time
        30324 (2.72%) aligned >1 times
72.41% overall alignment rate
-------finish alignment for SCC-ChIC-PMC-DRO-TH at Wed Mar 15 15:27:55 CET 2023--------
1588207 reads; of these:
  1588207 (100.00%) were paired; of these:
    829541 (52.23%) aligned concordantly 0 times
    570794 (35.94%) aligned concordantly exactly 1 time
    187872 (11.83%) aligned concordantly >1 times
    ----
    829541 pairs aligned concordantly 0 times; of these:
      33308 (4.02%) aligned discordantly 1 time
    ----
    796233 pairs aligned 0 times concordantly or discordantly; of these:
      1592466 mates make up the pairs; of these:
        1524510 (95.73%) aligned 0 times
        36374 (2.28%) aligned exactly 1 time
        31582 (1.98%) aligned >1 times
52.01% overall alignment rate
-------finish alignment for SCC-ChIC-PMC-DRO-L1 at Wed Mar 15 15:30:37 CET 2023--------
1808054 reads; of these:
  1808054 (100.00%) were paired; of these:
    777134 (42.98%) aligned concordantly 0 times
    759510 (42.01%) aligned concordantly exactly 1 time
    271410 (15.01%) aligned concordantly >1 times
    ----
    777134 pairs aligned concordantly 0 times; of these:
      16697 (2.15%) aligned discordantly 1 time
    ----
    760437 pairs aligned 0 times concordantly or discordantly; of these:
      1520874 mates make up the pairs; of these:
        1419432 (93.33%) aligned 0 times
        51230 (3.37%) aligned exactly 1 time
        50212 (3.30%) aligned >1 times
60.75% overall alignment rate
-------finish alignment for SCC-ChIC-PMC-DRO-T1 at Wed Mar 15 15:32:22 CET 2023--------
2909736 reads; of these:
  2909736 (100.00%) were paired; of these:
    959749 (32.98%) aligned concordantly 0 times
    1692282 (58.16%) aligned concordantly exactly 1 time
    257705 (8.86%) aligned concordantly >1 times
    ----
    959749 pairs aligned concordantly 0 times; of these:
      33177 (3.46%) aligned discordantly 1 time
    ----
    926572 pairs aligned 0 times concordantly or discordantly; of these:
      1853144 mates make up the pairs; of these:
        1741330 (93.97%) aligned 0 times
        65435 (3.53%) aligned exactly 1 time
        46379 (2.50%) aligned >1 times
70.08% overall alignment rate
-------finish alignment for SCC-ChIC-PMC-DRO-LH at Wed Mar 15 15:39:00 CET 2023--------
2142712 reads; of these:
  2142712 (100.00%) were paired; of these:
    1139128 (53.16%) aligned concordantly 0 times
    760004 (35.47%) aligned concordantly exactly 1 time
    243580 (11.37%) aligned concordantly >1 times
    ----
    1139128 pairs aligned concordantly 0 times; of these:
      44687 (3.92%) aligned discordantly 1 time
    ----
    1094441 pairs aligned 0 times concordantly or discordantly; of these:
      2188882 mates make up the pairs; of these:
        2095487 (95.73%) aligned 0 times
        49736 (2.27%) aligned exactly 1 time
        43659 (1.99%) aligned >1 times
51.10% overall alignment rate
-------finish alignment for SCC-ChIC-PMC-DRO-L5 at Wed Mar 15 15:39:23 CET 2023--------
[E::bgzf_flush] File write failed (wrong size)
samtools view: writing to standard output failed: No space left on device
[E::bgzf_close] File write failed
samtools view: error closing standard output: -1
[E::bgzf_flush] File write failed (wrong size)
samtools view: writing to standard output failed: No space left on device
[E::bgzf_close] File write failed
samtools view: error closing standard output: -1
[E::bgzf_flush] File write failed (wrong size)
samtools view: writing to standard output failed: No space left on device
[E::bgzf_close] File write failed
samtools view: error closing standard output: -1
[E::bgzf_flush] File write failed (wrong size)
samtools view: writing to standard output failed: No space left on device
[E::bgzf_close] File write failed
samtools view: error closing standard output: -1
(ERR): bowtie2-align died with signal 13 (PIPE) 
-------finish alignment for bulkChIC-PMC-DRO-016 at Wed Mar 15 16:20:30 CET 2023--------
[E::bgzf_flush] File write failed (wrong size)
samtools view: writing to standard output failed: No space left on device
[E::bgzf_close] File write failed
samtools view: error closing standard output: -1
(ERR): bowtie2-align died with signal 13 (PIPE) 
-------finish alignment for bulkChIC-PMC-DRO-014 at Wed Mar 15 16:20:30 CET 2023--------
[E::bgzf_flush] File write failed (wrong size)
samtools view: writing to standard output failed: No space left on device
[E::bgzf_close] File write failed
samtools view: error closing standard output: -1
[E::bgzf_flush] File write failed (wrong size)
samtools view: writing to standard output failed: No space left on device
[E::bgzf_close] File write failed
samtools view: error closing standard output: -1
[E::bgzf_flush] File write failed (wrong size)
samtools view: writing to standard output failed: No space left on device
[E::bgzf_close] File write failed
samtools view: error closing standard output: -1
[E::bgzf_flush] File write failed (wrong size)
samtools view: writing to standard output failed: No space left on device
[E::bgzf_close] File write failed
samtools view: error closing standard output: -1
(ERR): bowtie2-align died with signal 13 (PIPE) 
-------finish alignment for SCC-bulkChIC-PMC-DRO-002 at Wed Mar 15 16:20:31 CET 2023--------
(ERR): bowtie2-align died with signal 13 (PIPE) 
(ERR): bowtie2-align died with signal 13 (PIPE) 
-------finish alignment for SCC-bulkChIC-PMC-DRO-008 at Wed Mar 15 16:20:31 CET 2023--------
-------finish alignment for bulkChIC-PMC-DRO-012 at Wed Mar 15 16:20:31 CET 2023--------
(ERR): bowtie2-align died with signal 13 (PIPE) 
(ERR): bowtie2-align died with signal 13 (PIPE) 
-------finish alignment for bulkChIC-PMC-DRO-015 at Wed Mar 15 16:20:31 CET 2023--------
-------finish alignment for bulkChIC-PMC-DRO-011 at Wed Mar 15 16:20:31 CET 2023--------
(ERR): bowtie2-align died with signal 13 (PIPE) 
-------finish alignment for bulkChIC-PMC-DRO-013 at Wed Mar 15 16:20:31 CET 2023--------
(ERR): bowtie2-align died with signal 13 (PIPE) 
-------finish alignment for SCC-bulkChIC-PMC-DRO-005 at Wed Mar 15 16:20:32 CET 2023--------
[E::bgzf_flush] File write failed (wrong size)
samtools view: writing to standard output failed: No space left on device
[E::bgzf_close] File write failed
samtools view: error closing standard output: -1
(ERR): bowtie2-align died with signal 13 (PIPE) 
-------finish alignment for bulkChIC-PMC-DRO-013 at Wed Mar 15 16:21:15 CET 2023--------
/var/spool/slurm/d/job22884530/slurm_script: line 90: syntax error near unexpected token `"all done"'
/var/spool/slurm/d/job22884530/slurm_script: line 90: `echo("all done")'
