-----------running 1 out of 19 samples---------------------- 
bulkChIC-PMC-DRO-011
2
-----start alignment for bulkChIC-PMC-DRO-011 at Wed Mar 15 09:40:33 CET 2023-------
14439590 reads; of these:
  14439590 (100.00%) were paired; of these:
    1670682 (11.57%) aligned concordantly 0 times
    11306238 (78.30%) aligned concordantly exactly 1 time
    1462670 (10.13%) aligned concordantly >1 times
    ----
    1670682 pairs aligned concordantly 0 times; of these:
      693683 (41.52%) aligned discordantly 1 time
    ----
    976999 pairs aligned 0 times concordantly or discordantly; of these:
      1953998 mates make up the pairs; of these:
        1159210 (59.33%) aligned 0 times
        446736 (22.86%) aligned exactly 1 time
        348052 (17.81%) aligned >1 times
95.99% overall alignment rate
-------finish alignment for bulkChIC-PMC-DRO-011 at Wed Mar 15 09:56:49 CET 2023--------
-----------running 2 out of 19 samples---------------------- 
bulkChIC-PMC-DRO-013
2
-----start alignment for bulkChIC-PMC-DRO-013 at Wed Mar 15 09:56:49 CET 2023-------
18834234 reads; of these:
  18834234 (100.00%) were paired; of these:
    1846597 (9.80%) aligned concordantly 0 times
    14853227 (78.86%) aligned concordantly exactly 1 time
    2134410 (11.33%) aligned concordantly >1 times
    ----
    1846597 pairs aligned concordantly 0 times; of these:
      678811 (36.76%) aligned discordantly 1 time
    ----
    1167786 pairs aligned 0 times concordantly or discordantly; of these:
      2335572 mates make up the pairs; of these:
        1591958 (68.16%) aligned 0 times
        460513 (19.72%) aligned exactly 1 time
        283101 (12.12%) aligned >1 times
95.77% overall alignment rate
-------finish alignment for bulkChIC-PMC-DRO-013 at Wed Mar 15 10:18:42 CET 2023--------
-----------running 3 out of 19 samples---------------------- 
bulkChIC-PMC-DRO-016
2
-----start alignment for bulkChIC-PMC-DRO-016 at Wed Mar 15 10:18:42 CET 2023-------
19990599 reads; of these:
  19990599 (100.00%) were paired; of these:
    2909893 (14.56%) aligned concordantly 0 times
    12958755 (64.82%) aligned concordantly exactly 1 time
    4121951 (20.62%) aligned concordantly >1 times
    ----
    2909893 pairs aligned concordantly 0 times; of these:
      643886 (22.13%) aligned discordantly 1 time
    ----
    2266007 pairs aligned 0 times concordantly or discordantly; of these:
      4532014 mates make up the pairs; of these:
        3182902 (70.23%) aligned 0 times
        736716 (16.26%) aligned exactly 1 time
        612396 (13.51%) aligned >1 times
92.04% overall alignment rate
-------finish alignment for bulkChIC-PMC-DRO-016 at Wed Mar 15 10:48:28 CET 2023--------
-----------running 4 out of 19 samples---------------------- 
SCC-bulkChIC-PMC-DRO-005
2
-----start alignment for SCC-bulkChIC-PMC-DRO-005 at Wed Mar 15 10:48:28 CET 2023-------
[E::bgzf_flush] File write failed (wrong size)
samtools view: writing to standard output failed: No space left on device
[E::bgzf_close] File write failed
samtools view: error closing standard output: -1
(ERR): bowtie2-align died with signal 13 (PIPE) 
-------finish alignment for SCC-bulkChIC-PMC-DRO-005 at Wed Mar 15 12:29:43 CET 2023--------
-----------running 5 out of 19 samples---------------------- 
SCC-ChIC-PMC-DRO-L5
2
mkdir: cannot create directory ‘/hpc/pmc_drost/PROJECTS/swang/CUT_RUN/nhung_test/alignment3/SCC-ChIC-PMC-DRO-L5’: No space left on device
-----start alignment for SCC-ChIC-PMC-DRO-L5 at Wed Mar 15 12:29:43 CET 2023-------
/var/spool/slurm/d/job22868306/slurm_script: line 79: /hpc/pmc_drost/PROJECTS/swang/CUT_RUN/nhung_test/alignment3/SCC-ChIC-PMC-DRO-L5/SCC-ChIC-PMC-DRO-L5.bam: No such file or directory
(ERR): bowtie2-align died with signal 13 (PIPE) 
-------finish alignment for SCC-ChIC-PMC-DRO-L5 at Wed Mar 15 12:29:46 CET 2023--------
-----------running 6 out of 19 samples---------------------- 
bulkChIC-PMC-DRO-012
2
mkdir: cannot create directory ‘/hpc/pmc_drost/PROJECTS/swang/CUT_RUN/nhung_test/alignment3/bulkChIC-PMC-DRO-012’: No space left on device
-----start alignment for bulkChIC-PMC-DRO-012 at Wed Mar 15 12:29:46 CET 2023-------
/var/spool/slurm/d/job22868306/slurm_script: line 79: /hpc/pmc_drost/PROJECTS/swang/CUT_RUN/nhung_test/alignment3/bulkChIC-PMC-DRO-012/bulkChIC-PMC-DRO-012.bam: No such file or directory
(ERR): bowtie2-align died with signal 13 (PIPE) 
-------finish alignment for bulkChIC-PMC-DRO-012 at Wed Mar 15 12:29:49 CET 2023--------
-----------running 7 out of 19 samples---------------------- 
SCC-bulkChIC-PMC-DRO-008
2
-----start alignment for SCC-bulkChIC-PMC-DRO-008 at Wed Mar 15 12:29:49 CET 2023-------
99795283 reads; of these:
  99795283 (100.00%) were paired; of these:
    11998197 (12.02%) aligned concordantly 0 times
    66659595 (66.80%) aligned concordantly exactly 1 time
    21137491 (21.18%) aligned concordantly >1 times
    ----
    11998197 pairs aligned concordantly 0 times; of these:
      3452589 (28.78%) aligned discordantly 1 time
    ----
    8545608 pairs aligned 0 times concordantly or discordantly; of these:
      17091216 mates make up the pairs; of these:
        11034071 (64.56%) aligned 0 times
        3167918 (18.54%) aligned exactly 1 time
        2889227 (16.90%) aligned >1 times
94.47% overall alignment rate
-------finish alignment for SCC-bulkChIC-PMC-DRO-008 at Wed Mar 15 14:47:15 CET 2023--------
-----------running 8 out of 19 samples---------------------- 
SCC-ChIC-PMC-DRO-LH
2
-----start alignment for SCC-ChIC-PMC-DRO-LH at Wed Mar 15 14:47:15 CET 2023-------
2909736 reads; of these:
  2909736 (100.00%) were paired; of these:
    959749 (32.98%) aligned concordantly 0 times
    1692282 (58.16%) aligned concordantly exactly 1 time
    257705 (8.86%) aligned concordantly >1 times
    ----
    959749 pairs aligned concordantly 0 times; of these:
      33177 (3.46%) aligned discordantly 1 time
    ----
    926572 pairs aligned 0 times concordantly or discordantly; of these:
      1853144 mates make up the pairs; of these:
        1741330 (93.97%) aligned 0 times
        65435 (3.53%) aligned exactly 1 time
        46379 (2.50%) aligned >1 times
70.08% overall alignment rate
-------finish alignment for SCC-ChIC-PMC-DRO-LH at Wed Mar 15 14:51:04 CET 2023--------
-----------running 9 out of 19 samples---------------------- 
bulkChIC-PMC-DRO-013
2
-----start alignment for bulkChIC-PMC-DRO-013 at Wed Mar 15 14:51:04 CET 2023-------
18834234 reads; of these:
  18834234 (100.00%) were paired; of these:
    1846597 (9.80%) aligned concordantly 0 times
    14853227 (78.86%) aligned concordantly exactly 1 time
    2134410 (11.33%) aligned concordantly >1 times
    ----
    1846597 pairs aligned concordantly 0 times; of these:
      678811 (36.76%) aligned discordantly 1 time
    ----
    1167786 pairs aligned 0 times concordantly or discordantly; of these:
      2335572 mates make up the pairs; of these:
        1591958 (68.16%) aligned 0 times
        460513 (19.72%) aligned exactly 1 time
        283101 (12.12%) aligned >1 times
95.77% overall alignment rate
-------finish alignment for bulkChIC-PMC-DRO-013 at Wed Mar 15 15:13:00 CET 2023--------
-----------running 10 out of 19 samples---------------------- 
SCC-ChIC-PMC-DRO-F1
2
-----start alignment for SCC-ChIC-PMC-DRO-F1 at Wed Mar 15 15:13:00 CET 2023-------
1572377 reads; of these:
  1572377 (100.00%) were paired; of these:
    677416 (43.08%) aligned concordantly 0 times
    738639 (46.98%) aligned concordantly exactly 1 time
    156322 (9.94%) aligned concordantly >1 times
    ----
    677416 pairs aligned concordantly 0 times; of these:
      17778 (2.62%) aligned discordantly 1 time
    ----
    659638 pairs aligned 0 times concordantly or discordantly; of these:
      1319276 mates make up the pairs; of these:
        1245473 (94.41%) aligned 0 times
        40285 (3.05%) aligned exactly 1 time
        33518 (2.54%) aligned >1 times
60.40% overall alignment rate
-------finish alignment for SCC-ChIC-PMC-DRO-F1 at Wed Mar 15 15:15:28 CET 2023--------
-----------running 11 out of 19 samples---------------------- 
SCC-ChIC-PMC-DRO-T1
2
-----start alignment for SCC-ChIC-PMC-DRO-T1 at Wed Mar 15 15:15:28 CET 2023-------
1808054 reads; of these:
  1808054 (100.00%) were paired; of these:
    777134 (42.98%) aligned concordantly 0 times
    759510 (42.01%) aligned concordantly exactly 1 time
    271410 (15.01%) aligned concordantly >1 times
    ----
    777134 pairs aligned concordantly 0 times; of these:
      16697 (2.15%) aligned discordantly 1 time
    ----
    760437 pairs aligned 0 times concordantly or discordantly; of these:
      1520874 mates make up the pairs; of these:
        1419432 (93.33%) aligned 0 times
        51230 (3.37%) aligned exactly 1 time
        50212 (3.30%) aligned >1 times
60.75% overall alignment rate
-------finish alignment for SCC-ChIC-PMC-DRO-T1 at Wed Mar 15 15:18:35 CET 2023--------
-----------running 12 out of 19 samples---------------------- 
SCC-ChIC-PMC-DRO-F5
2
-----start alignment for SCC-ChIC-PMC-DRO-F5 at Wed Mar 15 15:18:35 CET 2023-------
1643150 reads; of these:
  1643150 (100.00%) were paired; of these:
    858100 (52.22%) aligned concordantly 0 times
    679025 (41.32%) aligned concordantly exactly 1 time
    106025 (6.45%) aligned concordantly >1 times
    ----
    858100 pairs aligned concordantly 0 times; of these:
      28640 (3.34%) aligned discordantly 1 time
    ----
    829460 pairs aligned 0 times concordantly or discordantly; of these:
      1658920 mates make up the pairs; of these:
        1600985 (96.51%) aligned 0 times
        34663 (2.09%) aligned exactly 1 time
        23272 (1.40%) aligned >1 times
51.28% overall alignment rate
-------finish alignment for SCC-ChIC-PMC-DRO-F5 at Wed Mar 15 15:21:01 CET 2023--------
-----------running 13 out of 19 samples---------------------- 
SCC-ChIC-PMC-DRO-T5
2
-----start alignment for SCC-ChIC-PMC-DRO-T5 at Wed Mar 15 15:21:01 CET 2023-------
1658110 reads; of these:
  1658110 (100.00%) were paired; of these:
    828288 (49.95%) aligned concordantly 0 times
    640513 (38.63%) aligned concordantly exactly 1 time
    189309 (11.42%) aligned concordantly >1 times
    ----
    828288 pairs aligned concordantly 0 times; of these:
      32892 (3.97%) aligned discordantly 1 time
    ----
    795396 pairs aligned 0 times concordantly or discordantly; of these:
      1590792 mates make up the pairs; of these:
        1518058 (95.43%) aligned 0 times
        38333 (2.41%) aligned exactly 1 time
        34401 (2.16%) aligned >1 times
54.22% overall alignment rate
-------finish alignment for SCC-ChIC-PMC-DRO-T5 at Wed Mar 15 15:23:40 CET 2023--------
-----------running 14 out of 19 samples---------------------- 
bulkChIC-PMC-DRO-014
2
-----start alignment for bulkChIC-PMC-DRO-014 at Wed Mar 15 15:23:40 CET 2023-------
15709533 reads; of these:
  15709533 (100.00%) were paired; of these:
    1847518 (11.76%) aligned concordantly 0 times
    10218526 (65.05%) aligned concordantly exactly 1 time
    3643489 (23.19%) aligned concordantly >1 times
    ----
    1847518 pairs aligned concordantly 0 times; of these:
      484564 (26.23%) aligned discordantly 1 time
    ----
    1362954 pairs aligned 0 times concordantly or discordantly; of these:
      2725908 mates make up the pairs; of these:
        1803387 (66.16%) aligned 0 times
        471765 (17.31%) aligned exactly 1 time
        450756 (16.54%) aligned >1 times
94.26% overall alignment rate
-------finish alignment for bulkChIC-PMC-DRO-014 at Wed Mar 15 15:46:36 CET 2023--------
-----------running 15 out of 19 samples---------------------- 
bulkChIC-PMC-DRO-015
2
-----start alignment for bulkChIC-PMC-DRO-015 at Wed Mar 15 15:46:36 CET 2023-------
17767177 reads; of these:
  17767177 (100.00%) were paired; of these:
    2317237 (13.04%) aligned concordantly 0 times
    12738320 (71.70%) aligned concordantly exactly 1 time
    2711620 (15.26%) aligned concordantly >1 times
    ----
    2317237 pairs aligned concordantly 0 times; of these:
      852470 (36.79%) aligned discordantly 1 time
    ----
    1464767 pairs aligned 0 times concordantly or discordantly; of these:
      2929534 mates make up the pairs; of these:
        2066089 (70.53%) aligned 0 times
        461053 (15.74%) aligned exactly 1 time
        402392 (13.74%) aligned >1 times
94.19% overall alignment rate
-------finish alignment for bulkChIC-PMC-DRO-015 at Wed Mar 15 16:09:19 CET 2023--------
-----------running 16 out of 19 samples---------------------- 
SCC-ChIC-PMC-DRO-FH
2
-----start alignment for SCC-ChIC-PMC-DRO-FH at Wed Mar 15 16:09:19 CET 2023-------
1621480 reads; of these:
  1621480 (100.00%) were paired; of these:
    553240 (34.12%) aligned concordantly 0 times
    914881 (56.42%) aligned concordantly exactly 1 time
    153359 (9.46%) aligned concordantly >1 times
    ----
    553240 pairs aligned concordantly 0 times; of these:
      15540 (2.81%) aligned discordantly 1 time
    ----
    537700 pairs aligned 0 times concordantly or discordantly; of these:
      1075400 mates make up the pairs; of these:
        1004660 (93.42%) aligned 0 times
        38161 (3.55%) aligned exactly 1 time
        32579 (3.03%) aligned >1 times
69.02% overall alignment rate
-------finish alignment for SCC-ChIC-PMC-DRO-FH at Wed Mar 15 16:11:38 CET 2023--------
-----------running 17 out of 19 samples---------------------- 
SCC-ChIC-PMC-DRO-TH
2
-----start alignment for SCC-ChIC-PMC-DRO-TH at Wed Mar 15 16:11:38 CET 2023-------
1893551 reads; of these:
  1893551 (100.00%) were paired; of these:
    579526 (30.61%) aligned concordantly 0 times
    1143969 (60.41%) aligned concordantly exactly 1 time
    170056 (8.98%) aligned concordantly >1 times
    ----
    579526 pairs aligned concordantly 0 times; of these:
      21608 (3.73%) aligned discordantly 1 time
    ----
    557918 pairs aligned 0 times concordantly or discordantly; of these:
      1115836 mates make up the pairs; of these:
        1044775 (93.63%) aligned 0 times
        40737 (3.65%) aligned exactly 1 time
        30324 (2.72%) aligned >1 times
72.41% overall alignment rate
-------finish alignment for SCC-ChIC-PMC-DRO-TH at Wed Mar 15 16:14:12 CET 2023--------
-----------running 18 out of 19 samples---------------------- 
SCC-bulkChIC-PMC-DRO-002
2
-----start alignment for SCC-bulkChIC-PMC-DRO-002 at Wed Mar 15 16:14:12 CET 2023-------
[E::bgzf_flush] File write failed (wrong size)
samtools view: writing to standard output failed: No space left on device
[E::bgzf_close] File write failed
samtools view: error closing standard output: -1
(ERR): bowtie2-align died with signal 13 (PIPE) 
-------finish alignment for SCC-bulkChIC-PMC-DRO-002 at Wed Mar 15 16:20:31 CET 2023--------
-----------running 19 out of 19 samples---------------------- 
SCC-ChIC-PMC-DRO-L1
2
mkdir: cannot create directory ‘/hpc/pmc_drost/PROJECTS/swang/CUT_RUN/nhung_test/alignment3/SCC-ChIC-PMC-DRO-L1’: No space left on device
-----start alignment for SCC-ChIC-PMC-DRO-L1 at Wed Mar 15 16:20:31 CET 2023-------
/var/spool/slurm/d/job22868306/slurm_script: line 79: /hpc/pmc_drost/PROJECTS/swang/CUT_RUN/nhung_test/alignment3/SCC-ChIC-PMC-DRO-L1/SCC-ChIC-PMC-DRO-L1.bam: No such file or directory
(ERR): bowtie2-align died with signal 13 (PIPE) 
-------finish alignment for SCC-ChIC-PMC-DRO-L1 at Wed Mar 15 16:20:34 CET 2023--------
