bulkChIC-PMC-DRO-011
2
start fastqc for bulkChIC-PMC-DRO-011 at Mon Mar 13 15:22:28 CET 2023
application/gzip
Started analysis of bulkChIC-PMC-DRO-011_AAC22FNM5_S3_L001_R1_001.fastq.gz
Approx 5% complete for bulkChIC-PMC-DRO-011_AAC22FNM5_S3_L001_R1_001.fastq.gz
Approx 10% complete for bulkChIC-PMC-DRO-011_AAC22FNM5_S3_L001_R1_001.fastq.gz
Approx 15% complete for bulkChIC-PMC-DRO-011_AAC22FNM5_S3_L001_R1_001.fastq.gz
Approx 20% complete for bulkChIC-PMC-DRO-011_AAC22FNM5_S3_L001_R1_001.fastq.gz
Approx 25% complete for bulkChIC-PMC-DRO-011_AAC22FNM5_S3_L001_R1_001.fastq.gz
Approx 30% complete for bulkChIC-PMC-DRO-011_AAC22FNM5_S3_L001_R1_001.fastq.gz
Approx 35% complete for bulkChIC-PMC-DRO-011_AAC22FNM5_S3_L001_R1_001.fastq.gz
Approx 40% complete for bulkChIC-PMC-DRO-011_AAC22FNM5_S3_L001_R1_001.fastq.gz
Approx 45% complete for bulkChIC-PMC-DRO-011_AAC22FNM5_S3_L001_R1_001.fastq.gz
Approx 50% complete for bulkChIC-PMC-DRO-011_AAC22FNM5_S3_L001_R1_001.fastq.gz
Approx 55% complete for bulkChIC-PMC-DRO-011_AAC22FNM5_S3_L001_R1_001.fastq.gz
Approx 60% complete for bulkChIC-PMC-DRO-011_AAC22FNM5_S3_L001_R1_001.fastq.gz
Approx 65% complete for bulkChIC-PMC-DRO-011_AAC22FNM5_S3_L001_R1_001.fastq.gz
Approx 70% complete for bulkChIC-PMC-DRO-011_AAC22FNM5_S3_L001_R1_001.fastq.gz
Approx 75% complete for bulkChIC-PMC-DRO-011_AAC22FNM5_S3_L001_R1_001.fastq.gz
Approx 80% complete for bulkChIC-PMC-DRO-011_AAC22FNM5_S3_L001_R1_001.fastq.gz
Approx 85% complete for bulkChIC-PMC-DRO-011_AAC22FNM5_S3_L001_R1_001.fastq.gz
Approx 90% complete for bulkChIC-PMC-DRO-011_AAC22FNM5_S3_L001_R1_001.fastq.gz
Approx 95% complete for bulkChIC-PMC-DRO-011_AAC22FNM5_S3_L001_R1_001.fastq.gz
Analysis complete for bulkChIC-PMC-DRO-011_AAC22FNM5_S3_L001_R1_001.fastq.gz
application/gzip
Started analysis of bulkChIC-PMC-DRO-011_AAC22FNM5_S3_L001_R2_001.fastq.gz
Approx 5% complete for bulkChIC-PMC-DRO-011_AAC22FNM5_S3_L001_R2_001.fastq.gz
Approx 10% complete for bulkChIC-PMC-DRO-011_AAC22FNM5_S3_L001_R2_001.fastq.gz
Approx 15% complete for bulkChIC-PMC-DRO-011_AAC22FNM5_S3_L001_R2_001.fastq.gz
Approx 20% complete for bulkChIC-PMC-DRO-011_AAC22FNM5_S3_L001_R2_001.fastq.gz
Approx 25% complete for bulkChIC-PMC-DRO-011_AAC22FNM5_S3_L001_R2_001.fastq.gz
Approx 30% complete for bulkChIC-PMC-DRO-011_AAC22FNM5_S3_L001_R2_001.fastq.gz
Approx 35% complete for bulkChIC-PMC-DRO-011_AAC22FNM5_S3_L001_R2_001.fastq.gz
Approx 40% complete for bulkChIC-PMC-DRO-011_AAC22FNM5_S3_L001_R2_001.fastq.gz
Approx 45% complete for bulkChIC-PMC-DRO-011_AAC22FNM5_S3_L001_R2_001.fastq.gz
Approx 50% complete for bulkChIC-PMC-DRO-011_AAC22FNM5_S3_L001_R2_001.fastq.gz
Approx 55% complete for bulkChIC-PMC-DRO-011_AAC22FNM5_S3_L001_R2_001.fastq.gz
Approx 60% complete for bulkChIC-PMC-DRO-011_AAC22FNM5_S3_L001_R2_001.fastq.gz
Approx 65% complete for bulkChIC-PMC-DRO-011_AAC22FNM5_S3_L001_R2_001.fastq.gz
Approx 70% complete for bulkChIC-PMC-DRO-011_AAC22FNM5_S3_L001_R2_001.fastq.gz
Approx 75% complete for bulkChIC-PMC-DRO-011_AAC22FNM5_S3_L001_R2_001.fastq.gz
Approx 80% complete for bulkChIC-PMC-DRO-011_AAC22FNM5_S3_L001_R2_001.fastq.gz
Approx 85% complete for bulkChIC-PMC-DRO-011_AAC22FNM5_S3_L001_R2_001.fastq.gz
Approx 90% complete for bulkChIC-PMC-DRO-011_AAC22FNM5_S3_L001_R2_001.fastq.gz
Approx 95% complete for bulkChIC-PMC-DRO-011_AAC22FNM5_S3_L001_R2_001.fastq.gz
Analysis complete for bulkChIC-PMC-DRO-011_AAC22FNM5_S3_L001_R2_001.fastq.gz
finish fastqc for bulkChIC-PMC-DRO-011 at Mon Mar 13 15:25:22 CET 2023
bulkChIC-PMC-DRO-013
2
start fastqc for bulkChIC-PMC-DRO-013 at Mon Mar 13 15:25:22 CET 2023
application/gzip
Started analysis of bulkChIC-PMC-DRO-013_AAC22FNM5_S5_L001_R1_001.fastq.gz
Approx 5% complete for bulkChIC-PMC-DRO-013_AAC22FNM5_S5_L001_R1_001.fastq.gz
Approx 10% complete for bulkChIC-PMC-DRO-013_AAC22FNM5_S5_L001_R1_001.fastq.gz
Approx 15% complete for bulkChIC-PMC-DRO-013_AAC22FNM5_S5_L001_R1_001.fastq.gz
Approx 20% complete for bulkChIC-PMC-DRO-013_AAC22FNM5_S5_L001_R1_001.fastq.gz
Approx 25% complete for bulkChIC-PMC-DRO-013_AAC22FNM5_S5_L001_R1_001.fastq.gz
Approx 30% complete for bulkChIC-PMC-DRO-013_AAC22FNM5_S5_L001_R1_001.fastq.gz
Approx 35% complete for bulkChIC-PMC-DRO-013_AAC22FNM5_S5_L001_R1_001.fastq.gz
Approx 40% complete for bulkChIC-PMC-DRO-013_AAC22FNM5_S5_L001_R1_001.fastq.gz
Approx 45% complete for bulkChIC-PMC-DRO-013_AAC22FNM5_S5_L001_R1_001.fastq.gz
Approx 50% complete for bulkChIC-PMC-DRO-013_AAC22FNM5_S5_L001_R1_001.fastq.gz
Approx 55% complete for bulkChIC-PMC-DRO-013_AAC22FNM5_S5_L001_R1_001.fastq.gz
Approx 60% complete for bulkChIC-PMC-DRO-013_AAC22FNM5_S5_L001_R1_001.fastq.gz
Approx 65% complete for bulkChIC-PMC-DRO-013_AAC22FNM5_S5_L001_R1_001.fastq.gz
Approx 70% complete for bulkChIC-PMC-DRO-013_AAC22FNM5_S5_L001_R1_001.fastq.gz
Approx 75% complete for bulkChIC-PMC-DRO-013_AAC22FNM5_S5_L001_R1_001.fastq.gz
Approx 80% complete for bulkChIC-PMC-DRO-013_AAC22FNM5_S5_L001_R1_001.fastq.gz
Approx 85% complete for bulkChIC-PMC-DRO-013_AAC22FNM5_S5_L001_R1_001.fastq.gz
Approx 90% complete for bulkChIC-PMC-DRO-013_AAC22FNM5_S5_L001_R1_001.fastq.gz
Approx 95% complete for bulkChIC-PMC-DRO-013_AAC22FNM5_S5_L001_R1_001.fastq.gz
Analysis complete for bulkChIC-PMC-DRO-013_AAC22FNM5_S5_L001_R1_001.fastq.gz
application/gzip
Started analysis of bulkChIC-PMC-DRO-013_AAC22FNM5_S5_L001_R2_001.fastq.gz
Approx 5% complete for bulkChIC-PMC-DRO-013_AAC22FNM5_S5_L001_R2_001.fastq.gz
Approx 10% complete for bulkChIC-PMC-DRO-013_AAC22FNM5_S5_L001_R2_001.fastq.gz
Approx 15% complete for bulkChIC-PMC-DRO-013_AAC22FNM5_S5_L001_R2_001.fastq.gz
Approx 20% complete for bulkChIC-PMC-DRO-013_AAC22FNM5_S5_L001_R2_001.fastq.gz
Approx 25% complete for bulkChIC-PMC-DRO-013_AAC22FNM5_S5_L001_R2_001.fastq.gz
Approx 30% complete for bulkChIC-PMC-DRO-013_AAC22FNM5_S5_L001_R2_001.fastq.gz
Approx 35% complete for bulkChIC-PMC-DRO-013_AAC22FNM5_S5_L001_R2_001.fastq.gz
Approx 40% complete for bulkChIC-PMC-DRO-013_AAC22FNM5_S5_L001_R2_001.fastq.gz
Approx 45% complete for bulkChIC-PMC-DRO-013_AAC22FNM5_S5_L001_R2_001.fastq.gz
Approx 50% complete for bulkChIC-PMC-DRO-013_AAC22FNM5_S5_L001_R2_001.fastq.gz
Approx 55% complete for bulkChIC-PMC-DRO-013_AAC22FNM5_S5_L001_R2_001.fastq.gz
Approx 60% complete for bulkChIC-PMC-DRO-013_AAC22FNM5_S5_L001_R2_001.fastq.gz
Approx 65% complete for bulkChIC-PMC-DRO-013_AAC22FNM5_S5_L001_R2_001.fastq.gz
Approx 70% complete for bulkChIC-PMC-DRO-013_AAC22FNM5_S5_L001_R2_001.fastq.gz
Approx 75% complete for bulkChIC-PMC-DRO-013_AAC22FNM5_S5_L001_R2_001.fastq.gz
Approx 80% complete for bulkChIC-PMC-DRO-013_AAC22FNM5_S5_L001_R2_001.fastq.gz
Approx 85% complete for bulkChIC-PMC-DRO-013_AAC22FNM5_S5_L001_R2_001.fastq.gz
Approx 90% complete for bulkChIC-PMC-DRO-013_AAC22FNM5_S5_L001_R2_001.fastq.gz
Approx 95% complete for bulkChIC-PMC-DRO-013_AAC22FNM5_S5_L001_R2_001.fastq.gz
Analysis complete for bulkChIC-PMC-DRO-013_AAC22FNM5_S5_L001_R2_001.fastq.gz
finish fastqc for bulkChIC-PMC-DRO-013 at Mon Mar 13 15:29:15 CET 2023
bulkChIC-PMC-DRO-016
2
start fastqc for bulkChIC-PMC-DRO-016 at Mon Mar 13 15:29:15 CET 2023
application/gzip
Started analysis of bulkChIC-PMC-DRO-016_AAC22FNM5_S8_L001_R2_001.fastq.gz
Approx 5% complete for bulkChIC-PMC-DRO-016_AAC22FNM5_S8_L001_R2_001.fastq.gz
Approx 10% complete for bulkChIC-PMC-DRO-016_AAC22FNM5_S8_L001_R2_001.fastq.gz
Approx 15% complete for bulkChIC-PMC-DRO-016_AAC22FNM5_S8_L001_R2_001.fastq.gz
Approx 20% complete for bulkChIC-PMC-DRO-016_AAC22FNM5_S8_L001_R2_001.fastq.gz
Approx 25% complete for bulkChIC-PMC-DRO-016_AAC22FNM5_S8_L001_R2_001.fastq.gz
Approx 30% complete for bulkChIC-PMC-DRO-016_AAC22FNM5_S8_L001_R2_001.fastq.gz
Approx 35% complete for bulkChIC-PMC-DRO-016_AAC22FNM5_S8_L001_R2_001.fastq.gz
Approx 40% complete for bulkChIC-PMC-DRO-016_AAC22FNM5_S8_L001_R2_001.fastq.gz
Approx 45% complete for bulkChIC-PMC-DRO-016_AAC22FNM5_S8_L001_R2_001.fastq.gz
Approx 50% complete for bulkChIC-PMC-DRO-016_AAC22FNM5_S8_L001_R2_001.fastq.gz
Approx 55% complete for bulkChIC-PMC-DRO-016_AAC22FNM5_S8_L001_R2_001.fastq.gz
Approx 60% complete for bulkChIC-PMC-DRO-016_AAC22FNM5_S8_L001_R2_001.fastq.gz
Approx 65% complete for bulkChIC-PMC-DRO-016_AAC22FNM5_S8_L001_R2_001.fastq.gz
Approx 70% complete for bulkChIC-PMC-DRO-016_AAC22FNM5_S8_L001_R2_001.fastq.gz
Approx 75% complete for bulkChIC-PMC-DRO-016_AAC22FNM5_S8_L001_R2_001.fastq.gz
Approx 80% complete for bulkChIC-PMC-DRO-016_AAC22FNM5_S8_L001_R2_001.fastq.gz
Approx 85% complete for bulkChIC-PMC-DRO-016_AAC22FNM5_S8_L001_R2_001.fastq.gz
Approx 90% complete for bulkChIC-PMC-DRO-016_AAC22FNM5_S8_L001_R2_001.fastq.gz
Approx 95% complete for bulkChIC-PMC-DRO-016_AAC22FNM5_S8_L001_R2_001.fastq.gz
Analysis complete for bulkChIC-PMC-DRO-016_AAC22FNM5_S8_L001_R2_001.fastq.gz
application/gzip
Started analysis of bulkChIC-PMC-DRO-016_AAC22FNM5_S8_L001_R1_001.fastq.gz
Approx 5% complete for bulkChIC-PMC-DRO-016_AAC22FNM5_S8_L001_R1_001.fastq.gz
Approx 10% complete for bulkChIC-PMC-DRO-016_AAC22FNM5_S8_L001_R1_001.fastq.gz
Approx 15% complete for bulkChIC-PMC-DRO-016_AAC22FNM5_S8_L001_R1_001.fastq.gz
Approx 20% complete for bulkChIC-PMC-DRO-016_AAC22FNM5_S8_L001_R1_001.fastq.gz
Approx 25% complete for bulkChIC-PMC-DRO-016_AAC22FNM5_S8_L001_R1_001.fastq.gz
Approx 30% complete for bulkChIC-PMC-DRO-016_AAC22FNM5_S8_L001_R1_001.fastq.gz
Approx 35% complete for bulkChIC-PMC-DRO-016_AAC22FNM5_S8_L001_R1_001.fastq.gz
Approx 40% complete for bulkChIC-PMC-DRO-016_AAC22FNM5_S8_L001_R1_001.fastq.gz
Approx 45% complete for bulkChIC-PMC-DRO-016_AAC22FNM5_S8_L001_R1_001.fastq.gz
Approx 50% complete for bulkChIC-PMC-DRO-016_AAC22FNM5_S8_L001_R1_001.fastq.gz
Approx 55% complete for bulkChIC-PMC-DRO-016_AAC22FNM5_S8_L001_R1_001.fastq.gz
Approx 60% complete for bulkChIC-PMC-DRO-016_AAC22FNM5_S8_L001_R1_001.fastq.gz
Approx 65% complete for bulkChIC-PMC-DRO-016_AAC22FNM5_S8_L001_R1_001.fastq.gz
Approx 70% complete for bulkChIC-PMC-DRO-016_AAC22FNM5_S8_L001_R1_001.fastq.gz
Approx 75% complete for bulkChIC-PMC-DRO-016_AAC22FNM5_S8_L001_R1_001.fastq.gz
Approx 80% complete for bulkChIC-PMC-DRO-016_AAC22FNM5_S8_L001_R1_001.fastq.gz
Approx 85% complete for bulkChIC-PMC-DRO-016_AAC22FNM5_S8_L001_R1_001.fastq.gz
Approx 90% complete for bulkChIC-PMC-DRO-016_AAC22FNM5_S8_L001_R1_001.fastq.gz
Approx 95% complete for bulkChIC-PMC-DRO-016_AAC22FNM5_S8_L001_R1_001.fastq.gz
Analysis complete for bulkChIC-PMC-DRO-016_AAC22FNM5_S8_L001_R1_001.fastq.gz
finish fastqc for bulkChIC-PMC-DRO-016 at Mon Mar 13 15:33:59 CET 2023
SCC-bulkChIC-PMC-DRO-005
2
start fastqc for SCC-bulkChIC-PMC-DRO-005 at Mon Mar 13 15:33:59 CET 2023
application/gzip
Started analysis of SCC-bulkChIC-PMC-DRO-005_AAALH7CM5_S8_L001_R1_001.fastq.gz
Approx 5% complete for SCC-bulkChIC-PMC-DRO-005_AAALH7CM5_S8_L001_R1_001.fastq.gz
Approx 10% complete for SCC-bulkChIC-PMC-DRO-005_AAALH7CM5_S8_L001_R1_001.fastq.gz
Approx 15% complete for SCC-bulkChIC-PMC-DRO-005_AAALH7CM5_S8_L001_R1_001.fastq.gz
Approx 20% complete for SCC-bulkChIC-PMC-DRO-005_AAALH7CM5_S8_L001_R1_001.fastq.gz
Approx 25% complete for SCC-bulkChIC-PMC-DRO-005_AAALH7CM5_S8_L001_R1_001.fastq.gz
Approx 30% complete for SCC-bulkChIC-PMC-DRO-005_AAALH7CM5_S8_L001_R1_001.fastq.gz
Approx 35% complete for SCC-bulkChIC-PMC-DRO-005_AAALH7CM5_S8_L001_R1_001.fastq.gz
Approx 40% complete for SCC-bulkChIC-PMC-DRO-005_AAALH7CM5_S8_L001_R1_001.fastq.gz
Approx 45% complete for SCC-bulkChIC-PMC-DRO-005_AAALH7CM5_S8_L001_R1_001.fastq.gz
Approx 50% complete for SCC-bulkChIC-PMC-DRO-005_AAALH7CM5_S8_L001_R1_001.fastq.gz
Approx 55% complete for SCC-bulkChIC-PMC-DRO-005_AAALH7CM5_S8_L001_R1_001.fastq.gz
Approx 60% complete for SCC-bulkChIC-PMC-DRO-005_AAALH7CM5_S8_L001_R1_001.fastq.gz
Approx 65% complete for SCC-bulkChIC-PMC-DRO-005_AAALH7CM5_S8_L001_R1_001.fastq.gz
Approx 70% complete for SCC-bulkChIC-PMC-DRO-005_AAALH7CM5_S8_L001_R1_001.fastq.gz
Approx 75% complete for SCC-bulkChIC-PMC-DRO-005_AAALH7CM5_S8_L001_R1_001.fastq.gz
Approx 80% complete for SCC-bulkChIC-PMC-DRO-005_AAALH7CM5_S8_L001_R1_001.fastq.gz
Approx 85% complete for SCC-bulkChIC-PMC-DRO-005_AAALH7CM5_S8_L001_R1_001.fastq.gz
Approx 90% complete for SCC-bulkChIC-PMC-DRO-005_AAALH7CM5_S8_L001_R1_001.fastq.gz
Approx 95% complete for SCC-bulkChIC-PMC-DRO-005_AAALH7CM5_S8_L001_R1_001.fastq.gz
Analysis complete for SCC-bulkChIC-PMC-DRO-005_AAALH7CM5_S8_L001_R1_001.fastq.gz
application/gzip
Started analysis of SCC-bulkChIC-PMC-DRO-005_AAALH7CM5_S8_L001_R2_001.fastq.gz
Approx 5% complete for SCC-bulkChIC-PMC-DRO-005_AAALH7CM5_S8_L001_R2_001.fastq.gz
Approx 10% complete for SCC-bulkChIC-PMC-DRO-005_AAALH7CM5_S8_L001_R2_001.fastq.gz
Approx 15% complete for SCC-bulkChIC-PMC-DRO-005_AAALH7CM5_S8_L001_R2_001.fastq.gz
Approx 20% complete for SCC-bulkChIC-PMC-DRO-005_AAALH7CM5_S8_L001_R2_001.fastq.gz
Approx 25% complete for SCC-bulkChIC-PMC-DRO-005_AAALH7CM5_S8_L001_R2_001.fastq.gz
Approx 30% complete for SCC-bulkChIC-PMC-DRO-005_AAALH7CM5_S8_L001_R2_001.fastq.gz
Approx 35% complete for SCC-bulkChIC-PMC-DRO-005_AAALH7CM5_S8_L001_R2_001.fastq.gz
Approx 40% complete for SCC-bulkChIC-PMC-DRO-005_AAALH7CM5_S8_L001_R2_001.fastq.gz
Approx 45% complete for SCC-bulkChIC-PMC-DRO-005_AAALH7CM5_S8_L001_R2_001.fastq.gz
Approx 50% complete for SCC-bulkChIC-PMC-DRO-005_AAALH7CM5_S8_L001_R2_001.fastq.gz
Approx 55% complete for SCC-bulkChIC-PMC-DRO-005_AAALH7CM5_S8_L001_R2_001.fastq.gz
Approx 60% complete for SCC-bulkChIC-PMC-DRO-005_AAALH7CM5_S8_L001_R2_001.fastq.gz
Approx 65% complete for SCC-bulkChIC-PMC-DRO-005_AAALH7CM5_S8_L001_R2_001.fastq.gz
Approx 70% complete for SCC-bulkChIC-PMC-DRO-005_AAALH7CM5_S8_L001_R2_001.fastq.gz
Approx 75% complete for SCC-bulkChIC-PMC-DRO-005_AAALH7CM5_S8_L001_R2_001.fastq.gz
Approx 80% complete for SCC-bulkChIC-PMC-DRO-005_AAALH7CM5_S8_L001_R2_001.fastq.gz
Approx 85% complete for SCC-bulkChIC-PMC-DRO-005_AAALH7CM5_S8_L001_R2_001.fastq.gz
Approx 90% complete for SCC-bulkChIC-PMC-DRO-005_AAALH7CM5_S8_L001_R2_001.fastq.gz
Approx 95% complete for SCC-bulkChIC-PMC-DRO-005_AAALH7CM5_S8_L001_R2_001.fastq.gz
Analysis complete for SCC-bulkChIC-PMC-DRO-005_AAALH7CM5_S8_L001_R2_001.fastq.gz
finish fastqc for SCC-bulkChIC-PMC-DRO-005 at Mon Mar 13 15:57:18 CET 2023
SCC-ChIC-PMC-DRO-L5
2
start fastqc for SCC-ChIC-PMC-DRO-L5 at Mon Mar 13 15:57:18 CET 2023
application/gzip
Started analysis of SCC-ChIC-PMC-DRO-L5_AAAKGV5M5_S33_L001_R2_001.fastq.gz
Approx 5% complete for SCC-ChIC-PMC-DRO-L5_AAAKGV5M5_S33_L001_R2_001.fastq.gz
Approx 10% complete for SCC-ChIC-PMC-DRO-L5_AAAKGV5M5_S33_L001_R2_001.fastq.gz
Approx 15% complete for SCC-ChIC-PMC-DRO-L5_AAAKGV5M5_S33_L001_R2_001.fastq.gz
Approx 20% complete for SCC-ChIC-PMC-DRO-L5_AAAKGV5M5_S33_L001_R2_001.fastq.gz
Approx 25% complete for SCC-ChIC-PMC-DRO-L5_AAAKGV5M5_S33_L001_R2_001.fastq.gz
Approx 30% complete for SCC-ChIC-PMC-DRO-L5_AAAKGV5M5_S33_L001_R2_001.fastq.gz
Approx 35% complete for SCC-ChIC-PMC-DRO-L5_AAAKGV5M5_S33_L001_R2_001.fastq.gz
Approx 40% complete for SCC-ChIC-PMC-DRO-L5_AAAKGV5M5_S33_L001_R2_001.fastq.gz
Approx 45% complete for SCC-ChIC-PMC-DRO-L5_AAAKGV5M5_S33_L001_R2_001.fastq.gz
Approx 50% complete for SCC-ChIC-PMC-DRO-L5_AAAKGV5M5_S33_L001_R2_001.fastq.gz
Approx 55% complete for SCC-ChIC-PMC-DRO-L5_AAAKGV5M5_S33_L001_R2_001.fastq.gz
Approx 60% complete for SCC-ChIC-PMC-DRO-L5_AAAKGV5M5_S33_L001_R2_001.fastq.gz
Approx 65% complete for SCC-ChIC-PMC-DRO-L5_AAAKGV5M5_S33_L001_R2_001.fastq.gz
Approx 70% complete for SCC-ChIC-PMC-DRO-L5_AAAKGV5M5_S33_L001_R2_001.fastq.gz
Approx 75% complete for SCC-ChIC-PMC-DRO-L5_AAAKGV5M5_S33_L001_R2_001.fastq.gz
Approx 80% complete for SCC-ChIC-PMC-DRO-L5_AAAKGV5M5_S33_L001_R2_001.fastq.gz
Approx 85% complete for SCC-ChIC-PMC-DRO-L5_AAAKGV5M5_S33_L001_R2_001.fastq.gz
Approx 90% complete for SCC-ChIC-PMC-DRO-L5_AAAKGV5M5_S33_L001_R2_001.fastq.gz
Approx 95% complete for SCC-ChIC-PMC-DRO-L5_AAAKGV5M5_S33_L001_R2_001.fastq.gz
Analysis complete for SCC-ChIC-PMC-DRO-L5_AAAKGV5M5_S33_L001_R2_001.fastq.gz
application/gzip
Started analysis of SCC-ChIC-PMC-DRO-L5_AAAKGV5M5_S33_L001_R1_001.fastq.gz
Approx 5% complete for SCC-ChIC-PMC-DRO-L5_AAAKGV5M5_S33_L001_R1_001.fastq.gz
Approx 10% complete for SCC-ChIC-PMC-DRO-L5_AAAKGV5M5_S33_L001_R1_001.fastq.gz
Approx 15% complete for SCC-ChIC-PMC-DRO-L5_AAAKGV5M5_S33_L001_R1_001.fastq.gz
Approx 20% complete for SCC-ChIC-PMC-DRO-L5_AAAKGV5M5_S33_L001_R1_001.fastq.gz
Approx 25% complete for SCC-ChIC-PMC-DRO-L5_AAAKGV5M5_S33_L001_R1_001.fastq.gz
Approx 30% complete for SCC-ChIC-PMC-DRO-L5_AAAKGV5M5_S33_L001_R1_001.fastq.gz
Approx 35% complete for SCC-ChIC-PMC-DRO-L5_AAAKGV5M5_S33_L001_R1_001.fastq.gz
Approx 40% complete for SCC-ChIC-PMC-DRO-L5_AAAKGV5M5_S33_L001_R1_001.fastq.gz
Approx 45% complete for SCC-ChIC-PMC-DRO-L5_AAAKGV5M5_S33_L001_R1_001.fastq.gz
Approx 50% complete for SCC-ChIC-PMC-DRO-L5_AAAKGV5M5_S33_L001_R1_001.fastq.gz
Approx 55% complete for SCC-ChIC-PMC-DRO-L5_AAAKGV5M5_S33_L001_R1_001.fastq.gz
Approx 60% complete for SCC-ChIC-PMC-DRO-L5_AAAKGV5M5_S33_L001_R1_001.fastq.gz
Approx 65% complete for SCC-ChIC-PMC-DRO-L5_AAAKGV5M5_S33_L001_R1_001.fastq.gz
Approx 70% complete for SCC-ChIC-PMC-DRO-L5_AAAKGV5M5_S33_L001_R1_001.fastq.gz
Approx 75% complete for SCC-ChIC-PMC-DRO-L5_AAAKGV5M5_S33_L001_R1_001.fastq.gz
Approx 80% complete for SCC-ChIC-PMC-DRO-L5_AAAKGV5M5_S33_L001_R1_001.fastq.gz
Approx 85% complete for SCC-ChIC-PMC-DRO-L5_AAAKGV5M5_S33_L001_R1_001.fastq.gz
Approx 90% complete for SCC-ChIC-PMC-DRO-L5_AAAKGV5M5_S33_L001_R1_001.fastq.gz
Approx 95% complete for SCC-ChIC-PMC-DRO-L5_AAAKGV5M5_S33_L001_R1_001.fastq.gz
Approx 100% complete for SCC-ChIC-PMC-DRO-L5_AAAKGV5M5_S33_L001_R1_001.fastq.gz
Analysis complete for SCC-ChIC-PMC-DRO-L5_AAAKGV5M5_S33_L001_R1_001.fastq.gz
finish fastqc for SCC-ChIC-PMC-DRO-L5 at Mon Mar 13 15:58:49 CET 2023
bulkChIC-PMC-DRO-012
2
start fastqc for bulkChIC-PMC-DRO-012 at Mon Mar 13 15:58:49 CET 2023
application/gzip
Started analysis of bulkChIC-PMC-DRO-012_AAC22FNM5_S4_L001_R2_001.fastq.gz
Approx 5% complete for bulkChIC-PMC-DRO-012_AAC22FNM5_S4_L001_R2_001.fastq.gz
Approx 10% complete for bulkChIC-PMC-DRO-012_AAC22FNM5_S4_L001_R2_001.fastq.gz
Approx 15% complete for bulkChIC-PMC-DRO-012_AAC22FNM5_S4_L001_R2_001.fastq.gz
Approx 20% complete for bulkChIC-PMC-DRO-012_AAC22FNM5_S4_L001_R2_001.fastq.gz
Approx 25% complete for bulkChIC-PMC-DRO-012_AAC22FNM5_S4_L001_R2_001.fastq.gz
Approx 30% complete for bulkChIC-PMC-DRO-012_AAC22FNM5_S4_L001_R2_001.fastq.gz
Approx 35% complete for bulkChIC-PMC-DRO-012_AAC22FNM5_S4_L001_R2_001.fastq.gz
Approx 40% complete for bulkChIC-PMC-DRO-012_AAC22FNM5_S4_L001_R2_001.fastq.gz
Approx 45% complete for bulkChIC-PMC-DRO-012_AAC22FNM5_S4_L001_R2_001.fastq.gz
Approx 50% complete for bulkChIC-PMC-DRO-012_AAC22FNM5_S4_L001_R2_001.fastq.gz
Approx 55% complete for bulkChIC-PMC-DRO-012_AAC22FNM5_S4_L001_R2_001.fastq.gz
Approx 60% complete for bulkChIC-PMC-DRO-012_AAC22FNM5_S4_L001_R2_001.fastq.gz
Approx 65% complete for bulkChIC-PMC-DRO-012_AAC22FNM5_S4_L001_R2_001.fastq.gz
Approx 70% complete for bulkChIC-PMC-DRO-012_AAC22FNM5_S4_L001_R2_001.fastq.gz
Approx 75% complete for bulkChIC-PMC-DRO-012_AAC22FNM5_S4_L001_R2_001.fastq.gz
Approx 80% complete for bulkChIC-PMC-DRO-012_AAC22FNM5_S4_L001_R2_001.fastq.gz
Approx 85% complete for bulkChIC-PMC-DRO-012_AAC22FNM5_S4_L001_R2_001.fastq.gz
Approx 90% complete for bulkChIC-PMC-DRO-012_AAC22FNM5_S4_L001_R2_001.fastq.gz
Approx 95% complete for bulkChIC-PMC-DRO-012_AAC22FNM5_S4_L001_R2_001.fastq.gz
Analysis complete for bulkChIC-PMC-DRO-012_AAC22FNM5_S4_L001_R2_001.fastq.gz
application/gzip
Started analysis of bulkChIC-PMC-DRO-012_AAC22FNM5_S4_L001_R1_001.fastq.gz
Approx 5% complete for bulkChIC-PMC-DRO-012_AAC22FNM5_S4_L001_R1_001.fastq.gz
Approx 10% complete for bulkChIC-PMC-DRO-012_AAC22FNM5_S4_L001_R1_001.fastq.gz
Approx 15% complete for bulkChIC-PMC-DRO-012_AAC22FNM5_S4_L001_R1_001.fastq.gz
Approx 20% complete for bulkChIC-PMC-DRO-012_AAC22FNM5_S4_L001_R1_001.fastq.gz
Approx 25% complete for bulkChIC-PMC-DRO-012_AAC22FNM5_S4_L001_R1_001.fastq.gz
Approx 30% complete for bulkChIC-PMC-DRO-012_AAC22FNM5_S4_L001_R1_001.fastq.gz
Approx 35% complete for bulkChIC-PMC-DRO-012_AAC22FNM5_S4_L001_R1_001.fastq.gz
Approx 40% complete for bulkChIC-PMC-DRO-012_AAC22FNM5_S4_L001_R1_001.fastq.gz
Approx 45% complete for bulkChIC-PMC-DRO-012_AAC22FNM5_S4_L001_R1_001.fastq.gz
Approx 50% complete for bulkChIC-PMC-DRO-012_AAC22FNM5_S4_L001_R1_001.fastq.gz
Approx 55% complete for bulkChIC-PMC-DRO-012_AAC22FNM5_S4_L001_R1_001.fastq.gz
Approx 60% complete for bulkChIC-PMC-DRO-012_AAC22FNM5_S4_L001_R1_001.fastq.gz
Approx 65% complete for bulkChIC-PMC-DRO-012_AAC22FNM5_S4_L001_R1_001.fastq.gz
Approx 70% complete for bulkChIC-PMC-DRO-012_AAC22FNM5_S4_L001_R1_001.fastq.gz
Approx 75% complete for bulkChIC-PMC-DRO-012_AAC22FNM5_S4_L001_R1_001.fastq.gz
Approx 80% complete for bulkChIC-PMC-DRO-012_AAC22FNM5_S4_L001_R1_001.fastq.gz
Approx 85% complete for bulkChIC-PMC-DRO-012_AAC22FNM5_S4_L001_R1_001.fastq.gz
Approx 90% complete for bulkChIC-PMC-DRO-012_AAC22FNM5_S4_L001_R1_001.fastq.gz
Approx 95% complete for bulkChIC-PMC-DRO-012_AAC22FNM5_S4_L001_R1_001.fastq.gz
Analysis complete for bulkChIC-PMC-DRO-012_AAC22FNM5_S4_L001_R1_001.fastq.gz
finish fastqc for bulkChIC-PMC-DRO-012 at Mon Mar 13 16:03:56 CET 2023
SCC-bulkChIC-PMC-DRO-008
2
start fastqc for SCC-bulkChIC-PMC-DRO-008 at Mon Mar 13 16:03:56 CET 2023
application/gzip
Started analysis of SCC-bulkChIC-PMC-DRO-008_AAALH7CM5_S10_L001_R1_001.fastq.gz
Approx 5% complete for SCC-bulkChIC-PMC-DRO-008_AAALH7CM5_S10_L001_R1_001.fastq.gz
Approx 10% complete for SCC-bulkChIC-PMC-DRO-008_AAALH7CM5_S10_L001_R1_001.fastq.gz
Approx 15% complete for SCC-bulkChIC-PMC-DRO-008_AAALH7CM5_S10_L001_R1_001.fastq.gz
Approx 20% complete for SCC-bulkChIC-PMC-DRO-008_AAALH7CM5_S10_L001_R1_001.fastq.gz
Approx 25% complete for SCC-bulkChIC-PMC-DRO-008_AAALH7CM5_S10_L001_R1_001.fastq.gz
Approx 30% complete for SCC-bulkChIC-PMC-DRO-008_AAALH7CM5_S10_L001_R1_001.fastq.gz
Approx 35% complete for SCC-bulkChIC-PMC-DRO-008_AAALH7CM5_S10_L001_R1_001.fastq.gz
Approx 40% complete for SCC-bulkChIC-PMC-DRO-008_AAALH7CM5_S10_L001_R1_001.fastq.gz
Approx 45% complete for SCC-bulkChIC-PMC-DRO-008_AAALH7CM5_S10_L001_R1_001.fastq.gz
Approx 50% complete for SCC-bulkChIC-PMC-DRO-008_AAALH7CM5_S10_L001_R1_001.fastq.gz
Approx 55% complete for SCC-bulkChIC-PMC-DRO-008_AAALH7CM5_S10_L001_R1_001.fastq.gz
Approx 60% complete for SCC-bulkChIC-PMC-DRO-008_AAALH7CM5_S10_L001_R1_001.fastq.gz
Approx 65% complete for SCC-bulkChIC-PMC-DRO-008_AAALH7CM5_S10_L001_R1_001.fastq.gz
Approx 70% complete for SCC-bulkChIC-PMC-DRO-008_AAALH7CM5_S10_L001_R1_001.fastq.gz
Approx 75% complete for SCC-bulkChIC-PMC-DRO-008_AAALH7CM5_S10_L001_R1_001.fastq.gz
Approx 80% complete for SCC-bulkChIC-PMC-DRO-008_AAALH7CM5_S10_L001_R1_001.fastq.gz
Approx 85% complete for SCC-bulkChIC-PMC-DRO-008_AAALH7CM5_S10_L001_R1_001.fastq.gz
Approx 90% complete for SCC-bulkChIC-PMC-DRO-008_AAALH7CM5_S10_L001_R1_001.fastq.gz
Approx 95% complete for SCC-bulkChIC-PMC-DRO-008_AAALH7CM5_S10_L001_R1_001.fastq.gz
Analysis complete for SCC-bulkChIC-PMC-DRO-008_AAALH7CM5_S10_L001_R1_001.fastq.gz
application/gzip
Started analysis of SCC-bulkChIC-PMC-DRO-008_AAALH7CM5_S10_L001_R2_001.fastq.gz
Approx 5% complete for SCC-bulkChIC-PMC-DRO-008_AAALH7CM5_S10_L001_R2_001.fastq.gz
Approx 10% complete for SCC-bulkChIC-PMC-DRO-008_AAALH7CM5_S10_L001_R2_001.fastq.gz
Approx 15% complete for SCC-bulkChIC-PMC-DRO-008_AAALH7CM5_S10_L001_R2_001.fastq.gz
Approx 20% complete for SCC-bulkChIC-PMC-DRO-008_AAALH7CM5_S10_L001_R2_001.fastq.gz
Approx 25% complete for SCC-bulkChIC-PMC-DRO-008_AAALH7CM5_S10_L001_R2_001.fastq.gz
Approx 30% complete for SCC-bulkChIC-PMC-DRO-008_AAALH7CM5_S10_L001_R2_001.fastq.gz
Approx 35% complete for SCC-bulkChIC-PMC-DRO-008_AAALH7CM5_S10_L001_R2_001.fastq.gz
Approx 40% complete for SCC-bulkChIC-PMC-DRO-008_AAALH7CM5_S10_L001_R2_001.fastq.gz
Approx 45% complete for SCC-bulkChIC-PMC-DRO-008_AAALH7CM5_S10_L001_R2_001.fastq.gz
Approx 50% complete for SCC-bulkChIC-PMC-DRO-008_AAALH7CM5_S10_L001_R2_001.fastq.gz
Approx 55% complete for SCC-bulkChIC-PMC-DRO-008_AAALH7CM5_S10_L001_R2_001.fastq.gz
Approx 60% complete for SCC-bulkChIC-PMC-DRO-008_AAALH7CM5_S10_L001_R2_001.fastq.gz
Approx 65% complete for SCC-bulkChIC-PMC-DRO-008_AAALH7CM5_S10_L001_R2_001.fastq.gz
Approx 70% complete for SCC-bulkChIC-PMC-DRO-008_AAALH7CM5_S10_L001_R2_001.fastq.gz
Approx 75% complete for SCC-bulkChIC-PMC-DRO-008_AAALH7CM5_S10_L001_R2_001.fastq.gz
Approx 80% complete for SCC-bulkChIC-PMC-DRO-008_AAALH7CM5_S10_L001_R2_001.fastq.gz
Approx 85% complete for SCC-bulkChIC-PMC-DRO-008_AAALH7CM5_S10_L001_R2_001.fastq.gz
Approx 90% complete for SCC-bulkChIC-PMC-DRO-008_AAALH7CM5_S10_L001_R2_001.fastq.gz
Approx 95% complete for SCC-bulkChIC-PMC-DRO-008_AAALH7CM5_S10_L001_R2_001.fastq.gz
Analysis complete for SCC-bulkChIC-PMC-DRO-008_AAALH7CM5_S10_L001_R2_001.fastq.gz
finish fastqc for SCC-bulkChIC-PMC-DRO-008 at Mon Mar 13 16:24:07 CET 2023
SCC-ChIC-PMC-DRO-LH
2
start fastqc for SCC-ChIC-PMC-DRO-LH at Mon Mar 13 16:24:07 CET 2023
application/gzip
Started analysis of SCC-ChIC-PMC-DRO-LH_AAAKGV5M5_S36_L001_R1_001.fastq.gz
Approx 5% complete for SCC-ChIC-PMC-DRO-LH_AAAKGV5M5_S36_L001_R1_001.fastq.gz
Approx 10% complete for SCC-ChIC-PMC-DRO-LH_AAAKGV5M5_S36_L001_R1_001.fastq.gz
Approx 15% complete for SCC-ChIC-PMC-DRO-LH_AAAKGV5M5_S36_L001_R1_001.fastq.gz
Approx 20% complete for SCC-ChIC-PMC-DRO-LH_AAAKGV5M5_S36_L001_R1_001.fastq.gz
Approx 25% complete for SCC-ChIC-PMC-DRO-LH_AAAKGV5M5_S36_L001_R1_001.fastq.gz
Approx 30% complete for SCC-ChIC-PMC-DRO-LH_AAAKGV5M5_S36_L001_R1_001.fastq.gz
Approx 35% complete for SCC-ChIC-PMC-DRO-LH_AAAKGV5M5_S36_L001_R1_001.fastq.gz
Approx 40% complete for SCC-ChIC-PMC-DRO-LH_AAAKGV5M5_S36_L001_R1_001.fastq.gz
Approx 45% complete for SCC-ChIC-PMC-DRO-LH_AAAKGV5M5_S36_L001_R1_001.fastq.gz
Approx 50% complete for SCC-ChIC-PMC-DRO-LH_AAAKGV5M5_S36_L001_R1_001.fastq.gz
Approx 55% complete for SCC-ChIC-PMC-DRO-LH_AAAKGV5M5_S36_L001_R1_001.fastq.gz
Approx 60% complete for SCC-ChIC-PMC-DRO-LH_AAAKGV5M5_S36_L001_R1_001.fastq.gz
Approx 65% complete for SCC-ChIC-PMC-DRO-LH_AAAKGV5M5_S36_L001_R1_001.fastq.gz
Approx 70% complete for SCC-ChIC-PMC-DRO-LH_AAAKGV5M5_S36_L001_R1_001.fastq.gz
Approx 75% complete for SCC-ChIC-PMC-DRO-LH_AAAKGV5M5_S36_L001_R1_001.fastq.gz
Approx 80% complete for SCC-ChIC-PMC-DRO-LH_AAAKGV5M5_S36_L001_R1_001.fastq.gz
Approx 85% complete for SCC-ChIC-PMC-DRO-LH_AAAKGV5M5_S36_L001_R1_001.fastq.gz
Approx 90% complete for SCC-ChIC-PMC-DRO-LH_AAAKGV5M5_S36_L001_R1_001.fastq.gz
Approx 95% complete for SCC-ChIC-PMC-DRO-LH_AAAKGV5M5_S36_L001_R1_001.fastq.gz
Analysis complete for SCC-ChIC-PMC-DRO-LH_AAAKGV5M5_S36_L001_R1_001.fastq.gz
application/gzip
Started analysis of SCC-ChIC-PMC-DRO-LH_AAAKGV5M5_S36_L001_R2_001.fastq.gz
Approx 5% complete for SCC-ChIC-PMC-DRO-LH_AAAKGV5M5_S36_L001_R2_001.fastq.gz
Approx 10% complete for SCC-ChIC-PMC-DRO-LH_AAAKGV5M5_S36_L001_R2_001.fastq.gz
Approx 15% complete for SCC-ChIC-PMC-DRO-LH_AAAKGV5M5_S36_L001_R2_001.fastq.gz
Approx 20% complete for SCC-ChIC-PMC-DRO-LH_AAAKGV5M5_S36_L001_R2_001.fastq.gz
Approx 25% complete for SCC-ChIC-PMC-DRO-LH_AAAKGV5M5_S36_L001_R2_001.fastq.gz
Approx 30% complete for SCC-ChIC-PMC-DRO-LH_AAAKGV5M5_S36_L001_R2_001.fastq.gz
Approx 35% complete for SCC-ChIC-PMC-DRO-LH_AAAKGV5M5_S36_L001_R2_001.fastq.gz
Approx 40% complete for SCC-ChIC-PMC-DRO-LH_AAAKGV5M5_S36_L001_R2_001.fastq.gz
Approx 45% complete for SCC-ChIC-PMC-DRO-LH_AAAKGV5M5_S36_L001_R2_001.fastq.gz
Approx 50% complete for SCC-ChIC-PMC-DRO-LH_AAAKGV5M5_S36_L001_R2_001.fastq.gz
Approx 55% complete for SCC-ChIC-PMC-DRO-LH_AAAKGV5M5_S36_L001_R2_001.fastq.gz
Approx 60% complete for SCC-ChIC-PMC-DRO-LH_AAAKGV5M5_S36_L001_R2_001.fastq.gz
Approx 65% complete for SCC-ChIC-PMC-DRO-LH_AAAKGV5M5_S36_L001_R2_001.fastq.gz
Approx 70% complete for SCC-ChIC-PMC-DRO-LH_AAAKGV5M5_S36_L001_R2_001.fastq.gz
Approx 75% complete for SCC-ChIC-PMC-DRO-LH_AAAKGV5M5_S36_L001_R2_001.fastq.gz
Approx 80% complete for SCC-ChIC-PMC-DRO-LH_AAAKGV5M5_S36_L001_R2_001.fastq.gz
Approx 85% complete for SCC-ChIC-PMC-DRO-LH_AAAKGV5M5_S36_L001_R2_001.fastq.gz
Approx 90% complete for SCC-ChIC-PMC-DRO-LH_AAAKGV5M5_S36_L001_R2_001.fastq.gz
Approx 95% complete for SCC-ChIC-PMC-DRO-LH_AAAKGV5M5_S36_L001_R2_001.fastq.gz
Analysis complete for SCC-ChIC-PMC-DRO-LH_AAAKGV5M5_S36_L001_R2_001.fastq.gz
finish fastqc for SCC-ChIC-PMC-DRO-LH at Mon Mar 13 16:24:58 CET 2023
bulkChIC-PMC-DRO-013
2
start fastqc for bulkChIC-PMC-DRO-013 at Mon Mar 13 16:24:58 CET 2023
application/gzip
Started analysis of bulkChIC-PMC-DRO-013_AAC22FNM5_S5_L001_R1_001.fastq.gz
Approx 5% complete for bulkChIC-PMC-DRO-013_AAC22FNM5_S5_L001_R1_001.fastq.gz
Approx 10% complete for bulkChIC-PMC-DRO-013_AAC22FNM5_S5_L001_R1_001.fastq.gz
Approx 15% complete for bulkChIC-PMC-DRO-013_AAC22FNM5_S5_L001_R1_001.fastq.gz
Approx 20% complete for bulkChIC-PMC-DRO-013_AAC22FNM5_S5_L001_R1_001.fastq.gz
Approx 25% complete for bulkChIC-PMC-DRO-013_AAC22FNM5_S5_L001_R1_001.fastq.gz
Approx 30% complete for bulkChIC-PMC-DRO-013_AAC22FNM5_S5_L001_R1_001.fastq.gz
Approx 35% complete for bulkChIC-PMC-DRO-013_AAC22FNM5_S5_L001_R1_001.fastq.gz
Approx 40% complete for bulkChIC-PMC-DRO-013_AAC22FNM5_S5_L001_R1_001.fastq.gz
Approx 45% complete for bulkChIC-PMC-DRO-013_AAC22FNM5_S5_L001_R1_001.fastq.gz
Approx 50% complete for bulkChIC-PMC-DRO-013_AAC22FNM5_S5_L001_R1_001.fastq.gz
Approx 55% complete for bulkChIC-PMC-DRO-013_AAC22FNM5_S5_L001_R1_001.fastq.gz
Approx 60% complete for bulkChIC-PMC-DRO-013_AAC22FNM5_S5_L001_R1_001.fastq.gz
Approx 65% complete for bulkChIC-PMC-DRO-013_AAC22FNM5_S5_L001_R1_001.fastq.gz
Approx 70% complete for bulkChIC-PMC-DRO-013_AAC22FNM5_S5_L001_R1_001.fastq.gz
Approx 75% complete for bulkChIC-PMC-DRO-013_AAC22FNM5_S5_L001_R1_001.fastq.gz
Approx 80% complete for bulkChIC-PMC-DRO-013_AAC22FNM5_S5_L001_R1_001.fastq.gz
Approx 85% complete for bulkChIC-PMC-DRO-013_AAC22FNM5_S5_L001_R1_001.fastq.gz
Approx 90% complete for bulkChIC-PMC-DRO-013_AAC22FNM5_S5_L001_R1_001.fastq.gz
Approx 95% complete for bulkChIC-PMC-DRO-013_AAC22FNM5_S5_L001_R1_001.fastq.gz
Analysis complete for bulkChIC-PMC-DRO-013_AAC22FNM5_S5_L001_R1_001.fastq.gz
application/gzip
Started analysis of bulkChIC-PMC-DRO-013_AAC22FNM5_S5_L001_R2_001.fastq.gz
Approx 5% complete for bulkChIC-PMC-DRO-013_AAC22FNM5_S5_L001_R2_001.fastq.gz
Approx 10% complete for bulkChIC-PMC-DRO-013_AAC22FNM5_S5_L001_R2_001.fastq.gz
Approx 15% complete for bulkChIC-PMC-DRO-013_AAC22FNM5_S5_L001_R2_001.fastq.gz
Approx 20% complete for bulkChIC-PMC-DRO-013_AAC22FNM5_S5_L001_R2_001.fastq.gz
Approx 25% complete for bulkChIC-PMC-DRO-013_AAC22FNM5_S5_L001_R2_001.fastq.gz
Approx 30% complete for bulkChIC-PMC-DRO-013_AAC22FNM5_S5_L001_R2_001.fastq.gz
Approx 35% complete for bulkChIC-PMC-DRO-013_AAC22FNM5_S5_L001_R2_001.fastq.gz
Approx 40% complete for bulkChIC-PMC-DRO-013_AAC22FNM5_S5_L001_R2_001.fastq.gz
Approx 45% complete for bulkChIC-PMC-DRO-013_AAC22FNM5_S5_L001_R2_001.fastq.gz
Approx 50% complete for bulkChIC-PMC-DRO-013_AAC22FNM5_S5_L001_R2_001.fastq.gz
Approx 55% complete for bulkChIC-PMC-DRO-013_AAC22FNM5_S5_L001_R2_001.fastq.gz
Approx 60% complete for bulkChIC-PMC-DRO-013_AAC22FNM5_S5_L001_R2_001.fastq.gz
Approx 65% complete for bulkChIC-PMC-DRO-013_AAC22FNM5_S5_L001_R2_001.fastq.gz
Approx 70% complete for bulkChIC-PMC-DRO-013_AAC22FNM5_S5_L001_R2_001.fastq.gz
Approx 75% complete for bulkChIC-PMC-DRO-013_AAC22FNM5_S5_L001_R2_001.fastq.gz
Approx 80% complete for bulkChIC-PMC-DRO-013_AAC22FNM5_S5_L001_R2_001.fastq.gz
Approx 85% complete for bulkChIC-PMC-DRO-013_AAC22FNM5_S5_L001_R2_001.fastq.gz
Approx 90% complete for bulkChIC-PMC-DRO-013_AAC22FNM5_S5_L001_R2_001.fastq.gz
Approx 95% complete for bulkChIC-PMC-DRO-013_AAC22FNM5_S5_L001_R2_001.fastq.gz
Analysis complete for bulkChIC-PMC-DRO-013_AAC22FNM5_S5_L001_R2_001.fastq.gz
finish fastqc for bulkChIC-PMC-DRO-013 at Mon Mar 13 16:29:01 CET 2023
SCC-ChIC-PMC-DRO-F1
2
start fastqc for SCC-ChIC-PMC-DRO-F1 at Mon Mar 13 16:29:01 CET 2023
application/gzip
Started analysis of SCC-ChIC-PMC-DRO-F1_AAAKGV5M5_S31_L001_R1_001.fastq.gz
Approx 5% complete for SCC-ChIC-PMC-DRO-F1_AAAKGV5M5_S31_L001_R1_001.fastq.gz
Approx 10% complete for SCC-ChIC-PMC-DRO-F1_AAAKGV5M5_S31_L001_R1_001.fastq.gz
Approx 15% complete for SCC-ChIC-PMC-DRO-F1_AAAKGV5M5_S31_L001_R1_001.fastq.gz
Approx 20% complete for SCC-ChIC-PMC-DRO-F1_AAAKGV5M5_S31_L001_R1_001.fastq.gz
Approx 25% complete for SCC-ChIC-PMC-DRO-F1_AAAKGV5M5_S31_L001_R1_001.fastq.gz
Approx 30% complete for SCC-ChIC-PMC-DRO-F1_AAAKGV5M5_S31_L001_R1_001.fastq.gz
Approx 35% complete for SCC-ChIC-PMC-DRO-F1_AAAKGV5M5_S31_L001_R1_001.fastq.gz
Approx 40% complete for SCC-ChIC-PMC-DRO-F1_AAAKGV5M5_S31_L001_R1_001.fastq.gz
Approx 45% complete for SCC-ChIC-PMC-DRO-F1_AAAKGV5M5_S31_L001_R1_001.fastq.gz
Approx 50% complete for SCC-ChIC-PMC-DRO-F1_AAAKGV5M5_S31_L001_R1_001.fastq.gz
Approx 55% complete for SCC-ChIC-PMC-DRO-F1_AAAKGV5M5_S31_L001_R1_001.fastq.gz
Approx 60% complete for SCC-ChIC-PMC-DRO-F1_AAAKGV5M5_S31_L001_R1_001.fastq.gz
Approx 65% complete for SCC-ChIC-PMC-DRO-F1_AAAKGV5M5_S31_L001_R1_001.fastq.gz
Approx 70% complete for SCC-ChIC-PMC-DRO-F1_AAAKGV5M5_S31_L001_R1_001.fastq.gz
Approx 75% complete for SCC-ChIC-PMC-DRO-F1_AAAKGV5M5_S31_L001_R1_001.fastq.gz
Approx 80% complete for SCC-ChIC-PMC-DRO-F1_AAAKGV5M5_S31_L001_R1_001.fastq.gz
Approx 85% complete for SCC-ChIC-PMC-DRO-F1_AAAKGV5M5_S31_L001_R1_001.fastq.gz
Approx 90% complete for SCC-ChIC-PMC-DRO-F1_AAAKGV5M5_S31_L001_R1_001.fastq.gz
Approx 95% complete for SCC-ChIC-PMC-DRO-F1_AAAKGV5M5_S31_L001_R1_001.fastq.gz
Analysis complete for SCC-ChIC-PMC-DRO-F1_AAAKGV5M5_S31_L001_R1_001.fastq.gz
application/gzip
Started analysis of SCC-ChIC-PMC-DRO-F1_AAAKGV5M5_S31_L001_R2_001.fastq.gz
Approx 5% complete for SCC-ChIC-PMC-DRO-F1_AAAKGV5M5_S31_L001_R2_001.fastq.gz
Approx 10% complete for SCC-ChIC-PMC-DRO-F1_AAAKGV5M5_S31_L001_R2_001.fastq.gz
Approx 15% complete for SCC-ChIC-PMC-DRO-F1_AAAKGV5M5_S31_L001_R2_001.fastq.gz
Approx 20% complete for SCC-ChIC-PMC-DRO-F1_AAAKGV5M5_S31_L001_R2_001.fastq.gz
Approx 25% complete for SCC-ChIC-PMC-DRO-F1_AAAKGV5M5_S31_L001_R2_001.fastq.gz
Approx 30% complete for SCC-ChIC-PMC-DRO-F1_AAAKGV5M5_S31_L001_R2_001.fastq.gz
Approx 35% complete for SCC-ChIC-PMC-DRO-F1_AAAKGV5M5_S31_L001_R2_001.fastq.gz
Approx 40% complete for SCC-ChIC-PMC-DRO-F1_AAAKGV5M5_S31_L001_R2_001.fastq.gz
Approx 45% complete for SCC-ChIC-PMC-DRO-F1_AAAKGV5M5_S31_L001_R2_001.fastq.gz
Approx 50% complete for SCC-ChIC-PMC-DRO-F1_AAAKGV5M5_S31_L001_R2_001.fastq.gz
Approx 55% complete for SCC-ChIC-PMC-DRO-F1_AAAKGV5M5_S31_L001_R2_001.fastq.gz
Approx 60% complete for SCC-ChIC-PMC-DRO-F1_AAAKGV5M5_S31_L001_R2_001.fastq.gz
Approx 65% complete for SCC-ChIC-PMC-DRO-F1_AAAKGV5M5_S31_L001_R2_001.fastq.gz
Approx 70% complete for SCC-ChIC-PMC-DRO-F1_AAAKGV5M5_S31_L001_R2_001.fastq.gz
Approx 75% complete for SCC-ChIC-PMC-DRO-F1_AAAKGV5M5_S31_L001_R2_001.fastq.gz
Approx 80% complete for SCC-ChIC-PMC-DRO-F1_AAAKGV5M5_S31_L001_R2_001.fastq.gz
Approx 85% complete for SCC-ChIC-PMC-DRO-F1_AAAKGV5M5_S31_L001_R2_001.fastq.gz
Approx 90% complete for SCC-ChIC-PMC-DRO-F1_AAAKGV5M5_S31_L001_R2_001.fastq.gz
Approx 95% complete for SCC-ChIC-PMC-DRO-F1_AAAKGV5M5_S31_L001_R2_001.fastq.gz
Analysis complete for SCC-ChIC-PMC-DRO-F1_AAAKGV5M5_S31_L001_R2_001.fastq.gz
finish fastqc for SCC-ChIC-PMC-DRO-F1 at Mon Mar 13 16:29:35 CET 2023
SCC-ChIC-PMC-DRO-T1
2
start fastqc for SCC-ChIC-PMC-DRO-T1 at Mon Mar 13 16:29:35 CET 2023
application/gzip
Started analysis of SCC-ChIC-PMC-DRO-T1_AAAKGV5M5_S32_L001_R1_001.fastq.gz
Approx 5% complete for SCC-ChIC-PMC-DRO-T1_AAAKGV5M5_S32_L001_R1_001.fastq.gz
Approx 10% complete for SCC-ChIC-PMC-DRO-T1_AAAKGV5M5_S32_L001_R1_001.fastq.gz
Approx 15% complete for SCC-ChIC-PMC-DRO-T1_AAAKGV5M5_S32_L001_R1_001.fastq.gz
Approx 20% complete for SCC-ChIC-PMC-DRO-T1_AAAKGV5M5_S32_L001_R1_001.fastq.gz
Approx 25% complete for SCC-ChIC-PMC-DRO-T1_AAAKGV5M5_S32_L001_R1_001.fastq.gz
Approx 30% complete for SCC-ChIC-PMC-DRO-T1_AAAKGV5M5_S32_L001_R1_001.fastq.gz
Approx 35% complete for SCC-ChIC-PMC-DRO-T1_AAAKGV5M5_S32_L001_R1_001.fastq.gz
Approx 40% complete for SCC-ChIC-PMC-DRO-T1_AAAKGV5M5_S32_L001_R1_001.fastq.gz
Approx 45% complete for SCC-ChIC-PMC-DRO-T1_AAAKGV5M5_S32_L001_R1_001.fastq.gz
Approx 50% complete for SCC-ChIC-PMC-DRO-T1_AAAKGV5M5_S32_L001_R1_001.fastq.gz
Approx 55% complete for SCC-ChIC-PMC-DRO-T1_AAAKGV5M5_S32_L001_R1_001.fastq.gz
Approx 60% complete for SCC-ChIC-PMC-DRO-T1_AAAKGV5M5_S32_L001_R1_001.fastq.gz
Approx 65% complete for SCC-ChIC-PMC-DRO-T1_AAAKGV5M5_S32_L001_R1_001.fastq.gz
Approx 70% complete for SCC-ChIC-PMC-DRO-T1_AAAKGV5M5_S32_L001_R1_001.fastq.gz
Approx 75% complete for SCC-ChIC-PMC-DRO-T1_AAAKGV5M5_S32_L001_R1_001.fastq.gz
Approx 80% complete for SCC-ChIC-PMC-DRO-T1_AAAKGV5M5_S32_L001_R1_001.fastq.gz
Approx 85% complete for SCC-ChIC-PMC-DRO-T1_AAAKGV5M5_S32_L001_R1_001.fastq.gz
Approx 90% complete for SCC-ChIC-PMC-DRO-T1_AAAKGV5M5_S32_L001_R1_001.fastq.gz
Approx 95% complete for SCC-ChIC-PMC-DRO-T1_AAAKGV5M5_S32_L001_R1_001.fastq.gz
Analysis complete for SCC-ChIC-PMC-DRO-T1_AAAKGV5M5_S32_L001_R1_001.fastq.gz
application/gzip
Started analysis of SCC-ChIC-PMC-DRO-T1_AAAKGV5M5_S32_L001_R2_001.fastq.gz
Approx 5% complete for SCC-ChIC-PMC-DRO-T1_AAAKGV5M5_S32_L001_R2_001.fastq.gz
Approx 10% complete for SCC-ChIC-PMC-DRO-T1_AAAKGV5M5_S32_L001_R2_001.fastq.gz
Approx 15% complete for SCC-ChIC-PMC-DRO-T1_AAAKGV5M5_S32_L001_R2_001.fastq.gz
Approx 20% complete for SCC-ChIC-PMC-DRO-T1_AAAKGV5M5_S32_L001_R2_001.fastq.gz
Approx 25% complete for SCC-ChIC-PMC-DRO-T1_AAAKGV5M5_S32_L001_R2_001.fastq.gz
Approx 30% complete for SCC-ChIC-PMC-DRO-T1_AAAKGV5M5_S32_L001_R2_001.fastq.gz
Approx 35% complete for SCC-ChIC-PMC-DRO-T1_AAAKGV5M5_S32_L001_R2_001.fastq.gz
Approx 40% complete for SCC-ChIC-PMC-DRO-T1_AAAKGV5M5_S32_L001_R2_001.fastq.gz
Approx 45% complete for SCC-ChIC-PMC-DRO-T1_AAAKGV5M5_S32_L001_R2_001.fastq.gz
Approx 50% complete for SCC-ChIC-PMC-DRO-T1_AAAKGV5M5_S32_L001_R2_001.fastq.gz
Approx 55% complete for SCC-ChIC-PMC-DRO-T1_AAAKGV5M5_S32_L001_R2_001.fastq.gz
Approx 60% complete for SCC-ChIC-PMC-DRO-T1_AAAKGV5M5_S32_L001_R2_001.fastq.gz
Approx 65% complete for SCC-ChIC-PMC-DRO-T1_AAAKGV5M5_S32_L001_R2_001.fastq.gz
Approx 70% complete for SCC-ChIC-PMC-DRO-T1_AAAKGV5M5_S32_L001_R2_001.fastq.gz
Approx 75% complete for SCC-ChIC-PMC-DRO-T1_AAAKGV5M5_S32_L001_R2_001.fastq.gz
Approx 80% complete for SCC-ChIC-PMC-DRO-T1_AAAKGV5M5_S32_L001_R2_001.fastq.gz
Approx 85% complete for SCC-ChIC-PMC-DRO-T1_AAAKGV5M5_S32_L001_R2_001.fastq.gz
Approx 90% complete for SCC-ChIC-PMC-DRO-T1_AAAKGV5M5_S32_L001_R2_001.fastq.gz
Approx 95% complete for SCC-ChIC-PMC-DRO-T1_AAAKGV5M5_S32_L001_R2_001.fastq.gz
Analysis complete for SCC-ChIC-PMC-DRO-T1_AAAKGV5M5_S32_L001_R2_001.fastq.gz
finish fastqc for SCC-ChIC-PMC-DRO-T1 at Mon Mar 13 16:30:12 CET 2023
SCC-ChIC-PMC-DRO-F5
2
start fastqc for SCC-ChIC-PMC-DRO-F5 at Mon Mar 13 16:30:12 CET 2023
application/gzip
Started analysis of SCC-ChIC-PMC-DRO-F5_AAAKGV5M5_S34_L001_R2_001.fastq.gz
Approx 5% complete for SCC-ChIC-PMC-DRO-F5_AAAKGV5M5_S34_L001_R2_001.fastq.gz
Approx 10% complete for SCC-ChIC-PMC-DRO-F5_AAAKGV5M5_S34_L001_R2_001.fastq.gz
Approx 15% complete for SCC-ChIC-PMC-DRO-F5_AAAKGV5M5_S34_L001_R2_001.fastq.gz
Approx 20% complete for SCC-ChIC-PMC-DRO-F5_AAAKGV5M5_S34_L001_R2_001.fastq.gz
Approx 25% complete for SCC-ChIC-PMC-DRO-F5_AAAKGV5M5_S34_L001_R2_001.fastq.gz
Approx 30% complete for SCC-ChIC-PMC-DRO-F5_AAAKGV5M5_S34_L001_R2_001.fastq.gz
Approx 35% complete for SCC-ChIC-PMC-DRO-F5_AAAKGV5M5_S34_L001_R2_001.fastq.gz
Approx 40% complete for SCC-ChIC-PMC-DRO-F5_AAAKGV5M5_S34_L001_R2_001.fastq.gz
Approx 45% complete for SCC-ChIC-PMC-DRO-F5_AAAKGV5M5_S34_L001_R2_001.fastq.gz
Approx 50% complete for SCC-ChIC-PMC-DRO-F5_AAAKGV5M5_S34_L001_R2_001.fastq.gz
Approx 55% complete for SCC-ChIC-PMC-DRO-F5_AAAKGV5M5_S34_L001_R2_001.fastq.gz
Approx 60% complete for SCC-ChIC-PMC-DRO-F5_AAAKGV5M5_S34_L001_R2_001.fastq.gz
Approx 65% complete for SCC-ChIC-PMC-DRO-F5_AAAKGV5M5_S34_L001_R2_001.fastq.gz
Approx 70% complete for SCC-ChIC-PMC-DRO-F5_AAAKGV5M5_S34_L001_R2_001.fastq.gz
Approx 75% complete for SCC-ChIC-PMC-DRO-F5_AAAKGV5M5_S34_L001_R2_001.fastq.gz
Approx 80% complete for SCC-ChIC-PMC-DRO-F5_AAAKGV5M5_S34_L001_R2_001.fastq.gz
Approx 85% complete for SCC-ChIC-PMC-DRO-F5_AAAKGV5M5_S34_L001_R2_001.fastq.gz
Approx 90% complete for SCC-ChIC-PMC-DRO-F5_AAAKGV5M5_S34_L001_R2_001.fastq.gz
Approx 95% complete for SCC-ChIC-PMC-DRO-F5_AAAKGV5M5_S34_L001_R2_001.fastq.gz
Analysis complete for SCC-ChIC-PMC-DRO-F5_AAAKGV5M5_S34_L001_R2_001.fastq.gz
application/gzip
Started analysis of SCC-ChIC-PMC-DRO-F5_AAAKGV5M5_S34_L001_R1_001.fastq.gz
Approx 5% complete for SCC-ChIC-PMC-DRO-F5_AAAKGV5M5_S34_L001_R1_001.fastq.gz
Approx 10% complete for SCC-ChIC-PMC-DRO-F5_AAAKGV5M5_S34_L001_R1_001.fastq.gz
Approx 15% complete for SCC-ChIC-PMC-DRO-F5_AAAKGV5M5_S34_L001_R1_001.fastq.gz
Approx 20% complete for SCC-ChIC-PMC-DRO-F5_AAAKGV5M5_S34_L001_R1_001.fastq.gz
Approx 25% complete for SCC-ChIC-PMC-DRO-F5_AAAKGV5M5_S34_L001_R1_001.fastq.gz
Approx 30% complete for SCC-ChIC-PMC-DRO-F5_AAAKGV5M5_S34_L001_R1_001.fastq.gz
Approx 35% complete for SCC-ChIC-PMC-DRO-F5_AAAKGV5M5_S34_L001_R1_001.fastq.gz
Approx 40% complete for SCC-ChIC-PMC-DRO-F5_AAAKGV5M5_S34_L001_R1_001.fastq.gz
Approx 45% complete for SCC-ChIC-PMC-DRO-F5_AAAKGV5M5_S34_L001_R1_001.fastq.gz
Approx 50% complete for SCC-ChIC-PMC-DRO-F5_AAAKGV5M5_S34_L001_R1_001.fastq.gz
Approx 55% complete for SCC-ChIC-PMC-DRO-F5_AAAKGV5M5_S34_L001_R1_001.fastq.gz
Approx 60% complete for SCC-ChIC-PMC-DRO-F5_AAAKGV5M5_S34_L001_R1_001.fastq.gz
Approx 65% complete for SCC-ChIC-PMC-DRO-F5_AAAKGV5M5_S34_L001_R1_001.fastq.gz
Approx 70% complete for SCC-ChIC-PMC-DRO-F5_AAAKGV5M5_S34_L001_R1_001.fastq.gz
Approx 75% complete for SCC-ChIC-PMC-DRO-F5_AAAKGV5M5_S34_L001_R1_001.fastq.gz
Approx 80% complete for SCC-ChIC-PMC-DRO-F5_AAAKGV5M5_S34_L001_R1_001.fastq.gz
Approx 85% complete for SCC-ChIC-PMC-DRO-F5_AAAKGV5M5_S34_L001_R1_001.fastq.gz
Approx 90% complete for SCC-ChIC-PMC-DRO-F5_AAAKGV5M5_S34_L001_R1_001.fastq.gz
Approx 95% complete for SCC-ChIC-PMC-DRO-F5_AAAKGV5M5_S34_L001_R1_001.fastq.gz
Analysis complete for SCC-ChIC-PMC-DRO-F5_AAAKGV5M5_S34_L001_R1_001.fastq.gz
finish fastqc for SCC-ChIC-PMC-DRO-F5 at Mon Mar 13 16:30:42 CET 2023
SCC-ChIC-PMC-DRO-T5
2
start fastqc for SCC-ChIC-PMC-DRO-T5 at Mon Mar 13 16:30:42 CET 2023
application/gzip
Started analysis of SCC-ChIC-PMC-DRO-T5_AAAKGV5M5_S35_L001_R2_001.fastq.gz
Approx 5% complete for SCC-ChIC-PMC-DRO-T5_AAAKGV5M5_S35_L001_R2_001.fastq.gz
Approx 10% complete for SCC-ChIC-PMC-DRO-T5_AAAKGV5M5_S35_L001_R2_001.fastq.gz
Approx 15% complete for SCC-ChIC-PMC-DRO-T5_AAAKGV5M5_S35_L001_R2_001.fastq.gz
Approx 20% complete for SCC-ChIC-PMC-DRO-T5_AAAKGV5M5_S35_L001_R2_001.fastq.gz
Approx 25% complete for SCC-ChIC-PMC-DRO-T5_AAAKGV5M5_S35_L001_R2_001.fastq.gz
Approx 30% complete for SCC-ChIC-PMC-DRO-T5_AAAKGV5M5_S35_L001_R2_001.fastq.gz
Approx 35% complete for SCC-ChIC-PMC-DRO-T5_AAAKGV5M5_S35_L001_R2_001.fastq.gz
Approx 40% complete for SCC-ChIC-PMC-DRO-T5_AAAKGV5M5_S35_L001_R2_001.fastq.gz
Approx 45% complete for SCC-ChIC-PMC-DRO-T5_AAAKGV5M5_S35_L001_R2_001.fastq.gz
Approx 50% complete for SCC-ChIC-PMC-DRO-T5_AAAKGV5M5_S35_L001_R2_001.fastq.gz
Approx 55% complete for SCC-ChIC-PMC-DRO-T5_AAAKGV5M5_S35_L001_R2_001.fastq.gz
Approx 60% complete for SCC-ChIC-PMC-DRO-T5_AAAKGV5M5_S35_L001_R2_001.fastq.gz
Approx 65% complete for SCC-ChIC-PMC-DRO-T5_AAAKGV5M5_S35_L001_R2_001.fastq.gz
Approx 70% complete for SCC-ChIC-PMC-DRO-T5_AAAKGV5M5_S35_L001_R2_001.fastq.gz
Approx 75% complete for SCC-ChIC-PMC-DRO-T5_AAAKGV5M5_S35_L001_R2_001.fastq.gz
Approx 80% complete for SCC-ChIC-PMC-DRO-T5_AAAKGV5M5_S35_L001_R2_001.fastq.gz
Approx 85% complete for SCC-ChIC-PMC-DRO-T5_AAAKGV5M5_S35_L001_R2_001.fastq.gz
Approx 90% complete for SCC-ChIC-PMC-DRO-T5_AAAKGV5M5_S35_L001_R2_001.fastq.gz
Approx 95% complete for SCC-ChIC-PMC-DRO-T5_AAAKGV5M5_S35_L001_R2_001.fastq.gz
Analysis complete for SCC-ChIC-PMC-DRO-T5_AAAKGV5M5_S35_L001_R2_001.fastq.gz
application/gzip
Started analysis of SCC-ChIC-PMC-DRO-T5_AAAKGV5M5_S35_L001_R1_001.fastq.gz
Approx 5% complete for SCC-ChIC-PMC-DRO-T5_AAAKGV5M5_S35_L001_R1_001.fastq.gz
Approx 10% complete for SCC-ChIC-PMC-DRO-T5_AAAKGV5M5_S35_L001_R1_001.fastq.gz
Approx 15% complete for SCC-ChIC-PMC-DRO-T5_AAAKGV5M5_S35_L001_R1_001.fastq.gz
Approx 20% complete for SCC-ChIC-PMC-DRO-T5_AAAKGV5M5_S35_L001_R1_001.fastq.gz
Approx 25% complete for SCC-ChIC-PMC-DRO-T5_AAAKGV5M5_S35_L001_R1_001.fastq.gz
Approx 30% complete for SCC-ChIC-PMC-DRO-T5_AAAKGV5M5_S35_L001_R1_001.fastq.gz
Approx 35% complete for SCC-ChIC-PMC-DRO-T5_AAAKGV5M5_S35_L001_R1_001.fastq.gz
Approx 40% complete for SCC-ChIC-PMC-DRO-T5_AAAKGV5M5_S35_L001_R1_001.fastq.gz
Approx 45% complete for SCC-ChIC-PMC-DRO-T5_AAAKGV5M5_S35_L001_R1_001.fastq.gz
Approx 50% complete for SCC-ChIC-PMC-DRO-T5_AAAKGV5M5_S35_L001_R1_001.fastq.gz
Approx 55% complete for SCC-ChIC-PMC-DRO-T5_AAAKGV5M5_S35_L001_R1_001.fastq.gz
Approx 60% complete for SCC-ChIC-PMC-DRO-T5_AAAKGV5M5_S35_L001_R1_001.fastq.gz
Approx 65% complete for SCC-ChIC-PMC-DRO-T5_AAAKGV5M5_S35_L001_R1_001.fastq.gz
Approx 70% complete for SCC-ChIC-PMC-DRO-T5_AAAKGV5M5_S35_L001_R1_001.fastq.gz
Approx 75% complete for SCC-ChIC-PMC-DRO-T5_AAAKGV5M5_S35_L001_R1_001.fastq.gz
Approx 80% complete for SCC-ChIC-PMC-DRO-T5_AAAKGV5M5_S35_L001_R1_001.fastq.gz
Approx 85% complete for SCC-ChIC-PMC-DRO-T5_AAAKGV5M5_S35_L001_R1_001.fastq.gz
Approx 90% complete for SCC-ChIC-PMC-DRO-T5_AAAKGV5M5_S35_L001_R1_001.fastq.gz
Approx 95% complete for SCC-ChIC-PMC-DRO-T5_AAAKGV5M5_S35_L001_R1_001.fastq.gz
Analysis complete for SCC-ChIC-PMC-DRO-T5_AAAKGV5M5_S35_L001_R1_001.fastq.gz
finish fastqc for SCC-ChIC-PMC-DRO-T5 at Mon Mar 13 16:31:15 CET 2023
bulkChIC-PMC-DRO-014
2
start fastqc for bulkChIC-PMC-DRO-014 at Mon Mar 13 16:31:15 CET 2023
application/gzip
Started analysis of bulkChIC-PMC-DRO-014_AAC22FNM5_S6_L001_R1_001.fastq.gz
Approx 5% complete for bulkChIC-PMC-DRO-014_AAC22FNM5_S6_L001_R1_001.fastq.gz
Approx 10% complete for bulkChIC-PMC-DRO-014_AAC22FNM5_S6_L001_R1_001.fastq.gz
Approx 15% complete for bulkChIC-PMC-DRO-014_AAC22FNM5_S6_L001_R1_001.fastq.gz
Approx 20% complete for bulkChIC-PMC-DRO-014_AAC22FNM5_S6_L001_R1_001.fastq.gz
Approx 25% complete for bulkChIC-PMC-DRO-014_AAC22FNM5_S6_L001_R1_001.fastq.gz
Approx 30% complete for bulkChIC-PMC-DRO-014_AAC22FNM5_S6_L001_R1_001.fastq.gz
Approx 35% complete for bulkChIC-PMC-DRO-014_AAC22FNM5_S6_L001_R1_001.fastq.gz
Approx 40% complete for bulkChIC-PMC-DRO-014_AAC22FNM5_S6_L001_R1_001.fastq.gz
Approx 45% complete for bulkChIC-PMC-DRO-014_AAC22FNM5_S6_L001_R1_001.fastq.gz
Approx 50% complete for bulkChIC-PMC-DRO-014_AAC22FNM5_S6_L001_R1_001.fastq.gz
Approx 55% complete for bulkChIC-PMC-DRO-014_AAC22FNM5_S6_L001_R1_001.fastq.gz
Approx 60% complete for bulkChIC-PMC-DRO-014_AAC22FNM5_S6_L001_R1_001.fastq.gz
Approx 65% complete for bulkChIC-PMC-DRO-014_AAC22FNM5_S6_L001_R1_001.fastq.gz
Approx 70% complete for bulkChIC-PMC-DRO-014_AAC22FNM5_S6_L001_R1_001.fastq.gz
Approx 75% complete for bulkChIC-PMC-DRO-014_AAC22FNM5_S6_L001_R1_001.fastq.gz
Approx 80% complete for bulkChIC-PMC-DRO-014_AAC22FNM5_S6_L001_R1_001.fastq.gz
Approx 85% complete for bulkChIC-PMC-DRO-014_AAC22FNM5_S6_L001_R1_001.fastq.gz
Approx 90% complete for bulkChIC-PMC-DRO-014_AAC22FNM5_S6_L001_R1_001.fastq.gz
Approx 95% complete for bulkChIC-PMC-DRO-014_AAC22FNM5_S6_L001_R1_001.fastq.gz
Analysis complete for bulkChIC-PMC-DRO-014_AAC22FNM5_S6_L001_R1_001.fastq.gz
application/gzip
Started analysis of bulkChIC-PMC-DRO-014_AAC22FNM5_S6_L001_R2_001.fastq.gz
Approx 5% complete for bulkChIC-PMC-DRO-014_AAC22FNM5_S6_L001_R2_001.fastq.gz
Approx 10% complete for bulkChIC-PMC-DRO-014_AAC22FNM5_S6_L001_R2_001.fastq.gz
Approx 15% complete for bulkChIC-PMC-DRO-014_AAC22FNM5_S6_L001_R2_001.fastq.gz
Approx 20% complete for bulkChIC-PMC-DRO-014_AAC22FNM5_S6_L001_R2_001.fastq.gz
Approx 25% complete for bulkChIC-PMC-DRO-014_AAC22FNM5_S6_L001_R2_001.fastq.gz
Approx 30% complete for bulkChIC-PMC-DRO-014_AAC22FNM5_S6_L001_R2_001.fastq.gz
Approx 35% complete for bulkChIC-PMC-DRO-014_AAC22FNM5_S6_L001_R2_001.fastq.gz
Approx 40% complete for bulkChIC-PMC-DRO-014_AAC22FNM5_S6_L001_R2_001.fastq.gz
Approx 45% complete for bulkChIC-PMC-DRO-014_AAC22FNM5_S6_L001_R2_001.fastq.gz
Approx 50% complete for bulkChIC-PMC-DRO-014_AAC22FNM5_S6_L001_R2_001.fastq.gz
Approx 55% complete for bulkChIC-PMC-DRO-014_AAC22FNM5_S6_L001_R2_001.fastq.gz
Approx 60% complete for bulkChIC-PMC-DRO-014_AAC22FNM5_S6_L001_R2_001.fastq.gz
Approx 65% complete for bulkChIC-PMC-DRO-014_AAC22FNM5_S6_L001_R2_001.fastq.gz
Approx 70% complete for bulkChIC-PMC-DRO-014_AAC22FNM5_S6_L001_R2_001.fastq.gz
Approx 75% complete for bulkChIC-PMC-DRO-014_AAC22FNM5_S6_L001_R2_001.fastq.gz
Approx 80% complete for bulkChIC-PMC-DRO-014_AAC22FNM5_S6_L001_R2_001.fastq.gz
Approx 85% complete for bulkChIC-PMC-DRO-014_AAC22FNM5_S6_L001_R2_001.fastq.gz
Approx 90% complete for bulkChIC-PMC-DRO-014_AAC22FNM5_S6_L001_R2_001.fastq.gz
Approx 95% complete for bulkChIC-PMC-DRO-014_AAC22FNM5_S6_L001_R2_001.fastq.gz
Analysis complete for bulkChIC-PMC-DRO-014_AAC22FNM5_S6_L001_R2_001.fastq.gz
finish fastqc for bulkChIC-PMC-DRO-014 at Mon Mar 13 16:34:57 CET 2023
bulkChIC-PMC-DRO-015
2
start fastqc for bulkChIC-PMC-DRO-015 at Mon Mar 13 16:34:57 CET 2023
application/gzip
Started analysis of bulkChIC-PMC-DRO-015_AAC22FNM5_S7_L001_R2_001.fastq.gz
Approx 5% complete for bulkChIC-PMC-DRO-015_AAC22FNM5_S7_L001_R2_001.fastq.gz
Approx 10% complete for bulkChIC-PMC-DRO-015_AAC22FNM5_S7_L001_R2_001.fastq.gz
Approx 15% complete for bulkChIC-PMC-DRO-015_AAC22FNM5_S7_L001_R2_001.fastq.gz
Approx 20% complete for bulkChIC-PMC-DRO-015_AAC22FNM5_S7_L001_R2_001.fastq.gz
Approx 25% complete for bulkChIC-PMC-DRO-015_AAC22FNM5_S7_L001_R2_001.fastq.gz
Approx 30% complete for bulkChIC-PMC-DRO-015_AAC22FNM5_S7_L001_R2_001.fastq.gz
Approx 35% complete for bulkChIC-PMC-DRO-015_AAC22FNM5_S7_L001_R2_001.fastq.gz
Approx 40% complete for bulkChIC-PMC-DRO-015_AAC22FNM5_S7_L001_R2_001.fastq.gz
Approx 45% complete for bulkChIC-PMC-DRO-015_AAC22FNM5_S7_L001_R2_001.fastq.gz
Approx 50% complete for bulkChIC-PMC-DRO-015_AAC22FNM5_S7_L001_R2_001.fastq.gz
Approx 55% complete for bulkChIC-PMC-DRO-015_AAC22FNM5_S7_L001_R2_001.fastq.gz
Approx 60% complete for bulkChIC-PMC-DRO-015_AAC22FNM5_S7_L001_R2_001.fastq.gz
Approx 65% complete for bulkChIC-PMC-DRO-015_AAC22FNM5_S7_L001_R2_001.fastq.gz
Approx 70% complete for bulkChIC-PMC-DRO-015_AAC22FNM5_S7_L001_R2_001.fastq.gz
Approx 75% complete for bulkChIC-PMC-DRO-015_AAC22FNM5_S7_L001_R2_001.fastq.gz
Approx 80% complete for bulkChIC-PMC-DRO-015_AAC22FNM5_S7_L001_R2_001.fastq.gz
Approx 85% complete for bulkChIC-PMC-DRO-015_AAC22FNM5_S7_L001_R2_001.fastq.gz
Approx 90% complete for bulkChIC-PMC-DRO-015_AAC22FNM5_S7_L001_R2_001.fastq.gz
Approx 95% complete for bulkChIC-PMC-DRO-015_AAC22FNM5_S7_L001_R2_001.fastq.gz
Analysis complete for bulkChIC-PMC-DRO-015_AAC22FNM5_S7_L001_R2_001.fastq.gz
application/gzip
Started analysis of bulkChIC-PMC-DRO-015_AAC22FNM5_S7_L001_R1_001.fastq.gz
Approx 5% complete for bulkChIC-PMC-DRO-015_AAC22FNM5_S7_L001_R1_001.fastq.gz
Approx 10% complete for bulkChIC-PMC-DRO-015_AAC22FNM5_S7_L001_R1_001.fastq.gz
Approx 15% complete for bulkChIC-PMC-DRO-015_AAC22FNM5_S7_L001_R1_001.fastq.gz
Approx 20% complete for bulkChIC-PMC-DRO-015_AAC22FNM5_S7_L001_R1_001.fastq.gz
Approx 25% complete for bulkChIC-PMC-DRO-015_AAC22FNM5_S7_L001_R1_001.fastq.gz
Approx 30% complete for bulkChIC-PMC-DRO-015_AAC22FNM5_S7_L001_R1_001.fastq.gz
Approx 35% complete for bulkChIC-PMC-DRO-015_AAC22FNM5_S7_L001_R1_001.fastq.gz
Approx 40% complete for bulkChIC-PMC-DRO-015_AAC22FNM5_S7_L001_R1_001.fastq.gz
Approx 45% complete for bulkChIC-PMC-DRO-015_AAC22FNM5_S7_L001_R1_001.fastq.gz
Approx 50% complete for bulkChIC-PMC-DRO-015_AAC22FNM5_S7_L001_R1_001.fastq.gz
Approx 55% complete for bulkChIC-PMC-DRO-015_AAC22FNM5_S7_L001_R1_001.fastq.gz
Approx 60% complete for bulkChIC-PMC-DRO-015_AAC22FNM5_S7_L001_R1_001.fastq.gz
Approx 65% complete for bulkChIC-PMC-DRO-015_AAC22FNM5_S7_L001_R1_001.fastq.gz
Approx 70% complete for bulkChIC-PMC-DRO-015_AAC22FNM5_S7_L001_R1_001.fastq.gz
Approx 75% complete for bulkChIC-PMC-DRO-015_AAC22FNM5_S7_L001_R1_001.fastq.gz
Approx 80% complete for bulkChIC-PMC-DRO-015_AAC22FNM5_S7_L001_R1_001.fastq.gz
Approx 85% complete for bulkChIC-PMC-DRO-015_AAC22FNM5_S7_L001_R1_001.fastq.gz
Approx 90% complete for bulkChIC-PMC-DRO-015_AAC22FNM5_S7_L001_R1_001.fastq.gz
Approx 95% complete for bulkChIC-PMC-DRO-015_AAC22FNM5_S7_L001_R1_001.fastq.gz
Analysis complete for bulkChIC-PMC-DRO-015_AAC22FNM5_S7_L001_R1_001.fastq.gz
finish fastqc for bulkChIC-PMC-DRO-015 at Mon Mar 13 16:39:06 CET 2023
SCC-ChIC-PMC-DRO-FH
2
start fastqc for SCC-ChIC-PMC-DRO-FH at Mon Mar 13 16:39:06 CET 2023
application/gzip
Started analysis of SCC-ChIC-PMC-DRO-FH_AAAKGV5M5_S37_L001_R1_001.fastq.gz
Approx 5% complete for SCC-ChIC-PMC-DRO-FH_AAAKGV5M5_S37_L001_R1_001.fastq.gz
Approx 10% complete for SCC-ChIC-PMC-DRO-FH_AAAKGV5M5_S37_L001_R1_001.fastq.gz
Approx 15% complete for SCC-ChIC-PMC-DRO-FH_AAAKGV5M5_S37_L001_R1_001.fastq.gz
Approx 20% complete for SCC-ChIC-PMC-DRO-FH_AAAKGV5M5_S37_L001_R1_001.fastq.gz
Approx 25% complete for SCC-ChIC-PMC-DRO-FH_AAAKGV5M5_S37_L001_R1_001.fastq.gz
Approx 30% complete for SCC-ChIC-PMC-DRO-FH_AAAKGV5M5_S37_L001_R1_001.fastq.gz
Approx 35% complete for SCC-ChIC-PMC-DRO-FH_AAAKGV5M5_S37_L001_R1_001.fastq.gz
Approx 40% complete for SCC-ChIC-PMC-DRO-FH_AAAKGV5M5_S37_L001_R1_001.fastq.gz
Approx 45% complete for SCC-ChIC-PMC-DRO-FH_AAAKGV5M5_S37_L001_R1_001.fastq.gz
Approx 50% complete for SCC-ChIC-PMC-DRO-FH_AAAKGV5M5_S37_L001_R1_001.fastq.gz
Approx 55% complete for SCC-ChIC-PMC-DRO-FH_AAAKGV5M5_S37_L001_R1_001.fastq.gz
Approx 60% complete for SCC-ChIC-PMC-DRO-FH_AAAKGV5M5_S37_L001_R1_001.fastq.gz
Approx 65% complete for SCC-ChIC-PMC-DRO-FH_AAAKGV5M5_S37_L001_R1_001.fastq.gz
Approx 70% complete for SCC-ChIC-PMC-DRO-FH_AAAKGV5M5_S37_L001_R1_001.fastq.gz
Approx 75% complete for SCC-ChIC-PMC-DRO-FH_AAAKGV5M5_S37_L001_R1_001.fastq.gz
Approx 80% complete for SCC-ChIC-PMC-DRO-FH_AAAKGV5M5_S37_L001_R1_001.fastq.gz
Approx 85% complete for SCC-ChIC-PMC-DRO-FH_AAAKGV5M5_S37_L001_R1_001.fastq.gz
Approx 90% complete for SCC-ChIC-PMC-DRO-FH_AAAKGV5M5_S37_L001_R1_001.fastq.gz
Approx 95% complete for SCC-ChIC-PMC-DRO-FH_AAAKGV5M5_S37_L001_R1_001.fastq.gz
Analysis complete for SCC-ChIC-PMC-DRO-FH_AAAKGV5M5_S37_L001_R1_001.fastq.gz
application/gzip
Started analysis of SCC-ChIC-PMC-DRO-FH_AAAKGV5M5_S37_L001_R2_001.fastq.gz
Approx 5% complete for SCC-ChIC-PMC-DRO-FH_AAAKGV5M5_S37_L001_R2_001.fastq.gz
Approx 10% complete for SCC-ChIC-PMC-DRO-FH_AAAKGV5M5_S37_L001_R2_001.fastq.gz
Approx 15% complete for SCC-ChIC-PMC-DRO-FH_AAAKGV5M5_S37_L001_R2_001.fastq.gz
Approx 20% complete for SCC-ChIC-PMC-DRO-FH_AAAKGV5M5_S37_L001_R2_001.fastq.gz
Approx 25% complete for SCC-ChIC-PMC-DRO-FH_AAAKGV5M5_S37_L001_R2_001.fastq.gz
Approx 30% complete for SCC-ChIC-PMC-DRO-FH_AAAKGV5M5_S37_L001_R2_001.fastq.gz
Approx 35% complete for SCC-ChIC-PMC-DRO-FH_AAAKGV5M5_S37_L001_R2_001.fastq.gz
Approx 40% complete for SCC-ChIC-PMC-DRO-FH_AAAKGV5M5_S37_L001_R2_001.fastq.gz
Approx 45% complete for SCC-ChIC-PMC-DRO-FH_AAAKGV5M5_S37_L001_R2_001.fastq.gz
Approx 50% complete for SCC-ChIC-PMC-DRO-FH_AAAKGV5M5_S37_L001_R2_001.fastq.gz
Approx 55% complete for SCC-ChIC-PMC-DRO-FH_AAAKGV5M5_S37_L001_R2_001.fastq.gz
Approx 60% complete for SCC-ChIC-PMC-DRO-FH_AAAKGV5M5_S37_L001_R2_001.fastq.gz
Approx 65% complete for SCC-ChIC-PMC-DRO-FH_AAAKGV5M5_S37_L001_R2_001.fastq.gz
Approx 70% complete for SCC-ChIC-PMC-DRO-FH_AAAKGV5M5_S37_L001_R2_001.fastq.gz
Approx 75% complete for SCC-ChIC-PMC-DRO-FH_AAAKGV5M5_S37_L001_R2_001.fastq.gz
Approx 80% complete for SCC-ChIC-PMC-DRO-FH_AAAKGV5M5_S37_L001_R2_001.fastq.gz
Approx 85% complete for SCC-ChIC-PMC-DRO-FH_AAAKGV5M5_S37_L001_R2_001.fastq.gz
Approx 90% complete for SCC-ChIC-PMC-DRO-FH_AAAKGV5M5_S37_L001_R2_001.fastq.gz
Approx 95% complete for SCC-ChIC-PMC-DRO-FH_AAAKGV5M5_S37_L001_R2_001.fastq.gz
Analysis complete for SCC-ChIC-PMC-DRO-FH_AAAKGV5M5_S37_L001_R2_001.fastq.gz
finish fastqc for SCC-ChIC-PMC-DRO-FH at Mon Mar 13 16:39:37 CET 2023
SCC-ChIC-PMC-DRO-TH
2
start fastqc for SCC-ChIC-PMC-DRO-TH at Mon Mar 13 16:39:37 CET 2023
application/gzip
Started analysis of SCC-ChIC-PMC-DRO-TH_AAAKGV5M5_S38_L001_R1_001.fastq.gz
Approx 5% complete for SCC-ChIC-PMC-DRO-TH_AAAKGV5M5_S38_L001_R1_001.fastq.gz
Approx 10% complete for SCC-ChIC-PMC-DRO-TH_AAAKGV5M5_S38_L001_R1_001.fastq.gz
Approx 15% complete for SCC-ChIC-PMC-DRO-TH_AAAKGV5M5_S38_L001_R1_001.fastq.gz
Approx 20% complete for SCC-ChIC-PMC-DRO-TH_AAAKGV5M5_S38_L001_R1_001.fastq.gz
Approx 25% complete for SCC-ChIC-PMC-DRO-TH_AAAKGV5M5_S38_L001_R1_001.fastq.gz
Approx 30% complete for SCC-ChIC-PMC-DRO-TH_AAAKGV5M5_S38_L001_R1_001.fastq.gz
Approx 35% complete for SCC-ChIC-PMC-DRO-TH_AAAKGV5M5_S38_L001_R1_001.fastq.gz
Approx 40% complete for SCC-ChIC-PMC-DRO-TH_AAAKGV5M5_S38_L001_R1_001.fastq.gz
Approx 45% complete for SCC-ChIC-PMC-DRO-TH_AAAKGV5M5_S38_L001_R1_001.fastq.gz
Approx 50% complete for SCC-ChIC-PMC-DRO-TH_AAAKGV5M5_S38_L001_R1_001.fastq.gz
Approx 55% complete for SCC-ChIC-PMC-DRO-TH_AAAKGV5M5_S38_L001_R1_001.fastq.gz
Approx 60% complete for SCC-ChIC-PMC-DRO-TH_AAAKGV5M5_S38_L001_R1_001.fastq.gz
Approx 65% complete for SCC-ChIC-PMC-DRO-TH_AAAKGV5M5_S38_L001_R1_001.fastq.gz
Approx 70% complete for SCC-ChIC-PMC-DRO-TH_AAAKGV5M5_S38_L001_R1_001.fastq.gz
Approx 75% complete for SCC-ChIC-PMC-DRO-TH_AAAKGV5M5_S38_L001_R1_001.fastq.gz
Approx 80% complete for SCC-ChIC-PMC-DRO-TH_AAAKGV5M5_S38_L001_R1_001.fastq.gz
Approx 85% complete for SCC-ChIC-PMC-DRO-TH_AAAKGV5M5_S38_L001_R1_001.fastq.gz
Approx 90% complete for SCC-ChIC-PMC-DRO-TH_AAAKGV5M5_S38_L001_R1_001.fastq.gz
Approx 95% complete for SCC-ChIC-PMC-DRO-TH_AAAKGV5M5_S38_L001_R1_001.fastq.gz
Analysis complete for SCC-ChIC-PMC-DRO-TH_AAAKGV5M5_S38_L001_R1_001.fastq.gz
application/gzip
Started analysis of SCC-ChIC-PMC-DRO-TH_AAAKGV5M5_S38_L001_R2_001.fastq.gz
Approx 5% complete for SCC-ChIC-PMC-DRO-TH_AAAKGV5M5_S38_L001_R2_001.fastq.gz
Approx 10% complete for SCC-ChIC-PMC-DRO-TH_AAAKGV5M5_S38_L001_R2_001.fastq.gz
Approx 15% complete for SCC-ChIC-PMC-DRO-TH_AAAKGV5M5_S38_L001_R2_001.fastq.gz
Approx 20% complete for SCC-ChIC-PMC-DRO-TH_AAAKGV5M5_S38_L001_R2_001.fastq.gz
Approx 25% complete for SCC-ChIC-PMC-DRO-TH_AAAKGV5M5_S38_L001_R2_001.fastq.gz
Approx 30% complete for SCC-ChIC-PMC-DRO-TH_AAAKGV5M5_S38_L001_R2_001.fastq.gz
Approx 35% complete for SCC-ChIC-PMC-DRO-TH_AAAKGV5M5_S38_L001_R2_001.fastq.gz
Approx 40% complete for SCC-ChIC-PMC-DRO-TH_AAAKGV5M5_S38_L001_R2_001.fastq.gz
Approx 45% complete for SCC-ChIC-PMC-DRO-TH_AAAKGV5M5_S38_L001_R2_001.fastq.gz
Approx 50% complete for SCC-ChIC-PMC-DRO-TH_AAAKGV5M5_S38_L001_R2_001.fastq.gz
Approx 55% complete for SCC-ChIC-PMC-DRO-TH_AAAKGV5M5_S38_L001_R2_001.fastq.gz
Approx 60% complete for SCC-ChIC-PMC-DRO-TH_AAAKGV5M5_S38_L001_R2_001.fastq.gz
Approx 65% complete for SCC-ChIC-PMC-DRO-TH_AAAKGV5M5_S38_L001_R2_001.fastq.gz
Approx 70% complete for SCC-ChIC-PMC-DRO-TH_AAAKGV5M5_S38_L001_R2_001.fastq.gz
Approx 75% complete for SCC-ChIC-PMC-DRO-TH_AAAKGV5M5_S38_L001_R2_001.fastq.gz
Approx 80% complete for SCC-ChIC-PMC-DRO-TH_AAAKGV5M5_S38_L001_R2_001.fastq.gz
Approx 85% complete for SCC-ChIC-PMC-DRO-TH_AAAKGV5M5_S38_L001_R2_001.fastq.gz
Approx 90% complete for SCC-ChIC-PMC-DRO-TH_AAAKGV5M5_S38_L001_R2_001.fastq.gz
Approx 95% complete for SCC-ChIC-PMC-DRO-TH_AAAKGV5M5_S38_L001_R2_001.fastq.gz
Analysis complete for SCC-ChIC-PMC-DRO-TH_AAAKGV5M5_S38_L001_R2_001.fastq.gz
finish fastqc for SCC-ChIC-PMC-DRO-TH at Mon Mar 13 16:40:13 CET 2023
SCC-bulkChIC-PMC-DRO-002
2
start fastqc for SCC-bulkChIC-PMC-DRO-002 at Mon Mar 13 16:40:13 CET 2023
application/gzip
Started analysis of SCC-bulkChIC-PMC-DRO-002_AAALH7CM5_S9_L001_R2_001.fastq.gz
Approx 5% complete for SCC-bulkChIC-PMC-DRO-002_AAALH7CM5_S9_L001_R2_001.fastq.gz
Approx 10% complete for SCC-bulkChIC-PMC-DRO-002_AAALH7CM5_S9_L001_R2_001.fastq.gz
Approx 15% complete for SCC-bulkChIC-PMC-DRO-002_AAALH7CM5_S9_L001_R2_001.fastq.gz
Approx 20% complete for SCC-bulkChIC-PMC-DRO-002_AAALH7CM5_S9_L001_R2_001.fastq.gz
Approx 25% complete for SCC-bulkChIC-PMC-DRO-002_AAALH7CM5_S9_L001_R2_001.fastq.gz
Approx 30% complete for SCC-bulkChIC-PMC-DRO-002_AAALH7CM5_S9_L001_R2_001.fastq.gz
Approx 35% complete for SCC-bulkChIC-PMC-DRO-002_AAALH7CM5_S9_L001_R2_001.fastq.gz
Approx 40% complete for SCC-bulkChIC-PMC-DRO-002_AAALH7CM5_S9_L001_R2_001.fastq.gz
Approx 45% complete for SCC-bulkChIC-PMC-DRO-002_AAALH7CM5_S9_L001_R2_001.fastq.gz
Approx 50% complete for SCC-bulkChIC-PMC-DRO-002_AAALH7CM5_S9_L001_R2_001.fastq.gz
Approx 55% complete for SCC-bulkChIC-PMC-DRO-002_AAALH7CM5_S9_L001_R2_001.fastq.gz
Approx 60% complete for SCC-bulkChIC-PMC-DRO-002_AAALH7CM5_S9_L001_R2_001.fastq.gz
Approx 65% complete for SCC-bulkChIC-PMC-DRO-002_AAALH7CM5_S9_L001_R2_001.fastq.gz
Approx 70% complete for SCC-bulkChIC-PMC-DRO-002_AAALH7CM5_S9_L001_R2_001.fastq.gz
Approx 75% complete for SCC-bulkChIC-PMC-DRO-002_AAALH7CM5_S9_L001_R2_001.fastq.gz
Approx 80% complete for SCC-bulkChIC-PMC-DRO-002_AAALH7CM5_S9_L001_R2_001.fastq.gz
Approx 85% complete for SCC-bulkChIC-PMC-DRO-002_AAALH7CM5_S9_L001_R2_001.fastq.gz
Approx 90% complete for SCC-bulkChIC-PMC-DRO-002_AAALH7CM5_S9_L001_R2_001.fastq.gz
Approx 95% complete for SCC-bulkChIC-PMC-DRO-002_AAALH7CM5_S9_L001_R2_001.fastq.gz
Analysis complete for SCC-bulkChIC-PMC-DRO-002_AAALH7CM5_S9_L001_R2_001.fastq.gz
application/gzip
Started analysis of SCC-bulkChIC-PMC-DRO-002_AAALH7CM5_S9_L001_R1_001.fastq.gz
Approx 5% complete for SCC-bulkChIC-PMC-DRO-002_AAALH7CM5_S9_L001_R1_001.fastq.gz
Approx 10% complete for SCC-bulkChIC-PMC-DRO-002_AAALH7CM5_S9_L001_R1_001.fastq.gz
Approx 15% complete for SCC-bulkChIC-PMC-DRO-002_AAALH7CM5_S9_L001_R1_001.fastq.gz
Approx 20% complete for SCC-bulkChIC-PMC-DRO-002_AAALH7CM5_S9_L001_R1_001.fastq.gz
Approx 25% complete for SCC-bulkChIC-PMC-DRO-002_AAALH7CM5_S9_L001_R1_001.fastq.gz
Approx 30% complete for SCC-bulkChIC-PMC-DRO-002_AAALH7CM5_S9_L001_R1_001.fastq.gz
Approx 35% complete for SCC-bulkChIC-PMC-DRO-002_AAALH7CM5_S9_L001_R1_001.fastq.gz
Approx 40% complete for SCC-bulkChIC-PMC-DRO-002_AAALH7CM5_S9_L001_R1_001.fastq.gz
Approx 45% complete for SCC-bulkChIC-PMC-DRO-002_AAALH7CM5_S9_L001_R1_001.fastq.gz
Approx 50% complete for SCC-bulkChIC-PMC-DRO-002_AAALH7CM5_S9_L001_R1_001.fastq.gz
Approx 55% complete for SCC-bulkChIC-PMC-DRO-002_AAALH7CM5_S9_L001_R1_001.fastq.gz
Approx 60% complete for SCC-bulkChIC-PMC-DRO-002_AAALH7CM5_S9_L001_R1_001.fastq.gz
Approx 65% complete for SCC-bulkChIC-PMC-DRO-002_AAALH7CM5_S9_L001_R1_001.fastq.gz
Approx 70% complete for SCC-bulkChIC-PMC-DRO-002_AAALH7CM5_S9_L001_R1_001.fastq.gz
Approx 75% complete for SCC-bulkChIC-PMC-DRO-002_AAALH7CM5_S9_L001_R1_001.fastq.gz
Approx 80% complete for SCC-bulkChIC-PMC-DRO-002_AAALH7CM5_S9_L001_R1_001.fastq.gz
Approx 85% complete for SCC-bulkChIC-PMC-DRO-002_AAALH7CM5_S9_L001_R1_001.fastq.gz
Approx 90% complete for SCC-bulkChIC-PMC-DRO-002_AAALH7CM5_S9_L001_R1_001.fastq.gz
Approx 95% complete for SCC-bulkChIC-PMC-DRO-002_AAALH7CM5_S9_L001_R1_001.fastq.gz
Analysis complete for SCC-bulkChIC-PMC-DRO-002_AAALH7CM5_S9_L001_R1_001.fastq.gz
finish fastqc for SCC-bulkChIC-PMC-DRO-002 at Mon Mar 13 17:02:42 CET 2023
SCC-ChIC-PMC-DRO-L1
2
start fastqc for SCC-ChIC-PMC-DRO-L1 at Mon Mar 13 17:02:42 CET 2023
application/gzip
Started analysis of SCC-ChIC-PMC-DRO-L1_AAAKGV5M5_S30_L001_R2_001.fastq.gz
Approx 5% complete for SCC-ChIC-PMC-DRO-L1_AAAKGV5M5_S30_L001_R2_001.fastq.gz
Approx 10% complete for SCC-ChIC-PMC-DRO-L1_AAAKGV5M5_S30_L001_R2_001.fastq.gz
Approx 15% complete for SCC-ChIC-PMC-DRO-L1_AAAKGV5M5_S30_L001_R2_001.fastq.gz
Approx 20% complete for SCC-ChIC-PMC-DRO-L1_AAAKGV5M5_S30_L001_R2_001.fastq.gz
Approx 25% complete for SCC-ChIC-PMC-DRO-L1_AAAKGV5M5_S30_L001_R2_001.fastq.gz
Approx 30% complete for SCC-ChIC-PMC-DRO-L1_AAAKGV5M5_S30_L001_R2_001.fastq.gz
Approx 35% complete for SCC-ChIC-PMC-DRO-L1_AAAKGV5M5_S30_L001_R2_001.fastq.gz
Approx 40% complete for SCC-ChIC-PMC-DRO-L1_AAAKGV5M5_S30_L001_R2_001.fastq.gz
Approx 45% complete for SCC-ChIC-PMC-DRO-L1_AAAKGV5M5_S30_L001_R2_001.fastq.gz
Approx 50% complete for SCC-ChIC-PMC-DRO-L1_AAAKGV5M5_S30_L001_R2_001.fastq.gz
Approx 55% complete for SCC-ChIC-PMC-DRO-L1_AAAKGV5M5_S30_L001_R2_001.fastq.gz
Approx 60% complete for SCC-ChIC-PMC-DRO-L1_AAAKGV5M5_S30_L001_R2_001.fastq.gz
Approx 65% complete for SCC-ChIC-PMC-DRO-L1_AAAKGV5M5_S30_L001_R2_001.fastq.gz
Approx 70% complete for SCC-ChIC-PMC-DRO-L1_AAAKGV5M5_S30_L001_R2_001.fastq.gz
Approx 75% complete for SCC-ChIC-PMC-DRO-L1_AAAKGV5M5_S30_L001_R2_001.fastq.gz
Approx 80% complete for SCC-ChIC-PMC-DRO-L1_AAAKGV5M5_S30_L001_R2_001.fastq.gz
Approx 85% complete for SCC-ChIC-PMC-DRO-L1_AAAKGV5M5_S30_L001_R2_001.fastq.gz
Approx 90% complete for SCC-ChIC-PMC-DRO-L1_AAAKGV5M5_S30_L001_R2_001.fastq.gz
Approx 95% complete for SCC-ChIC-PMC-DRO-L1_AAAKGV5M5_S30_L001_R2_001.fastq.gz
Analysis complete for SCC-ChIC-PMC-DRO-L1_AAAKGV5M5_S30_L001_R2_001.fastq.gz
application/gzip
Started analysis of SCC-ChIC-PMC-DRO-L1_AAAKGV5M5_S30_L001_R1_001.fastq.gz
Approx 5% complete for SCC-ChIC-PMC-DRO-L1_AAAKGV5M5_S30_L001_R1_001.fastq.gz
Approx 10% complete for SCC-ChIC-PMC-DRO-L1_AAAKGV5M5_S30_L001_R1_001.fastq.gz
Approx 15% complete for SCC-ChIC-PMC-DRO-L1_AAAKGV5M5_S30_L001_R1_001.fastq.gz
Approx 20% complete for SCC-ChIC-PMC-DRO-L1_AAAKGV5M5_S30_L001_R1_001.fastq.gz
Approx 25% complete for SCC-ChIC-PMC-DRO-L1_AAAKGV5M5_S30_L001_R1_001.fastq.gz
Approx 30% complete for SCC-ChIC-PMC-DRO-L1_AAAKGV5M5_S30_L001_R1_001.fastq.gz
Approx 35% complete for SCC-ChIC-PMC-DRO-L1_AAAKGV5M5_S30_L001_R1_001.fastq.gz
Approx 40% complete for SCC-ChIC-PMC-DRO-L1_AAAKGV5M5_S30_L001_R1_001.fastq.gz
Approx 45% complete for SCC-ChIC-PMC-DRO-L1_AAAKGV5M5_S30_L001_R1_001.fastq.gz
Approx 50% complete for SCC-ChIC-PMC-DRO-L1_AAAKGV5M5_S30_L001_R1_001.fastq.gz
Approx 55% complete for SCC-ChIC-PMC-DRO-L1_AAAKGV5M5_S30_L001_R1_001.fastq.gz
Approx 60% complete for SCC-ChIC-PMC-DRO-L1_AAAKGV5M5_S30_L001_R1_001.fastq.gz
Approx 65% complete for SCC-ChIC-PMC-DRO-L1_AAAKGV5M5_S30_L001_R1_001.fastq.gz
Approx 70% complete for SCC-ChIC-PMC-DRO-L1_AAAKGV5M5_S30_L001_R1_001.fastq.gz
Approx 75% complete for SCC-ChIC-PMC-DRO-L1_AAAKGV5M5_S30_L001_R1_001.fastq.gz
Approx 80% complete for SCC-ChIC-PMC-DRO-L1_AAAKGV5M5_S30_L001_R1_001.fastq.gz
Approx 85% complete for SCC-ChIC-PMC-DRO-L1_AAAKGV5M5_S30_L001_R1_001.fastq.gz
Approx 90% complete for SCC-ChIC-PMC-DRO-L1_AAAKGV5M5_S30_L001_R1_001.fastq.gz
Approx 95% complete for SCC-ChIC-PMC-DRO-L1_AAAKGV5M5_S30_L001_R1_001.fastq.gz
Analysis complete for SCC-ChIC-PMC-DRO-L1_AAAKGV5M5_S30_L001_R1_001.fastq.gz
finish fastqc for SCC-ChIC-PMC-DRO-L1 at Mon Mar 13 17:03:14 CET 2023
