start running cut and run analysis at Fri Apr 14 09:15:15 CEST 2023
-----------running 1 out of 23 samples---------------------- 
-----------running 2 out of 23 samples---------------------- 
-----------running 3 out of 23 samples---------------------- 
-----------running 4 out of 23 samples---------------------- 
-----------running 5 out of 23 samples---------------------- 
-----------running 6 out of 23 samples---------------------- 
-----------running 7 out of 23 samples---------------------- 
-----------running 8 out of 23 samples---------------------- 
-----------running 9 out of 23 samples---------------------- 
-----------running 10 out of 23 samples---------------------- 
-----------running 11 out of 23 samples---------------------- 
-----------running 12 out of 23 samples---------------------- 
-----------running 13 out of 23 samples---------------------- 
-----------running 14 out of 23 samples---------------------- 
-----------running 15 out of 23 samples---------------------- 
-----------running 16 out of 23 samples---------------------- 
-----------running 17 out of 23 samples---------------------- 
-----------running 18 out of 23 samples---------------------- 
-----------running 19 out of 23 samples---------------------- 
-----------running 20 out of 23 samples---------------------- 
-----------running 21 out of 23 samples---------------------- 
-----------running 22 out of 23 samples---------------------- 
-----------running 23 out of 23 samples---------------------- 
-----------running 24 out of 23 samples---------------------- 
./SamplesCorrelation.sh: line 16: multiBamSummary: command not found
./SamplesCorrelation.sh: line 18: plotCorrelation: command not found
./SamplesCorrelation.sh: line 25: plotCorrelation: command not found
finish cut and run analysis at Fri Apr 14 09:15:15 CEST 2023
