-----------running 1 out of 19 samples---------------------- 
-----------running 2 out of 19 samples---------------------- 
-----------running 3 out of 19 samples---------------------- 
-----------running 4 out of 19 samples---------------------- 
-----------running 5 out of 19 samples---------------------- 
-----------running 6 out of 19 samples---------------------- 
-----------running 7 out of 19 samples---------------------- 
-----------running 8 out of 19 samples---------------------- 
-----------running 9 out of 19 samples---------------------- 
-----------running 10 out of 19 samples---------------------- 
-----------running 11 out of 19 samples---------------------- 
-----------running 12 out of 19 samples---------------------- 
-----------running 13 out of 19 samples---------------------- 
-----------running 14 out of 19 samples---------------------- 
-----------running 15 out of 19 samples---------------------- 
-----------running 16 out of 19 samples---------------------- 
-----------running 17 out of 19 samples---------------------- 
-----------running 18 out of 19 samples---------------------- 
-----------running 19 out of 19 samples---------------------- 
2
2
2
2
2
2
2
2
2
2
2
-----start alignment for SCC-ChIC-PMC-DRO-L5 at Wed Mar 15 11:22:20 CET 2023-------
-----start alignment for SCC-bulkChIC-PMC-DRO-008 at Wed Mar 15 11:22:20 CET 2023-------
2
2
-----start alignment for bulkChIC-PMC-DRO-011 at Wed Mar 15 11:22:20 CET 2023-------
2
-----start alignment for bulkChIC-PMC-DRO-016 at Wed Mar 15 11:22:20 CET 2023-------
2
2
2
-----start alignment for bulkChIC-PMC-DRO-012 at Wed Mar 15 11:22:20 CET 2023-------
2
-----start alignment for bulkChIC-PMC-DRO-013 at Wed Mar 15 11:22:20 CET 2023-------
2
-----start alignment for bulkChIC-PMC-DRO-013 at Wed Mar 15 11:22:20 CET 2023-------
-----start alignment for SCC-ChIC-PMC-DRO-F1 at Wed Mar 15 11:22:20 CET 2023-------
-----start alignment for SCC-bulkChIC-PMC-DRO-005 at Wed Mar 15 11:22:20 CET 2023-------
-----start alignment for SCC-ChIC-PMC-DRO-LH at Wed Mar 15 11:22:20 CET 2023-------
-----start alignment for SCC-ChIC-PMC-DRO-F5 at Wed Mar 15 11:22:20 CET 2023-------
-----start alignment for SCC-ChIC-PMC-DRO-T1 at Wed Mar 15 11:22:20 CET 2023-------
-----start alignment for bulkChIC-PMC-DRO-015 at Wed Mar 15 11:22:20 CET 2023-------
-----start alignment for bulkChIC-PMC-DRO-014 at Wed Mar 15 11:22:20 CET 2023-------
-----start alignment for SCC-ChIC-PMC-DRO-T5 at Wed Mar 15 11:22:20 CET 2023-------
-----start alignment for SCC-ChIC-PMC-DRO-FH at Wed Mar 15 11:22:20 CET 2023-------
-----start alignment for SCC-ChIC-PMC-DRO-TH at Wed Mar 15 11:22:20 CET 2023-------
-----start alignment for SCC-ChIC-PMC-DRO-L1 at Wed Mar 15 11:22:20 CET 2023-------
-----start alignment for SCC-bulkChIC-PMC-DRO-002 at Wed Mar 15 11:22:20 CET 2023-------
Error reading block of _offs[] array: 530141168, 737156940Error Reading File!
(ERR): bowtie2-align died with signal 9 (KILL) 
Error: Encountered internal Bowtie 2 exception (#[main_samview] fail to read the header from "-".
1)
Command: /hpc/pmc_drost/nhung/anaconda3/envs/cutnrun_trimgalore/bin/bowtie2-align-s --wrapper basic-0 --end-to-end -p 16 -x /hpc/pmc_drost/SOURCES/Genomes/human/bowtie2/human_gencode37_hg38 -1 /hpc/pmc_drost/PROJECTS/swang/CUT_RUN/nhung_test/trimmed/SCC-ChIC-PMC-DRO-LH/SCC-ChIC-PMC-DRO-LH_AAAKGV5M5_S36_L001_R2_001_val_2.fq.gz -2 /hpc/pmc_drost/PROJECTS/swang/CUT_RUN/nhung_test/trimmed/SCC-ChIC-PMC-DRO-LH/SCC-ChIC-PMC-DRO-LH_AAAKGV5M5_S36_L001_R1_001_val_1.fq.gz 
(ERR): bowtie2-align exited with value 1
[main_samview] fail to read the header from "-".
-------finish alignment for SCC-ChIC-PMC-DRO-LH at Wed Mar 15 11:23:17 CET 2023--------
-------finish alignment for bulkChIC-PMC-DRO-015 at Wed Mar 15 11:23:17 CET 2023--------
Error reading _ebwt[] array: 58011632, 982875968Error Reading File!
Error: Encountered internal Bowtie 2 exception (#1)
Command: /hpc/pmc_drost/nhung/anaconda3/envs/cutnrun_trimgalore/bin/bowtie2-align-s --wrapper basic-0 --end-to-end -p 16 -x /hpc/pmc_drost/SOURCES/Genomes/human/bowtie2/human_gencode37_hg38 -1 /hpc/pmc_drost/PROJECTS/swang/CUT_RUN/nhung_test/trimmed/SCC-bulkChIC-PMC-DRO-005/SCC-bulkChIC-PMC-DRO-005_AAALH7CM5_S8_L001_R2_001_val_2.fq.gz -2 /hpc/pmc_drost/PROJECTS/swang/CUT_RUN/nhung_test/trimmed/SCC-bulkChIC-PMC-DRO-005/SCC-bulkChIC-PMC-DRO-005_AAALH7CM5_S8_L001_R1_001_val_1.fq.gz 
(ERR): bowtie2-align exited with value 1
(ERR): bowtie2-align died with signal 9 (KILL) 
[main_samview] fail to read the header from "-".
[main_samview] fail to read the header from "-".
-------finish alignment for SCC-ChIC-PMC-DRO-L1 at Wed Mar 15 11:23:32 CET 2023--------
-------finish alignment for SCC-bulkChIC-PMC-DRO-005 at Wed Mar 15 11:23:32 CET 2023--------
Error reading _ebwt[] array: 395513840, 982875968Error Reading File!
Error: Encountered internal Bowtie 2 exception (#1)
Command: /hpc/pmc_drost/nhung/anaconda3/envs/cutnrun_trimgalore/bin/bowtie2-align-s --wrapper basic-0 --end-to-end -p 16 -x /hpc/pmc_drost/SOURCES/Genomes/human/bowtie2/human_gencode37_hg38 -1 /hpc/pmc_drost/PROJECTS/swang/CUT_RUN/nhung_test/trimmed/SCC-ChIC-PMC-DRO-FH/SCC-ChIC-PMC-DRO-FH_AAAKGV5M5_S37_L001_R2_001_val_2.fq.gz -2 /hpc/pmc_drost/PROJECTS/swang/CUT_RUN/nhung_test/trimmed/SCC-ChIC-PMC-DRO-FH/SCC-ChIC-PMC-DRO-FH_AAAKGV5M5_S37_L001_R1_001_val_1.fq.gz 
(ERR): bowtie2-align died with signal 9 (KILL) 
(ERR): bowtie2-align exited with value 1
[main_samview] fail to read the header from "-".
[main_samview] fail to read the header from "-".
-------finish alignment for bulkChIC-PMC-DRO-013 at Wed Mar 15 11:24:03 CET 2023--------
-------finish alignment for SCC-ChIC-PMC-DRO-FH at Wed Mar 15 11:24:03 CET 2023--------
Error reading _ebwt[] array: 835916468, 982875968Error Reading File!
Error: Encountered internal Bowtie 2 exception (#1)
Command: /hpc/pmc_drost/nhung/anaconda3/envs/cutnrun_trimgalore/bin/bowtie2-align-s --wrapper basic-0 --end-to-end -p 16 -x /hpc/pmc_drost/SOURCES/Genomes/human/bowtie2/human_gencode37_hg38 -1 /hpc/pmc_drost/PROJECTS/swang/CUT_RUN/nhung_test/trimmed/SCC-ChIC-PMC-DRO-TH/SCC-ChIC-PMC-DRO-TH_AAAKGV5M5_S38_L001_R2_001_val_2.fq.gz -2 /hpc/pmc_drost/PROJECTS/swang/CUT_RUN/nhung_test/trimmed/SCC-ChIC-PMC-DRO-TH/SCC-ChIC-PMC-DRO-TH_AAAKGV5M5_S38_L001_R1_001_val_1.fq.gz 
(ERR): bowtie2-align died with signal 9 (KILL) 
(ERR): bowtie2-align exited with value 1
[main_samview] fail to read the header from "-".
[main_samview] fail to read the header from "-".
-------finish alignment for SCC-ChIC-PMC-DRO-TH at Wed Mar 15 11:24:21 CET 2023--------
-------finish alignment for bulkChIC-PMC-DRO-011 at Wed Mar 15 11:24:21 CET 2023--------
1572377 reads; of these:
  1572377 (100.00%) were paired; of these:
    677416 (43.08%) aligned concordantly 0 times
    738639 (46.98%) aligned concordantly exactly 1 time
    156322 (9.94%) aligned concordantly >1 times
    ----
    677416 pairs aligned concordantly 0 times; of these:
      17778 (2.62%) aligned discordantly 1 time
    ----
    659638 pairs aligned 0 times concordantly or discordantly; of these:
      1319276 mates make up the pairs; of these:
        1245473 (94.41%) aligned 0 times
        40285 (3.05%) aligned exactly 1 time
        33518 (2.54%) aligned >1 times
60.40% overall alignment rate
-------finish alignment for SCC-ChIC-PMC-DRO-F1 at Wed Mar 15 11:33:17 CET 2023--------
1808054 reads; of these:
  1808054 (100.00%) were paired; of these:
    777134 (42.98%) aligned concordantly 0 times
    759510 (42.01%) aligned concordantly exactly 1 time
    271410 (15.01%) aligned concordantly >1 times
    ----
    777134 pairs aligned concordantly 0 times; of these:
      16697 (2.15%) aligned discordantly 1 time
    ----
    760437 pairs aligned 0 times concordantly or discordantly; of these:
      1520874 mates make up the pairs; of these:
        1419432 (93.33%) aligned 0 times
        51230 (3.37%) aligned exactly 1 time
        50212 (3.30%) aligned >1 times
60.75% overall alignment rate
-------finish alignment for SCC-ChIC-PMC-DRO-T1 at Wed Mar 15 11:34:57 CET 2023--------
2142712 reads; of these:
  2142712 (100.00%) were paired; of these:
    1139128 (53.16%) aligned concordantly 0 times
    760004 (35.47%) aligned concordantly exactly 1 time
    243580 (11.37%) aligned concordantly >1 times
    ----
    1139128 pairs aligned concordantly 0 times; of these:
      44687 (3.92%) aligned discordantly 1 time
    ----
    1094441 pairs aligned 0 times concordantly or discordantly; of these:
      2188882 mates make up the pairs; of these:
        2095487 (95.73%) aligned 0 times
        49736 (2.27%) aligned exactly 1 time
        43659 (1.99%) aligned >1 times
51.10% overall alignment rate
-------finish alignment for SCC-ChIC-PMC-DRO-L5 at Wed Mar 15 11:35:14 CET 2023--------
1643150 reads; of these:
  1643150 (100.00%) were paired; of these:
    858100 (52.22%) aligned concordantly 0 times
    679025 (41.32%) aligned concordantly exactly 1 time
    106025 (6.45%) aligned concordantly >1 times
    ----
    858100 pairs aligned concordantly 0 times; of these:
      28640 (3.34%) aligned discordantly 1 time
    ----
    829460 pairs aligned 0 times concordantly or discordantly; of these:
      1658920 mates make up the pairs; of these:
        1600985 (96.51%) aligned 0 times
        34663 (2.09%) aligned exactly 1 time
        23272 (1.40%) aligned >1 times
51.28% overall alignment rate
-------finish alignment for SCC-ChIC-PMC-DRO-F5 at Wed Mar 15 11:35:18 CET 2023--------
1658110 reads; of these:
  1658110 (100.00%) were paired; of these:
    828288 (49.95%) aligned concordantly 0 times
    640513 (38.63%) aligned concordantly exactly 1 time
    189309 (11.42%) aligned concordantly >1 times
    ----
    828288 pairs aligned concordantly 0 times; of these:
      32892 (3.97%) aligned discordantly 1 time
    ----
    795396 pairs aligned 0 times concordantly or discordantly; of these:
      1590792 mates make up the pairs; of these:
        1518058 (95.43%) aligned 0 times
        38333 (2.41%) aligned exactly 1 time
        34401 (2.16%) aligned >1 times
54.22% overall alignment rate
-------finish alignment for SCC-ChIC-PMC-DRO-T5 at Wed Mar 15 11:35:26 CET 2023--------
15709533 reads; of these:
  15709533 (100.00%) were paired; of these:
    1847518 (11.76%) aligned concordantly 0 times
    10218526 (65.05%) aligned concordantly exactly 1 time
    3643489 (23.19%) aligned concordantly >1 times
    ----
    1847518 pairs aligned concordantly 0 times; of these:
      484564 (26.23%) aligned discordantly 1 time
    ----
    1362954 pairs aligned 0 times concordantly or discordantly; of these:
      2725908 mates make up the pairs; of these:
        1803387 (66.16%) aligned 0 times
        471765 (17.31%) aligned exactly 1 time
        450756 (16.54%) aligned >1 times
94.26% overall alignment rate
-------finish alignment for bulkChIC-PMC-DRO-014 at Wed Mar 15 12:17:25 CET 2023--------
18834234 reads; of these:
  18834234 (100.00%) were paired; of these:
    1846597 (9.80%) aligned concordantly 0 times
    14853227 (78.86%) aligned concordantly exactly 1 time
    2134410 (11.33%) aligned concordantly >1 times
    ----
    1846597 pairs aligned concordantly 0 times; of these:
      678811 (36.76%) aligned discordantly 1 time
    ----
    1167786 pairs aligned 0 times concordantly or discordantly; of these:
      2335572 mates make up the pairs; of these:
        1591958 (68.16%) aligned 0 times
        460513 (19.72%) aligned exactly 1 time
        283101 (12.12%) aligned >1 times
95.77% overall alignment rate
-------finish alignment for bulkChIC-PMC-DRO-013 at Wed Mar 15 12:21:26 CET 2023--------
20828611 reads; of these:
  20828611 (100.00%) were paired; of these:
    2225424 (10.68%) aligned concordantly 0 times
    16502701 (79.23%) aligned concordantly exactly 1 time
    2100486 (10.08%) aligned concordantly >1 times
    ----
    2225424 pairs aligned concordantly 0 times; of these:
      845229 (37.98%) aligned discordantly 1 time
    ----
    1380195 pairs aligned 0 times concordantly or discordantly; of these:
      2760390 mates make up the pairs; of these:
        1997867 (72.38%) aligned 0 times
        487285 (17.65%) aligned exactly 1 time
        275238 (9.97%) aligned >1 times
95.20% overall alignment rate
-------finish alignment for bulkChIC-PMC-DRO-012 at Wed Mar 15 12:22:29 CET 2023--------
19990599 reads; of these:
  19990599 (100.00%) were paired; of these:
    2909893 (14.56%) aligned concordantly 0 times
    12958755 (64.82%) aligned concordantly exactly 1 time
    4121951 (20.62%) aligned concordantly >1 times
    ----
    2909893 pairs aligned concordantly 0 times; of these:
      643886 (22.13%) aligned discordantly 1 time
    ----
    2266007 pairs aligned 0 times concordantly or discordantly; of these:
      4532014 mates make up the pairs; of these:
        3182902 (70.23%) aligned 0 times
        736716 (16.26%) aligned exactly 1 time
        612396 (13.51%) aligned >1 times
92.04% overall alignment rate
-------finish alignment for bulkChIC-PMC-DRO-016 at Wed Mar 15 12:26:39 CET 2023--------
[E::bgzf_flush] File write failed (wrong size)
samtools view: writing to standard output failed: No space left on device
[E::bgzf_close] File write failed
samtools view: error closing standard output: -1
[E::bgzf_flush] File write failed (wrong size)
samtools view: writing to standard output failed: No space left on device
[E::bgzf_close] File write failed
samtools view: error closing standard output: -1
(ERR): bowtie2-align died with signal 13 (PIPE) 
-------finish alignment for SCC-bulkChIC-PMC-DRO-008 at Wed Mar 15 12:29:42 CET 2023--------
(ERR): bowtie2-align died with signal 13 (PIPE) 
-------finish alignment for SCC-bulkChIC-PMC-DRO-002 at Wed Mar 15 12:29:42 CET 2023--------
all done
slurmstepd: error: Detected 11 oom-kill event(s) in step 22873576.batch cgroup. Some of your processes may have been killed by the cgroup out-of-memory handler.
