---------------step 9. running heatmap generation---------------
Preloading the following deepBlue files: /hpc/pmc_drost/PROJECTS/swang/CUT_RUN/nhung_test/merged_bigwig/fusion_merged.bw/hpc/pmc_drost/PROJECTS/swang/CUT_RUN/nhung_test/merged_bigwig/tfe3_merged.bw/hpc/pmc_drost/PROJECTS/swang/CUT_RUN/nhung_test/merged_bigwig/luciferase_merged.bw--skipZeros
Traceback (most recent call last):
  File "/hpc/pmc_drost/nhung/anaconda3/envs/cutnrun_trimgalore/bin/computeMatrix", line 14, in <module>
    main(args)
  File "/hpc/pmc_drost/nhung/anaconda3/envs/cutnrun_trimgalore/lib/python3.9/site-packages/deeptools/computeMatrix.py", line 412, in main
    res = list(map(db.preloadWrapper, deepBlueFiles))
  File "/hpc/pmc_drost/nhung/anaconda3/envs/cutnrun_trimgalore/lib/python3.9/site-packages/deeptools/deepBlue.py", line 114, in preloadWrapper
    res = deepBlue(foo[0], url=args.deepBlueURL, userKey=args.userKey)
  File "/hpc/pmc_drost/nhung/anaconda3/envs/cutnrun_trimgalore/lib/python3.9/site-packages/deeptools/deepBlue.py", line 140, in __init__
    raise RuntimeError("The requested sample({}) has no associated experiment! If you did not intend to use samples on deepBlue, then it appears either you misspelled a file name or (if you're using BAM files for input) one of your BAM files is lacking a valid index.".format(sample))
RuntimeError: The requested sample(/hpc/pmc_drost/PROJECTS/swang/CUT_RUN/nhung_test/merged_bigwig/fusion_merged.bw/hpc/pmc_drost/PROJECTS/swang/CUT_RUN/nhung_test/merged_bigwig/tfe3_merged.bw/hpc/pmc_drost/PROJECTS/swang/CUT_RUN/nhung_test/merged_bigwig/luciferase_merged.bw--skipZeros) has no associated experiment! If you did not intend to use samples on deepBlue, then it appears either you misspelled a file name or (if you're using BAM files for input) one of your BAM files is lacking a valid index.
usage: plotHeatmap [--matrixFile MATRIXFILE] --outFileName OUTFILENAME
                   [--outFileSortedRegions FILE] [--outFileNameMatrix FILE]
                   [--interpolationMethod STR] [--dpi DPI] [--kmeans KMEANS]
                   [--hclust HCLUST] [--silhouette] [--help] [--version]
                   [--plotType {lines,fill,se,std}]
                   [--sortRegions {descend,ascend,no,keep}]
                   [--sortUsing {mean,median,max,min,sum,region_length}]
                   [--sortUsingSamples SORTUSINGSAMPLES [SORTUSINGSAMPLES ...]]
                   [--linesAtTickMarks]
                   [--clusterUsingSamples CLUSTERUSINGSAMPLES [CLUSTERUSINGSAMPLES ...]]
                   [--averageTypeSummaryPlot {mean,median,min,max,std,sum}]
                   [--missingDataColor MISSINGDATACOLOR]
                   [--colorMap COLORMAP [COLORMAP ...]] [--alpha ALPHA]
                   [--colorList COLORLIST [COLORLIST ...]]
                   [--colorNumber COLORNUMBER] [--zMin ZMIN [ZMIN ...]]
                   [--zMax ZMAX [ZMAX ...]] [--heatmapHeight HEATMAPHEIGHT]
                   [--heatmapWidth HEATMAPWIDTH]
                   [--whatToShow {plot, heatmap and colorbar,plot and heatmap,heatmap only,heatmap and colorbar}]
                   [--boxAroundHeatmaps BOXAROUNDHEATMAPS]
                   [--xAxisLabel XAXISLABEL] [--startLabel STARTLABEL]
                   [--endLabel ENDLABEL] [--refPointLabel REFPOINTLABEL]
                   [--labelRotation LABEL_ROTATION]
                   [--regionsLabel REGIONSLABEL [REGIONSLABEL ...]]
                   [--samplesLabel SAMPLESLABEL [SAMPLESLABEL ...]]
                   [--plotTitle PLOTTITLE] [--yAxisLabel YAXISLABEL]
                   [--yMin YMIN [YMIN ...]] [--yMax YMAX [YMAX ...]]
                   [--legendLocation {best,upper-right,upper-left,upper-center,lower-left,lower-right,lower-center,center,center-left,center-right,none}]
                   [--perGroup] [--plotFileFormat] [--verbose]
plotHeatmap: error: argument --matrixFile/-m: can't open '/hpc/pmc_drost/PROJECTS/swang/CUT_RUN/nhung_test/merged_bigwig/matrix_gene.mat.gz': [Errno 2] No such file or directory: '/hpc/pmc_drost/PROJECTS/swang/CUT_RUN/nhung_test/merged_bigwig/matrix_gene.mat.gz'
