start running cut and run analysis at Wed Apr 19 13:49:14 CEST 2023
------------------step1. running quality check----------------------
-----------running 1 out of 1 samples---------------------- 
find: ‘/hpc/pmc_drost/PROJECTS/swang/CUT_RUN/SCC_ChIC-PMC-DRO_plates_20210520_run1/SCC-bulkChIC-PMC-DRO-020--25//bulkChIC-PMC-DRO-011’: No such file or directory
0
---------start fastqc for bulkChIC-PMC-DRO-011 at Wed Apr 19 13:49:14 CEST 2023---------
Exception in thread "main" java.awt.HeadlessException: 
No X11 DISPLAY variable was set, but this program performed an operation which requires it.
	at java.desktop/java.awt.GraphicsEnvironment.checkHeadless(GraphicsEnvironment.java:208)
	at java.desktop/java.awt.Window.<init>(Window.java:548)
	at java.desktop/java.awt.Frame.<init>(Frame.java:423)
	at java.desktop/java.awt.Frame.<init>(Frame.java:388)
	at java.desktop/javax.swing.JFrame.<init>(JFrame.java:180)
	at uk.ac.babraham.FastQC.FastQCApplication.<init>(FastQCApplication.java:63)
	at uk.ac.babraham.FastQC.FastQCApplication.main(FastQCApplication.java:338)
Exception in thread "main" java.awt.HeadlessException: 
No X11 DISPLAY variable was set, but this program performed an operation which requires it.
	at java.desktop/java.awt.GraphicsEnvironment.checkHeadless(GraphicsEnvironment.java:208)
	at java.desktop/java.awt.Window.<init>(Window.java:548)
	at java.desktop/java.awt.Frame.<init>(Frame.java:423)
	at java.desktop/java.awt.Frame.<init>(Frame.java:388)
	at java.desktop/javax.swing.JFrame.<init>(JFrame.java:180)
	at uk.ac.babraham.FastQC.FastQCApplication.<init>(FastQCApplication.java:63)
	at uk.ac.babraham.FastQC.FastQCApplication.main(FastQCApplication.java:338)
----------finish fastqc for bulkChIC-PMC-DRO-011 at Wed Apr 19 13:49:24 CEST 2023---------

  /// MultiQC 🔍 | v1.14

|           multiqc | Search path : /hpc/pmc_drost/PROJECTS/swang/CUT_RUN/nhung_test2/qualityCheck
|         searching | ━━━━━━━━━━━━━━━━━━━━━━━━━━━━━━━━━━━━━━━━   0% 0/0  
|           multiqc | No analysis results found. Cleaning up..
|           multiqc | MultiQC complete
all done quality check
-------------------step 2. running trimming--------------------------
-----------running 1 out of 1 samples---------------------- 
find: ‘/hpc/pmc_drost/PROJECTS/swang/CUT_RUN/SCC_ChIC-PMC-DRO_plates_20210520_run1/SCC-bulkChIC-PMC-DRO-020--25//bulkChIC-PMC-DRO-011’: No such file or directory
0
start trim_galore for bulkChIC-PMC-DRO-011 at Wed Apr 19 13:50:10 CEST 2023
Multicore support not enabled. Proceeding with single-core trimming.
Path to Cutadapt set as: 'cutadapt' (default)
Cutadapt seems to be working fine (tested command 'cutadapt --version')
Cutadapt version: 4.2
single-core operation.
igzip command line interface 2.30.0
igzip detected. Using igzip for decompressing

No quality encoding type selected. Assuming that the data provided uses Sanger encoded Phred scores (default)

Output will be written into the directory: /hpc/pmc_drost/PROJECTS/swang/CUT_RUN/nhung_test2/trimmed/bulkChIC-PMC-DRO-011/

Please provide the filename(s) of one or more FastQ file(s) to launch Trim Galore!

USAGE:  'trim_galore [options] <filename(s)>'    or    'trim_galore --help'    for more options

finish trim_galore for bulkChIC-PMC-DRO-011 at Wed Apr 19 13:50:14 CEST 2023

  /// MultiQC 🔍 | v1.14

|           multiqc | Search path : /hpc/pmc_drost/PROJECTS/swang/CUT_RUN/nhung_test2/trimmed
|         searching | ━━━━━━━━━━━━━━━━━━━━━━━━━━━━━━━━━━━━━━━━   0% 0/0  
|           multiqc | No analysis results found. Cleaning up..
|           multiqc | MultiQC complete
all done trimming
-------------------step 3. running alignment-------------------------
-----------running 1 out of 1 samples---------------------- 
0
-----start alignment for bulkChIC-PMC-DRO-011 at Wed Apr 19 13:50:23 CEST 2023-------
[main_samview] fail to read the header from "/hpc/pmc_drost/PROJECTS/swang/CUT_RUN/nhung_test2/alignment/bulkChIC-PMC-DRO-011/bulkChIC-PMC-DRO-011.sam".
[main_samview] fail to read the header from "/hpc/pmc_drost/PROJECTS/swang/CUT_RUN/nhung_test2/alignment/bulkChIC-PMC-DRO-011/bulkChIC-PMC-DRO-011.sam".
-------finish alignment for bulkChIC-PMC-DRO-011 at Wed Apr 19 13:50:25 CEST 2023--------

  /// MultiQC 🔍 | v1.14

|           multiqc | Search path : /hpc/pmc_drost/PROJECTS/swang/CUT_RUN/nhung_test2/alignment
|         searching | ━━━━━━━━━━━━━━━━━━━━━━━━━━━━━━━━━━━━━━━━ 100% 4/4  
|           multiqc | No analysis results found. Cleaning up..
|           multiqc | MultiQC complete
all done alignment
-------------------step 4. running filtering-------------------------
-----------running 1 out of 1 samples---------------------- 
bulkChIC-PMC-DRO-011
1
start sorting and remove dup for bulkChIC-PMC-DRO-011 at Wed Apr 19 13:50:35 CEST 2023
13:50:46.430 INFO  NativeLibraryLoader - Loading libgkl_compression.so from jar:file:/hpc/pmc_drost/PROJECTS/swang/software/picard.jar!/com/intel/gkl/native/libgkl_compression.so
[Wed Apr 19 13:50:46 CEST 2023] SortSam --INPUT /hpc/pmc_drost/PROJECTS/swang/CUT_RUN/nhung_test2/alignment/bulkChIC-PMC-DRO-011/bulkChIC-PMC-DRO-011.bam --OUTPUT /hpc/pmc_drost/PROJECTS/swang/CUT_RUN/nhung_test2/rm_dup/bulkChIC-PMC-DRO-011/bulkChIC-PMC-DRO-011_sorted.bam --SORT_ORDER coordinate --TMP_DIR /hpc/pmc_drost/PROJECTS/swang/CUT_RUN/nhung_test/tmp --VALIDATION_STRINGENCY LENIENT --VERBOSITY INFO --QUIET false --COMPRESSION_LEVEL 5 --MAX_RECORDS_IN_RAM 500000 --CREATE_INDEX false --CREATE_MD5_FILE false --GA4GH_CLIENT_SECRETS client_secrets.json --help false --version false --showHidden false --USE_JDK_DEFLATER false --USE_JDK_INFLATER false
[Wed Apr 19 13:50:46 CEST 2023] Executing as npham@n0121.manage.hpc on Linux 4.18.0-425.3.1.el8.x86_64 amd64; OpenJDK 64-Bit Server VM 11.0.1+13-LTS; Deflater: Intel; Inflater: Intel; Provider GCS is not available; Picard version: Version:2.27.2
INFO	2023-04-19 13:50:47	SortSam	Finished reading inputs, merging and writing to output now.
[Wed Apr 19 13:50:47 CEST 2023] picard.sam.SortSam done. Elapsed time: 0.03 minutes.
Runtime.totalMemory()=2147483648
finsh sorting bulkChIC-PMC-DRO-011 at Wed Apr 19 13:50:47 CEST 2023
start mark dup and remove for bulkChIC-PMC-DRO-011 at Wed Apr 19 13:50:47 CEST 2023
13:50:47.989 INFO  NativeLibraryLoader - Loading libgkl_compression.so from jar:file:/hpc/pmc_drost/PROJECTS/swang/software/picard.jar!/com/intel/gkl/native/libgkl_compression.so
[Wed Apr 19 13:50:48 CEST 2023] MarkDuplicates --INPUT /hpc/pmc_drost/PROJECTS/swang/CUT_RUN/nhung_test2/rm_dup/bulkChIC-PMC-DRO-011/bulkChIC-PMC-DRO-011_sorted.bam --OUTPUT /hpc/pmc_drost/PROJECTS/swang/CUT_RUN/nhung_test2/rm_dup/bulkChIC-PMC-DRO-011/bulkChIC-PMC-DRO-011_mkrmdup.bam --METRICS_FILE /hpc/pmc_drost/PROJECTS/swang/CUT_RUN/nhung_test2/rm_dup/bulkChIC-PMC-DRO-011/bulkChIC-PMC-DRO-011_marked_dup_metrics.txt --REMOVE_DUPLICATES true --TMP_DIR /hpc/pmc_drost/PROJECTS/swang/CUT_RUN/nhung_test/tmp --VALIDATION_STRINGENCY LENIENT --MAX_SEQUENCES_FOR_DISK_READ_ENDS_MAP 50000 --MAX_FILE_HANDLES_FOR_READ_ENDS_MAP 8000 --SORTING_COLLECTION_SIZE_RATIO 0.25 --TAG_DUPLICATE_SET_MEMBERS false --REMOVE_SEQUENCING_DUPLICATES false --TAGGING_POLICY DontTag --CLEAR_DT true --DUPLEX_UMI false --ADD_PG_TAG_TO_READS true --ASSUME_SORTED false --DUPLICATE_SCORING_STRATEGY SUM_OF_BASE_QUALITIES --PROGRAM_RECORD_ID MarkDuplicates --PROGRAM_GROUP_NAME MarkDuplicates --READ_NAME_REGEX <optimized capture of last three ':' separated fields as numeric values> --OPTICAL_DUPLICATE_PIXEL_DISTANCE 100 --MAX_OPTICAL_DUPLICATE_SET_SIZE 300000 --VERBOSITY INFO --QUIET false --COMPRESSION_LEVEL 5 --MAX_RECORDS_IN_RAM 500000 --CREATE_INDEX false --CREATE_MD5_FILE false --GA4GH_CLIENT_SECRETS client_secrets.json --help false --version false --showHidden false --USE_JDK_DEFLATER false --USE_JDK_INFLATER false
[Wed Apr 19 13:50:48 CEST 2023] Executing as npham@n0121.manage.hpc on Linux 4.18.0-425.3.1.el8.x86_64 amd64; OpenJDK 64-Bit Server VM 11.0.1+13-LTS; Deflater: Intel; Inflater: Intel; Provider GCS is not available; Picard version: Version:2.27.2
INFO	2023-04-19 13:50:48	MarkDuplicates	Start of doWork freeMemory: 35867776; totalMemory: 41943040; maxMemory: 2147483648
INFO	2023-04-19 13:50:48	MarkDuplicates	Reading input file and constructing read end information.
INFO	2023-04-19 13:50:48	MarkDuplicates	Will retain up to 7780737 data points before spilling to disk.
INFO	2023-04-19 13:50:48	MarkDuplicates	Read 0 records. 0 pairs never matched.
INFO	2023-04-19 13:50:48	MarkDuplicates	After buildSortedReadEndLists freeMemory: 50373952; totalMemory: 119537664; maxMemory: 2147483648
INFO	2023-04-19 13:50:48	MarkDuplicates	Will retain up to 67108864 duplicate indices before spilling to disk.
INFO	2023-04-19 13:50:48	MarkDuplicates	Traversing read pair information and detecting duplicates.
INFO	2023-04-19 13:50:48	MarkDuplicates	Traversing fragment information and detecting duplicates.
INFO	2023-04-19 13:50:48	MarkDuplicates	Sorting list of duplicate records.
INFO	2023-04-19 13:50:48	MarkDuplicates	After generateDuplicateIndexes freeMemory: 369863024; totalMemory: 914358272; maxMemory: 2147483648
INFO	2023-04-19 13:50:48	MarkDuplicates	Marking 0 records as duplicates.
INFO	2023-04-19 13:50:48	MarkDuplicates	Found 0 optical duplicate clusters.
INFO	2023-04-19 13:50:48	MarkDuplicates	Reads are assumed to be ordered by: coordinate
INFO	2023-04-19 13:50:48	MarkDuplicates	Writing complete. Closing input iterator.
INFO	2023-04-19 13:50:48	MarkDuplicates	Duplicate Index cleanup.
INFO	2023-04-19 13:50:48	MarkDuplicates	Getting Memory Stats.
INFO	2023-04-19 13:50:48	MarkDuplicates	Before output close freeMemory: 29112656; totalMemory: 35651584; maxMemory: 2147483648
INFO	2023-04-19 13:50:48	MarkDuplicates	Closed outputs. Getting more Memory Stats.
INFO	2023-04-19 13:50:48	MarkDuplicates	After output close freeMemory: 18717784; totalMemory: 25165824; maxMemory: 2147483648
[Wed Apr 19 13:50:48 CEST 2023] picard.sam.markduplicates.MarkDuplicates done. Elapsed time: 0.01 minutes.
Runtime.totalMemory()=25165824
finish mark and remove dup for bulkChIC-PMC-DRO-011 at Wed Apr 19 13:50:48 CEST 2023
start sorting with samtools for bulkChIC-PMC-DRO-011 at Wed Apr 19 13:50:48 CEST 2023
start indexing for bulkChIC-PMC-DRO-011 at Wed Apr 19 13:50:48 CEST 2023
finish indexing for bulkChIC-PMC-DRO-011 at Wed Apr 19 13:50:48 CEST 2023

  /// MultiQC 🔍 | v1.14

|           multiqc | Search path : /hpc/pmc_drost/PROJECTS/swang/CUT_RUN/nhung_test2/rm_dup
|         searching | ━━━━━━━━━━━━━━━━━━━━━━━━━━━━━━━━━━━━━━━━ 100% 5/5  
|           multiqc | No analysis results found. Cleaning up..
|           multiqc | MultiQC complete
all done filtering
-------------------step 5. running transform bam to bigwig---------------
-----------running 1 out of 1 samples---------------------- 
The file '/hpc/pmc_drost/PROJECTS/swang/CUT_RUN/nhung_test2/rm_dup/bulkChIC-PMC-DRO-011/bulkChIC-PMC-DRO-011_rmdup_filt.bam' does not have BAM or CRAM format 
all done bam2bigwig
finish cut and run analysis at Wed Apr 19 13:51:00 CEST 2023
