/var/spool/slurm/d/job22812990/slurm_script: line 42: syntax error near unexpected token `;'
/var/spool/slurm/d/job22812990/slurm_script: line 42: `for str in ${sample_IDs[@]}; do'
-----------running 1 out of  samples---------------------- 

36
start fastqc for  at Tue Mar 14 17:20:38 CET 2023
application/gzip
Started analysis of SCC-ChIC-PMC-DRO-F5_AAAKGV5M5_S34_L001_R2_001.fastq.gz
Approx 5% complete for SCC-ChIC-PMC-DRO-F5_AAAKGV5M5_S34_L001_R2_001.fastq.gz
Approx 10% complete for SCC-ChIC-PMC-DRO-F5_AAAKGV5M5_S34_L001_R2_001.fastq.gz
Approx 15% complete for SCC-ChIC-PMC-DRO-F5_AAAKGV5M5_S34_L001_R2_001.fastq.gz
Approx 20% complete for SCC-ChIC-PMC-DRO-F5_AAAKGV5M5_S34_L001_R2_001.fastq.gz
Approx 25% complete for SCC-ChIC-PMC-DRO-F5_AAAKGV5M5_S34_L001_R2_001.fastq.gz
Approx 30% complete for SCC-ChIC-PMC-DRO-F5_AAAKGV5M5_S34_L001_R2_001.fastq.gz
Approx 35% complete for SCC-ChIC-PMC-DRO-F5_AAAKGV5M5_S34_L001_R2_001.fastq.gz
Approx 40% complete for SCC-ChIC-PMC-DRO-F5_AAAKGV5M5_S34_L001_R2_001.fastq.gz
Approx 45% complete for SCC-ChIC-PMC-DRO-F5_AAAKGV5M5_S34_L001_R2_001.fastq.gz
Approx 50% complete for SCC-ChIC-PMC-DRO-F5_AAAKGV5M5_S34_L001_R2_001.fastq.gz
Approx 55% complete for SCC-ChIC-PMC-DRO-F5_AAAKGV5M5_S34_L001_R2_001.fastq.gz
Approx 60% complete for SCC-ChIC-PMC-DRO-F5_AAAKGV5M5_S34_L001_R2_001.fastq.gz
Approx 65% complete for SCC-ChIC-PMC-DRO-F5_AAAKGV5M5_S34_L001_R2_001.fastq.gz
Approx 70% complete for SCC-ChIC-PMC-DRO-F5_AAAKGV5M5_S34_L001_R2_001.fastq.gz
Approx 75% complete for SCC-ChIC-PMC-DRO-F5_AAAKGV5M5_S34_L001_R2_001.fastq.gz
Approx 80% complete for SCC-ChIC-PMC-DRO-F5_AAAKGV5M5_S34_L001_R2_001.fastq.gz
Approx 85% complete for SCC-ChIC-PMC-DRO-F5_AAAKGV5M5_S34_L001_R2_001.fastq.gz
Approx 90% complete for SCC-ChIC-PMC-DRO-F5_AAAKGV5M5_S34_L001_R2_001.fastq.gz
Approx 95% complete for SCC-ChIC-PMC-DRO-F5_AAAKGV5M5_S34_L001_R2_001.fastq.gz
Analysis complete for SCC-ChIC-PMC-DRO-F5_AAAKGV5M5_S34_L001_R2_001.fastq.gz
application/gzip
Started analysis of SCC-ChIC-PMC-DRO-F5_AAAKGV5M5_S34_L001_R1_001.fastq.gz
Approx 5% complete for SCC-ChIC-PMC-DRO-F5_AAAKGV5M5_S34_L001_R1_001.fastq.gz
Approx 10% complete for SCC-ChIC-PMC-DRO-F5_AAAKGV5M5_S34_L001_R1_001.fastq.gz
Approx 15% complete for SCC-ChIC-PMC-DRO-F5_AAAKGV5M5_S34_L001_R1_001.fastq.gz
Approx 20% complete for SCC-ChIC-PMC-DRO-F5_AAAKGV5M5_S34_L001_R1_001.fastq.gz
Approx 25% complete for SCC-ChIC-PMC-DRO-F5_AAAKGV5M5_S34_L001_R1_001.fastq.gz
Approx 30% complete for SCC-ChIC-PMC-DRO-F5_AAAKGV5M5_S34_L001_R1_001.fastq.gz
Approx 35% complete for SCC-ChIC-PMC-DRO-F5_AAAKGV5M5_S34_L001_R1_001.fastq.gz
Approx 40% complete for SCC-ChIC-PMC-DRO-F5_AAAKGV5M5_S34_L001_R1_001.fastq.gz
Approx 45% complete for SCC-ChIC-PMC-DRO-F5_AAAKGV5M5_S34_L001_R1_001.fastq.gz
Approx 50% complete for SCC-ChIC-PMC-DRO-F5_AAAKGV5M5_S34_L001_R1_001.fastq.gz
Approx 55% complete for SCC-ChIC-PMC-DRO-F5_AAAKGV5M5_S34_L001_R1_001.fastq.gz
Approx 60% complete for SCC-ChIC-PMC-DRO-F5_AAAKGV5M5_S34_L001_R1_001.fastq.gz
Approx 65% complete for SCC-ChIC-PMC-DRO-F5_AAAKGV5M5_S34_L001_R1_001.fastq.gz
Approx 70% complete for SCC-ChIC-PMC-DRO-F5_AAAKGV5M5_S34_L001_R1_001.fastq.gz
Approx 75% complete for SCC-ChIC-PMC-DRO-F5_AAAKGV5M5_S34_L001_R1_001.fastq.gz
Approx 80% complete for SCC-ChIC-PMC-DRO-F5_AAAKGV5M5_S34_L001_R1_001.fastq.gz
Approx 85% complete for SCC-ChIC-PMC-DRO-F5_AAAKGV5M5_S34_L001_R1_001.fastq.gz
Approx 90% complete for SCC-ChIC-PMC-DRO-F5_AAAKGV5M5_S34_L001_R1_001.fastq.gz
Approx 95% complete for SCC-ChIC-PMC-DRO-F5_AAAKGV5M5_S34_L001_R1_001.fastq.gz
Analysis complete for SCC-ChIC-PMC-DRO-F5_AAAKGV5M5_S34_L001_R1_001.fastq.gz
/var/spool/slurm/d/job22812990/slurm_script: line 65: syntax error near unexpected token `done'
/var/spool/slurm/d/job22812990/slurm_script: line 65: `done'
finish fastqc for  at Tue Mar 14 17:21:22 CET 2023
