start running cut and run analysis at Fri Apr 14 09:40:47 CEST 2023
-------------------step 6. running peak calling----------------------
-----------running 1 out of 1 luciferase samples---------------
-----------running 2 out of 1 luciferase samples---------------
-----------running 3 out of 1 luciferase samples---------------
----------------start-narrow-peak-calling-for SCC-bulkChIC-PMC-DRO-020 at Fri Apr 14 09:40:47 CEST 2023----------
----------------start-narrow-peak-calling-for SCC-bulkChIC-PMC-DRO-021 at Fri Apr 14 09:40:47 CEST 2023----------
----------------start-narrow-peak-calling-for SCC-bulkChIC-PMC-DRO-022 at Fri Apr 14 09:40:47 CEST 2023----------
INFO  @ Fri, 14 Apr 2023 09:40:48: 
# Command line: callpeak --tempdir /hpc/pmc_drost/PROJECTS/swang/CUT_RUN/nhung_test/tmp -t /hpc/pmc_drost/PROJECTS/swang/CUT_RUN/nhung_test/rm_dup/SCC-bulkChIC-PMC-DRO-022/SCC-bulkChIC-PMC-DRO-022_rmdup_filt.bam -c /hpc/pmc_drost/PROJECTS/swang/CUT_RUN/nhung_test/rm_dup/bulkChIC-PMC-DRO-011/bulkChIC-PMC-DRO-011_rmdup_filt.bam -f BAMPE -g hs -n SCC-bulkChIC-PMC-DRO-022_paired_control -q 0.01 --outdir /hpc/pmc_drost/PROJECTS/swang/CUT_RUN/nhung_test/peakCalling/SCC-bulkChIC-PMC-DRO-022/narrow
# ARGUMENTS LIST:
# name = SCC-bulkChIC-PMC-DRO-022_paired_control
# format = BAMPE
# ChIP-seq file = ['/hpc/pmc_drost/PROJECTS/swang/CUT_RUN/nhung_test/rm_dup/SCC-bulkChIC-PMC-DRO-022/SCC-bulkChIC-PMC-DRO-022_rmdup_filt.bam']
# control file = ['/hpc/pmc_drost/PROJECTS/swang/CUT_RUN/nhung_test/rm_dup/bulkChIC-PMC-DRO-011/bulkChIC-PMC-DRO-011_rmdup_filt.bam']
# effective genome size = 2.70e+09
# band width = 300
# model fold = [5, 50]
# qvalue cutoff = 1.00e-02
# The maximum gap between significant sites is assigned as the read length/tag size.
# The minimum length of peaks is assigned as the predicted fragment length "d".
# Larger dataset will be scaled towards smaller dataset.
# Range for calculating regional lambda is: 1000 bps and 10000 bps
# Broad region calling is off
# Paired-End mode is on
 
INFO  @ Fri, 14 Apr 2023 09:40:48: #1 read fragment files... 
INFO  @ Fri, 14 Apr 2023 09:40:48: #1 read treatment fragments... 
INFO  @ Fri, 14 Apr 2023 09:40:48: 
# Command line: callpeak --tempdir /hpc/pmc_drost/PROJECTS/swang/CUT_RUN/nhung_test/tmp -t /hpc/pmc_drost/PROJECTS/swang/CUT_RUN/nhung_test/rm_dup/SCC-bulkChIC-PMC-DRO-021/SCC-bulkChIC-PMC-DRO-021_rmdup_filt.bam -c /hpc/pmc_drost/PROJECTS/swang/CUT_RUN/nhung_test/rm_dup/bulkChIC-PMC-DRO-011/bulkChIC-PMC-DRO-011_rmdup_filt.bam -f BAMPE -g hs -n SCC-bulkChIC-PMC-DRO-021_paired_control -q 0.01 --outdir /hpc/pmc_drost/PROJECTS/swang/CUT_RUN/nhung_test/peakCalling/SCC-bulkChIC-PMC-DRO-021/narrow
# ARGUMENTS LIST:
# name = SCC-bulkChIC-PMC-DRO-021_paired_control
# format = BAMPE
# ChIP-seq file = ['/hpc/pmc_drost/PROJECTS/swang/CUT_RUN/nhung_test/rm_dup/SCC-bulkChIC-PMC-DRO-021/SCC-bulkChIC-PMC-DRO-021_rmdup_filt.bam']
# control file = ['/hpc/pmc_drost/PROJECTS/swang/CUT_RUN/nhung_test/rm_dup/bulkChIC-PMC-DRO-011/bulkChIC-PMC-DRO-011_rmdup_filt.bam']
# effective genome size = 2.70e+09
# band width = 300
# model fold = [5, 50]
# qvalue cutoff = 1.00e-02
# The maximum gap between significant sites is assigned as the read length/tag size.
# The minimum length of peaks is assigned as the predicted fragment length "d".
# Larger dataset will be scaled towards smaller dataset.
# Range for calculating regional lambda is: 1000 bps and 10000 bps
# Broad region calling is off
# Paired-End mode is on
 
INFO  @ Fri, 14 Apr 2023 09:40:48: 
# Command line: callpeak --tempdir /hpc/pmc_drost/PROJECTS/swang/CUT_RUN/nhung_test/tmp -t /hpc/pmc_drost/PROJECTS/swang/CUT_RUN/nhung_test/rm_dup/SCC-bulkChIC-PMC-DRO-020/SCC-bulkChIC-PMC-DRO-020_rmdup_filt.bam -c /hpc/pmc_drost/PROJECTS/swang/CUT_RUN/nhung_test/rm_dup/bulkChIC-PMC-DRO-011/bulkChIC-PMC-DRO-011_rmdup_filt.bam -f BAMPE -g hs -n SCC-bulkChIC-PMC-DRO-020_paired_control -q 0.01 --outdir /hpc/pmc_drost/PROJECTS/swang/CUT_RUN/nhung_test/peakCalling/SCC-bulkChIC-PMC-DRO-020/narrow
# ARGUMENTS LIST:
# name = SCC-bulkChIC-PMC-DRO-020_paired_control
# format = BAMPE
# ChIP-seq file = ['/hpc/pmc_drost/PROJECTS/swang/CUT_RUN/nhung_test/rm_dup/SCC-bulkChIC-PMC-DRO-020/SCC-bulkChIC-PMC-DRO-020_rmdup_filt.bam']
# control file = ['/hpc/pmc_drost/PROJECTS/swang/CUT_RUN/nhung_test/rm_dup/bulkChIC-PMC-DRO-011/bulkChIC-PMC-DRO-011_rmdup_filt.bam']
# effective genome size = 2.70e+09
# band width = 300
# model fold = [5, 50]
# qvalue cutoff = 1.00e-02
# The maximum gap between significant sites is assigned as the read length/tag size.
# The minimum length of peaks is assigned as the predicted fragment length "d".
# Larger dataset will be scaled towards smaller dataset.
# Range for calculating regional lambda is: 1000 bps and 10000 bps
# Broad region calling is off
# Paired-End mode is on
 
INFO  @ Fri, 14 Apr 2023 09:40:48: #1 read fragment files... 
INFO  @ Fri, 14 Apr 2023 09:40:48: #1 read treatment fragments... 
INFO  @ Fri, 14 Apr 2023 09:40:48: #1 read fragment files... 
INFO  @ Fri, 14 Apr 2023 09:40:48: #1 read treatment fragments... 
INFO  @ Fri, 14 Apr 2023 09:40:53:  1000000 
INFO  @ Fri, 14 Apr 2023 09:40:54:  1000000 
INFO  @ Fri, 14 Apr 2023 09:40:54:  1000000 
INFO  @ Fri, 14 Apr 2023 09:40:57:  2000000 
INFO  @ Fri, 14 Apr 2023 09:40:58:  2000000 
INFO  @ Fri, 14 Apr 2023 09:40:58:  2000000 
INFO  @ Fri, 14 Apr 2023 09:41:02:  3000000 
INFO  @ Fri, 14 Apr 2023 09:41:02:  3000000 
INFO  @ Fri, 14 Apr 2023 09:41:02:  3000000 
INFO  @ Fri, 14 Apr 2023 09:41:06:  4000000 
INFO  @ Fri, 14 Apr 2023 09:41:06:  4000000 
INFO  @ Fri, 14 Apr 2023 09:41:07:  4000000 
INFO  @ Fri, 14 Apr 2023 09:41:10:  5000000 
INFO  @ Fri, 14 Apr 2023 09:41:10:  5000000 
INFO  @ Fri, 14 Apr 2023 09:41:11:  5000000 
INFO  @ Fri, 14 Apr 2023 09:41:14:  6000000 
INFO  @ Fri, 14 Apr 2023 09:41:14:  6000000 
INFO  @ Fri, 14 Apr 2023 09:41:15:  6000000 
INFO  @ Fri, 14 Apr 2023 09:41:18:  7000000 
INFO  @ Fri, 14 Apr 2023 09:41:18:  7000000 
INFO  @ Fri, 14 Apr 2023 09:41:19:  7000000 
INFO  @ Fri, 14 Apr 2023 09:41:22:  8000000 
INFO  @ Fri, 14 Apr 2023 09:41:22:  8000000 
INFO  @ Fri, 14 Apr 2023 09:41:23:  8000000 
INFO  @ Fri, 14 Apr 2023 09:41:26:  9000000 
INFO  @ Fri, 14 Apr 2023 09:41:26:  9000000 
INFO  @ Fri, 14 Apr 2023 09:41:27:  9000000 
INFO  @ Fri, 14 Apr 2023 09:41:30:  10000000 
INFO  @ Fri, 14 Apr 2023 09:41:30:  10000000 
INFO  @ Fri, 14 Apr 2023 09:41:31:  10000000 
INFO  @ Fri, 14 Apr 2023 09:41:31: 10218213 fragments have been read. 
INFO  @ Fri, 14 Apr 2023 09:41:34: 10615079 fragments have been read. 
INFO  @ Fri, 14 Apr 2023 09:41:34:  11000000 
INFO  @ Fri, 14 Apr 2023 09:41:36: #1.2 read input fragments... 
INFO  @ Fri, 14 Apr 2023 09:41:38:  12000000 
INFO  @ Fri, 14 Apr 2023 09:41:38: #1.2 read input fragments... 
INFO  @ Fri, 14 Apr 2023 09:41:40: 12592690 fragments have been read. 
INFO  @ Fri, 14 Apr 2023 09:41:41:  1000000 
INFO  @ Fri, 14 Apr 2023 09:41:42:  1000000 
INFO  @ Fri, 14 Apr 2023 09:41:44:  2000000 
INFO  @ Fri, 14 Apr 2023 09:41:45:  2000000 
INFO  @ Fri, 14 Apr 2023 09:41:46: #1.2 read input fragments... 
INFO  @ Fri, 14 Apr 2023 09:41:48:  3000000 
INFO  @ Fri, 14 Apr 2023 09:41:48:  3000000 
INFO  @ Fri, 14 Apr 2023 09:41:49:  1000000 
INFO  @ Fri, 14 Apr 2023 09:41:52:  4000000 
INFO  @ Fri, 14 Apr 2023 09:41:52:  4000000 
INFO  @ Fri, 14 Apr 2023 09:41:52:  2000000 
INFO  @ Fri, 14 Apr 2023 09:41:55:  3000000 
INFO  @ Fri, 14 Apr 2023 09:41:56:  5000000 
INFO  @ Fri, 14 Apr 2023 09:41:56:  5000000 
INFO  @ Fri, 14 Apr 2023 09:41:59:  4000000 
INFO  @ Fri, 14 Apr 2023 09:42:00:  6000000 
INFO  @ Fri, 14 Apr 2023 09:42:00:  6000000 
INFO  @ Fri, 14 Apr 2023 09:42:02:  5000000 
INFO  @ Fri, 14 Apr 2023 09:42:03:  7000000 
INFO  @ Fri, 14 Apr 2023 09:42:03:  7000000 
INFO  @ Fri, 14 Apr 2023 09:42:05:  6000000 
INFO  @ Fri, 14 Apr 2023 09:42:07:  8000000 
INFO  @ Fri, 14 Apr 2023 09:42:07:  8000000 
INFO  @ Fri, 14 Apr 2023 09:42:09:  7000000 
INFO  @ Fri, 14 Apr 2023 09:42:11:  9000000 
INFO  @ Fri, 14 Apr 2023 09:42:11:  9000000 
INFO  @ Fri, 14 Apr 2023 09:42:11: 9139087 fragments have been read. 
INFO  @ Fri, 14 Apr 2023 09:42:11: 9139087 fragments have been read. 
INFO  @ Fri, 14 Apr 2023 09:42:12:  8000000 
INFO  @ Fri, 14 Apr 2023 09:42:15:  9000000 
INFO  @ Fri, 14 Apr 2023 09:42:15: #1 mean fragment size is determined as 259.6 bp from treatment 
INFO  @ Fri, 14 Apr 2023 09:42:15: #1 note: mean fragment size in control is 281.7 bp -- value ignored 
INFO  @ Fri, 14 Apr 2023 09:42:15: #1 mean fragment size is determined as 246.2 bp from treatment 
INFO  @ Fri, 14 Apr 2023 09:42:15: #1 fragment size = 259.6 
INFO  @ Fri, 14 Apr 2023 09:42:15: #1 note: mean fragment size in control is 281.7 bp -- value ignored 
INFO  @ Fri, 14 Apr 2023 09:42:15: #1  total fragments in treatment: 10615079 
INFO  @ Fri, 14 Apr 2023 09:42:15: #1 user defined the maximum fragments... 
INFO  @ Fri, 14 Apr 2023 09:42:15: #1 fragment size = 246.2 
INFO  @ Fri, 14 Apr 2023 09:42:15: #1  total fragments in treatment: 10218213 
INFO  @ Fri, 14 Apr 2023 09:42:15: #1 user defined the maximum fragments... 
INFO  @ Fri, 14 Apr 2023 09:42:15: #1 filter out redundant fragments by allowing at most 1 identical fragment(s) 
INFO  @ Fri, 14 Apr 2023 09:42:15: #1 filter out redundant fragments by allowing at most 1 identical fragment(s) 
INFO  @ Fri, 14 Apr 2023 09:42:16: 9139087 fragments have been read. 
INFO  @ Fri, 14 Apr 2023 09:42:20: #1 mean fragment size is determined as 244.3 bp from treatment 
INFO  @ Fri, 14 Apr 2023 09:42:20: #1 note: mean fragment size in control is 281.7 bp -- value ignored 
INFO  @ Fri, 14 Apr 2023 09:42:20: #1 fragment size = 244.3 
INFO  @ Fri, 14 Apr 2023 09:42:20: #1  total fragments in treatment: 12592690 
INFO  @ Fri, 14 Apr 2023 09:42:20: #1 user defined the maximum fragments... 
INFO  @ Fri, 14 Apr 2023 09:42:20: #1 filter out redundant fragments by allowing at most 1 identical fragment(s) 
INFO  @ Fri, 14 Apr 2023 09:42:27: #1  fragments after filtering in treatment: 10218213 
INFO  @ Fri, 14 Apr 2023 09:42:27: #1  Redundant rate of treatment: 0.00 
INFO  @ Fri, 14 Apr 2023 09:42:27: #1  total fragments in control: 9139087 
INFO  @ Fri, 14 Apr 2023 09:42:27: #1 user defined the maximum fragments... 
INFO  @ Fri, 14 Apr 2023 09:42:27: #1 filter out redundant fragments by allowing at most 1 identical fragment(s) 
INFO  @ Fri, 14 Apr 2023 09:42:27: #1  fragments after filtering in treatment: 10615079 
INFO  @ Fri, 14 Apr 2023 09:42:27: #1  Redundant rate of treatment: 0.00 
INFO  @ Fri, 14 Apr 2023 09:42:27: #1  total fragments in control: 9139087 
INFO  @ Fri, 14 Apr 2023 09:42:27: #1 user defined the maximum fragments... 
INFO  @ Fri, 14 Apr 2023 09:42:27: #1 filter out redundant fragments by allowing at most 1 identical fragment(s) 
INFO  @ Fri, 14 Apr 2023 09:42:33: #1  fragments after filtering in treatment: 12592690 
INFO  @ Fri, 14 Apr 2023 09:42:33: #1  Redundant rate of treatment: 0.00 
INFO  @ Fri, 14 Apr 2023 09:42:33: #1  total fragments in control: 9139087 
INFO  @ Fri, 14 Apr 2023 09:42:33: #1 user defined the maximum fragments... 
INFO  @ Fri, 14 Apr 2023 09:42:33: #1 filter out redundant fragments by allowing at most 1 identical fragment(s) 
INFO  @ Fri, 14 Apr 2023 09:42:37: #1  fragments after filtering in control: 9139087 
INFO  @ Fri, 14 Apr 2023 09:42:37: #1  Redundant rate of control: 0.00 
INFO  @ Fri, 14 Apr 2023 09:42:37: #1 finished! 
INFO  @ Fri, 14 Apr 2023 09:42:37: #2 Build Peak Model... 
INFO  @ Fri, 14 Apr 2023 09:42:37: #2 Skipped... 
INFO  @ Fri, 14 Apr 2023 09:42:37: #3 Call peaks... 
INFO  @ Fri, 14 Apr 2023 09:42:37: #3 Pre-compute pvalue-qvalue table... 
INFO  @ Fri, 14 Apr 2023 09:42:37: #1  fragments after filtering in control: 9139087 
INFO  @ Fri, 14 Apr 2023 09:42:37: #1  Redundant rate of control: 0.00 
INFO  @ Fri, 14 Apr 2023 09:42:37: #1 finished! 
INFO  @ Fri, 14 Apr 2023 09:42:37: #2 Build Peak Model... 
INFO  @ Fri, 14 Apr 2023 09:42:37: #2 Skipped... 
INFO  @ Fri, 14 Apr 2023 09:42:37: #3 Call peaks... 
INFO  @ Fri, 14 Apr 2023 09:42:37: #3 Pre-compute pvalue-qvalue table... 
INFO  @ Fri, 14 Apr 2023 09:42:42: #1  fragments after filtering in control: 9139087 
INFO  @ Fri, 14 Apr 2023 09:42:42: #1  Redundant rate of control: 0.00 
INFO  @ Fri, 14 Apr 2023 09:42:42: #1 finished! 
INFO  @ Fri, 14 Apr 2023 09:42:42: #2 Build Peak Model... 
INFO  @ Fri, 14 Apr 2023 09:42:42: #2 Skipped... 
INFO  @ Fri, 14 Apr 2023 09:42:42: #3 Call peaks... 
INFO  @ Fri, 14 Apr 2023 09:42:42: #3 Pre-compute pvalue-qvalue table... 
INFO  @ Fri, 14 Apr 2023 09:43:25: #3 Call peaks for each chromosome... 
INFO  @ Fri, 14 Apr 2023 09:43:26: #3 Call peaks for each chromosome... 
INFO  @ Fri, 14 Apr 2023 09:43:32: #3 Call peaks for each chromosome... 
INFO  @ Fri, 14 Apr 2023 09:43:59: #4 Write output xls file... /hpc/pmc_drost/PROJECTS/swang/CUT_RUN/nhung_test/peakCalling/SCC-bulkChIC-PMC-DRO-020/narrow/SCC-bulkChIC-PMC-DRO-020_paired_control_peaks.xls 
INFO  @ Fri, 14 Apr 2023 09:43:59: #4 Write peak in narrowPeak format file... /hpc/pmc_drost/PROJECTS/swang/CUT_RUN/nhung_test/peakCalling/SCC-bulkChIC-PMC-DRO-020/narrow/SCC-bulkChIC-PMC-DRO-020_paired_control_peaks.narrowPeak 
INFO  @ Fri, 14 Apr 2023 09:43:59: #4 Write summits bed file... /hpc/pmc_drost/PROJECTS/swang/CUT_RUN/nhung_test/peakCalling/SCC-bulkChIC-PMC-DRO-020/narrow/SCC-bulkChIC-PMC-DRO-020_paired_control_summits.bed 
INFO  @ Fri, 14 Apr 2023 09:43:59: Done! 
----------------start-broad-peak-calling-for SCC-bulkChIC-PMC-DRO-020 at Fri Apr 14 09:43:59 CEST 2023----------
INFO  @ Fri, 14 Apr 2023 09:43:59: 
# Command line: callpeak --tempdir /hpc/pmc_drost/PROJECTS/swang/CUT_RUN/nhung_test/tmp -t /hpc/pmc_drost/PROJECTS/swang/CUT_RUN/nhung_test/rm_dup/SCC-bulkChIC-PMC-DRO-020/SCC-bulkChIC-PMC-DRO-020_rmdup_filt.bam -c /hpc/pmc_drost/PROJECTS/swang/CUT_RUN/nhung_test/rm_dup/bulkChIC-PMC-DRO-011/bulkChIC-PMC-DRO-011_rmdup_filt.bam -f BAMPE -g hs -n SCC-bulkChIC-PMC-DRO-020_paired_control -q 0.01 --broad --outdir /hpc/pmc_drost/PROJECTS/swang/CUT_RUN/nhung_test/peakCalling/SCC-bulkChIC-PMC-DRO-020/broad
# ARGUMENTS LIST:
# name = SCC-bulkChIC-PMC-DRO-020_paired_control
# format = BAMPE
# ChIP-seq file = ['/hpc/pmc_drost/PROJECTS/swang/CUT_RUN/nhung_test/rm_dup/SCC-bulkChIC-PMC-DRO-020/SCC-bulkChIC-PMC-DRO-020_rmdup_filt.bam']
# control file = ['/hpc/pmc_drost/PROJECTS/swang/CUT_RUN/nhung_test/rm_dup/bulkChIC-PMC-DRO-011/bulkChIC-PMC-DRO-011_rmdup_filt.bam']
# effective genome size = 2.70e+09
# band width = 300
# model fold = [5, 50]
# qvalue cutoff for narrow/strong regions = 1.00e-02
# qvalue cutoff for broad/weak regions = 1.00e-01
# The maximum gap between significant sites is assigned as the read length/tag size.
# The minimum length of peaks is assigned as the predicted fragment length "d".
# Larger dataset will be scaled towards smaller dataset.
# Range for calculating regional lambda is: 1000 bps and 10000 bps
# Broad region calling is on
# Paired-End mode is on
 
INFO  @ Fri, 14 Apr 2023 09:43:59: #1 read fragment files... 
INFO  @ Fri, 14 Apr 2023 09:43:59: #1 read treatment fragments... 
INFO  @ Fri, 14 Apr 2023 09:44:00: #4 Write output xls file... /hpc/pmc_drost/PROJECTS/swang/CUT_RUN/nhung_test/peakCalling/SCC-bulkChIC-PMC-DRO-021/narrow/SCC-bulkChIC-PMC-DRO-021_paired_control_peaks.xls 
INFO  @ Fri, 14 Apr 2023 09:44:00: #4 Write peak in narrowPeak format file... /hpc/pmc_drost/PROJECTS/swang/CUT_RUN/nhung_test/peakCalling/SCC-bulkChIC-PMC-DRO-021/narrow/SCC-bulkChIC-PMC-DRO-021_paired_control_peaks.narrowPeak 
INFO  @ Fri, 14 Apr 2023 09:44:00: #4 Write summits bed file... /hpc/pmc_drost/PROJECTS/swang/CUT_RUN/nhung_test/peakCalling/SCC-bulkChIC-PMC-DRO-021/narrow/SCC-bulkChIC-PMC-DRO-021_paired_control_summits.bed 
INFO  @ Fri, 14 Apr 2023 09:44:00: Done! 
----------------start-broad-peak-calling-for SCC-bulkChIC-PMC-DRO-021 at Fri Apr 14 09:44:00 CEST 2023----------
INFO  @ Fri, 14 Apr 2023 09:44:00: 
# Command line: callpeak --tempdir /hpc/pmc_drost/PROJECTS/swang/CUT_RUN/nhung_test/tmp -t /hpc/pmc_drost/PROJECTS/swang/CUT_RUN/nhung_test/rm_dup/SCC-bulkChIC-PMC-DRO-021/SCC-bulkChIC-PMC-DRO-021_rmdup_filt.bam -c /hpc/pmc_drost/PROJECTS/swang/CUT_RUN/nhung_test/rm_dup/bulkChIC-PMC-DRO-011/bulkChIC-PMC-DRO-011_rmdup_filt.bam -f BAMPE -g hs -n SCC-bulkChIC-PMC-DRO-021_paired_control -q 0.01 --broad --outdir /hpc/pmc_drost/PROJECTS/swang/CUT_RUN/nhung_test/peakCalling/SCC-bulkChIC-PMC-DRO-021/broad
# ARGUMENTS LIST:
# name = SCC-bulkChIC-PMC-DRO-021_paired_control
# format = BAMPE
# ChIP-seq file = ['/hpc/pmc_drost/PROJECTS/swang/CUT_RUN/nhung_test/rm_dup/SCC-bulkChIC-PMC-DRO-021/SCC-bulkChIC-PMC-DRO-021_rmdup_filt.bam']
# control file = ['/hpc/pmc_drost/PROJECTS/swang/CUT_RUN/nhung_test/rm_dup/bulkChIC-PMC-DRO-011/bulkChIC-PMC-DRO-011_rmdup_filt.bam']
# effective genome size = 2.70e+09
# band width = 300
# model fold = [5, 50]
# qvalue cutoff for narrow/strong regions = 1.00e-02
# qvalue cutoff for broad/weak regions = 1.00e-01
# The maximum gap between significant sites is assigned as the read length/tag size.
# The minimum length of peaks is assigned as the predicted fragment length "d".
# Larger dataset will be scaled towards smaller dataset.
# Range for calculating regional lambda is: 1000 bps and 10000 bps
# Broad region calling is on
# Paired-End mode is on
 
INFO  @ Fri, 14 Apr 2023 09:44:00: #1 read fragment files... 
INFO  @ Fri, 14 Apr 2023 09:44:00: #1 read treatment fragments... 
INFO  @ Fri, 14 Apr 2023 09:44:03:  1000000 
INFO  @ Fri, 14 Apr 2023 09:44:04:  1000000 
INFO  @ Fri, 14 Apr 2023 09:44:06:  2000000 
INFO  @ Fri, 14 Apr 2023 09:44:07: #4 Write output xls file... /hpc/pmc_drost/PROJECTS/swang/CUT_RUN/nhung_test/peakCalling/SCC-bulkChIC-PMC-DRO-022/narrow/SCC-bulkChIC-PMC-DRO-022_paired_control_peaks.xls 
INFO  @ Fri, 14 Apr 2023 09:44:07: #4 Write peak in narrowPeak format file... /hpc/pmc_drost/PROJECTS/swang/CUT_RUN/nhung_test/peakCalling/SCC-bulkChIC-PMC-DRO-022/narrow/SCC-bulkChIC-PMC-DRO-022_paired_control_peaks.narrowPeak 
INFO  @ Fri, 14 Apr 2023 09:44:07: #4 Write summits bed file... /hpc/pmc_drost/PROJECTS/swang/CUT_RUN/nhung_test/peakCalling/SCC-bulkChIC-PMC-DRO-022/narrow/SCC-bulkChIC-PMC-DRO-022_paired_control_summits.bed 
INFO  @ Fri, 14 Apr 2023 09:44:07: Done! 
----------------start-broad-peak-calling-for SCC-bulkChIC-PMC-DRO-022 at Fri Apr 14 09:44:07 CEST 2023----------
INFO  @ Fri, 14 Apr 2023 09:44:07: 
# Command line: callpeak --tempdir /hpc/pmc_drost/PROJECTS/swang/CUT_RUN/nhung_test/tmp -t /hpc/pmc_drost/PROJECTS/swang/CUT_RUN/nhung_test/rm_dup/SCC-bulkChIC-PMC-DRO-022/SCC-bulkChIC-PMC-DRO-022_rmdup_filt.bam -c /hpc/pmc_drost/PROJECTS/swang/CUT_RUN/nhung_test/rm_dup/bulkChIC-PMC-DRO-011/bulkChIC-PMC-DRO-011_rmdup_filt.bam -f BAMPE -g hs -n SCC-bulkChIC-PMC-DRO-022_paired_control -q 0.01 --broad --outdir /hpc/pmc_drost/PROJECTS/swang/CUT_RUN/nhung_test/peakCalling/SCC-bulkChIC-PMC-DRO-022/broad
# ARGUMENTS LIST:
# name = SCC-bulkChIC-PMC-DRO-022_paired_control
# format = BAMPE
# ChIP-seq file = ['/hpc/pmc_drost/PROJECTS/swang/CUT_RUN/nhung_test/rm_dup/SCC-bulkChIC-PMC-DRO-022/SCC-bulkChIC-PMC-DRO-022_rmdup_filt.bam']
# control file = ['/hpc/pmc_drost/PROJECTS/swang/CUT_RUN/nhung_test/rm_dup/bulkChIC-PMC-DRO-011/bulkChIC-PMC-DRO-011_rmdup_filt.bam']
# effective genome size = 2.70e+09
# band width = 300
# model fold = [5, 50]
# qvalue cutoff for narrow/strong regions = 1.00e-02
# qvalue cutoff for broad/weak regions = 1.00e-01
# The maximum gap between significant sites is assigned as the read length/tag size.
# The minimum length of peaks is assigned as the predicted fragment length "d".
# Larger dataset will be scaled towards smaller dataset.
# Range for calculating regional lambda is: 1000 bps and 10000 bps
# Broad region calling is on
# Paired-End mode is on
 
INFO  @ Fri, 14 Apr 2023 09:44:07: #1 read fragment files... 
INFO  @ Fri, 14 Apr 2023 09:44:07: #1 read treatment fragments... 
INFO  @ Fri, 14 Apr 2023 09:44:08:  2000000 
INFO  @ Fri, 14 Apr 2023 09:44:10:  3000000 
INFO  @ Fri, 14 Apr 2023 09:44:11:  1000000 
INFO  @ Fri, 14 Apr 2023 09:44:11:  3000000 
INFO  @ Fri, 14 Apr 2023 09:44:13:  4000000 
INFO  @ Fri, 14 Apr 2023 09:44:14:  2000000 
INFO  @ Fri, 14 Apr 2023 09:44:15:  4000000 
INFO  @ Fri, 14 Apr 2023 09:44:16:  5000000 
INFO  @ Fri, 14 Apr 2023 09:44:18:  3000000 
INFO  @ Fri, 14 Apr 2023 09:44:18:  5000000 
INFO  @ Fri, 14 Apr 2023 09:44:20:  6000000 
INFO  @ Fri, 14 Apr 2023 09:44:21:  4000000 
INFO  @ Fri, 14 Apr 2023 09:44:22:  6000000 
INFO  @ Fri, 14 Apr 2023 09:44:23:  7000000 
INFO  @ Fri, 14 Apr 2023 09:44:25:  5000000 
INFO  @ Fri, 14 Apr 2023 09:44:25:  7000000 
INFO  @ Fri, 14 Apr 2023 09:44:26:  8000000 
INFO  @ Fri, 14 Apr 2023 09:44:28:  6000000 
INFO  @ Fri, 14 Apr 2023 09:44:28:  8000000 
INFO  @ Fri, 14 Apr 2023 09:44:30:  9000000 
INFO  @ Fri, 14 Apr 2023 09:44:32:  7000000 
INFO  @ Fri, 14 Apr 2023 09:44:32:  9000000 
INFO  @ Fri, 14 Apr 2023 09:44:33:  10000000 
INFO  @ Fri, 14 Apr 2023 09:44:35:  8000000 
INFO  @ Fri, 14 Apr 2023 09:44:35: 10615079 fragments have been read. 
INFO  @ Fri, 14 Apr 2023 09:44:35:  10000000 
INFO  @ Fri, 14 Apr 2023 09:44:36: 10218213 fragments have been read. 
INFO  @ Fri, 14 Apr 2023 09:44:38:  9000000 
INFO  @ Fri, 14 Apr 2023 09:44:40: #1.2 read input fragments... 
INFO  @ Fri, 14 Apr 2023 09:44:41: #1.2 read input fragments... 
INFO  @ Fri, 14 Apr 2023 09:44:42:  10000000 
INFO  @ Fri, 14 Apr 2023 09:44:43:  1000000 
INFO  @ Fri, 14 Apr 2023 09:44:44:  1000000 
INFO  @ Fri, 14 Apr 2023 09:44:45:  11000000 
INFO  @ Fri, 14 Apr 2023 09:44:46:  2000000 
INFO  @ Fri, 14 Apr 2023 09:44:47:  2000000 
INFO  @ Fri, 14 Apr 2023 09:44:49:  12000000 
INFO  @ Fri, 14 Apr 2023 09:44:50:  3000000 
INFO  @ Fri, 14 Apr 2023 09:44:50:  3000000 
INFO  @ Fri, 14 Apr 2023 09:44:51: 12592690 fragments have been read. 
INFO  @ Fri, 14 Apr 2023 09:44:53:  4000000 
INFO  @ Fri, 14 Apr 2023 09:44:54:  4000000 
INFO  @ Fri, 14 Apr 2023 09:44:56:  5000000 
INFO  @ Fri, 14 Apr 2023 09:44:56: #1.2 read input fragments... 
INFO  @ Fri, 14 Apr 2023 09:44:57:  5000000 
INFO  @ Fri, 14 Apr 2023 09:44:59:  6000000 
INFO  @ Fri, 14 Apr 2023 09:45:00:  1000000 
INFO  @ Fri, 14 Apr 2023 09:45:00:  6000000 
INFO  @ Fri, 14 Apr 2023 09:45:03:  7000000 
INFO  @ Fri, 14 Apr 2023 09:45:03:  2000000 
INFO  @ Fri, 14 Apr 2023 09:45:04:  7000000 
INFO  @ Fri, 14 Apr 2023 09:45:06:  8000000 
INFO  @ Fri, 14 Apr 2023 09:45:06:  3000000 
INFO  @ Fri, 14 Apr 2023 09:45:07:  8000000 
INFO  @ Fri, 14 Apr 2023 09:45:09:  9000000 
INFO  @ Fri, 14 Apr 2023 09:45:09:  4000000 
INFO  @ Fri, 14 Apr 2023 09:45:10: 9139087 fragments have been read. 
INFO  @ Fri, 14 Apr 2023 09:45:10:  9000000 
INFO  @ Fri, 14 Apr 2023 09:45:11: 9139087 fragments have been read. 
INFO  @ Fri, 14 Apr 2023 09:45:13:  5000000 
INFO  @ Fri, 14 Apr 2023 09:45:14: #1 mean fragment size is determined as 259.6 bp from treatment 
INFO  @ Fri, 14 Apr 2023 09:45:14: #1 note: mean fragment size in control is 281.7 bp -- value ignored 
INFO  @ Fri, 14 Apr 2023 09:45:14: #1 fragment size = 259.6 
INFO  @ Fri, 14 Apr 2023 09:45:14: #1  total fragments in treatment: 10615079 
INFO  @ Fri, 14 Apr 2023 09:45:14: #1 user defined the maximum fragments... 
INFO  @ Fri, 14 Apr 2023 09:45:14: #1 filter out redundant fragments by allowing at most 1 identical fragment(s) 
INFO  @ Fri, 14 Apr 2023 09:45:15: #1 mean fragment size is determined as 246.2 bp from treatment 
INFO  @ Fri, 14 Apr 2023 09:45:15: #1 note: mean fragment size in control is 281.7 bp -- value ignored 
INFO  @ Fri, 14 Apr 2023 09:45:15: #1 fragment size = 246.2 
INFO  @ Fri, 14 Apr 2023 09:45:15: #1  total fragments in treatment: 10218213 
INFO  @ Fri, 14 Apr 2023 09:45:15: #1 user defined the maximum fragments... 
INFO  @ Fri, 14 Apr 2023 09:45:15: #1 filter out redundant fragments by allowing at most 1 identical fragment(s) 
INFO  @ Fri, 14 Apr 2023 09:45:16:  6000000 
INFO  @ Fri, 14 Apr 2023 09:45:19:  7000000 
INFO  @ Fri, 14 Apr 2023 09:45:23:  8000000 
INFO  @ Fri, 14 Apr 2023 09:45:25: #1  fragments after filtering in treatment: 10615079 
INFO  @ Fri, 14 Apr 2023 09:45:25: #1  Redundant rate of treatment: 0.00 
INFO  @ Fri, 14 Apr 2023 09:45:25: #1  total fragments in control: 9139087 
INFO  @ Fri, 14 Apr 2023 09:45:25: #1 user defined the maximum fragments... 
INFO  @ Fri, 14 Apr 2023 09:45:25: #1 filter out redundant fragments by allowing at most 1 identical fragment(s) 
INFO  @ Fri, 14 Apr 2023 09:45:25: #1  fragments after filtering in treatment: 10218213 
INFO  @ Fri, 14 Apr 2023 09:45:25: #1  Redundant rate of treatment: 0.00 
INFO  @ Fri, 14 Apr 2023 09:45:25: #1  total fragments in control: 9139087 
INFO  @ Fri, 14 Apr 2023 09:45:25: #1 user defined the maximum fragments... 
INFO  @ Fri, 14 Apr 2023 09:45:25: #1 filter out redundant fragments by allowing at most 1 identical fragment(s) 
INFO  @ Fri, 14 Apr 2023 09:45:26:  9000000 
INFO  @ Fri, 14 Apr 2023 09:45:26: 9139087 fragments have been read. 
INFO  @ Fri, 14 Apr 2023 09:45:31: #1 mean fragment size is determined as 244.3 bp from treatment 
INFO  @ Fri, 14 Apr 2023 09:45:31: #1 note: mean fragment size in control is 281.7 bp -- value ignored 
INFO  @ Fri, 14 Apr 2023 09:45:31: #1 fragment size = 244.3 
INFO  @ Fri, 14 Apr 2023 09:45:31: #1  total fragments in treatment: 12592690 
INFO  @ Fri, 14 Apr 2023 09:45:31: #1 user defined the maximum fragments... 
INFO  @ Fri, 14 Apr 2023 09:45:31: #1 filter out redundant fragments by allowing at most 1 identical fragment(s) 
INFO  @ Fri, 14 Apr 2023 09:45:34: #1  fragments after filtering in control: 9139087 
INFO  @ Fri, 14 Apr 2023 09:45:34: #1  Redundant rate of control: 0.00 
INFO  @ Fri, 14 Apr 2023 09:45:34: #1 finished! 
INFO  @ Fri, 14 Apr 2023 09:45:34: #2 Build Peak Model... 
INFO  @ Fri, 14 Apr 2023 09:45:34: #2 Skipped... 
INFO  @ Fri, 14 Apr 2023 09:45:34: #3 Call peaks... 
INFO  @ Fri, 14 Apr 2023 09:45:34: #3 Call broad peaks with given level1 -log10qvalue cutoff and level2: 2.000000, 1.000000... 
INFO  @ Fri, 14 Apr 2023 09:45:34: #3 Pre-compute pvalue-qvalue table... 
INFO  @ Fri, 14 Apr 2023 09:45:34: #1  fragments after filtering in control: 9139087 
INFO  @ Fri, 14 Apr 2023 09:45:34: #1  Redundant rate of control: 0.00 
INFO  @ Fri, 14 Apr 2023 09:45:34: #1 finished! 
INFO  @ Fri, 14 Apr 2023 09:45:34: #2 Build Peak Model... 
INFO  @ Fri, 14 Apr 2023 09:45:34: #2 Skipped... 
INFO  @ Fri, 14 Apr 2023 09:45:34: #3 Call peaks... 
INFO  @ Fri, 14 Apr 2023 09:45:34: #3 Call broad peaks with given level1 -log10qvalue cutoff and level2: 2.000000, 1.000000... 
INFO  @ Fri, 14 Apr 2023 09:45:34: #3 Pre-compute pvalue-qvalue table... 
INFO  @ Fri, 14 Apr 2023 09:45:44: #1  fragments after filtering in treatment: 12592690 
INFO  @ Fri, 14 Apr 2023 09:45:44: #1  Redundant rate of treatment: 0.00 
INFO  @ Fri, 14 Apr 2023 09:45:44: #1  total fragments in control: 9139087 
INFO  @ Fri, 14 Apr 2023 09:45:44: #1 user defined the maximum fragments... 
INFO  @ Fri, 14 Apr 2023 09:45:44: #1 filter out redundant fragments by allowing at most 1 identical fragment(s) 
INFO  @ Fri, 14 Apr 2023 09:45:53: #1  fragments after filtering in control: 9139087 
INFO  @ Fri, 14 Apr 2023 09:45:53: #1  Redundant rate of control: 0.00 
INFO  @ Fri, 14 Apr 2023 09:45:53: #1 finished! 
INFO  @ Fri, 14 Apr 2023 09:45:53: #2 Build Peak Model... 
INFO  @ Fri, 14 Apr 2023 09:45:53: #2 Skipped... 
INFO  @ Fri, 14 Apr 2023 09:45:53: #3 Call peaks... 
INFO  @ Fri, 14 Apr 2023 09:45:53: #3 Call broad peaks with given level1 -log10qvalue cutoff and level2: 2.000000, 1.000000... 
INFO  @ Fri, 14 Apr 2023 09:45:53: #3 Pre-compute pvalue-qvalue table... 
INFO  @ Fri, 14 Apr 2023 09:46:24: #3 Call peaks for each chromosome... 
INFO  @ Fri, 14 Apr 2023 09:46:24: #3 Call peaks for each chromosome... 
INFO  @ Fri, 14 Apr 2023 09:46:46: #3 Call peaks for each chromosome... 
INFO  @ Fri, 14 Apr 2023 09:47:01: #4 Write output xls file... /hpc/pmc_drost/PROJECTS/swang/CUT_RUN/nhung_test/peakCalling/SCC-bulkChIC-PMC-DRO-021/broad/SCC-bulkChIC-PMC-DRO-021_paired_control_peaks.xls 
INFO  @ Fri, 14 Apr 2023 09:47:01: #4 Write broad peak in broadPeak format file... /hpc/pmc_drost/PROJECTS/swang/CUT_RUN/nhung_test/peakCalling/SCC-bulkChIC-PMC-DRO-021/broad/SCC-bulkChIC-PMC-DRO-021_paired_control_peaks.broadPeak 
INFO  @ Fri, 14 Apr 2023 09:47:01: #4 Write broad peak in bed12/gappedPeak format file... /hpc/pmc_drost/PROJECTS/swang/CUT_RUN/nhung_test/peakCalling/SCC-bulkChIC-PMC-DRO-021/broad/SCC-bulkChIC-PMC-DRO-021_paired_control_peaks.gappedPeak 
INFO  @ Fri, 14 Apr 2023 09:47:01: Done! 
----------------finish-broad-peak-calling-for SCC-bulkChIC-PMC-DRO-021 at Fri Apr 14 09:47:01 CEST 2023----------
INFO  @ Fri, 14 Apr 2023 09:47:02: #4 Write output xls file... /hpc/pmc_drost/PROJECTS/swang/CUT_RUN/nhung_test/peakCalling/SCC-bulkChIC-PMC-DRO-020/broad/SCC-bulkChIC-PMC-DRO-020_paired_control_peaks.xls 
INFO  @ Fri, 14 Apr 2023 09:47:02: #4 Write broad peak in broadPeak format file... /hpc/pmc_drost/PROJECTS/swang/CUT_RUN/nhung_test/peakCalling/SCC-bulkChIC-PMC-DRO-020/broad/SCC-bulkChIC-PMC-DRO-020_paired_control_peaks.broadPeak 
INFO  @ Fri, 14 Apr 2023 09:47:02: #4 Write broad peak in bed12/gappedPeak format file... /hpc/pmc_drost/PROJECTS/swang/CUT_RUN/nhung_test/peakCalling/SCC-bulkChIC-PMC-DRO-020/broad/SCC-bulkChIC-PMC-DRO-020_paired_control_peaks.gappedPeak 
INFO  @ Fri, 14 Apr 2023 09:47:02: Done! 
----------------finish-broad-peak-calling-for SCC-bulkChIC-PMC-DRO-020 at Fri Apr 14 09:47:03 CEST 2023----------
INFO  @ Fri, 14 Apr 2023 09:47:24: #4 Write output xls file... /hpc/pmc_drost/PROJECTS/swang/CUT_RUN/nhung_test/peakCalling/SCC-bulkChIC-PMC-DRO-022/broad/SCC-bulkChIC-PMC-DRO-022_paired_control_peaks.xls 
INFO  @ Fri, 14 Apr 2023 09:47:24: #4 Write broad peak in broadPeak format file... /hpc/pmc_drost/PROJECTS/swang/CUT_RUN/nhung_test/peakCalling/SCC-bulkChIC-PMC-DRO-022/broad/SCC-bulkChIC-PMC-DRO-022_paired_control_peaks.broadPeak 
INFO  @ Fri, 14 Apr 2023 09:47:24: #4 Write broad peak in bed12/gappedPeak format file... /hpc/pmc_drost/PROJECTS/swang/CUT_RUN/nhung_test/peakCalling/SCC-bulkChIC-PMC-DRO-022/broad/SCC-bulkChIC-PMC-DRO-022_paired_control_peaks.gappedPeak 
INFO  @ Fri, 14 Apr 2023 09:47:25: Done! 
----------------finish-broad-peak-calling-for SCC-bulkChIC-PMC-DRO-022 at Fri Apr 14 09:47:25 CEST 2023----------
all done for luciferase
-----------running 1 out of 1 fusion samples---------------
-----------running 2 out of 1 fusion samples---------------
-----------running 3 out of 1 fusion samples---------------
----------------start-narrow-peak-calling-for SCC-bulkChIC-PMC-DRO-025 at Fri Apr 14 09:47:25 CEST 2023----------
----------------start-narrow-peak-calling-for SCC-bulkChIC-PMC-DRO-023 at Fri Apr 14 09:47:25 CEST 2023----------
----------------start-narrow-peak-calling-for SCC-bulkChIC-PMC-DRO-024 at Fri Apr 14 09:47:25 CEST 2023----------
INFO  @ Fri, 14 Apr 2023 09:47:25: 
# Command line: callpeak --tempdir /hpc/pmc_drost/PROJECTS/swang/CUT_RUN/nhung_test/tmp -t /hpc/pmc_drost/PROJECTS/swang/CUT_RUN/nhung_test/rm_dup/SCC-bulkChIC-PMC-DRO-023/SCC-bulkChIC-PMC-DRO-023_rmdup_filt.bam -c /hpc/pmc_drost/PROJECTS/swang/CUT_RUN/nhung_test/rm_dup/bulkChIC-PMC-DRO-012/bulkChIC-PMC-DRO-012_rmdup_filt.bam -f BAMPE -g hs -n SCC-bulkChIC-PMC-DRO-023_paired_control -q 0.01 --outdir /hpc/pmc_drost/PROJECTS/swang/CUT_RUN/nhung_test/peakCalling/SCC-bulkChIC-PMC-DRO-023/narrow
# ARGUMENTS LIST:
# name = SCC-bulkChIC-PMC-DRO-023_paired_control
# format = BAMPE
# ChIP-seq file = ['/hpc/pmc_drost/PROJECTS/swang/CUT_RUN/nhung_test/rm_dup/SCC-bulkChIC-PMC-DRO-023/SCC-bulkChIC-PMC-DRO-023_rmdup_filt.bam']
# control file = ['/hpc/pmc_drost/PROJECTS/swang/CUT_RUN/nhung_test/rm_dup/bulkChIC-PMC-DRO-012/bulkChIC-PMC-DRO-012_rmdup_filt.bam']
# effective genome size = 2.70e+09
# band width = 300
# model fold = [5, 50]
# qvalue cutoff = 1.00e-02
# The maximum gap between significant sites is assigned as the read length/tag size.
# The minimum length of peaks is assigned as the predicted fragment length "d".
# Larger dataset will be scaled towards smaller dataset.
# Range for calculating regional lambda is: 1000 bps and 10000 bps
# Broad region calling is off
# Paired-End mode is on
 
INFO  @ Fri, 14 Apr 2023 09:47:25: 
# Command line: callpeak --tempdir /hpc/pmc_drost/PROJECTS/swang/CUT_RUN/nhung_test/tmp -t /hpc/pmc_drost/PROJECTS/swang/CUT_RUN/nhung_test/rm_dup/SCC-bulkChIC-PMC-DRO-025/SCC-bulkChIC-PMC-DRO-025_rmdup_filt.bam -c /hpc/pmc_drost/PROJECTS/swang/CUT_RUN/nhung_test/rm_dup/bulkChIC-PMC-DRO-012/bulkChIC-PMC-DRO-012_rmdup_filt.bam -f BAMPE -g hs -n SCC-bulkChIC-PMC-DRO-025_paired_control -q 0.01 --outdir /hpc/pmc_drost/PROJECTS/swang/CUT_RUN/nhung_test/peakCalling/SCC-bulkChIC-PMC-DRO-025/narrow
# ARGUMENTS LIST:
# name = SCC-bulkChIC-PMC-DRO-025_paired_control
# format = BAMPE
# ChIP-seq file = ['/hpc/pmc_drost/PROJECTS/swang/CUT_RUN/nhung_test/rm_dup/SCC-bulkChIC-PMC-DRO-025/SCC-bulkChIC-PMC-DRO-025_rmdup_filt.bam']
# control file = ['/hpc/pmc_drost/PROJECTS/swang/CUT_RUN/nhung_test/rm_dup/bulkChIC-PMC-DRO-012/bulkChIC-PMC-DRO-012_rmdup_filt.bam']
# effective genome size = 2.70e+09
# band width = 300
# model fold = [5, 50]
# qvalue cutoff = 1.00e-02
# The maximum gap between significant sites is assigned as the read length/tag size.
# The minimum length of peaks is assigned as the predicted fragment length "d".
# Larger dataset will be scaled towards smaller dataset.
# Range for calculating regional lambda is: 1000 bps and 10000 bps
# Broad region calling is off
# Paired-End mode is on
 
INFO  @ Fri, 14 Apr 2023 09:47:25: 
# Command line: callpeak --tempdir /hpc/pmc_drost/PROJECTS/swang/CUT_RUN/nhung_test/tmp -t /hpc/pmc_drost/PROJECTS/swang/CUT_RUN/nhung_test/rm_dup/SCC-bulkChIC-PMC-DRO-024/SCC-bulkChIC-PMC-DRO-024_rmdup_filt.bam -c /hpc/pmc_drost/PROJECTS/swang/CUT_RUN/nhung_test/rm_dup/bulkChIC-PMC-DRO-012/bulkChIC-PMC-DRO-012_rmdup_filt.bam -f BAMPE -g hs -n SCC-bulkChIC-PMC-DRO-024_paired_control -q 0.01 --outdir /hpc/pmc_drost/PROJECTS/swang/CUT_RUN/nhung_test/peakCalling/SCC-bulkChIC-PMC-DRO-024/narrow
# ARGUMENTS LIST:
# name = SCC-bulkChIC-PMC-DRO-024_paired_control
# format = BAMPE
# ChIP-seq file = ['/hpc/pmc_drost/PROJECTS/swang/CUT_RUN/nhung_test/rm_dup/SCC-bulkChIC-PMC-DRO-024/SCC-bulkChIC-PMC-DRO-024_rmdup_filt.bam']
# control file = ['/hpc/pmc_drost/PROJECTS/swang/CUT_RUN/nhung_test/rm_dup/bulkChIC-PMC-DRO-012/bulkChIC-PMC-DRO-012_rmdup_filt.bam']
# effective genome size = 2.70e+09
# band width = 300
# model fold = [5, 50]
# qvalue cutoff = 1.00e-02
# The maximum gap between significant sites is assigned as the read length/tag size.
# The minimum length of peaks is assigned as the predicted fragment length "d".
# Larger dataset will be scaled towards smaller dataset.
# Range for calculating regional lambda is: 1000 bps and 10000 bps
# Broad region calling is off
# Paired-End mode is on
 
INFO  @ Fri, 14 Apr 2023 09:47:25: #1 read fragment files... 
INFO  @ Fri, 14 Apr 2023 09:47:25: #1 read fragment files... 
INFO  @ Fri, 14 Apr 2023 09:47:25: #1 read fragment files... 
INFO  @ Fri, 14 Apr 2023 09:47:25: #1 read treatment fragments... 
INFO  @ Fri, 14 Apr 2023 09:47:25: #1 read treatment fragments... 
INFO  @ Fri, 14 Apr 2023 09:47:25: #1 read treatment fragments... 
INFO  @ Fri, 14 Apr 2023 09:47:31:  1000000 
INFO  @ Fri, 14 Apr 2023 09:47:32:  1000000 
INFO  @ Fri, 14 Apr 2023 09:47:32:  1000000 
INFO  @ Fri, 14 Apr 2023 09:47:35:  2000000 
INFO  @ Fri, 14 Apr 2023 09:47:36:  2000000 
INFO  @ Fri, 14 Apr 2023 09:47:36:  2000000 
INFO  @ Fri, 14 Apr 2023 09:47:39:  3000000 
INFO  @ Fri, 14 Apr 2023 09:47:40:  3000000 
INFO  @ Fri, 14 Apr 2023 09:47:40:  3000000 
INFO  @ Fri, 14 Apr 2023 09:47:43:  4000000 
INFO  @ Fri, 14 Apr 2023 09:47:44:  4000000 
INFO  @ Fri, 14 Apr 2023 09:47:44:  4000000 
INFO  @ Fri, 14 Apr 2023 09:47:47:  5000000 
INFO  @ Fri, 14 Apr 2023 09:47:48:  5000000 
INFO  @ Fri, 14 Apr 2023 09:47:48:  5000000 
INFO  @ Fri, 14 Apr 2023 09:47:51:  6000000 
INFO  @ Fri, 14 Apr 2023 09:47:52:  6000000 
INFO  @ Fri, 14 Apr 2023 09:47:52:  6000000 
INFO  @ Fri, 14 Apr 2023 09:47:55:  7000000 
INFO  @ Fri, 14 Apr 2023 09:47:56:  7000000 
INFO  @ Fri, 14 Apr 2023 09:47:56:  7000000 
INFO  @ Fri, 14 Apr 2023 09:47:59:  8000000 
INFO  @ Fri, 14 Apr 2023 09:48:00:  8000000 
INFO  @ Fri, 14 Apr 2023 09:48:00:  8000000 
INFO  @ Fri, 14 Apr 2023 09:48:03:  9000000 
INFO  @ Fri, 14 Apr 2023 09:48:04:  9000000 
INFO  @ Fri, 14 Apr 2023 09:48:04:  9000000 
INFO  @ Fri, 14 Apr 2023 09:48:07:  10000000 
INFO  @ Fri, 14 Apr 2023 09:48:08:  10000000 
INFO  @ Fri, 14 Apr 2023 09:48:08:  10000000 
INFO  @ Fri, 14 Apr 2023 09:48:08: 10085254 fragments have been read. 
INFO  @ Fri, 14 Apr 2023 09:48:11:  11000000 
INFO  @ Fri, 14 Apr 2023 09:48:12:  11000000 
INFO  @ Fri, 14 Apr 2023 09:48:13: #1.2 read input fragments... 
INFO  @ Fri, 14 Apr 2023 09:48:15:  12000000 
INFO  @ Fri, 14 Apr 2023 09:48:16:  12000000 
INFO  @ Fri, 14 Apr 2023 09:48:16: 12077229 fragments have been read. 
INFO  @ Fri, 14 Apr 2023 09:48:18:  1000000 
INFO  @ Fri, 14 Apr 2023 09:48:19:  13000000 
INFO  @ Fri, 14 Apr 2023 09:48:20: 13313197 fragments have been read. 
INFO  @ Fri, 14 Apr 2023 09:48:21: #1.2 read input fragments... 
INFO  @ Fri, 14 Apr 2023 09:48:22:  2000000 
INFO  @ Fri, 14 Apr 2023 09:48:25:  1000000 
INFO  @ Fri, 14 Apr 2023 09:48:26:  3000000 
INFO  @ Fri, 14 Apr 2023 09:48:26: #1.2 read input fragments... 
INFO  @ Fri, 14 Apr 2023 09:48:28:  2000000 
INFO  @ Fri, 14 Apr 2023 09:48:29:  1000000 
INFO  @ Fri, 14 Apr 2023 09:48:30:  4000000 
INFO  @ Fri, 14 Apr 2023 09:48:31:  3000000 
INFO  @ Fri, 14 Apr 2023 09:48:33:  2000000 
INFO  @ Fri, 14 Apr 2023 09:48:33:  5000000 
INFO  @ Fri, 14 Apr 2023 09:48:34:  4000000 
INFO  @ Fri, 14 Apr 2023 09:48:36:  3000000 
INFO  @ Fri, 14 Apr 2023 09:48:37:  6000000 
INFO  @ Fri, 14 Apr 2023 09:48:38:  5000000 
INFO  @ Fri, 14 Apr 2023 09:48:39:  4000000 
INFO  @ Fri, 14 Apr 2023 09:48:41:  6000000 
INFO  @ Fri, 14 Apr 2023 09:48:41:  7000000 
INFO  @ Fri, 14 Apr 2023 09:48:43:  5000000 
INFO  @ Fri, 14 Apr 2023 09:48:44:  7000000 
INFO  @ Fri, 14 Apr 2023 09:48:45:  8000000 
INFO  @ Fri, 14 Apr 2023 09:48:46:  6000000 
INFO  @ Fri, 14 Apr 2023 09:48:48:  8000000 
INFO  @ Fri, 14 Apr 2023 09:48:48:  9000000 
INFO  @ Fri, 14 Apr 2023 09:48:49:  7000000 
INFO  @ Fri, 14 Apr 2023 09:48:51:  9000000 
INFO  @ Fri, 14 Apr 2023 09:48:52:  10000000 
INFO  @ Fri, 14 Apr 2023 09:48:53:  8000000 
INFO  @ Fri, 14 Apr 2023 09:48:54:  10000000 
INFO  @ Fri, 14 Apr 2023 09:48:56:  11000000 
INFO  @ Fri, 14 Apr 2023 09:48:56:  9000000 
INFO  @ Fri, 14 Apr 2023 09:48:58:  11000000 
INFO  @ Fri, 14 Apr 2023 09:49:00:  10000000 
INFO  @ Fri, 14 Apr 2023 09:49:00:  12000000 
INFO  @ Fri, 14 Apr 2023 09:49:01:  12000000 
INFO  @ Fri, 14 Apr 2023 09:49:03:  11000000 
INFO  @ Fri, 14 Apr 2023 09:49:04:  13000000 
INFO  @ Fri, 14 Apr 2023 09:49:04: 13103627 fragments have been read. 
INFO  @ Fri, 14 Apr 2023 09:49:05:  13000000 
INFO  @ Fri, 14 Apr 2023 09:49:05: 13103627 fragments have been read. 
INFO  @ Fri, 14 Apr 2023 09:49:07:  12000000 
INFO  @ Fri, 14 Apr 2023 09:49:10:  13000000 
INFO  @ Fri, 14 Apr 2023 09:49:10: 13103627 fragments have been read. 
INFO  @ Fri, 14 Apr 2023 09:49:10: #1 mean fragment size is determined as 260.1 bp from treatment 
INFO  @ Fri, 14 Apr 2023 09:49:10: #1 note: mean fragment size in control is 273.0 bp -- value ignored 
INFO  @ Fri, 14 Apr 2023 09:49:10: #1 fragment size = 260.1 
INFO  @ Fri, 14 Apr 2023 09:49:10: #1  total fragments in treatment: 10085254 
INFO  @ Fri, 14 Apr 2023 09:49:10: #1 user defined the maximum fragments... 
INFO  @ Fri, 14 Apr 2023 09:49:10: #1 filter out redundant fragments by allowing at most 1 identical fragment(s) 
INFO  @ Fri, 14 Apr 2023 09:49:11: #1 mean fragment size is determined as 261.1 bp from treatment 
INFO  @ Fri, 14 Apr 2023 09:49:11: #1 note: mean fragment size in control is 273.0 bp -- value ignored 
INFO  @ Fri, 14 Apr 2023 09:49:11: #1 fragment size = 261.1 
INFO  @ Fri, 14 Apr 2023 09:49:11: #1  total fragments in treatment: 12077229 
INFO  @ Fri, 14 Apr 2023 09:49:11: #1 user defined the maximum fragments... 
INFO  @ Fri, 14 Apr 2023 09:49:11: #1 filter out redundant fragments by allowing at most 1 identical fragment(s) 
INFO  @ Fri, 14 Apr 2023 09:49:17: #1 mean fragment size is determined as 242.0 bp from treatment 
INFO  @ Fri, 14 Apr 2023 09:49:17: #1 note: mean fragment size in control is 273.0 bp -- value ignored 
INFO  @ Fri, 14 Apr 2023 09:49:17: #1 fragment size = 242.0 
INFO  @ Fri, 14 Apr 2023 09:49:17: #1  total fragments in treatment: 13313197 
INFO  @ Fri, 14 Apr 2023 09:49:17: #1 user defined the maximum fragments... 
INFO  @ Fri, 14 Apr 2023 09:49:17: #1 filter out redundant fragments by allowing at most 1 identical fragment(s) 
INFO  @ Fri, 14 Apr 2023 09:49:21: #1  fragments after filtering in treatment: 10085254 
INFO  @ Fri, 14 Apr 2023 09:49:21: #1  Redundant rate of treatment: 0.00 
INFO  @ Fri, 14 Apr 2023 09:49:21: #1  total fragments in control: 13103627 
INFO  @ Fri, 14 Apr 2023 09:49:21: #1 user defined the maximum fragments... 
INFO  @ Fri, 14 Apr 2023 09:49:21: #1 filter out redundant fragments by allowing at most 1 identical fragment(s) 
INFO  @ Fri, 14 Apr 2023 09:49:24: #1  fragments after filtering in treatment: 12077229 
INFO  @ Fri, 14 Apr 2023 09:49:24: #1  Redundant rate of treatment: 0.00 
INFO  @ Fri, 14 Apr 2023 09:49:24: #1  total fragments in control: 13103627 
INFO  @ Fri, 14 Apr 2023 09:49:24: #1 user defined the maximum fragments... 
INFO  @ Fri, 14 Apr 2023 09:49:24: #1 filter out redundant fragments by allowing at most 1 identical fragment(s) 
INFO  @ Fri, 14 Apr 2023 09:49:31: #1  fragments after filtering in treatment: 13313197 
INFO  @ Fri, 14 Apr 2023 09:49:31: #1  Redundant rate of treatment: 0.00 
INFO  @ Fri, 14 Apr 2023 09:49:31: #1  total fragments in control: 13103627 
INFO  @ Fri, 14 Apr 2023 09:49:31: #1 user defined the maximum fragments... 
INFO  @ Fri, 14 Apr 2023 09:49:31: #1 filter out redundant fragments by allowing at most 1 identical fragment(s) 
INFO  @ Fri, 14 Apr 2023 09:49:34: #1  fragments after filtering in control: 13103627 
INFO  @ Fri, 14 Apr 2023 09:49:34: #1  Redundant rate of control: 0.00 
INFO  @ Fri, 14 Apr 2023 09:49:34: #1 finished! 
INFO  @ Fri, 14 Apr 2023 09:49:34: #2 Build Peak Model... 
INFO  @ Fri, 14 Apr 2023 09:49:34: #2 Skipped... 
INFO  @ Fri, 14 Apr 2023 09:49:34: #3 Call peaks... 
INFO  @ Fri, 14 Apr 2023 09:49:34: #3 Pre-compute pvalue-qvalue table... 
INFO  @ Fri, 14 Apr 2023 09:49:38: #1  fragments after filtering in control: 13103627 
INFO  @ Fri, 14 Apr 2023 09:49:38: #1  Redundant rate of control: 0.00 
INFO  @ Fri, 14 Apr 2023 09:49:38: #1 finished! 
INFO  @ Fri, 14 Apr 2023 09:49:38: #2 Build Peak Model... 
INFO  @ Fri, 14 Apr 2023 09:49:38: #2 Skipped... 
INFO  @ Fri, 14 Apr 2023 09:49:38: #3 Call peaks... 
INFO  @ Fri, 14 Apr 2023 09:49:38: #3 Pre-compute pvalue-qvalue table... 
INFO  @ Fri, 14 Apr 2023 09:49:45: #1  fragments after filtering in control: 13103627 
INFO  @ Fri, 14 Apr 2023 09:49:45: #1  Redundant rate of control: 0.00 
INFO  @ Fri, 14 Apr 2023 09:49:45: #1 finished! 
INFO  @ Fri, 14 Apr 2023 09:49:45: #2 Build Peak Model... 
INFO  @ Fri, 14 Apr 2023 09:49:45: #2 Skipped... 
INFO  @ Fri, 14 Apr 2023 09:49:45: #3 Call peaks... 
INFO  @ Fri, 14 Apr 2023 09:49:45: #3 Pre-compute pvalue-qvalue table... 
INFO  @ Fri, 14 Apr 2023 09:50:43: #3 Call peaks for each chromosome... 
INFO  @ Fri, 14 Apr 2023 09:50:47: #3 Call peaks for each chromosome... 
INFO  @ Fri, 14 Apr 2023 09:50:57: #3 Call peaks for each chromosome... 
INFO  @ Fri, 14 Apr 2023 09:51:25: #4 Write output xls file... /hpc/pmc_drost/PROJECTS/swang/CUT_RUN/nhung_test/peakCalling/SCC-bulkChIC-PMC-DRO-025/narrow/SCC-bulkChIC-PMC-DRO-025_paired_control_peaks.xls 
INFO  @ Fri, 14 Apr 2023 09:51:25: #4 Write peak in narrowPeak format file... /hpc/pmc_drost/PROJECTS/swang/CUT_RUN/nhung_test/peakCalling/SCC-bulkChIC-PMC-DRO-025/narrow/SCC-bulkChIC-PMC-DRO-025_paired_control_peaks.narrowPeak 
INFO  @ Fri, 14 Apr 2023 09:51:25: #4 Write summits bed file... /hpc/pmc_drost/PROJECTS/swang/CUT_RUN/nhung_test/peakCalling/SCC-bulkChIC-PMC-DRO-025/narrow/SCC-bulkChIC-PMC-DRO-025_paired_control_summits.bed 
INFO  @ Fri, 14 Apr 2023 09:51:25: Done! 
----------------start-broad-peak-calling-for SCC-bulkChIC-PMC-DRO-025 at Fri Apr 14 09:51:25 CEST 2023----------
INFO  @ Fri, 14 Apr 2023 09:51:26: 
# Command line: callpeak --tempdir /hpc/pmc_drost/PROJECTS/swang/CUT_RUN/nhung_test/tmp -t /hpc/pmc_drost/PROJECTS/swang/CUT_RUN/nhung_test/rm_dup/SCC-bulkChIC-PMC-DRO-025/SCC-bulkChIC-PMC-DRO-025_rmdup_filt.bam -c /hpc/pmc_drost/PROJECTS/swang/CUT_RUN/nhung_test/rm_dup/bulkChIC-PMC-DRO-012/bulkChIC-PMC-DRO-012_rmdup_filt.bam -f BAMPE -g hs -n SCC-bulkChIC-PMC-DRO-025_paired_control -q 0.01 --broad --outdir /hpc/pmc_drost/PROJECTS/swang/CUT_RUN/nhung_test/peakCalling/SCC-bulkChIC-PMC-DRO-025/broad
# ARGUMENTS LIST:
# name = SCC-bulkChIC-PMC-DRO-025_paired_control
# format = BAMPE
# ChIP-seq file = ['/hpc/pmc_drost/PROJECTS/swang/CUT_RUN/nhung_test/rm_dup/SCC-bulkChIC-PMC-DRO-025/SCC-bulkChIC-PMC-DRO-025_rmdup_filt.bam']
# control file = ['/hpc/pmc_drost/PROJECTS/swang/CUT_RUN/nhung_test/rm_dup/bulkChIC-PMC-DRO-012/bulkChIC-PMC-DRO-012_rmdup_filt.bam']
# effective genome size = 2.70e+09
# band width = 300
# model fold = [5, 50]
# qvalue cutoff for narrow/strong regions = 1.00e-02
# qvalue cutoff for broad/weak regions = 1.00e-01
# The maximum gap between significant sites is assigned as the read length/tag size.
# The minimum length of peaks is assigned as the predicted fragment length "d".
# Larger dataset will be scaled towards smaller dataset.
# Range for calculating regional lambda is: 1000 bps and 10000 bps
# Broad region calling is on
# Paired-End mode is on
 
INFO  @ Fri, 14 Apr 2023 09:51:26: #1 read fragment files... 
INFO  @ Fri, 14 Apr 2023 09:51:26: #1 read treatment fragments... 
INFO  @ Fri, 14 Apr 2023 09:51:30:  1000000 
INFO  @ Fri, 14 Apr 2023 09:51:31: #4 Write output xls file... /hpc/pmc_drost/PROJECTS/swang/CUT_RUN/nhung_test/peakCalling/SCC-bulkChIC-PMC-DRO-023/narrow/SCC-bulkChIC-PMC-DRO-023_paired_control_peaks.xls 
INFO  @ Fri, 14 Apr 2023 09:51:31: #4 Write peak in narrowPeak format file... /hpc/pmc_drost/PROJECTS/swang/CUT_RUN/nhung_test/peakCalling/SCC-bulkChIC-PMC-DRO-023/narrow/SCC-bulkChIC-PMC-DRO-023_paired_control_peaks.narrowPeak 
INFO  @ Fri, 14 Apr 2023 09:51:31: #4 Write summits bed file... /hpc/pmc_drost/PROJECTS/swang/CUT_RUN/nhung_test/peakCalling/SCC-bulkChIC-PMC-DRO-023/narrow/SCC-bulkChIC-PMC-DRO-023_paired_control_summits.bed 
INFO  @ Fri, 14 Apr 2023 09:51:31: Done! 
----------------start-broad-peak-calling-for SCC-bulkChIC-PMC-DRO-023 at Fri Apr 14 09:51:32 CEST 2023----------
INFO  @ Fri, 14 Apr 2023 09:51:32: 
# Command line: callpeak --tempdir /hpc/pmc_drost/PROJECTS/swang/CUT_RUN/nhung_test/tmp -t /hpc/pmc_drost/PROJECTS/swang/CUT_RUN/nhung_test/rm_dup/SCC-bulkChIC-PMC-DRO-023/SCC-bulkChIC-PMC-DRO-023_rmdup_filt.bam -c /hpc/pmc_drost/PROJECTS/swang/CUT_RUN/nhung_test/rm_dup/bulkChIC-PMC-DRO-012/bulkChIC-PMC-DRO-012_rmdup_filt.bam -f BAMPE -g hs -n SCC-bulkChIC-PMC-DRO-023_paired_control -q 0.01 --broad --outdir /hpc/pmc_drost/PROJECTS/swang/CUT_RUN/nhung_test/peakCalling/SCC-bulkChIC-PMC-DRO-023/broad
# ARGUMENTS LIST:
# name = SCC-bulkChIC-PMC-DRO-023_paired_control
# format = BAMPE
# ChIP-seq file = ['/hpc/pmc_drost/PROJECTS/swang/CUT_RUN/nhung_test/rm_dup/SCC-bulkChIC-PMC-DRO-023/SCC-bulkChIC-PMC-DRO-023_rmdup_filt.bam']
# control file = ['/hpc/pmc_drost/PROJECTS/swang/CUT_RUN/nhung_test/rm_dup/bulkChIC-PMC-DRO-012/bulkChIC-PMC-DRO-012_rmdup_filt.bam']
# effective genome size = 2.70e+09
# band width = 300
# model fold = [5, 50]
# qvalue cutoff for narrow/strong regions = 1.00e-02
# qvalue cutoff for broad/weak regions = 1.00e-01
# The maximum gap between significant sites is assigned as the read length/tag size.
# The minimum length of peaks is assigned as the predicted fragment length "d".
# Larger dataset will be scaled towards smaller dataset.
# Range for calculating regional lambda is: 1000 bps and 10000 bps
# Broad region calling is on
# Paired-End mode is on
 
INFO  @ Fri, 14 Apr 2023 09:51:32: #1 read fragment files... 
INFO  @ Fri, 14 Apr 2023 09:51:32: #1 read treatment fragments... 
INFO  @ Fri, 14 Apr 2023 09:51:33:  2000000 
INFO  @ Fri, 14 Apr 2023 09:51:36:  1000000 
INFO  @ Fri, 14 Apr 2023 09:51:37:  3000000 
INFO  @ Fri, 14 Apr 2023 09:51:40:  2000000 
INFO  @ Fri, 14 Apr 2023 09:51:41:  4000000 
INFO  @ Fri, 14 Apr 2023 09:51:44:  3000000 
INFO  @ Fri, 14 Apr 2023 09:51:44:  5000000 
INFO  @ Fri, 14 Apr 2023 09:51:44: #4 Write output xls file... /hpc/pmc_drost/PROJECTS/swang/CUT_RUN/nhung_test/peakCalling/SCC-bulkChIC-PMC-DRO-024/narrow/SCC-bulkChIC-PMC-DRO-024_paired_control_peaks.xls 
INFO  @ Fri, 14 Apr 2023 09:51:45: #4 Write peak in narrowPeak format file... /hpc/pmc_drost/PROJECTS/swang/CUT_RUN/nhung_test/peakCalling/SCC-bulkChIC-PMC-DRO-024/narrow/SCC-bulkChIC-PMC-DRO-024_paired_control_peaks.narrowPeak 
INFO  @ Fri, 14 Apr 2023 09:51:45: #4 Write summits bed file... /hpc/pmc_drost/PROJECTS/swang/CUT_RUN/nhung_test/peakCalling/SCC-bulkChIC-PMC-DRO-024/narrow/SCC-bulkChIC-PMC-DRO-024_paired_control_summits.bed 
INFO  @ Fri, 14 Apr 2023 09:51:45: Done! 
----------------start-broad-peak-calling-for SCC-bulkChIC-PMC-DRO-024 at Fri Apr 14 09:51:45 CEST 2023----------
INFO  @ Fri, 14 Apr 2023 09:51:45: 
# Command line: callpeak --tempdir /hpc/pmc_drost/PROJECTS/swang/CUT_RUN/nhung_test/tmp -t /hpc/pmc_drost/PROJECTS/swang/CUT_RUN/nhung_test/rm_dup/SCC-bulkChIC-PMC-DRO-024/SCC-bulkChIC-PMC-DRO-024_rmdup_filt.bam -c /hpc/pmc_drost/PROJECTS/swang/CUT_RUN/nhung_test/rm_dup/bulkChIC-PMC-DRO-012/bulkChIC-PMC-DRO-012_rmdup_filt.bam -f BAMPE -g hs -n SCC-bulkChIC-PMC-DRO-024_paired_control -q 0.01 --broad --outdir /hpc/pmc_drost/PROJECTS/swang/CUT_RUN/nhung_test/peakCalling/SCC-bulkChIC-PMC-DRO-024/broad
# ARGUMENTS LIST:
# name = SCC-bulkChIC-PMC-DRO-024_paired_control
# format = BAMPE
# ChIP-seq file = ['/hpc/pmc_drost/PROJECTS/swang/CUT_RUN/nhung_test/rm_dup/SCC-bulkChIC-PMC-DRO-024/SCC-bulkChIC-PMC-DRO-024_rmdup_filt.bam']
# control file = ['/hpc/pmc_drost/PROJECTS/swang/CUT_RUN/nhung_test/rm_dup/bulkChIC-PMC-DRO-012/bulkChIC-PMC-DRO-012_rmdup_filt.bam']
# effective genome size = 2.70e+09
# band width = 300
# model fold = [5, 50]
# qvalue cutoff for narrow/strong regions = 1.00e-02
# qvalue cutoff for broad/weak regions = 1.00e-01
# The maximum gap between significant sites is assigned as the read length/tag size.
# The minimum length of peaks is assigned as the predicted fragment length "d".
# Larger dataset will be scaled towards smaller dataset.
# Range for calculating regional lambda is: 1000 bps and 10000 bps
# Broad region calling is on
# Paired-End mode is on
 
INFO  @ Fri, 14 Apr 2023 09:51:45: #1 read fragment files... 
INFO  @ Fri, 14 Apr 2023 09:51:45: #1 read treatment fragments... 
INFO  @ Fri, 14 Apr 2023 09:51:47:  4000000 
INFO  @ Fri, 14 Apr 2023 09:51:48:  6000000 
INFO  @ Fri, 14 Apr 2023 09:51:49:  1000000 
INFO  @ Fri, 14 Apr 2023 09:51:51:  5000000 
INFO  @ Fri, 14 Apr 2023 09:51:52:  7000000 
INFO  @ Fri, 14 Apr 2023 09:51:53:  2000000 
INFO  @ Fri, 14 Apr 2023 09:51:54:  6000000 
INFO  @ Fri, 14 Apr 2023 09:51:55:  8000000 
INFO  @ Fri, 14 Apr 2023 09:51:57:  3000000 
INFO  @ Fri, 14 Apr 2023 09:51:58:  7000000 
INFO  @ Fri, 14 Apr 2023 09:51:59:  9000000 
INFO  @ Fri, 14 Apr 2023 09:52:00:  4000000 
INFO  @ Fri, 14 Apr 2023 09:52:01:  8000000 
INFO  @ Fri, 14 Apr 2023 09:52:02:  10000000 
INFO  @ Fri, 14 Apr 2023 09:52:03: 10085254 fragments have been read. 
INFO  @ Fri, 14 Apr 2023 09:52:04:  5000000 
INFO  @ Fri, 14 Apr 2023 09:52:05:  9000000 
INFO  @ Fri, 14 Apr 2023 09:52:07:  6000000 
INFO  @ Fri, 14 Apr 2023 09:52:07: #1.2 read input fragments... 
INFO  @ Fri, 14 Apr 2023 09:52:09:  10000000 
INFO  @ Fri, 14 Apr 2023 09:52:11:  7000000 
INFO  @ Fri, 14 Apr 2023 09:52:11:  1000000 
INFO  @ Fri, 14 Apr 2023 09:52:12:  11000000 
INFO  @ Fri, 14 Apr 2023 09:52:14:  2000000 
INFO  @ Fri, 14 Apr 2023 09:52:14:  8000000 
INFO  @ Fri, 14 Apr 2023 09:52:16:  12000000 
INFO  @ Fri, 14 Apr 2023 09:52:16: 12077229 fragments have been read. 
INFO  @ Fri, 14 Apr 2023 09:52:17:  3000000 
INFO  @ Fri, 14 Apr 2023 09:52:18:  9000000 
INFO  @ Fri, 14 Apr 2023 09:52:21:  4000000 
INFO  @ Fri, 14 Apr 2023 09:52:21:  10000000 
INFO  @ Fri, 14 Apr 2023 09:52:21: #1.2 read input fragments... 
INFO  @ Fri, 14 Apr 2023 09:52:24:  5000000 
INFO  @ Fri, 14 Apr 2023 09:52:24:  11000000 
INFO  @ Fri, 14 Apr 2023 09:52:24:  1000000 
INFO  @ Fri, 14 Apr 2023 09:52:27:  6000000 
INFO  @ Fri, 14 Apr 2023 09:52:28:  2000000 
INFO  @ Fri, 14 Apr 2023 09:52:28:  12000000 
INFO  @ Fri, 14 Apr 2023 09:52:31:  7000000 
INFO  @ Fri, 14 Apr 2023 09:52:31:  3000000 
INFO  @ Fri, 14 Apr 2023 09:52:31:  13000000 
INFO  @ Fri, 14 Apr 2023 09:52:32: 13313197 fragments have been read. 
INFO  @ Fri, 14 Apr 2023 09:52:34:  8000000 
INFO  @ Fri, 14 Apr 2023 09:52:34:  4000000 
INFO  @ Fri, 14 Apr 2023 09:52:37:  9000000 
INFO  @ Fri, 14 Apr 2023 09:52:37:  5000000 
INFO  @ Fri, 14 Apr 2023 09:52:38: #1.2 read input fragments... 
INFO  @ Fri, 14 Apr 2023 09:52:41:  10000000 
INFO  @ Fri, 14 Apr 2023 09:52:41:  6000000 
INFO  @ Fri, 14 Apr 2023 09:52:41:  1000000 
INFO  @ Fri, 14 Apr 2023 09:52:44:  11000000 
INFO  @ Fri, 14 Apr 2023 09:52:44:  7000000 
INFO  @ Fri, 14 Apr 2023 09:52:45:  2000000 
INFO  @ Fri, 14 Apr 2023 09:52:47:  12000000 
INFO  @ Fri, 14 Apr 2023 09:52:47:  8000000 
INFO  @ Fri, 14 Apr 2023 09:52:48:  3000000 
INFO  @ Fri, 14 Apr 2023 09:52:50:  13000000 
INFO  @ Fri, 14 Apr 2023 09:52:50:  9000000 
INFO  @ Fri, 14 Apr 2023 09:52:51: 13103627 fragments have been read. 
INFO  @ Fri, 14 Apr 2023 09:52:51:  4000000 
INFO  @ Fri, 14 Apr 2023 09:52:54:  10000000 
INFO  @ Fri, 14 Apr 2023 09:52:55:  5000000 
INFO  @ Fri, 14 Apr 2023 09:52:57:  11000000 
INFO  @ Fri, 14 Apr 2023 09:52:57: #1 mean fragment size is determined as 260.1 bp from treatment 
INFO  @ Fri, 14 Apr 2023 09:52:57: #1 note: mean fragment size in control is 273.0 bp -- value ignored 
INFO  @ Fri, 14 Apr 2023 09:52:57: #1 fragment size = 260.1 
INFO  @ Fri, 14 Apr 2023 09:52:57: #1  total fragments in treatment: 10085254 
INFO  @ Fri, 14 Apr 2023 09:52:57: #1 user defined the maximum fragments... 
INFO  @ Fri, 14 Apr 2023 09:52:57: #1 filter out redundant fragments by allowing at most 1 identical fragment(s) 
INFO  @ Fri, 14 Apr 2023 09:52:58:  6000000 
INFO  @ Fri, 14 Apr 2023 09:53:01:  12000000 
INFO  @ Fri, 14 Apr 2023 09:53:02:  7000000 
INFO  @ Fri, 14 Apr 2023 09:53:04:  13000000 
INFO  @ Fri, 14 Apr 2023 09:53:05: 13103627 fragments have been read. 
INFO  @ Fri, 14 Apr 2023 09:53:05:  8000000 
INFO  @ Fri, 14 Apr 2023 09:53:08: #1  fragments after filtering in treatment: 10085254 
INFO  @ Fri, 14 Apr 2023 09:53:08: #1  Redundant rate of treatment: 0.00 
INFO  @ Fri, 14 Apr 2023 09:53:08: #1  total fragments in control: 13103627 
INFO  @ Fri, 14 Apr 2023 09:53:08: #1 user defined the maximum fragments... 
INFO  @ Fri, 14 Apr 2023 09:53:08: #1 filter out redundant fragments by allowing at most 1 identical fragment(s) 
INFO  @ Fri, 14 Apr 2023 09:53:08:  9000000 
INFO  @ Fri, 14 Apr 2023 09:53:11: #1 mean fragment size is determined as 261.1 bp from treatment 
INFO  @ Fri, 14 Apr 2023 09:53:11: #1 note: mean fragment size in control is 273.0 bp -- value ignored 
INFO  @ Fri, 14 Apr 2023 09:53:11: #1 fragment size = 261.1 
INFO  @ Fri, 14 Apr 2023 09:53:11: #1  total fragments in treatment: 12077229 
INFO  @ Fri, 14 Apr 2023 09:53:11: #1 user defined the maximum fragments... 
INFO  @ Fri, 14 Apr 2023 09:53:11: #1 filter out redundant fragments by allowing at most 1 identical fragment(s) 
INFO  @ Fri, 14 Apr 2023 09:53:12:  10000000 
INFO  @ Fri, 14 Apr 2023 09:53:15:  11000000 
INFO  @ Fri, 14 Apr 2023 09:53:19:  12000000 
INFO  @ Fri, 14 Apr 2023 09:53:22: #1  fragments after filtering in control: 13103627 
INFO  @ Fri, 14 Apr 2023 09:53:22: #1  Redundant rate of control: 0.00 
INFO  @ Fri, 14 Apr 2023 09:53:22: #1 finished! 
INFO  @ Fri, 14 Apr 2023 09:53:22: #2 Build Peak Model... 
INFO  @ Fri, 14 Apr 2023 09:53:22: #2 Skipped... 
INFO  @ Fri, 14 Apr 2023 09:53:22: #3 Call peaks... 
INFO  @ Fri, 14 Apr 2023 09:53:22: #3 Call broad peaks with given level1 -log10qvalue cutoff and level2: 2.000000, 1.000000... 
INFO  @ Fri, 14 Apr 2023 09:53:22: #3 Pre-compute pvalue-qvalue table... 
INFO  @ Fri, 14 Apr 2023 09:53:22:  13000000 
INFO  @ Fri, 14 Apr 2023 09:53:22: 13103627 fragments have been read. 
INFO  @ Fri, 14 Apr 2023 09:53:25: #1  fragments after filtering in treatment: 12077229 
INFO  @ Fri, 14 Apr 2023 09:53:25: #1  Redundant rate of treatment: 0.00 
INFO  @ Fri, 14 Apr 2023 09:53:25: #1  total fragments in control: 13103627 
INFO  @ Fri, 14 Apr 2023 09:53:25: #1 user defined the maximum fragments... 
INFO  @ Fri, 14 Apr 2023 09:53:25: #1 filter out redundant fragments by allowing at most 1 identical fragment(s) 
INFO  @ Fri, 14 Apr 2023 09:53:29: #1 mean fragment size is determined as 242.0 bp from treatment 
INFO  @ Fri, 14 Apr 2023 09:53:29: #1 note: mean fragment size in control is 273.0 bp -- value ignored 
INFO  @ Fri, 14 Apr 2023 09:53:29: #1 fragment size = 242.0 
INFO  @ Fri, 14 Apr 2023 09:53:29: #1  total fragments in treatment: 13313197 
INFO  @ Fri, 14 Apr 2023 09:53:29: #1 user defined the maximum fragments... 
INFO  @ Fri, 14 Apr 2023 09:53:29: #1 filter out redundant fragments by allowing at most 1 identical fragment(s) 
INFO  @ Fri, 14 Apr 2023 09:53:39: #1  fragments after filtering in control: 13103627 
INFO  @ Fri, 14 Apr 2023 09:53:39: #1  Redundant rate of control: 0.00 
INFO  @ Fri, 14 Apr 2023 09:53:39: #1 finished! 
INFO  @ Fri, 14 Apr 2023 09:53:39: #2 Build Peak Model... 
INFO  @ Fri, 14 Apr 2023 09:53:39: #2 Skipped... 
INFO  @ Fri, 14 Apr 2023 09:53:39: #3 Call peaks... 
INFO  @ Fri, 14 Apr 2023 09:53:39: #3 Call broad peaks with given level1 -log10qvalue cutoff and level2: 2.000000, 1.000000... 
INFO  @ Fri, 14 Apr 2023 09:53:39: #3 Pre-compute pvalue-qvalue table... 
INFO  @ Fri, 14 Apr 2023 09:53:43: #1  fragments after filtering in treatment: 13313197 
INFO  @ Fri, 14 Apr 2023 09:53:43: #1  Redundant rate of treatment: 0.00 
INFO  @ Fri, 14 Apr 2023 09:53:43: #1  total fragments in control: 13103627 
INFO  @ Fri, 14 Apr 2023 09:53:43: #1 user defined the maximum fragments... 
INFO  @ Fri, 14 Apr 2023 09:53:43: #1 filter out redundant fragments by allowing at most 1 identical fragment(s) 
INFO  @ Fri, 14 Apr 2023 09:53:56: #1  fragments after filtering in control: 13103627 
INFO  @ Fri, 14 Apr 2023 09:53:56: #1  Redundant rate of control: 0.00 
INFO  @ Fri, 14 Apr 2023 09:53:56: #1 finished! 
INFO  @ Fri, 14 Apr 2023 09:53:56: #2 Build Peak Model... 
INFO  @ Fri, 14 Apr 2023 09:53:56: #2 Skipped... 
INFO  @ Fri, 14 Apr 2023 09:53:56: #3 Call peaks... 
INFO  @ Fri, 14 Apr 2023 09:53:56: #3 Call broad peaks with given level1 -log10qvalue cutoff and level2: 2.000000, 1.000000... 
INFO  @ Fri, 14 Apr 2023 09:53:56: #3 Pre-compute pvalue-qvalue table... 
INFO  @ Fri, 14 Apr 2023 09:54:28: #3 Call peaks for each chromosome... 
INFO  @ Fri, 14 Apr 2023 09:54:46: #3 Call peaks for each chromosome... 
INFO  @ Fri, 14 Apr 2023 09:55:11: #3 Call peaks for each chromosome... 
INFO  @ Fri, 14 Apr 2023 09:55:18: #4 Write output xls file... /hpc/pmc_drost/PROJECTS/swang/CUT_RUN/nhung_test/peakCalling/SCC-bulkChIC-PMC-DRO-025/broad/SCC-bulkChIC-PMC-DRO-025_paired_control_peaks.xls 
INFO  @ Fri, 14 Apr 2023 09:55:18: #4 Write broad peak in broadPeak format file... /hpc/pmc_drost/PROJECTS/swang/CUT_RUN/nhung_test/peakCalling/SCC-bulkChIC-PMC-DRO-025/broad/SCC-bulkChIC-PMC-DRO-025_paired_control_peaks.broadPeak 
INFO  @ Fri, 14 Apr 2023 09:55:18: #4 Write broad peak in bed12/gappedPeak format file... /hpc/pmc_drost/PROJECTS/swang/CUT_RUN/nhung_test/peakCalling/SCC-bulkChIC-PMC-DRO-025/broad/SCC-bulkChIC-PMC-DRO-025_paired_control_peaks.gappedPeak 
INFO  @ Fri, 14 Apr 2023 09:55:18: Done! 
----------------finish-broad-peak-calling-for SCC-bulkChIC-PMC-DRO-025 at Fri Apr 14 09:55:18 CEST 2023----------
INFO  @ Fri, 14 Apr 2023 09:55:32: #4 Write output xls file... /hpc/pmc_drost/PROJECTS/swang/CUT_RUN/nhung_test/peakCalling/SCC-bulkChIC-PMC-DRO-023/broad/SCC-bulkChIC-PMC-DRO-023_paired_control_peaks.xls 
INFO  @ Fri, 14 Apr 2023 09:55:32: #4 Write broad peak in broadPeak format file... /hpc/pmc_drost/PROJECTS/swang/CUT_RUN/nhung_test/peakCalling/SCC-bulkChIC-PMC-DRO-023/broad/SCC-bulkChIC-PMC-DRO-023_paired_control_peaks.broadPeak 
INFO  @ Fri, 14 Apr 2023 09:55:32: #4 Write broad peak in bed12/gappedPeak format file... /hpc/pmc_drost/PROJECTS/swang/CUT_RUN/nhung_test/peakCalling/SCC-bulkChIC-PMC-DRO-023/broad/SCC-bulkChIC-PMC-DRO-023_paired_control_peaks.gappedPeak 
INFO  @ Fri, 14 Apr 2023 09:55:32: Done! 
----------------finish-broad-peak-calling-for SCC-bulkChIC-PMC-DRO-023 at Fri Apr 14 09:55:32 CEST 2023----------
INFO  @ Fri, 14 Apr 2023 09:55:58: #4 Write output xls file... /hpc/pmc_drost/PROJECTS/swang/CUT_RUN/nhung_test/peakCalling/SCC-bulkChIC-PMC-DRO-024/broad/SCC-bulkChIC-PMC-DRO-024_paired_control_peaks.xls 
INFO  @ Fri, 14 Apr 2023 09:55:58: #4 Write broad peak in broadPeak format file... /hpc/pmc_drost/PROJECTS/swang/CUT_RUN/nhung_test/peakCalling/SCC-bulkChIC-PMC-DRO-024/broad/SCC-bulkChIC-PMC-DRO-024_paired_control_peaks.broadPeak 
INFO  @ Fri, 14 Apr 2023 09:55:58: #4 Write broad peak in bed12/gappedPeak format file... /hpc/pmc_drost/PROJECTS/swang/CUT_RUN/nhung_test/peakCalling/SCC-bulkChIC-PMC-DRO-024/broad/SCC-bulkChIC-PMC-DRO-024_paired_control_peaks.gappedPeak 
INFO  @ Fri, 14 Apr 2023 09:55:59: Done! 
----------------finish-broad-peak-calling-for SCC-bulkChIC-PMC-DRO-024 at Fri Apr 14 09:55:59 CEST 2023----------
all done for fusion
finish cut and run analysis at Fri Apr 14 09:55:59 CEST 2023
