start running cut and run analysis at Fri Apr 14 09:25:57 CEST 2023
-------------------step 6. running peak calling----------------------
-----------running 1 out of 1 luciferase samples---------------
-----------running 2 out of 1 luciferase samples---------------
-----------running 3 out of 1 luciferase samples---------------
find: ‘/hpc/pmc_drost/PROJECTS/swang/CUT_RUN/nhung_test/rm_dup/bulkChIC-PMC-DRO-021’: No such file or directory
----------------start-narrow-peak-calling-for bulkChIC-PMC-DRO-021 at Fri Apr 14 09:25:57 CEST 2023----------
find: ‘/hpc/pmc_drost/PROJECTS/swang/CUT_RUN/nhung_test/rm_dup/bulkChIC-PMC-DRO-020’: No such file or directory
find: ‘/hpc/pmc_drost/PROJECTS/swang/CUT_RUN/nhung_test/rm_dup/bulkChIC-PMC-DRO-022’: No such file or directory
----------------start-narrow-peak-calling-for bulkChIC-PMC-DRO-020 at Fri Apr 14 09:25:57 CEST 2023----------
----------------start-narrow-peak-calling-for bulkChIC-PMC-DRO-022 at Fri Apr 14 09:25:57 CEST 2023----------
usage: macs2 callpeak [-h] -t TFILE [TFILE ...] [-c [CFILE ...]]
                      [-f {AUTO,BAM,SAM,BED,ELAND,ELANDMULTI,ELANDEXPORT,BOWTIE,BAMPE,BEDPE}]
                      [-g GSIZE] [-s TSIZE] [--keep-dup KEEPDUPLICATES]
                      [--outdir OUTDIR] [-n NAME] [-B] [--verbose VERBOSE]
                      [--trackline] [--SPMR] [--nomodel] [--shift SHIFT]
                      [--extsize EXTSIZE] [--bw BW] [--d-min D_MIN]
                      [-m MFOLD MFOLD] [--fix-bimodal] [-q QVALUE | -p PVALUE]
                      [--scale-to {large,small}] [--down-sample] [--seed SEED]
                      [--tempdir TEMPDIR] [--nolambda] [--slocal SMALLLOCAL]
                      [--llocal LARGELOCAL] [--max-gap MAXGAP]
                      [--min-length MINLEN] [--broad]
                      [--broad-cutoff BROADCUTOFF] [--cutoff-analysis]
                      [--call-summits] [--fe-cutoff FECUTOFF]
                      [--buffer-size BUFFER_SIZE] [--to-large] [--ratio RATIO]
usage: macs2 callpeak [-h] -t TFILE [TFILE ...] [-c [CFILE ...]]
                      [-f {AUTO,BAM,SAM,BED,ELAND,ELANDMULTI,ELANDEXPORT,BOWTIE,BAMPE,BEDPE}]
                      [-g GSIZE] [-s TSIZE] [--keep-dup KEEPDUPLICATES]
                      [--outdir OUTDIR] [-n NAME] [-B] [--verbose VERBOSE]
                      [--trackline] [--SPMR] [--nomodel] [--shift SHIFT]
                      [--extsize EXTSIZE] [--bw BW] [--d-min D_MIN]
                      [-m MFOLD MFOLD] [--fix-bimodal] [-q QVALUE | -p PVALUE]
                      [--scale-to {large,small}] [--down-sample] [--seed SEED]
                      [--tempdir TEMPDIR] [--nolambda] [--slocal SMALLLOCAL]
                      [--llocal LARGELOCAL] [--max-gap MAXGAP]
                      [--min-length MINLEN] [--broad]
                      [--broad-cutoff BROADCUTOFF] [--cutoff-analysis]
                      [--call-summits] [--fe-cutoff FECUTOFF]
                      [--buffer-size BUFFER_SIZE] [--to-large] [--ratio RATIO]
macs2 callpeak: error: argument -t/--treatment: expected at least one argument
macs2 callpeak: error: argument -t/--treatment: expected at least one argument
usage: macs2 callpeak [-h] -t TFILE [TFILE ...] [-c [CFILE ...]]
                      [-f {AUTO,BAM,SAM,BED,ELAND,ELANDMULTI,ELANDEXPORT,BOWTIE,BAMPE,BEDPE}]
                      [-g GSIZE] [-s TSIZE] [--keep-dup KEEPDUPLICATES]
                      [--outdir OUTDIR] [-n NAME] [-B] [--verbose VERBOSE]
                      [--trackline] [--SPMR] [--nomodel] [--shift SHIFT]
                      [--extsize EXTSIZE] [--bw BW] [--d-min D_MIN]
                      [-m MFOLD MFOLD] [--fix-bimodal] [-q QVALUE | -p PVALUE]
                      [--scale-to {large,small}] [--down-sample] [--seed SEED]
                      [--tempdir TEMPDIR] [--nolambda] [--slocal SMALLLOCAL]
                      [--llocal LARGELOCAL] [--max-gap MAXGAP]
                      [--min-length MINLEN] [--broad]
                      [--broad-cutoff BROADCUTOFF] [--cutoff-analysis]
                      [--call-summits] [--fe-cutoff FECUTOFF]
                      [--buffer-size BUFFER_SIZE] [--to-large] [--ratio RATIO]
macs2 callpeak: error: argument -t/--treatment: expected at least one argument
----------------start-broad-peak-calling-for bulkChIC-PMC-DRO-022 at Fri Apr 14 09:25:59 CEST 2023----------
----------------start-broad-peak-calling-for bulkChIC-PMC-DRO-020 at Fri Apr 14 09:25:59 CEST 2023----------
----------------start-broad-peak-calling-for bulkChIC-PMC-DRO-021 at Fri Apr 14 09:25:59 CEST 2023----------
usage: macs2 callpeak [-h] -t TFILE [TFILE ...] [-c [CFILE ...]]
                      [-f {AUTO,BAM,SAM,BED,ELAND,ELANDMULTI,ELANDEXPORT,BOWTIE,BAMPE,BEDPE}]
                      [-g GSIZE] [-s TSIZE] [--keep-dup KEEPDUPLICATES]
                      [--outdir OUTDIR] [-n NAME] [-B] [--verbose VERBOSE]
                      [--trackline] [--SPMR] [--nomodel] [--shift SHIFT]
                      [--extsize EXTSIZE] [--bw BW] [--d-min D_MIN]
                      [-m MFOLD MFOLD] [--fix-bimodal] [-q QVALUE | -p PVALUE]
                      [--scale-to {large,small}] [--down-sample] [--seed SEED]
                      [--tempdir TEMPDIR] [--nolambda] [--slocal SMALLLOCAL]
                      [--llocal LARGELOCAL] [--max-gap MAXGAP]
                      [--min-length MINLEN] [--broad]
                      [--broad-cutoff BROADCUTOFF] [--cutoff-analysis]
                      [--call-summits] [--fe-cutoff FECUTOFF]
                      [--buffer-size BUFFER_SIZE] [--to-large] [--ratio RATIO]
macs2 callpeak: error: argument -t/--treatment: expected at least one argument
usage: macs2 callpeak [-h] -t TFILE [TFILE ...] [-c [CFILE ...]]
                      [-f {AUTO,BAM,SAM,BED,ELAND,ELANDMULTI,ELANDEXPORT,BOWTIE,BAMPE,BEDPE}]
                      [-g GSIZE] [-s TSIZE] [--keep-dup KEEPDUPLICATES]
                      [--outdir OUTDIR] [-n NAME] [-B] [--verbose VERBOSE]
                      [--trackline] [--SPMR] [--nomodel] [--shift SHIFT]
                      [--extsize EXTSIZE] [--bw BW] [--d-min D_MIN]
                      [-m MFOLD MFOLD] [--fix-bimodal] [-q QVALUE | -p PVALUE]
                      [--scale-to {large,small}] [--down-sample] [--seed SEED]
                      [--tempdir TEMPDIR] [--nolambda] [--slocal SMALLLOCAL]
                      [--llocal LARGELOCAL] [--max-gap MAXGAP]
                      [--min-length MINLEN] [--broad]
                      [--broad-cutoff BROADCUTOFF] [--cutoff-analysis]
                      [--call-summits] [--fe-cutoff FECUTOFF]
                      [--buffer-size BUFFER_SIZE] [--to-large] [--ratio RATIO]
macs2 callpeak: error: argument -t/--treatment: expected at least one argument
usage: macs2 callpeak [-h] -t TFILE [TFILE ...] [-c [CFILE ...]]
                      [-f {AUTO,BAM,SAM,BED,ELAND,ELANDMULTI,ELANDEXPORT,BOWTIE,BAMPE,BEDPE}]
                      [-g GSIZE] [-s TSIZE] [--keep-dup KEEPDUPLICATES]
                      [--outdir OUTDIR] [-n NAME] [-B] [--verbose VERBOSE]
                      [--trackline] [--SPMR] [--nomodel] [--shift SHIFT]
                      [--extsize EXTSIZE] [--bw BW] [--d-min D_MIN]
                      [-m MFOLD MFOLD] [--fix-bimodal] [-q QVALUE | -p PVALUE]
                      [--scale-to {large,small}] [--down-sample] [--seed SEED]
                      [--tempdir TEMPDIR] [--nolambda] [--slocal SMALLLOCAL]
                      [--llocal LARGELOCAL] [--max-gap MAXGAP]
                      [--min-length MINLEN] [--broad]
                      [--broad-cutoff BROADCUTOFF] [--cutoff-analysis]
                      [--call-summits] [--fe-cutoff FECUTOFF]
                      [--buffer-size BUFFER_SIZE] [--to-large] [--ratio RATIO]
macs2 callpeak: error: argument -t/--treatment: expected at least one argument
----------------finish-broad-peak-calling-for bulkChIC-PMC-DRO-021 at Fri Apr 14 09:25:59 CEST 2023----------
----------------finish-broad-peak-calling-for bulkChIC-PMC-DRO-022 at Fri Apr 14 09:25:59 CEST 2023----------
----------------finish-broad-peak-calling-for bulkChIC-PMC-DRO-020 at Fri Apr 14 09:25:59 CEST 2023----------
all done for luciferase
-----------running 1 out of 1 fusion samples---------------
-----------running 2 out of 1 fusion samples---------------
-----------running 3 out of 1 fusion samples---------------
find: ‘/hpc/pmc_drost/PROJECTS/swang/CUT_RUN/nhung_test/rm_dup/bulkChIC-PMC-DRO-024’: No such file or directory
find: ‘/hpc/pmc_drost/PROJECTS/swang/CUT_RUN/nhung_test/rm_dup/bulkChIC-PMC-DRO-023’: No such file or directory
find: ‘/hpc/pmc_drost/PROJECTS/swang/CUT_RUN/nhung_test/rm_dup/bulkChIC-PMC-DRO-025’: No such file or directory
----------------start-narrow-peak-calling-for bulkChIC-PMC-DRO-024 at Fri Apr 14 09:25:59 CEST 2023----------
----------------start-narrow-peak-calling-for bulkChIC-PMC-DRO-023 at Fri Apr 14 09:25:59 CEST 2023----------
----------------start-narrow-peak-calling-for bulkChIC-PMC-DRO-025 at Fri Apr 14 09:25:59 CEST 2023----------
usage: macs2 callpeak [-h] -t TFILE [TFILE ...] [-c [CFILE ...]]
                      [-f {AUTO,BAM,SAM,BED,ELAND,ELANDMULTI,ELANDEXPORT,BOWTIE,BAMPE,BEDPE}]
                      [-g GSIZE] [-s TSIZE] [--keep-dup KEEPDUPLICATES]
                      [--outdir OUTDIR] [-n NAME] [-B] [--verbose VERBOSE]
                      [--trackline] [--SPMR] [--nomodel] [--shift SHIFT]
                      [--extsize EXTSIZE] [--bw BW] [--d-min D_MIN]
                      [-m MFOLD MFOLD] [--fix-bimodal] [-q QVALUE | -p PVALUE]
                      [--scale-to {large,small}] [--down-sample] [--seed SEED]
                      [--tempdir TEMPDIR] [--nolambda] [--slocal SMALLLOCAL]
                      [--llocal LARGELOCAL] [--max-gap MAXGAP]
                      [--min-length MINLEN] [--broad]
                      [--broad-cutoff BROADCUTOFF] [--cutoff-analysis]
                      [--call-summits] [--fe-cutoff FECUTOFF]
                      [--buffer-size BUFFER_SIZE] [--to-large] [--ratio RATIO]
macs2 callpeak: error: argument -t/--treatment: expected at least one argument
usage: macs2 callpeak [-h] -t TFILE [TFILE ...] [-c [CFILE ...]]
                      [-f {AUTO,BAM,SAM,BED,ELAND,ELANDMULTI,ELANDEXPORT,BOWTIE,BAMPE,BEDPE}]
                      [-g GSIZE] [-s TSIZE] [--keep-dup KEEPDUPLICATES]
                      [--outdir OUTDIR] [-n NAME] [-B] [--verbose VERBOSE]
                      [--trackline] [--SPMR] [--nomodel] [--shift SHIFT]
                      [--extsize EXTSIZE] [--bw BW] [--d-min D_MIN]
                      [-m MFOLD MFOLD] [--fix-bimodal] [-q QVALUE | -p PVALUE]
                      [--scale-to {large,small}] [--down-sample] [--seed SEED]
                      [--tempdir TEMPDIR] [--nolambda] [--slocal SMALLLOCAL]
                      [--llocal LARGELOCAL] [--max-gap MAXGAP]
                      [--min-length MINLEN] [--broad]
                      [--broad-cutoff BROADCUTOFF] [--cutoff-analysis]
                      [--call-summits] [--fe-cutoff FECUTOFF]
                      [--buffer-size BUFFER_SIZE] [--to-large] [--ratio RATIO]
macs2 callpeak: error: argument -t/--treatment: expected at least one argument
usage: macs2 callpeak [-h] -t TFILE [TFILE ...] [-c [CFILE ...]]
                      [-f {AUTO,BAM,SAM,BED,ELAND,ELANDMULTI,ELANDEXPORT,BOWTIE,BAMPE,BEDPE}]
                      [-g GSIZE] [-s TSIZE] [--keep-dup KEEPDUPLICATES]
                      [--outdir OUTDIR] [-n NAME] [-B] [--verbose VERBOSE]
                      [--trackline] [--SPMR] [--nomodel] [--shift SHIFT]
                      [--extsize EXTSIZE] [--bw BW] [--d-min D_MIN]
                      [-m MFOLD MFOLD] [--fix-bimodal] [-q QVALUE | -p PVALUE]
                      [--scale-to {large,small}] [--down-sample] [--seed SEED]
                      [--tempdir TEMPDIR] [--nolambda] [--slocal SMALLLOCAL]
                      [--llocal LARGELOCAL] [--max-gap MAXGAP]
                      [--min-length MINLEN] [--broad]
                      [--broad-cutoff BROADCUTOFF] [--cutoff-analysis]
                      [--call-summits] [--fe-cutoff FECUTOFF]
                      [--buffer-size BUFFER_SIZE] [--to-large] [--ratio RATIO]
macs2 callpeak: error: argument -t/--treatment: expected at least one argument
----------------start-broad-peak-calling-for bulkChIC-PMC-DRO-025 at Fri Apr 14 09:25:59 CEST 2023----------
----------------start-broad-peak-calling-for bulkChIC-PMC-DRO-024 at Fri Apr 14 09:25:59 CEST 2023----------
----------------start-broad-peak-calling-for bulkChIC-PMC-DRO-023 at Fri Apr 14 09:25:59 CEST 2023----------
usage: macs2 callpeak [-h] -t TFILE [TFILE ...] [-c [CFILE ...]]
                      [-f {AUTO,BAM,SAM,BED,ELAND,ELANDMULTI,ELANDEXPORT,BOWTIE,BAMPE,BEDPE}]
                      [-g GSIZE] [-s TSIZE] [--keep-dup KEEPDUPLICATES]
                      [--outdir OUTDIR] [-n NAME] [-B] [--verbose VERBOSE]
                      [--trackline] [--SPMR] [--nomodel] [--shift SHIFT]
                      [--extsize EXTSIZE] [--bw BW] [--d-min D_MIN]
                      [-m MFOLD MFOLD] [--fix-bimodal] [-q QVALUE | -p PVALUE]
                      [--scale-to {large,small}] [--down-sample] [--seed SEED]
                      [--tempdir TEMPDIR] [--nolambda] [--slocal SMALLLOCAL]
                      [--llocal LARGELOCAL] [--max-gap MAXGAP]
                      [--min-length MINLEN] [--broad]
                      [--broad-cutoff BROADCUTOFF] [--cutoff-analysis]
                      [--call-summits] [--fe-cutoff FECUTOFF]
                      [--buffer-size BUFFER_SIZE] [--to-large] [--ratio RATIO]
macs2 callpeak: error: argument -t/--treatment: expected at least one argument
usage: macs2 callpeak [-h] -t TFILE [TFILE ...] [-c [CFILE ...]]
                      [-f {AUTO,BAM,SAM,BED,ELAND,ELANDMULTI,ELANDEXPORT,BOWTIE,BAMPE,BEDPE}]
                      [-g GSIZE] [-s TSIZE] [--keep-dup KEEPDUPLICATES]
                      [--outdir OUTDIR] [-n NAME] [-B] [--verbose VERBOSE]
                      [--trackline] [--SPMR] [--nomodel] [--shift SHIFT]
                      [--extsize EXTSIZE] [--bw BW] [--d-min D_MIN]
                      [-m MFOLD MFOLD] [--fix-bimodal] [-q QVALUE | -p PVALUE]
                      [--scale-to {large,small}] [--down-sample] [--seed SEED]
                      [--tempdir TEMPDIR] [--nolambda] [--slocal SMALLLOCAL]
                      [--llocal LARGELOCAL] [--max-gap MAXGAP]
                      [--min-length MINLEN] [--broad]
                      [--broad-cutoff BROADCUTOFF] [--cutoff-analysis]
                      [--call-summits] [--fe-cutoff FECUTOFF]
                      [--buffer-size BUFFER_SIZE] [--to-large] [--ratio RATIO]
macs2 callpeak: error: argument -t/--treatment: expected at least one argument
usage: macs2 callpeak [-h] -t TFILE [TFILE ...] [-c [CFILE ...]]
                      [-f {AUTO,BAM,SAM,BED,ELAND,ELANDMULTI,ELANDEXPORT,BOWTIE,BAMPE,BEDPE}]
                      [-g GSIZE] [-s TSIZE] [--keep-dup KEEPDUPLICATES]
                      [--outdir OUTDIR] [-n NAME] [-B] [--verbose VERBOSE]
                      [--trackline] [--SPMR] [--nomodel] [--shift SHIFT]
                      [--extsize EXTSIZE] [--bw BW] [--d-min D_MIN]
                      [-m MFOLD MFOLD] [--fix-bimodal] [-q QVALUE | -p PVALUE]
                      [--scale-to {large,small}] [--down-sample] [--seed SEED]
                      [--tempdir TEMPDIR] [--nolambda] [--slocal SMALLLOCAL]
                      [--llocal LARGELOCAL] [--max-gap MAXGAP]
                      [--min-length MINLEN] [--broad]
                      [--broad-cutoff BROADCUTOFF] [--cutoff-analysis]
                      [--call-summits] [--fe-cutoff FECUTOFF]
                      [--buffer-size BUFFER_SIZE] [--to-large] [--ratio RATIO]
macs2 callpeak: error: argument -t/--treatment: expected at least one argument
----------------finish-broad-peak-calling-for bulkChIC-PMC-DRO-023 at Fri Apr 14 09:25:59 CEST 2023----------
----------------finish-broad-peak-calling-for bulkChIC-PMC-DRO-025 at Fri Apr 14 09:25:59 CEST 2023----------
----------------finish-broad-peak-calling-for bulkChIC-PMC-DRO-024 at Fri Apr 14 09:25:59 CEST 2023----------
all done for fusion
-----------running 4 out of 1 samples---------------------- 
-----------running 5 out of 1 samples---------------------- 
-----------running 6 out of 1 samples---------------------- 
-----------running 7 out of 1 samples---------------------- 
-----------running 8 out of 1 samples---------------------- 
-----------running 9 out of 1 samples---------------------- 
-----------running 10 out of 1 samples---------------------- 
-----------running 11 out of 1 samples---------------------- 
-----------running 12 out of 1 samples---------------------- 
-----------running 13 out of 1 samples---------------------- 
-----------running 14 out of 1 samples---------------------- 
-----------running 15 out of 1 samples---------------------- 
-----------running 16 out of 1 samples---------------------- 
-----------running 17 out of 1 samples---------------------- 
-----------running 18 out of 1 samples---------------------- 
-----------running 19 out of 1 samples---------------------- 
-----------running 20 out of 1 samples---------------------- 
-----------running 21 out of 1 samples---------------------- 
-----------running 22 out of 1 samples---------------------- 
-----------running 23 out of 1 samples---------------------- 
-----------running 24 out of 1 samples---------------------- 
-----------running 25 out of 1 samples---------------------- 
-----------running 26 out of 1 samples---------------------- 
-----------running 27 out of 1 samples---------------------- 
You've input a single BAM file and not specified --outRawCounts or --scalingFactors. The resulting output will NOT be useful with any deepTools program!
[E::hts_hopen] Failed to open file /hpc/pmc_drost/PROJECTS/swang/CUT_RUN/nhung_test/rm_dup/bulkChIC-PMC-DRO-011/bulkChIC-PMC-DRO-011_rmdup_filt.bam.bai
[E::hts_open_format] Failed to open file "/hpc/pmc_drost/PROJECTS/swang/CUT_RUN/nhung_test/rm_dup/bulkChIC-PMC-DRO-011/bulkChIC-PMC-DRO-011_rmdup_filt.bam.bai" : Exec format error
[E::hts_hopen] Failed to open file /hpc/pmc_drost/PROJECTS/swang/CUT_RUN/nhung_test/rm_dup/bulkChIC-PMC-DRO-011/bulkChIC-PMC-DRO-011_rmdup_filt.bam.bai
[E::hts_open_format] Failed to open file "/hpc/pmc_drost/PROJECTS/swang/CUT_RUN/nhung_test/rm_dup/bulkChIC-PMC-DRO-011/bulkChIC-PMC-DRO-011_rmdup_filt.bam.bai" : Exec format error
The file '/hpc/pmc_drost/PROJECTS/swang/CUT_RUN/nhung_test/rm_dup/bulkChIC-PMC-DRO-011/bulkChIC-PMC-DRO-011_rmdup_filt.bam.bai' does not exist
Traceback (most recent call last):
  File "/hpc/pmc_drost/nhung/anaconda3/envs/cutnrun_trimgalore/bin/plotCorrelation", line 12, in <module>
    main(args)
  File "/hpc/pmc_drost/nhung/anaconda3/envs/cutnrun_trimgalore/lib/python3.9/site-packages/deeptools/plotCorrelation.py", line 210, in main
    corr = Correlation(args.corData,
  File "/hpc/pmc_drost/nhung/anaconda3/envs/cutnrun_trimgalore/lib/python3.9/site-packages/deeptools/correlation.py", line 43, in __init__
    self.load_matrix(matrix_file)
  File "/hpc/pmc_drost/nhung/anaconda3/envs/cutnrun_trimgalore/lib/python3.9/site-packages/deeptools/correlation.py", line 85, in load_matrix
    _ma = np.load(matrix_file)
  File "/hpc/pmc_drost/nhung/anaconda3/envs/cutnrun_trimgalore/lib/python3.9/site-packages/numpy/lib/npyio.py", line 405, in load
    fid = stack.enter_context(open(os_fspath(file), "rb"))
FileNotFoundError: [Errno 2] No such file or directory: '/hpc/pmc_drost/PROJECTS/swang/CUT_RUN/nhung_test/rm_dup/bamsummary_results.npz'
Traceback (most recent call last):
  File "/hpc/pmc_drost/nhung/anaconda3/envs/cutnrun_trimgalore/bin/plotCorrelation", line 12, in <module>
    main(args)
  File "/hpc/pmc_drost/nhung/anaconda3/envs/cutnrun_trimgalore/lib/python3.9/site-packages/deeptools/plotCorrelation.py", line 210, in main
    corr = Correlation(args.corData,
  File "/hpc/pmc_drost/nhung/anaconda3/envs/cutnrun_trimgalore/lib/python3.9/site-packages/deeptools/correlation.py", line 43, in __init__
    self.load_matrix(matrix_file)
  File "/hpc/pmc_drost/nhung/anaconda3/envs/cutnrun_trimgalore/lib/python3.9/site-packages/deeptools/correlation.py", line 85, in load_matrix
    _ma = np.load(matrix_file)
  File "/hpc/pmc_drost/nhung/anaconda3/envs/cutnrun_trimgalore/lib/python3.9/site-packages/numpy/lib/npyio.py", line 405, in load
    fid = stack.enter_context(open(os_fspath(file), "rb"))
FileNotFoundError: [Errno 2] No such file or directory: '/hpc/pmc_drost/PROJECTS/swang/CUT_RUN/nhung_test/rm_dup/bamsummary_results.npz'
finish cut and run analysis at Fri Apr 14 09:26:37 CEST 2023
