-------------------step 5. running peak calling----------------------
-----------running 1 out of 1 tfe3 samples---------------
-----------running 2 out of 1 tfe3 samples---------------
-----------running 3 out of 1 tfe3 samples---------------
-----------running 4 out of 1 tfe3 samples---------------
----------------start-narrow-peak-calling-for SCC-ChIC-PMC-DRO-T1 at Tue Mar 21 16:51:06 CET 2023----------
----------------start-narrow-peak-calling-for bulkChIC-PMC-DRO-016 at Tue Mar 21 16:51:06 CET 2023----------
----------------start-narrow-peak-calling-for SCC-bulkChIC-PMC-DRO-008 at Tue Mar 21 16:51:06 CET 2023----------
----------------start-narrow-peak-calling-for SCC-ChIC-PMC-DRO-T5 at Tue Mar 21 16:51:06 CET 2023----------
./5-peakCalling.sh: line 111: macs2: command not found
./5-peakCalling.sh: line 111: macs2: command not found
./5-peakCalling.sh: line 111: macs2: command not found
./5-peakCalling.sh: line 111: macs2: command not found
----------------start-broad-peak-calling-for SCC-ChIC-PMC-DRO-T1 at Tue Mar 21 16:51:06 CET 2023----------
----------------start-broad-peak-calling-for SCC-ChIC-PMC-DRO-T5 at Tue Mar 21 16:51:06 CET 2023----------
----------------start-broad-peak-calling-for bulkChIC-PMC-DRO-016 at Tue Mar 21 16:51:06 CET 2023----------
----------------start-broad-peak-calling-for SCC-bulkChIC-PMC-DRO-008 at Tue Mar 21 16:51:06 CET 2023----------
./5-peakCalling.sh: line 115: macs2: command not found
./5-peakCalling.sh: line 115: macs2: command not found
./5-peakCalling.sh: line 115: macs2: command not found
./5-peakCalling.sh: line 115: macs2: command not found
----------------finish-broad-peak-calling-for bulkChIC-PMC-DRO-016 at Tue Mar 21 16:51:06 CET 2023----------
----------------finish-broad-peak-calling-for SCC-bulkChIC-PMC-DRO-008 at Tue Mar 21 16:51:06 CET 2023----------
----------------finish-broad-peak-calling-for SCC-ChIC-PMC-DRO-T5 at Tue Mar 21 16:51:06 CET 2023----------
----------------finish-broad-peak-calling-for SCC-ChIC-PMC-DRO-T1 at Tue Mar 21 16:51:06 CET 2023----------
all done for tfe3
-----------running 1 out of 1 luciferase samples---------------
-----------running 2 out of 1 luciferase samples---------------
-----------running 3 out of 1 luciferase samples---------------
-----------running 4 out of 1 luciferase samples---------------
----------------start-narrow-peak-calling-for SCC-ChIC-PMC-DRO-L1 at Tue Mar 21 16:51:06 CET 2023----------
./5-peakCalling.sh: line 111: macs2: command not found
----------------start-narrow-peak-calling-for SCC-ChIC-PMC-DRO-L5 at Tue Mar 21 16:51:06 CET 2023----------
./5-peakCalling.sh: line 111: macs2: command not found
----------------start-narrow-peak-calling-for bulkChIC-PMC-DRO-014 at Tue Mar 21 16:51:06 CET 2023----------
----------------start-narrow-peak-calling-for SCC-bulkChIC-PMC-DRO-005 at Tue Mar 21 16:51:06 CET 2023----------
./5-peakCalling.sh: line 111: macs2: command not found
----------------start-broad-peak-calling-for SCC-ChIC-PMC-DRO-L1 at Tue Mar 21 16:51:06 CET 2023----------
./5-peakCalling.sh: line 111: macs2: command not found
./5-peakCalling.sh: line 115: macs2: command not found
----------------start-broad-peak-calling-for SCC-ChIC-PMC-DRO-L5 at Tue Mar 21 16:51:06 CET 2023----------
./5-peakCalling.sh: line 115: macs2: command not found
----------------start-broad-peak-calling-for bulkChIC-PMC-DRO-014 at Tue Mar 21 16:51:06 CET 2023----------
----------------start-broad-peak-calling-for SCC-bulkChIC-PMC-DRO-005 at Tue Mar 21 16:51:06 CET 2023----------
./5-peakCalling.sh: line 115: macs2: command not found
./5-peakCalling.sh: line 115: macs2: command not found
----------------finish-broad-peak-calling-for SCC-ChIC-PMC-DRO-L1 at Tue Mar 21 16:51:06 CET 2023----------
----------------finish-broad-peak-calling-for SCC-ChIC-PMC-DRO-L5 at Tue Mar 21 16:51:06 CET 2023----------
----------------finish-broad-peak-calling-for bulkChIC-PMC-DRO-014 at Tue Mar 21 16:51:06 CET 2023----------
----------------finish-broad-peak-calling-for SCC-bulkChIC-PMC-DRO-005 at Tue Mar 21 16:51:06 CET 2023----------
all done for luciferase
-----------running 1 out of 1 fusion samples---------------
-----------running 2 out of 1 fusion samples---------------
-----------running 3 out of 1 fusion samples---------------
-----------running 4 out of 1 fusion samples---------------
----------------start-narrow-peak-calling-for SCC-ChIC-PMC-DRO-F1 at Tue Mar 21 16:51:06 CET 2023----------
./5-peakCalling.sh: line 111: macs2: command not found
----------------start-narrow-peak-calling-for SCC-ChIC-PMC-DRO-F5 at Tue Mar 21 16:51:06 CET 2023----------
./5-peakCalling.sh: line 111: macs2: command not found
----------------start-narrow-peak-calling-for bulkChIC-PMC-DRO-015 at Tue Mar 21 16:51:06 CET 2023----------
----------------start-broad-peak-calling-for SCC-ChIC-PMC-DRO-F1 at Tue Mar 21 16:51:06 CET 2023----------
./5-peakCalling.sh: line 111: macs2: command not found
----------------start-broad-peak-calling-for SCC-ChIC-PMC-DRO-F5 at Tue Mar 21 16:51:06 CET 2023----------
./5-peakCalling.sh: line 115: macs2: command not found
./5-peakCalling.sh: line 115: macs2: command not found
----------------start-narrow-peak-calling-for SCC-bulkChIC-PMC-DRO-002 at Tue Mar 21 16:51:06 CET 2023----------
./5-peakCalling.sh: line 111: macs2: command not found
----------------start-broad-peak-calling-for bulkChIC-PMC-DRO-015 at Tue Mar 21 16:51:06 CET 2023----------
./5-peakCalling.sh: line 115: macs2: command not found
----------------finish-broad-peak-calling-for SCC-ChIC-PMC-DRO-F1 at Tue Mar 21 16:51:06 CET 2023----------
----------------finish-broad-peak-calling-for SCC-ChIC-PMC-DRO-F5 at Tue Mar 21 16:51:06 CET 2023----------
----------------start-broad-peak-calling-for SCC-bulkChIC-PMC-DRO-002 at Tue Mar 21 16:51:06 CET 2023----------
./5-peakCalling.sh: line 115: macs2: command not found
----------------finish-broad-peak-calling-for bulkChIC-PMC-DRO-015 at Tue Mar 21 16:51:06 CET 2023----------
----------------finish-broad-peak-calling-for SCC-bulkChIC-PMC-DRO-002 at Tue Mar 21 16:51:06 CET 2023----------
all done for fusion
-----------running 1 out of 1 all samples---------------
-----------running 2 out of 1 all samples---------------
-----------running 3 out of 1 all samples---------------
-----------running 4 out of 1 all samples---------------
-----------running 5 out of 1 all samples---------------
-----------running 6 out of 1 all samples---------------
-----------running 7 out of 1 all samples---------------
-----------running 8 out of 1 all samples---------------
-----------running 9 out of 1 all samples---------------
-----------running 10 out of 1 all samples---------------
-----------running 11 out of 1 all samples---------------
-----------running 12 out of 1 all samples---------------
----------------start-narrow-peak-calling-no-control-for SCC-ChIC-PMC-DRO-T1 at Tue Mar 21 16:51:06 CET 2023----------
./5-peakCalling.sh: line 181: macs2: command not found
----------------start-narrow-peak-calling-no-control-for SCC-ChIC-PMC-DRO-T5 at Tue Mar 21 16:51:06 CET 2023----------
./5-peakCalling.sh: line 181: macs2: command not found
----------------start-narrow-peak-calling-no-control-for bulkChIC-PMC-DRO-016 at Tue Mar 21 16:51:06 CET 2023----------
./5-peakCalling.sh: line 181: macs2: command not found
----------------start-broad-peak-calling-for SCC-ChIC-PMC-DRO-T1 at Tue Mar 21 16:51:06 CET 2023----------
----------------start-narrow-peak-calling-no-control-for SCC-bulkChIC-PMC-DRO-008 at Tue Mar 21 16:51:06 CET 2023----------
./5-peakCalling.sh: line 185: macs2: command not found
----------------start-broad-peak-calling-for SCC-ChIC-PMC-DRO-T5 at Tue Mar 21 16:51:06 CET 2023----------
./5-peakCalling.sh: line 181: macs2: command not found
----------------start-narrow-peak-calling-no-control-for SCC-ChIC-PMC-DRO-L5 at Tue Mar 21 16:51:06 CET 2023----------
----------------start-narrow-peak-calling-no-control-for SCC-ChIC-PMC-DRO-L1 at Tue Mar 21 16:51:06 CET 2023----------
./5-peakCalling.sh: line 185: macs2: command not found
./5-peakCalling.sh: line 181: macs2: command not found
----------------start-broad-peak-calling-for bulkChIC-PMC-DRO-016 at Tue Mar 21 16:51:06 CET 2023----------
----------------finish-broad-peak-calling-no-control-for SCC-ChIC-PMC-DRO-T1 at Tue Mar 21 16:51:06 CET 2023----------
----------------start-narrow-peak-calling-no-control-for bulkChIC-PMC-DRO-014 at Tue Mar 21 16:51:06 CET 2023----------
./5-peakCalling.sh: line 181: macs2: command not found
----------------start-broad-peak-calling-for SCC-bulkChIC-PMC-DRO-008 at Tue Mar 21 16:51:06 CET 2023----------
./5-peakCalling.sh: line 185: macs2: command not found
./5-peakCalling.sh: line 181: macs2: command not found
----------------start-narrow-peak-calling-no-control-for SCC-bulkChIC-PMC-DRO-005 at Tue Mar 21 16:51:06 CET 2023----------
----------------finish-broad-peak-calling-no-control-for SCC-ChIC-PMC-DRO-T5 at Tue Mar 21 16:51:06 CET 2023----------
----------------start-narrow-peak-calling-no-control-for SCC-ChIC-PMC-DRO-F5 at Tue Mar 21 16:51:06 CET 2023----------
./5-peakCalling.sh: line 185: macs2: command not found
----------------start-broad-peak-calling-for SCC-ChIC-PMC-DRO-L5 at Tue Mar 21 16:51:06 CET 2023----------
----------------start-narrow-peak-calling-no-control-for SCC-ChIC-PMC-DRO-F1 at Tue Mar 21 16:51:06 CET 2023----------
./5-peakCalling.sh: line 181: macs2: command not found
./5-peakCalling.sh: line 181: macs2: command not found
./5-peakCalling.sh: line 185: macs2: command not found
----------------start-narrow-peak-calling-no-control-for bulkChIC-PMC-DRO-015 at Tue Mar 21 16:51:06 CET 2023----------
./5-peakCalling.sh: line 181: macs2: command not found
----------------finish-broad-peak-calling-no-control-for bulkChIC-PMC-DRO-016 at Tue Mar 21 16:51:06 CET 2023----------
----------------start-broad-peak-calling-for SCC-ChIC-PMC-DRO-L1 at Tue Mar 21 16:51:06 CET 2023----------
----------------start-narrow-peak-calling-no-control-for SCC-bulkChIC-PMC-DRO-002 at Tue Mar 21 16:51:06 CET 2023----------
----------------start-broad-peak-calling-for bulkChIC-PMC-DRO-014 at Tue Mar 21 16:51:06 CET 2023----------
./5-peakCalling.sh: line 181: macs2: command not found
----------------finish-broad-peak-calling-no-control-for SCC-bulkChIC-PMC-DRO-008 at Tue Mar 21 16:51:06 CET 2023----------
./5-peakCalling.sh: line 185: macs2: command not found
./5-peakCalling.sh: line 185: macs2: command not found
----------------start-broad-peak-calling-for SCC-ChIC-PMC-DRO-F5 at Tue Mar 21 16:51:06 CET 2023----------
----------------finish-broad-peak-calling-no-control-for SCC-ChIC-PMC-DRO-L5 at Tue Mar 21 16:51:06 CET 2023----------
./5-peakCalling.sh: line 181: macs2: command not found
./5-peakCalling.sh: line 185: macs2: command not found
----------------start-broad-peak-calling-for SCC-ChIC-PMC-DRO-F1 at Tue Mar 21 16:51:06 CET 2023----------
----------------start-broad-peak-calling-for SCC-bulkChIC-PMC-DRO-005 at Tue Mar 21 16:51:06 CET 2023----------
./5-peakCalling.sh: line 185: macs2: command not found
./5-peakCalling.sh: line 185: macs2: command not found
----------------finish-broad-peak-calling-no-control-for SCC-ChIC-PMC-DRO-L1 at Tue Mar 21 16:51:06 CET 2023----------
----------------start-broad-peak-calling-for bulkChIC-PMC-DRO-015 at Tue Mar 21 16:51:06 CET 2023----------
----------------finish-broad-peak-calling-no-control-for bulkChIC-PMC-DRO-014 at Tue Mar 21 16:51:06 CET 2023----------
----------------start-broad-peak-calling-for SCC-bulkChIC-PMC-DRO-002 at Tue Mar 21 16:51:06 CET 2023----------
./5-peakCalling.sh: line 185: macs2: command not found
----------------finish-broad-peak-calling-no-control-for SCC-ChIC-PMC-DRO-F1 at Tue Mar 21 16:51:06 CET 2023----------
./5-peakCalling.sh: line 185: macs2: command not found
----------------finish-broad-peak-calling-no-control-for SCC-bulkChIC-PMC-DRO-005 at Tue Mar 21 16:51:06 CET 2023----------
----------------finish-broad-peak-calling-no-control-for SCC-ChIC-PMC-DRO-F5 at Tue Mar 21 16:51:06 CET 2023----------
----------------finish-broad-peak-calling-no-control-for bulkChIC-PMC-DRO-015 at Tue Mar 21 16:51:06 CET 2023----------
----------------finish-broad-peak-calling-no-control-for SCC-bulkChIC-PMC-DRO-002 at Tue Mar 21 16:51:06 CET 2023----------
all done for no control
