mkdir: cannot create directory ‘/with_new_control’: Permission denied
---------------step 11. running peak differential analysis---------------
Loading required package: GenomicRanges
Loading required package: stats4
Loading required package: BiocGenerics

Attaching package: ‘BiocGenerics’

The following objects are masked from ‘package:stats’:

    IQR, mad, sd, var, xtabs

The following objects are masked from ‘package:base’:

    anyDuplicated, append, as.data.frame, basename, cbind, colnames,
    dirname, do.call, duplicated, eval, evalq, Filter, Find, get, grep,
    grepl, intersect, is.unsorted, lapply, Map, mapply, match, mget,
    order, paste, pmax, pmax.int, pmin, pmin.int, Position, rank,
    rbind, Reduce, rownames, sapply, setdiff, sort, table, tapply,
    union, unique, unsplit, which.max, which.min

Loading required package: S4Vectors

Attaching package: ‘S4Vectors’

The following objects are masked from ‘package:base’:

    expand.grid, I, unname

Loading required package: IRanges
Loading required package: GenomeInfoDb
Loading required package: SummarizedExperiment
Loading required package: MatrixGenerics
Loading required package: matrixStats

Attaching package: ‘MatrixGenerics’

The following objects are masked from ‘package:matrixStats’:

    colAlls, colAnyNAs, colAnys, colAvgsPerRowSet, colCollapse,
    colCounts, colCummaxs, colCummins, colCumprods, colCumsums,
    colDiffs, colIQRDiffs, colIQRs, colLogSumExps, colMadDiffs,
    colMads, colMaxs, colMeans2, colMedians, colMins, colOrderStats,
    colProds, colQuantiles, colRanges, colRanks, colSdDiffs, colSds,
    colSums2, colTabulates, colVarDiffs, colVars, colWeightedMads,
    colWeightedMeans, colWeightedMedians, colWeightedSds,
    colWeightedVars, rowAlls, rowAnyNAs, rowAnys, rowAvgsPerColSet,
    rowCollapse, rowCounts, rowCummaxs, rowCummins, rowCumprods,
    rowCumsums, rowDiffs, rowIQRDiffs, rowIQRs, rowLogSumExps,
    rowMadDiffs, rowMads, rowMaxs, rowMeans2, rowMedians, rowMins,
    rowOrderStats, rowProds, rowQuantiles, rowRanges, rowRanks,
    rowSdDiffs, rowSds, rowSums2, rowTabulates, rowVarDiffs, rowVars,
    rowWeightedMads, rowWeightedMeans, rowWeightedMedians,
    rowWeightedSds, rowWeightedVars

Loading required package: Biobase
Welcome to Bioconductor

    Vignettes contain introductory material; view with
    'browseVignettes()'. To cite Bioconductor, see
    'citation("Biobase")', and for packages 'citation("pkgname")'.


Attaching package: ‘Biobase’

The following object is masked from ‘package:MatrixGenerics’:

    rowMedians

The following objects are masked from ‘package:matrixStats’:

    anyMissing, rowMedians

 >>> DiffBind 3.4.11

Attaching package: ‘dplyr’

The following object is masked from ‘package:Biobase’:

    combine

The following object is masked from ‘package:matrixStats’:

    count

The following objects are masked from ‘package:GenomicRanges’:

    intersect, setdiff, union

The following object is masked from ‘package:GenomeInfoDb’:

    intersect

The following objects are masked from ‘package:IRanges’:

    collapse, desc, intersect, setdiff, slice, union

The following objects are masked from ‘package:S4Vectors’:

    first, intersect, rename, setdiff, setequal, union

The following objects are masked from ‘package:BiocGenerics’:

    combine, intersect, setdiff, union

The following objects are masked from ‘package:stats’:

    filter, lag

The following objects are masked from ‘package:base’:

    intersect, setdiff, setequal, union

result will be saved at  /hpc/pmc_drost/PROJECTS/swang/CUT_RUN/nhung_test/diffBind_analysis/antiTFE3_Samples
                  SampleID Tissue Factor      Condition Treatmen Replicate
1      SCC-ChIC-PMC-DRO-T1 kidney   tfe3 anti-tfe3-1000   round1         1
2      SCC-ChIC-PMC-DRO-T5 kidney   tfe3  anti-tfe3-500   round1         2
3 SCC-bulkChIC-PMC-DRO-008 kidney   tfe3 anti-tfe3-1000   round2         3
4     bulkChIC-PMC-DRO-016 kidney   tfe3 anti-tfe3-1000   round3         4
5      SCC-ChIC-PMC-DRO-F1 kidney fusion anti-tfe3-1000   round1         1
6      SCC-ChIC-PMC-DRO-F5 kidney fusion  anti-tfe3-500   round1         2
                                                                                                                  bamReads
1           /hpc/pmc_drost/PROJECTS/swang/CUT_RUN/nhung_test/rm_dup/SCC-ChIC-PMC-DRO-T1/SCC-ChIC-PMC-DRO-T1_rmdup_filt.bam
2           /hpc/pmc_drost/PROJECTS/swang/CUT_RUN/nhung_test/rm_dup/SCC-ChIC-PMC-DRO-T5/SCC-ChIC-PMC-DRO-T5_rmdup_filt.bam
3 /hpc/pmc_drost/PROJECTS/swang/CUT_RUN/nhung_test/rm_dup/SCC-bulkChIC-PMC-DRO-008/SCC-bulkChIC-PMC-DRO-008_rmdup_filt.bam
4         /hpc/pmc_drost/PROJECTS/swang/CUT_RUN/nhung_test/rm_dup/bulkChIC-PMC-DRO-016/bulkChIC-PMC-DRO-016_rmdup_filt.bam
5           /hpc/pmc_drost/PROJECTS/swang/CUT_RUN/nhung_test/rm_dup/SCC-ChIC-PMC-DRO-F1/SCC-ChIC-PMC-DRO-F1_rmdup_filt.bam
6           /hpc/pmc_drost/PROJECTS/swang/CUT_RUN/nhung_test/rm_dup/SCC-ChIC-PMC-DRO-F5/SCC-ChIC-PMC-DRO-F5_rmdup_filt.bam
                                                                                                                        Peaks
1      /hpc/pmc_drost/PROJECTS/swang/CUT_RUN/nhung_test/peak_antiTFE3_Samples/SCC-ChIC-PMC-DRO-T1_antiTFE3_Samples.narrowPeak
2      /hpc/pmc_drost/PROJECTS/swang/CUT_RUN/nhung_test/peak_antiTFE3_Samples/SCC-ChIC-PMC-DRO-T5_antiTFE3_Samples.narrowPeak
3 /hpc/pmc_drost/PROJECTS/swang/CUT_RUN/nhung_test/peak_antiTFE3_Samples/SCC-bulkChIC-PMC-DRO-008_antiTFE3_Samples.narrowPeak
4     /hpc/pmc_drost/PROJECTS/swang/CUT_RUN/nhung_test/peak_antiTFE3_Samples/bulkChIC-PMC-DRO-016_antiTFE3_Samples.narrowPeak
5      /hpc/pmc_drost/PROJECTS/swang/CUT_RUN/nhung_test/peak_antiTFE3_Samples/SCC-ChIC-PMC-DRO-F1_antiTFE3_Samples.narrowPeak
6      /hpc/pmc_drost/PROJECTS/swang/CUT_RUN/nhung_test/peak_antiTFE3_Samples/SCC-ChIC-PMC-DRO-F5_antiTFE3_Samples.narrowPeak
  PeakCaller
1        bed
2        bed
3        bed
4        bed
5        bed
6        bed
[1] "start peak"
SCC-ChIC-PMC-DRO-T1 kidney tfe3 anti-tfe3-1000  1 bed
SCC-ChIC-PMC-DRO-T5 kidney tfe3 anti-tfe3-500  2 bed
SCC-bulkChIC-PMC-DRO-008 kidney tfe3 anti-tfe3-1000  3 bed
bulkChIC-PMC-DRO-016 kidney tfe3 anti-tfe3-1000  4 bed
SCC-ChIC-PMC-DRO-F1 kidney fusion anti-tfe3-1000  1 bed
SCC-ChIC-PMC-DRO-F5 kidney fusion anti-tfe3-500  2 bed
SCC-bulkChIC-PMC-DRO-002 kidney fusion anti-tfe3-1000  3 bed
bulkChIC-PMC-DRO-015 kidney fusion anti-tfe3-1000  4 bed
SCC-ChIC-PMC-DRO-L1 kidney luciferase anti-tfe3-1000  1 bed
SCC-ChIC-PMC-DRO-L5 kidney luciferase anti-tfe3-500  2 bed
SCC-bulkChIC-PMC-DRO-005 kidney luciferase anti-tfe3-1000  3 bed
bulkChIC-PMC-DRO-014 kidney luciferase anti-tfe3-1000  4 bed
[1] "start applying black list"
Genome detected: Hsapiens.UCSC.hg38
Applying blacklist...
Removed: 1013 of 296743 intervals.
Removed: 642 merged (of 171383) and 140 (of 38700) consensus.
null device 
          1 
Computing summits...
Re-centering peaks...
Reads will be counted as Paired-end.
Reads will be counted as Paired-end.
Reads will be counted as Paired-end.
Reads will be counted as Paired-end.
Reads will be counted as Paired-end.
Reads will be counted as Paired-end.
Reads will be counted as Paired-end.
Reads will be counted as Paired-end.
Reads will be counted as Paired-end.
Reads will be counted as Paired-end.
Reads will be counted as Paired-end.
Reads will be counted as Paired-end.
Replacing 0 value before conducting Deseq ...
replace_value is 1
the number of 0 value:  0
Building contrast ...
Computing results names...
Analyzing contrast ....
Normalize DESeq2 with defaults...
Setting default contrast(s)...
Analyzing...
gene-wise dispersion estimates
mean-dispersion relationship
final dispersion estimates
Warning message:
Using an external vector in selections was deprecated in tidyselect 1.1.0.
ℹ Please use `all_of()` or `any_of()` instead.
  # Was:
  data %>% select(column_to_keep)

  # Now:
  data %>% select(all_of(column_to_keep))

See <https://tidyselect.r-lib.org/reference/faq-external-vector.html>. 
the number of DE sites is: 3194
Warning messages:
1: In plot.window(...) : "mode" is not a graphical parameter
2: In plot.xy(xy, type, ...) : "mode" is not a graphical parameter
3: In title(...) : "mode" is not a graphical parameter
null device 
          1 
make and write report
make and write result table
Error in grid.newpage() : 
  could not open file '/hpc/pmc_drost/PROJECTS/swang/CUT_RUN/nhung_test/diffBind_analysis/antiTFE3_Samples / 2023-06-01 12:44:55 _ antiTFE3_Samples _volcano_plot.png'
Calls: dba.plotVolcano ... pv.DBAplotVolcano -> plot -> plot.ggplot -> grid.newpage
Execution halted
---------------step 12. running heatmap generation---------------
-----------running 1 out of 3 DE_antiTFE3_Samples samples---------------------- 
-----------running 2 out of 3 DE_antiTFE3_Samples samples---------------------- 
-----------running 3 out of 3 DE_antiTFE3_Samples samples---------------------- 
/fusion_merged.bw /tfe3_merged.bw /luciferase_merged.bw
Preloading the following deepBlue files: /fusion_merged.bw,/tfe3_merged.bw,/luciferase_merged.bw
Exception in thread Thread-3:
Traceback (most recent call last):
  File "/hpc/pmc_drost/nhung/anaconda3/envs/cutnrun_trimgalore/lib/python3.9/threading.py", line 980, in _bootstrap_inner
    self.run()
  File "/hpc/pmc_drost/nhung/anaconda3/envs/cutnrun_trimgalore/lib/python3.9/threading.py", line 917, in run
    self._target(*self._args, **self._kwargs)
  File "/hpc/pmc_drost/nhung/anaconda3/envs/cutnrun_trimgalore/lib/python3.9/multiprocessing/pool.py", line 576, in _handle_results
    task = get()
  File "/hpc/pmc_drost/nhung/anaconda3/envs/cutnrun_trimgalore/lib/python3.9/multiprocessing/connection.py", line 256, in recv
    return _ForkingPickler.loads(buf.getbuffer())
TypeError: __init__() missing 4 required positional arguments: 'url', 'errcode', 'errmsg', and 'headers'
slurmstepd: error: *** JOB 544340 ON n0063 CANCELLED AT 2023-06-01T15:35:10 ***
