start running cut and run analysis at Tue Apr 25 08:40:40 CEST 2023
-----------running 1 out of 24 samples---------------------- 
-----------running 2 out of 24 samples---------------------- 
-----------running 3 out of 24 samples---------------------- 
-----------running 4 out of 24 samples---------------------- 
-----------running 5 out of 24 samples---------------------- 
-----------running 6 out of 24 samples---------------------- 
-----------running 7 out of 24 samples---------------------- 
-----------running 8 out of 24 samples---------------------- 
-----------running 9 out of 24 samples---------------------- 
-----------running 10 out of 24 samples---------------------- 
-----------running 11 out of 24 samples---------------------- 
-----------running 12 out of 24 samples---------------------- 
-----------running 13 out of 24 samples---------------------- 
-----------running 14 out of 24 samples---------------------- 
-----------running 15 out of 24 samples---------------------- 
-----------running 16 out of 24 samples---------------------- 
-----------running 17 out of 24 samples---------------------- 
-----------running 18 out of 24 samples---------------------- 
-----------running 19 out of 24 samples---------------------- 
-----------running 20 out of 24 samples---------------------- 
-----------running 21 out of 24 samples---------------------- 
-----------running 22 out of 24 samples---------------------- 
-----------running 23 out of 24 samples---------------------- 
-----------running 24 out of 24 samples---------------------- 
./bam2bed.sh: line 13: samtools: command not found
./bam2bed.sh: line 13: samtools: command not found
./bam2bed.sh: line 13: samtools: command not found
./bam2bed.sh: line 13: samtools: command not found
./bam2bed.sh: line 13: samtools: command not found
./bam2bed.sh: line 13: samtools: command not found
./bam2bed.sh: line 13: samtools: command not found
./bam2bed.sh: line 13: samtools: command not found
./bam2bed.sh: line 13: samtools: command not found
./bam2bed.sh: line 13: samtools: command not found
./bam2bed.sh: line 13: samtools: command not found
./bam2bed.sh: line 13: samtools: command not found
./bam2bed.sh: line 13: samtools: command not found
./bam2bed.sh: line 13: samtools: command not found
./bam2bed.sh: line 13: samtools: command not found
./bam2bed.sh: line 13: samtools: command not found
./bam2bed.sh: line 13: samtools: command not found
./bam2bed.sh: line 13: samtools: command not found
./bam2bed.sh: line 13: samtools: command not found
./bam2bed.sh: line 13: samtools: command not found
./bam2bed.sh: line 13: samtools: command not found
./bam2bed.sh: line 13: samtools: command not found
./bam2bed.sh: line 13: samtools: command not found
./bam2bed.sh: line 13: samtools: command not found
rm: cannot remove 'samtools.*.tmp*'rm: cannot remove 'samtools.*.tmp*'rm: rm: cannot remove 'samtools.*.tmp*'cannot remove 'samtools.*.tmp*'rm: cannot remove 'samtools.*.tmp*': No such file or directory
rm: cannot remove 'samtools.*.tmp*': No such file or directory: No such file or directory

: No such file or directory
: No such file or directory
rm: cannot remove 'samtools.*.tmp*'rm: rm: cannot remove 'samtools.*.tmp*'rm: cannot remove 'samtools.*.tmp*'rm: cannot remove 'samtools.*.tmp*'cannot remove 'samtools.*.tmp*'rm: : No such file or directorycannot remove 'samtools.*.tmp*'rm: 
: No such file or directory: No such file or directory: No such file or directory


cannot remove 'samtools.*.tmp*'rm: rm: rm: cannot remove 'samtools.*.tmp*'rm: cannot remove 'samtools.*.tmp*'rm: cannot remove 'samtools.*.tmp*'cannot remove 'samtools.*.tmp*'rm: : No such file or directoryrm: 
cannot remove 'samtools.*.tmp*'rm: cannot remove 'samtools.*.tmp*'rm: rm: cannot remove 'samtools.*.tmp*'rm: cannot remove 'samtools.*.tmp*': No such file or directorycannot remove 'samtools.*.tmp*'
: No such file or directory
: No such file or directory: No such file or directory
cannot remove 'samtools.*.tmp*': No such file or directory: No such file or directory

cannot remove 'samtools.*.tmp*': No such file or directory
: No such file or directory
: No such file or directory
: No such file or directory
: No such file or directory
: No such file or directory
: No such file or directory./bam2bed.sh: line 21: genomeCoverageBed: command not found
: No such file or directory
./bam2bed.sh: line 21: genomeCoverageBed: command not found
./bam2bed.sh: line 21: genomeCoverageBed: command not found
./bam2bed.sh: line 21: genomeCoverageBed: command not found
./bam2bed.sh: line 21: genomeCoverageBed: command not found
./bam2bed.sh: line 21: genomeCoverageBed: command not found
./bam2bed.sh: line 21: genomeCoverageBed: command not found

./bam2bed.sh: line 21: genomeCoverageBed: command not found
./bam2bed.sh: line 21: genomeCoverageBed: command not found
./bam2bed.sh: line 21: genomeCoverageBed: command not found
./bam2bed.sh: line 21: genomeCoverageBed: command not found
./bam2bed.sh: line 21: genomeCoverageBed: command not found

./bam2bed.sh: line 21: genomeCoverageBed: command not found
./bam2bed.sh: line 21: genomeCoverageBed: command not found
./bam2bed.sh: line 21: genomeCoverageBed: command not found
./bam2bed.sh: line 21: genomeCoverageBed: command not found
./bam2bed.sh: line 21: genomeCoverageBed: command not found
./bam2bed.sh: line 21: genomeCoverageBed: command not found
./bam2bed.sh: line 21: genomeCoverageBed: command not found
./bam2bed.sh: line 21: genomeCoverageBed: command not found
./bam2bed.sh: line 21: genomeCoverageBed: command not found
./bam2bed.sh: line 21: genomeCoverageBed: command not found
./bam2bed.sh: line 21: genomeCoverageBed: command not found
./bam2bed.sh: line 21: genomeCoverageBed: command not found
bam2bed and sorted all done
finish cut and run analysis at Tue Apr 25 08:40:41 CEST 2023
