start running cut and run analysis at Mon Apr 24 14:01:44 CEST 2023
-----------running 1 out of 24 samples---------------------- 
-----------running 2 out of 24 samples---------------------- 
-----------running 3 out of 24 samples---------------------- 
-----------running 4 out of 24 samples---------------------- 
-----------running 5 out of 24 samples---------------------- 
-----------running 6 out of 24 samples---------------------- 
-----------running 7 out of 24 samples---------------------- 
-----------running 8 out of 24 samples---------------------- 
-----------running 9 out of 24 samples---------------------- 
-----------running 10 out of 24 samples---------------------- 
-----------running 11 out of 24 samples---------------------- 
-----------running 12 out of 24 samples---------------------- 
-----------running 13 out of 24 samples---------------------- 
-----------running 14 out of 24 samples---------------------- 
-----------running 15 out of 24 samples---------------------- 
-----------running 16 out of 24 samples---------------------- 
-----------running 17 out of 24 samples---------------------- 
-----------running 18 out of 24 samples---------------------- 
-----------running 19 out of 24 samples---------------------- 
-----------running 20 out of 24 samples---------------------- 
-----------running 21 out of 24 samples---------------------- 
-----------running 22 out of 24 samples---------------------- 
-----------running 23 out of 24 samples---------------------- 
-----------running 24 out of 24 samples---------------------- 
[bam_sort_core] merging from 1 files and 1 in-memory blocks...
[bam_sort_core] merging from 1 files and 1 in-memory blocks...
[bam_sort_core] merging from 1 files and 1 in-memory blocks...
[bam_sort_core] merging from 1 files and 1 in-memory blocks...
[bam_sort_core] merging from 1 files and 1 in-memory blocks...
[bam_sort_core] merging from 1 files and 1 in-memory blocks...
[bam_sort_core] merging from 1 files and 1 in-memory blocks...
[bam_sort_core] merging from 1 files and 1 in-memory blocks...
[bam_sort_core] merging from 2 files and 1 in-memory blocks...
[bam_sort_core] merging from 11 files and 1 in-memory blocks...
[bam_sort_core] merging from 12 files and 1 in-memory blocks...
[bam_sort_core] merging from 13 files and 1 in-memory blocks...
[bam_sort_core] merging from 15 files and 1 in-memory blocks...
[bam_sort_core] merging from 16 files and 1 in-memory blocks...
[bam_sort_core] merging from 14 files and 1 in-memory blocks...
[bam_sort_core] merging from 16 files and 1 in-memory blocks...
[bam_sort_core] merging from 16 files and 1 in-memory blocks...
[bam_sort_core] merging from 17 files and 1 in-memory blocks...
[bam_sort_core] merging from 13 files and 1 in-memory blocks...
[bam_sort_core] merging from 14 files and 1 in-memory blocks...
[bam_sort_core] merging from 16 files and 1 in-memory blocks...
[bam_sort_core] merging from 82 files and 1 in-memory blocks...
[bam_sort_core] merging from 80 files and 1 in-memory blocks...
[bam_sort_core] merging from 87 files and 1 in-memory blocks...
bam2bed and sorted all done
finish cut and run analysis at Mon Apr 24 15:14:41 CEST 2023
