start running cut and run analysis at Mon Apr 24 14:47:19 CEST 2023
-----------running 1 out of 24 samples---------------------- 
-----------running 2 out of 24 samples---------------------- 
-----------running 3 out of 24 samples---------------------- 
-----------running 4 out of 24 samples---------------------- 
-----------running 5 out of 24 samples---------------------- 
-----------running 6 out of 24 samples---------------------- 
-----------running 7 out of 24 samples---------------------- 
-----------running 8 out of 24 samples---------------------- 
-----------running 9 out of 24 samples---------------------- 
-----------running 10 out of 24 samples---------------------- 
-----------running 11 out of 24 samples---------------------- 
-----------running 12 out of 24 samples---------------------- 
-----------running 13 out of 24 samples---------------------- 
-----------running 14 out of 24 samples---------------------- 
-----------running 15 out of 24 samples---------------------- 
-----------running 16 out of 24 samples---------------------- 
-----------running 17 out of 24 samples---------------------- 
-----------running 18 out of 24 samples---------------------- 
-----------running 19 out of 24 samples---------------------- 
-----------running 20 out of 24 samples---------------------- 
-----------running 21 out of 24 samples---------------------- 
-----------running 22 out of 24 samples---------------------- 
-----------running 23 out of 24 samples---------------------- 
-----------running 24 out of 24 samples---------------------- 
[E::hts_open_format] Failed to open file "/hpc/pmc_drost/PROJECTS/swang/CUT_RUN/nhung_test/alignment/SCC-ChIC-PMC-DRO-T1/SCC-ChIC-PMC-DRO-T1_sorted.bam.tmp.0000.bam" : File exists
[E::hts_open_format] Failed to open file "/hpc/pmc_drost/PROJECTS/swang/CUT_RUN/nhung_test/alignment/bulkChIC-PMC-DRO-016/bulkChIC-PMC-DRO-016_sorted.bam.tmp.0000.bam" : File exists
[E::hts_open_format] Failed to open file "/hpc/pmc_drost/PROJECTS/swang/CUT_RUN/nhung_test/alignment/SCC-bulkChIC-PMC-DRO-025/SCC-bulkChIC-PMC-DRO-025_sorted.bam.tmp.0000.bam" : File exists
[E::hts_open_format] Failed to open file "/hpc/pmc_drost/PROJECTS/swang/CUT_RUN/nhung_test/alignment/bulkChIC-PMC-DRO-012/bulkChIC-PMC-DRO-012_sorted.bam.tmp.0000.bam" : File exists
[E::hts_open_format] Failed to open file "/hpc/pmc_drost/PROJECTS/swang/CUT_RUN/nhung_test/alignment/SCC-ChIC-PMC-DRO-F5/SCC-ChIC-PMC-DRO-F5_sorted.bam.tmp.0000.bam" : File exists
[E::hts_open_format] Failed to open file "/hpc/pmc_drost/PROJECTS/swang/CUT_RUN/nhung_test/alignment/SCC-ChIC-PMC-DRO-TH/SCC-ChIC-PMC-DRO-TH_sorted.bam.tmp.0000.bam" : File exists
[E::hts_open_format] Failed to open file "/hpc/pmc_drost/PROJECTS/swang/CUT_RUN/nhung_test/alignment/SCC-ChIC-PMC-DRO-LH/SCC-ChIC-PMC-DRO-LH_sorted.bam.tmp.0000.bam" : File exists
[E::hts_open_format] Failed to open file "/hpc/pmc_drost/PROJECTS/swang/CUT_RUN/nhung_test/alignment/SCC-ChIC-PMC-DRO-L1/SCC-ChIC-PMC-DRO-L1_sorted.bam.tmp.0000.bam" : File exists
[E::hts_open_format] Failed to open file "/hpc/pmc_drost/PROJECTS/swang/CUT_RUN/nhung_test/alignment/SCC-bulkChIC-PMC-DRO-021/SCC-bulkChIC-PMC-DRO-021_sorted.bam.tmp.0000.bam" : File exists
[E::hts_open_format] Failed to open file "/hpc/pmc_drost/PROJECTS/swang/CUT_RUN/nhung_test/alignment/SCC-bulkChIC-PMC-DRO-002/SCC-bulkChIC-PMC-DRO-002_sorted.bam.tmp.0000.bam" : File exists
[E::hts_open_format] Failed to open file "/hpc/pmc_drost/PROJECTS/swang/CUT_RUN/nhung_test/alignment/SCC-bulkChIC-PMC-DRO-002/SCC-bulkChIC-PMC-DRO-002_sorted.bam.tmp.0000-001.bam" : File exists
[E::hts_open_format] Failed to open file "/hpc/pmc_drost/PROJECTS/swang/CUT_RUN/nhung_test/alignment/SCC-bulkChIC-PMC-DRO-020/SCC-bulkChIC-PMC-DRO-020_sorted.bam.tmp.0000.bam" : File exists
[E::hts_open_format] Failed to open file "/hpc/pmc_drost/PROJECTS/swang/CUT_RUN/nhung_test/alignment/SCC-ChIC-PMC-DRO-T5/SCC-ChIC-PMC-DRO-T5_sorted.bam.tmp.0000.bam" : File exists
[E::hts_open_format] Failed to open file "/hpc/pmc_drost/PROJECTS/swang/CUT_RUN/nhung_test/alignment/SCC-ChIC-PMC-DRO-L5/SCC-ChIC-PMC-DRO-L5_sorted.bam.tmp.0000.bam" : File exists
[E::hts_open_format] Failed to open file "/hpc/pmc_drost/PROJECTS/swang/CUT_RUN/nhung_test/alignment/SCC-ChIC-PMC-DRO-F1/SCC-ChIC-PMC-DRO-F1_sorted.bam.tmp.0000.bam" : File exists
[E::hts_open_format] Failed to open file "/hpc/pmc_drost/PROJECTS/swang/CUT_RUN/nhung_test/alignment/SCC-bulkChIC-PMC-DRO-022/SCC-bulkChIC-PMC-DRO-022_sorted.bam.tmp.0000.bam" : File exists
[E::hts_open_format] Failed to open file "/hpc/pmc_drost/PROJECTS/swang/CUT_RUN/nhung_test/alignment/SCC-ChIC-PMC-DRO-FH/SCC-ChIC-PMC-DRO-FH_sorted.bam.tmp.0000.bam" : File exists
[E::hts_open_format] Failed to open file "/hpc/pmc_drost/PROJECTS/swang/CUT_RUN/nhung_test/alignment/SCC-bulkChIC-PMC-DRO-008/SCC-bulkChIC-PMC-DRO-008_sorted.bam.tmp.0000.bam" : File exists
[E::hts_open_format] Failed to open file "/hpc/pmc_drost/PROJECTS/swang/CUT_RUN/nhung_test/alignment/SCC-bulkChIC-PMC-DRO-008/SCC-bulkChIC-PMC-DRO-008_sorted.bam.tmp.0000-001.bam" : File exists
[E::hts_open_format] Failed to open file "/hpc/pmc_drost/PROJECTS/swang/CUT_RUN/nhung_test/alignment/bulkChIC-PMC-DRO-011/bulkChIC-PMC-DRO-011_sorted.bam.tmp.0000.bam" : File exists
[E::hts_open_format] Failed to open file "/hpc/pmc_drost/PROJECTS/swang/CUT_RUN/nhung_test/alignment/SCC-bulkChIC-PMC-DRO-005/SCC-bulkChIC-PMC-DRO-005_sorted.bam.tmp.0000.bam" : File exists
[E::hts_open_format] Failed to open file "/hpc/pmc_drost/PROJECTS/swang/CUT_RUN/nhung_test/alignment/SCC-bulkChIC-PMC-DRO-005/SCC-bulkChIC-PMC-DRO-005_sorted.bam.tmp.0000-001.bam" : File exists
[E::hts_open_format] Failed to open file "/hpc/pmc_drost/PROJECTS/swang/CUT_RUN/nhung_test/alignment/SCC-bulkChIC-PMC-DRO-024/SCC-bulkChIC-PMC-DRO-024_sorted.bam.tmp.0000.bam" : File exists
[E::hts_open_format] Failed to open file "/hpc/pmc_drost/PROJECTS/swang/CUT_RUN/nhung_test/alignment/bulkChIC-PMC-DRO-013/bulkChIC-PMC-DRO-013_sorted.bam.tmp.0000.bam" : File exists
[E::hts_open_format] Failed to open file "/hpc/pmc_drost/PROJECTS/swang/CUT_RUN/nhung_test/alignment/SCC-bulkChIC-PMC-DRO-023/SCC-bulkChIC-PMC-DRO-023_sorted.bam.tmp.0000.bam" : File exists
[E::hts_open_format] Failed to open file "/hpc/pmc_drost/PROJECTS/swang/CUT_RUN/nhung_test/alignment/bulkChIC-PMC-DRO-014/bulkChIC-PMC-DRO-014_sorted.bam.tmp.0000.bam" : File exists
[E::hts_open_format] Failed to open file "/hpc/pmc_drost/PROJECTS/swang/CUT_RUN/nhung_test/alignment/bulkChIC-PMC-DRO-015/bulkChIC-PMC-DRO-015_sorted.bam.tmp.0000.bam" : File exists
[bam_sort_core] merging from 1 files and 1 in-memory blocks...
[bam_sort_core] merging from 1 files and 1 in-memory blocks...
[bam_sort_core] merging from 1 files and 1 in-memory blocks...
[bam_sort_core] merging from 1 files and 1 in-memory blocks...
[bam_sort_core] merging from 1 files and 1 in-memory blocks...
[bam_sort_core] merging from 1 files and 1 in-memory blocks...
[bam_sort_core] merging from 1 files and 1 in-memory blocks...
[bam_sort_core] merging from 1 files and 1 in-memory blocks...
[E::hts_open_format] Failed to open file "/hpc/pmc_drost/PROJECTS/swang/CUT_RUN/nhung_test/alignment/SCC-bulkChIC-PMC-DRO-008/SCC-bulkChIC-PMC-DRO-008_sorted.bam.tmp.0001.bam" : File exists
[E::hts_open_format] Failed to open file "/hpc/pmc_drost/PROJECTS/swang/CUT_RUN/nhung_test/alignment/SCC-bulkChIC-PMC-DRO-002/SCC-bulkChIC-PMC-DRO-002_sorted.bam.tmp.0001.bam" : File exists
[E::hts_open_format] Failed to open file "/hpc/pmc_drost/PROJECTS/swang/CUT_RUN/nhung_test/alignment/SCC-bulkChIC-PMC-DRO-005/SCC-bulkChIC-PMC-DRO-005_sorted.bam.tmp.0001.bam" : File exists
[bam_sort_core] merging from 2 files and 1 in-memory blocks...
[E::hts_open_format] Failed to open file "/hpc/pmc_drost/PROJECTS/swang/CUT_RUN/nhung_test/alignment/SCC-bulkChIC-PMC-DRO-008/SCC-bulkChIC-PMC-DRO-008_sorted.bam.tmp.0002.bam" : File exists
[E::hts_open_format] Failed to open file "/hpc/pmc_drost/PROJECTS/swang/CUT_RUN/nhung_test/alignment/SCC-bulkChIC-PMC-DRO-002/SCC-bulkChIC-PMC-DRO-002_sorted.bam.tmp.0002.bam" : File exists
[E::hts_open_format] Failed to open file "/hpc/pmc_drost/PROJECTS/swang/CUT_RUN/nhung_test/alignment/SCC-bulkChIC-PMC-DRO-005/SCC-bulkChIC-PMC-DRO-005_sorted.bam.tmp.0002.bam" : File exists
[E::hts_open_format] Failed to open file "/hpc/pmc_drost/PROJECTS/swang/CUT_RUN/nhung_test/alignment/SCC-bulkChIC-PMC-DRO-008/SCC-bulkChIC-PMC-DRO-008_sorted.bam.tmp.0003.bam" : File exists
[E::hts_open_format] Failed to open file "/hpc/pmc_drost/PROJECTS/swang/CUT_RUN/nhung_test/alignment/SCC-bulkChIC-PMC-DRO-002/SCC-bulkChIC-PMC-DRO-002_sorted.bam.tmp.0003.bam" : File exists
[E::hts_open_format] Failed to open file "/hpc/pmc_drost/PROJECTS/swang/CUT_RUN/nhung_test/alignment/SCC-bulkChIC-PMC-DRO-005/SCC-bulkChIC-PMC-DRO-005_sorted.bam.tmp.0003.bam" : File exists
[E::hts_open_format] Failed to open file "/hpc/pmc_drost/PROJECTS/swang/CUT_RUN/nhung_test/alignment/SCC-bulkChIC-PMC-DRO-008/SCC-bulkChIC-PMC-DRO-008_sorted.bam.tmp.0004.bam" : File exists
[E::hts_open_format] Failed to open file "/hpc/pmc_drost/PROJECTS/swang/CUT_RUN/nhung_test/alignment/SCC-bulkChIC-PMC-DRO-002/SCC-bulkChIC-PMC-DRO-002_sorted.bam.tmp.0004.bam" : File exists
[E::hts_open_format] Failed to open file "/hpc/pmc_drost/PROJECTS/swang/CUT_RUN/nhung_test/alignment/SCC-bulkChIC-PMC-DRO-005/SCC-bulkChIC-PMC-DRO-005_sorted.bam.tmp.0004.bam" : File exists
[E::hts_open_format] Failed to open file "/hpc/pmc_drost/PROJECTS/swang/CUT_RUN/nhung_test/alignment/SCC-bulkChIC-PMC-DRO-008/SCC-bulkChIC-PMC-DRO-008_sorted.bam.tmp.0005.bam" : File exists
[E::hts_open_format] Failed to open file "/hpc/pmc_drost/PROJECTS/swang/CUT_RUN/nhung_test/alignment/SCC-bulkChIC-PMC-DRO-002/SCC-bulkChIC-PMC-DRO-002_sorted.bam.tmp.0005.bam" : File exists
[E::hts_open_format] Failed to open file "/hpc/pmc_drost/PROJECTS/swang/CUT_RUN/nhung_test/alignment/SCC-bulkChIC-PMC-DRO-005/SCC-bulkChIC-PMC-DRO-005_sorted.bam.tmp.0005.bam" : File exists
[E::hts_open_format] Failed to open file "/hpc/pmc_drost/PROJECTS/swang/CUT_RUN/nhung_test/alignment/SCC-bulkChIC-PMC-DRO-008/SCC-bulkChIC-PMC-DRO-008_sorted.bam.tmp.0006.bam" : File exists
[E::hts_open_format] Failed to open file "/hpc/pmc_drost/PROJECTS/swang/CUT_RUN/nhung_test/alignment/SCC-bulkChIC-PMC-DRO-002/SCC-bulkChIC-PMC-DRO-002_sorted.bam.tmp.0006.bam" : File exists
[E::hts_open_format] Failed to open file "/hpc/pmc_drost/PROJECTS/swang/CUT_RUN/nhung_test/alignment/SCC-bulkChIC-PMC-DRO-005/SCC-bulkChIC-PMC-DRO-005_sorted.bam.tmp.0006.bam" : File exists
[E::hts_open_format] Failed to open file "/hpc/pmc_drost/PROJECTS/swang/CUT_RUN/nhung_test/alignment/SCC-bulkChIC-PMC-DRO-008/SCC-bulkChIC-PMC-DRO-008_sorted.bam.tmp.0007.bam" : File exists
[E::hts_open_format] Failed to open file "/hpc/pmc_drost/PROJECTS/swang/CUT_RUN/nhung_test/alignment/SCC-bulkChIC-PMC-DRO-005/SCC-bulkChIC-PMC-DRO-005_sorted.bam.tmp.0007.bam" : File exists
[E::hts_open_format] Failed to open file "/hpc/pmc_drost/PROJECTS/swang/CUT_RUN/nhung_test/alignment/SCC-bulkChIC-PMC-DRO-002/SCC-bulkChIC-PMC-DRO-002_sorted.bam.tmp.0007.bam" : File exists
[E::hts_open_format] Failed to open file "/hpc/pmc_drost/PROJECTS/swang/CUT_RUN/nhung_test/alignment/SCC-bulkChIC-PMC-DRO-008/SCC-bulkChIC-PMC-DRO-008_sorted.bam.tmp.0008.bam" : File exists
[E::hts_open_format] Failed to open file "/hpc/pmc_drost/PROJECTS/swang/CUT_RUN/nhung_test/alignment/SCC-bulkChIC-PMC-DRO-005/SCC-bulkChIC-PMC-DRO-005_sorted.bam.tmp.0008.bam" : File exists
[E::hts_open_format] Failed to open file "/hpc/pmc_drost/PROJECTS/swang/CUT_RUN/nhung_test/alignment/SCC-bulkChIC-PMC-DRO-002/SCC-bulkChIC-PMC-DRO-002_sorted.bam.tmp.0008.bam" : File exists
[E::hts_open_format] Failed to open file "/hpc/pmc_drost/PROJECTS/swang/CUT_RUN/nhung_test/alignment/SCC-bulkChIC-PMC-DRO-008/SCC-bulkChIC-PMC-DRO-008_sorted.bam.tmp.0009.bam" : File exists
[E::hts_open_format] Failed to open file "/hpc/pmc_drost/PROJECTS/swang/CUT_RUN/nhung_test/alignment/SCC-bulkChIC-PMC-DRO-005/SCC-bulkChIC-PMC-DRO-005_sorted.bam.tmp.0009.bam" : File exists
[E::hts_open_format] Failed to open file "/hpc/pmc_drost/PROJECTS/swang/CUT_RUN/nhung_test/alignment/SCC-bulkChIC-PMC-DRO-002/SCC-bulkChIC-PMC-DRO-002_sorted.bam.tmp.0009.bam" : File exists
[E::hts_open_format] Failed to open file "/hpc/pmc_drost/PROJECTS/swang/CUT_RUN/nhung_test/alignment/SCC-bulkChIC-PMC-DRO-008/SCC-bulkChIC-PMC-DRO-008_sorted.bam.tmp.0010.bam" : File exists
[E::hts_open_format] Failed to open file "/hpc/pmc_drost/PROJECTS/swang/CUT_RUN/nhung_test/alignment/SCC-bulkChIC-PMC-DRO-005/SCC-bulkChIC-PMC-DRO-005_sorted.bam.tmp.0010.bam" : File exists
[E::hts_open_format] Failed to open file "/hpc/pmc_drost/PROJECTS/swang/CUT_RUN/nhung_test/alignment/SCC-bulkChIC-PMC-DRO-002/SCC-bulkChIC-PMC-DRO-002_sorted.bam.tmp.0010.bam" : File exists
[E::hts_open_format] Failed to open file "/hpc/pmc_drost/PROJECTS/swang/CUT_RUN/nhung_test/alignment/SCC-bulkChIC-PMC-DRO-008/SCC-bulkChIC-PMC-DRO-008_sorted.bam.tmp.0011.bam" : File exists
[E::hts_open_format] Failed to open file "/hpc/pmc_drost/PROJECTS/swang/CUT_RUN/nhung_test/alignment/SCC-bulkChIC-PMC-DRO-005/SCC-bulkChIC-PMC-DRO-005_sorted.bam.tmp.0011.bam" : File exists
[bam_sort_core] merging from 11 files and 1 in-memory blocks...
[E::hts_open_format] Failed to open file "/hpc/pmc_drost/PROJECTS/swang/CUT_RUN/nhung_test/alignment/SCC-bulkChIC-PMC-DRO-002/SCC-bulkChIC-PMC-DRO-002_sorted.bam.tmp.0011.bam" : File exists
[E::hts_open_format] Failed to open file "/hpc/pmc_drost/PROJECTS/swang/CUT_RUN/nhung_test/alignment/SCC-bulkChIC-PMC-DRO-008/SCC-bulkChIC-PMC-DRO-008_sorted.bam.tmp.0012.bam" : File exists
[E::hts_open_format] Failed to open file "/hpc/pmc_drost/PROJECTS/swang/CUT_RUN/nhung_test/alignment/SCC-bulkChIC-PMC-DRO-005/SCC-bulkChIC-PMC-DRO-005_sorted.bam.tmp.0012.bam" : File exists
[bam_sort_core] merging from 12 files and 1 in-memory blocks...
[E::hts_open_format] Failed to open file "/hpc/pmc_drost/PROJECTS/swang/CUT_RUN/nhung_test/alignment/SCC-bulkChIC-PMC-DRO-002/SCC-bulkChIC-PMC-DRO-002_sorted.bam.tmp.0012.bam" : File exists
[bam_sort_core] merging from 13 files and 1 in-memory blocks...
[E::hts_open_format] Failed to open file "/hpc/pmc_drost/PROJECTS/swang/CUT_RUN/nhung_test/alignment/SCC-bulkChIC-PMC-DRO-008/SCC-bulkChIC-PMC-DRO-008_sorted.bam.tmp.0013.bam" : File exists
[E::hts_open_format] Failed to open file "/hpc/pmc_drost/PROJECTS/swang/CUT_RUN/nhung_test/alignment/SCC-bulkChIC-PMC-DRO-005/SCC-bulkChIC-PMC-DRO-005_sorted.bam.tmp.0013.bam" : File exists
[E::hts_open_format] Failed to open file "/hpc/pmc_drost/PROJECTS/swang/CUT_RUN/nhung_test/alignment/SCC-bulkChIC-PMC-DRO-002/SCC-bulkChIC-PMC-DRO-002_sorted.bam.tmp.0013.bam" : File exists
[bam_sort_core] merging from 13 files and 1 in-memory blocks...
[E::hts_open_format] Failed to open file "/hpc/pmc_drost/PROJECTS/swang/CUT_RUN/nhung_test/alignment/SCC-bulkChIC-PMC-DRO-008/SCC-bulkChIC-PMC-DRO-008_sorted.bam.tmp.0014.bam" : File exists
[E::hts_open_format] Failed to open file "/hpc/pmc_drost/PROJECTS/swang/CUT_RUN/nhung_test/alignment/SCC-bulkChIC-PMC-DRO-005/SCC-bulkChIC-PMC-DRO-005_sorted.bam.tmp.0014.bam" : File exists
[bam_sort_core] merging from 14 files and 1 in-memory blocks...
[E::hts_open_format] Failed to open file "/hpc/pmc_drost/PROJECTS/swang/CUT_RUN/nhung_test/alignment/SCC-bulkChIC-PMC-DRO-002/SCC-bulkChIC-PMC-DRO-002_sorted.bam.tmp.0014.bam" : File exists
[E::hts_open_format] Failed to open file "/hpc/pmc_drost/PROJECTS/swang/CUT_RUN/nhung_test/alignment/SCC-bulkChIC-PMC-DRO-005/SCC-bulkChIC-PMC-DRO-005_sorted.bam.tmp.0015.bam" : File exists
[bam_sort_core] merging from 14 files and 1 in-memory blocks...
[E::hts_open_format] Failed to open file "/hpc/pmc_drost/PROJECTS/swang/CUT_RUN/nhung_test/alignment/SCC-bulkChIC-PMC-DRO-008/SCC-bulkChIC-PMC-DRO-008_sorted.bam.tmp.0015.bam" : File exists
[bam_sort_core] merging from 15 files and 1 in-memory blocks...
[bam_sort_core] merging from 16 files and 1 in-memory blocks...
[E::hts_open_format] Failed to open file "/hpc/pmc_drost/PROJECTS/swang/CUT_RUN/nhung_test/alignment/SCC-bulkChIC-PMC-DRO-002/SCC-bulkChIC-PMC-DRO-002_sorted.bam.tmp.0015.bam" : File exists
[E::hts_open_format] Failed to open file "/hpc/pmc_drost/PROJECTS/swang/CUT_RUN/nhung_test/alignment/SCC-bulkChIC-PMC-DRO-005/SCC-bulkChIC-PMC-DRO-005_sorted.bam.tmp.0016.bam" : File exists
[E::hts_open_format] Failed to open file "/hpc/pmc_drost/PROJECTS/swang/CUT_RUN/nhung_test/alignment/SCC-bulkChIC-PMC-DRO-008/SCC-bulkChIC-PMC-DRO-008_sorted.bam.tmp.0016.bam" : File exists
[bam_sort_core] merging from 16 files and 1 in-memory blocks...
[E::hts_open_format] Failed to open file "/hpc/pmc_drost/PROJECTS/swang/CUT_RUN/nhung_test/alignment/SCC-bulkChIC-PMC-DRO-002/SCC-bulkChIC-PMC-DRO-002_sorted.bam.tmp.0016.bam" : File exists
[bam_sort_core] merging from 16 files and 1 in-memory blocks...
[bam_sort_core] merging from 16 files and 1 in-memory blocks...
[E::hts_open_format] Failed to open file "/hpc/pmc_drost/PROJECTS/swang/CUT_RUN/nhung_test/alignment/SCC-bulkChIC-PMC-DRO-005/SCC-bulkChIC-PMC-DRO-005_sorted.bam.tmp.0017.bam" : File exists
[E::hts_open_format] Failed to open file "/hpc/pmc_drost/PROJECTS/swang/CUT_RUN/nhung_test/alignment/SCC-bulkChIC-PMC-DRO-008/SCC-bulkChIC-PMC-DRO-008_sorted.bam.tmp.0017.bam" : File exists
[E::hts_open_format] Failed to open file "/hpc/pmc_drost/PROJECTS/swang/CUT_RUN/nhung_test/alignment/SCC-bulkChIC-PMC-DRO-005/SCC-bulkChIC-PMC-DRO-005_sorted.bam.tmp.0018.bam" : File exists
[bam_sort_core] merging from 17 files and 1 in-memory blocks...
[E::hts_open_format] Failed to open file "/hpc/pmc_drost/PROJECTS/swang/CUT_RUN/nhung_test/alignment/SCC-bulkChIC-PMC-DRO-008/SCC-bulkChIC-PMC-DRO-008_sorted.bam.tmp.0018.bam" : File exists
[E::hts_open_format] Failed to open file "/hpc/pmc_drost/PROJECTS/swang/CUT_RUN/nhung_test/alignment/SCC-bulkChIC-PMC-DRO-002/SCC-bulkChIC-PMC-DRO-002_sorted.bam.tmp.0017.bam" : File exists
[E::hts_open_format] Failed to open file "/hpc/pmc_drost/PROJECTS/swang/CUT_RUN/nhung_test/alignment/SCC-bulkChIC-PMC-DRO-005/SCC-bulkChIC-PMC-DRO-005_sorted.bam.tmp.0019.bam" : File exists
[E::hts_open_format] Failed to open file "/hpc/pmc_drost/PROJECTS/swang/CUT_RUN/nhung_test/alignment/SCC-bulkChIC-PMC-DRO-002/SCC-bulkChIC-PMC-DRO-002_sorted.bam.tmp.0018.bam" : File exists
[E::hts_open_format] Failed to open file "/hpc/pmc_drost/PROJECTS/swang/CUT_RUN/nhung_test/alignment/SCC-bulkChIC-PMC-DRO-008/SCC-bulkChIC-PMC-DRO-008_sorted.bam.tmp.0019.bam" : File exists
[E::hts_open_format] Failed to open file "/hpc/pmc_drost/PROJECTS/swang/CUT_RUN/nhung_test/alignment/SCC-bulkChIC-PMC-DRO-005/SCC-bulkChIC-PMC-DRO-005_sorted.bam.tmp.0020.bam" : File exists
[E::hts_open_format] Failed to open file "/hpc/pmc_drost/PROJECTS/swang/CUT_RUN/nhung_test/alignment/SCC-bulkChIC-PMC-DRO-002/SCC-bulkChIC-PMC-DRO-002_sorted.bam.tmp.0019.bam" : File exists
[E::hts_open_format] Failed to open file "/hpc/pmc_drost/PROJECTS/swang/CUT_RUN/nhung_test/alignment/SCC-bulkChIC-PMC-DRO-008/SCC-bulkChIC-PMC-DRO-008_sorted.bam.tmp.0020.bam" : File exists
[E::hts_open_format] Failed to open file "/hpc/pmc_drost/PROJECTS/swang/CUT_RUN/nhung_test/alignment/SCC-bulkChIC-PMC-DRO-005/SCC-bulkChIC-PMC-DRO-005_sorted.bam.tmp.0021.bam" : File exists
[E::hts_open_format] Failed to open file "/hpc/pmc_drost/PROJECTS/swang/CUT_RUN/nhung_test/alignment/SCC-bulkChIC-PMC-DRO-002/SCC-bulkChIC-PMC-DRO-002_sorted.bam.tmp.0020.bam" : File exists
[E::hts_open_format] Failed to open file "/hpc/pmc_drost/PROJECTS/swang/CUT_RUN/nhung_test/alignment/SCC-bulkChIC-PMC-DRO-008/SCC-bulkChIC-PMC-DRO-008_sorted.bam.tmp.0021.bam" : File exists
[E::hts_open_format] Failed to open file "/hpc/pmc_drost/PROJECTS/swang/CUT_RUN/nhung_test/alignment/SCC-bulkChIC-PMC-DRO-005/SCC-bulkChIC-PMC-DRO-005_sorted.bam.tmp.0022.bam" : File exists
[E::hts_open_format] Failed to open file "/hpc/pmc_drost/PROJECTS/swang/CUT_RUN/nhung_test/alignment/SCC-bulkChIC-PMC-DRO-002/SCC-bulkChIC-PMC-DRO-002_sorted.bam.tmp.0021.bam" : File exists
[E::hts_open_format] Failed to open file "/hpc/pmc_drost/PROJECTS/swang/CUT_RUN/nhung_test/alignment/SCC-bulkChIC-PMC-DRO-008/SCC-bulkChIC-PMC-DRO-008_sorted.bam.tmp.0022.bam" : File exists
[E::hts_open_format] Failed to open file "/hpc/pmc_drost/PROJECTS/swang/CUT_RUN/nhung_test/alignment/SCC-bulkChIC-PMC-DRO-005/SCC-bulkChIC-PMC-DRO-005_sorted.bam.tmp.0023.bam" : File exists
[E::hts_open_format] Failed to open file "/hpc/pmc_drost/PROJECTS/swang/CUT_RUN/nhung_test/alignment/SCC-bulkChIC-PMC-DRO-002/SCC-bulkChIC-PMC-DRO-002_sorted.bam.tmp.0022.bam" : File exists
[E::hts_open_format] Failed to open file "/hpc/pmc_drost/PROJECTS/swang/CUT_RUN/nhung_test/alignment/SCC-bulkChIC-PMC-DRO-005/SCC-bulkChIC-PMC-DRO-005_sorted.bam.tmp.0024.bam" : File exists
[E::hts_open_format] Failed to open file "/hpc/pmc_drost/PROJECTS/swang/CUT_RUN/nhung_test/alignment/SCC-bulkChIC-PMC-DRO-002/SCC-bulkChIC-PMC-DRO-002_sorted.bam.tmp.0023.bam" : File exists
[E::hts_open_format] Failed to open file "/hpc/pmc_drost/PROJECTS/swang/CUT_RUN/nhung_test/alignment/SCC-bulkChIC-PMC-DRO-005/SCC-bulkChIC-PMC-DRO-005_sorted.bam.tmp.0025.bam" : File exists
[E::hts_open_format] Failed to open file "/hpc/pmc_drost/PROJECTS/swang/CUT_RUN/nhung_test/alignment/SCC-bulkChIC-PMC-DRO-002/SCC-bulkChIC-PMC-DRO-002_sorted.bam.tmp.0024.bam" : File exists
[E::hts_open_format] Failed to open file "/hpc/pmc_drost/PROJECTS/swang/CUT_RUN/nhung_test/alignment/SCC-bulkChIC-PMC-DRO-005/SCC-bulkChIC-PMC-DRO-005_sorted.bam.tmp.0026.bam" : File exists
[E::hts_open_format] Failed to open file "/hpc/pmc_drost/PROJECTS/swang/CUT_RUN/nhung_test/alignment/SCC-bulkChIC-PMC-DRO-002/SCC-bulkChIC-PMC-DRO-002_sorted.bam.tmp.0025.bam" : File exists
[E::hts_open_format] Failed to open file "/hpc/pmc_drost/PROJECTS/swang/CUT_RUN/nhung_test/alignment/SCC-bulkChIC-PMC-DRO-005/SCC-bulkChIC-PMC-DRO-005_sorted.bam.tmp.0027.bam" : File exists
[E::hts_open_format] Failed to open file "/hpc/pmc_drost/PROJECTS/swang/CUT_RUN/nhung_test/alignment/SCC-bulkChIC-PMC-DRO-002/SCC-bulkChIC-PMC-DRO-002_sorted.bam.tmp.0026.bam" : File exists
[E::hts_open_format] Failed to open file "/hpc/pmc_drost/PROJECTS/swang/CUT_RUN/nhung_test/alignment/SCC-bulkChIC-PMC-DRO-005/SCC-bulkChIC-PMC-DRO-005_sorted.bam.tmp.0028.bam" : File exists
[E::hts_open_format] Failed to open file "/hpc/pmc_drost/PROJECTS/swang/CUT_RUN/nhung_test/alignment/SCC-bulkChIC-PMC-DRO-002/SCC-bulkChIC-PMC-DRO-002_sorted.bam.tmp.0027.bam" : File exists
[E::hts_open_format] Failed to open file "/hpc/pmc_drost/PROJECTS/swang/CUT_RUN/nhung_test/alignment/SCC-bulkChIC-PMC-DRO-005/SCC-bulkChIC-PMC-DRO-005_sorted.bam.tmp.0029.bam" : File exists
/hpc/pmc_drost/nhung/anaconda3/envs/cutnrun_trimgalore/bin/genomeCoverageBed: line 2: 1363234 Killed                  ${0%/*}/bedtools genomecov "$@"
/hpc/pmc_drost/nhung/anaconda3/envs/cutnrun_trimgalore/bin/genomeCoverageBed: line 2: 1384351 Killed                  ${0%/*}/bedtools genomecov "$@"
/hpc/pmc_drost/nhung/anaconda3/envs/cutnrun_trimgalore/bin/genomeCoverageBed: line 2: 1384498 Killed                  ${0%/*}/bedtools genomecov "$@"
/hpc/pmc_drost/nhung/anaconda3/envs/cutnrun_trimgalore/bin/genomeCoverageBed: line 2: 1384504 Killed                  ${0%/*}/bedtools genomecov "$@"
/hpc/pmc_drost/nhung/anaconda3/envs/cutnrun_trimgalore/bin/genomeCoverageBed: line 2: 1363231 Killed                  ${0%/*}/bedtools genomecov "$@"
/hpc/pmc_drost/nhung/anaconda3/envs/cutnrun_trimgalore/bin/genomeCoverageBed: line 2: 1363394 Killed                  ${0%/*}/bedtools genomecov "$@"
/hpc/pmc_drost/nhung/anaconda3/envs/cutnrun_trimgalore/bin/genomeCoverageBed: line 2: 1384633 Killed                  ${0%/*}/bedtools genomecov "$@"
[bam_sort_core] merging from 80 files and 1 in-memory blocks...
[bam_sort_core] merging from 82 files and 1 in-memory blocks...
[bam_sort_core] merging from 87 files and 1 in-memory blocks...
[E::bgzf_read] Read block operation failed with error 4 after 0 of 4 bytes
[E::bgzf_read] Read block operation failed with error 4 after 0 of 4 bytes
[E::bgzf_read] Read block operation failed with error 4 after 0 of 4 bytes
bam2bed and sorted all done
finish cut and run analysis at Mon Apr 24 19:28:13 CEST 2023
slurmstepd: error: Detected 7 oom-kill event(s) in StepId=224924.batch. Some of your processes may have been killed by the cgroup out-of-memory handler.
