start running cut and run analysis at Mon Apr 24 15:54:10 CEST 2023
-----------running 1 out of 24 samples---------------------- 
-----------running 2 out of 24 samples---------------------- 
-----------running 3 out of 24 samples---------------------- 
-----------running 4 out of 24 samples---------------------- 
-----------running 5 out of 24 samples---------------------- 
-----------running 6 out of 24 samples---------------------- 
-----------running 7 out of 24 samples---------------------- 
-----------running 8 out of 24 samples---------------------- 
-----------running 9 out of 24 samples---------------------- 
-----------running 10 out of 24 samples---------------------- 
-----------running 11 out of 24 samples---------------------- 
-----------running 12 out of 24 samples---------------------- 
-----------running 13 out of 24 samples---------------------- 
-----------running 14 out of 24 samples---------------------- 
-----------running 15 out of 24 samples---------------------- 
-----------running 16 out of 24 samples---------------------- 
-----------running 17 out of 24 samples---------------------- 
-----------running 18 out of 24 samples---------------------- 
-----------running 19 out of 24 samples---------------------- 
-----------running 20 out of 24 samples---------------------- 
-----------running 21 out of 24 samples---------------------- 
-----------running 22 out of 24 samples---------------------- 
-----------running 23 out of 24 samples---------------------- 
-----------running 24 out of 24 samples---------------------- 
[E::hts_open_format] Failed to open file "/hpc/pmc_drost/PROJECTS/swang/CUT_RUN/nhung_test/alignment/SCC-ChIC-PMC-DRO-F1/SCC-ChIC-PMC-DRO-F1_sorted.bam.tmp.0000.bam" : File exists
[E::hts_open_format] Failed to open file "/hpc/pmc_drost/PROJECTS/swang/CUT_RUN/nhung_test/alignment/SCC-bulkChIC-PMC-DRO-023/SCC-bulkChIC-PMC-DRO-023_sorted.bam.tmp.0000.bam" : File exists
[E::hts_open_format] Failed to open file "/hpc/pmc_drost/PROJECTS/swang/CUT_RUN/nhung_test/alignment/SCC-ChIC-PMC-DRO-F5/SCC-ChIC-PMC-DRO-F5_sorted.bam.tmp.0000.bam" : File exists
[E::hts_open_format] Failed to open file "/hpc/pmc_drost/PROJECTS/swang/CUT_RUN/nhung_test/alignment/SCC-ChIC-PMC-DRO-L1/SCC-ChIC-PMC-DRO-L1_sorted.bam.tmp.0000.bam" : File exists
[E::hts_open_format] Failed to open file "/hpc/pmc_drost/PROJECTS/swang/CUT_RUN/nhung_test/alignment/SCC-ChIC-PMC-DRO-TH/SCC-ChIC-PMC-DRO-TH_sorted.bam.tmp.0000.bam" : File exists
[E::hts_open_format] Failed to open file "/hpc/pmc_drost/PROJECTS/swang/CUT_RUN/nhung_test/alignment/SCC-ChIC-PMC-DRO-LH/SCC-ChIC-PMC-DRO-LH_sorted.bam.tmp.0000.bam" : File exists
[E::hts_open_format] Failed to open file "/hpc/pmc_drost/PROJECTS/swang/CUT_RUN/nhung_test/alignment/SCC-bulkChIC-PMC-DRO-020/SCC-bulkChIC-PMC-DRO-020_sorted.bam.tmp.0000.bam" : File exists
[E::hts_open_format] Failed to open file "/hpc/pmc_drost/PROJECTS/swang/CUT_RUN/nhung_test/alignment/bulkChIC-PMC-DRO-013/bulkChIC-PMC-DRO-013_sorted.bam.tmp.0000.bam" : File exists
[E::hts_open_format] Failed to open file "/hpc/pmc_drost/PROJECTS/swang/CUT_RUN/nhung_test/alignment/SCC-bulkChIC-PMC-DRO-021/SCC-bulkChIC-PMC-DRO-021_sorted.bam.tmp.0000.bam" : File exists
[E::hts_open_format] Failed to open file "/hpc/pmc_drost/PROJECTS/swang/CUT_RUN/nhung_test/alignment/bulkChIC-PMC-DRO-012/bulkChIC-PMC-DRO-012_sorted.bam.tmp.0000.bam" : File exists
[E::hts_open_format] Failed to open file "/hpc/pmc_drost/PROJECTS/swang/CUT_RUN/nhung_test/alignment/SCC-ChIC-PMC-DRO-FH/SCC-ChIC-PMC-DRO-FH_sorted.bam.tmp.0000.bam" : File exists
[E::hts_open_format] Failed to open file "/hpc/pmc_drost/PROJECTS/swang/CUT_RUN/nhung_test/alignment/SCC-bulkChIC-PMC-DRO-024/SCC-bulkChIC-PMC-DRO-024_sorted.bam.tmp.0000.bam" : File exists
[E::hts_open_format] Failed to open file "/hpc/pmc_drost/PROJECTS/swang/CUT_RUN/nhung_test/alignment/SCC-ChIC-PMC-DRO-T1/SCC-ChIC-PMC-DRO-T1_sorted.bam.tmp.0000.bam" : File exists
[E::hts_open_format] Failed to open file "/hpc/pmc_drost/PROJECTS/swang/CUT_RUN/nhung_test/alignment/SCC-ChIC-PMC-DRO-L5/SCC-ChIC-PMC-DRO-L5_sorted.bam.tmp.0000.bam" : File exists
[E::hts_open_format] Failed to open file "/hpc/pmc_drost/PROJECTS/swang/CUT_RUN/nhung_test/alignment/bulkChIC-PMC-DRO-011/bulkChIC-PMC-DRO-011_sorted.bam.tmp.0000.bam" : File exists
[E::hts_open_format] Failed to open file "/hpc/pmc_drost/PROJECTS/swang/CUT_RUN/nhung_test/alignment/bulkChIC-PMC-DRO-015/bulkChIC-PMC-DRO-015_sorted.bam.tmp.0000.bam" : File exists
[E::hts_open_format] [E::hts_open_format] Failed to open file "/hpc/pmc_drost/PROJECTS/swang/CUT_RUN/nhung_test/alignment/bulkChIC-PMC-DRO-016/bulkChIC-PMC-DRO-016_sorted.bam.tmp.0000.bam" : File existsFailed to open file "/hpc/pmc_drost/PROJECTS/swang/CUT_RUN/nhung_test/alignment/SCC-ChIC-PMC-DRO-T5/SCC-ChIC-PMC-DRO-T5_sorted.bam.tmp.0000.bam" : File exists

[bam_sort_core] merging from 1 files and 1 in-memory blocks...
[E::hts_open_format] Failed to open file "/hpc/pmc_drost/PROJECTS/swang/CUT_RUN/nhung_test/alignment/bulkChIC-PMC-DRO-014/bulkChIC-PMC-DRO-014_sorted.bam.tmp.0000.bam" : File exists
[E::hts_open_format] Failed to open file "/hpc/pmc_drost/PROJECTS/swang/CUT_RUN/nhung_test/alignment/SCC-bulkChIC-PMC-DRO-025/SCC-bulkChIC-PMC-DRO-025_sorted.bam.tmp.0000.bam" : File exists
[E::hts_open_format] Failed to open file "/hpc/pmc_drost/PROJECTS/swang/CUT_RUN/nhung_test/alignment/SCC-bulkChIC-PMC-DRO-022/SCC-bulkChIC-PMC-DRO-022_sorted.bam.tmp.0000.bam" : File exists
[bam_sort_core] merging from 1 files and 1 in-memory blocks...
[bam_sort_core] merging from 1 files and 1 in-memory blocks...
[bam_sort_core] merging from 1 files and 1 in-memory blocks...
[bam_sort_core] merging from 1 files and 1 in-memory blocks...
[bam_sort_core] merging from 2 files and 1 in-memory blocks...
[bam_sort_core] merging from 1 files and 1 in-memory blocks...
[bam_sort_core] merging from 1 files and 1 in-memory blocks...
[bam_sort_core] merging from 1 files and 1 in-memory blocks...
[bam_sort_core] merging from 12 files and 1 in-memory blocks...
[bam_sort_core] merging from 11 files and 1 in-memory blocks...
[bam_sort_core] merging from 16 files and 1 in-memory blocks...
[bam_sort_core] merging from 13 files and 1 in-memory blocks...
[bam_sort_core] merging from 14 files and 1 in-memory blocks...
[bam_sort_core] merging from 14 files and 1 in-memory blocks...
[bam_sort_core] merging from 13 files and 1 in-memory blocks...
[bam_sort_core] merging from 15 files and 1 in-memory blocks...
[bam_sort_core] merging from 16 files and 1 in-memory blocks...
[bam_sort_core] merging from 16 files and 1 in-memory blocks...
[bam_sort_core] merging from 16 files and 1 in-memory blocks...
[bam_sort_core] merging from 17 files and 1 in-memory blocks...
/hpc/pmc_drost/nhung/anaconda3/envs/cutnrun_trimgalore/bin/genomeCoverageBed: line 2: 1426995 Killed                  ${0%/*}/bedtools genomecov "$@"
/hpc/pmc_drost/nhung/anaconda3/envs/cutnrun_trimgalore/bin/genomeCoverageBed: line 2: 1435642 Killed                  ${0%/*}/bedtools genomecov "$@"
/hpc/pmc_drost/nhung/anaconda3/envs/cutnrun_trimgalore/bin/genomeCoverageBed: line 2: 1436034 Killed                  ${0%/*}/bedtools genomecov "$@"
/hpc/pmc_drost/nhung/anaconda3/envs/cutnrun_trimgalore/bin/genomeCoverageBed: line 2: 1436064 Killed                  ${0%/*}/bedtools genomecov "$@"
/hpc/pmc_drost/nhung/anaconda3/envs/cutnrun_trimgalore/bin/genomeCoverageBed: line 2: 1436199 Killed                  ${0%/*}/bedtools genomecov "$@"
/hpc/pmc_drost/nhung/anaconda3/envs/cutnrun_trimgalore/bin/genomeCoverageBed: line 2: 1436223 Killed                  ${0%/*}/bedtools genomecov "$@"
/hpc/pmc_drost/nhung/anaconda3/envs/cutnrun_trimgalore/bin/genomeCoverageBed: line 2: 1436263 Killed                  ${0%/*}/bedtools genomecov "$@"
[bam_sort_core] merging from 80 files and 1 in-memory blocks...
[bam_sort_core] merging from 82 files and 1 in-memory blocks...
[bam_sort_core] merging from 87 files and 1 in-memory blocks...
bam2bed and sorted all done
finish cut and run analysis at Mon Apr 24 20:37:33 CEST 2023
slurmstepd: error: Detected 13 oom-kill event(s) in StepId=225228.batch. Some of your processes may have been killed by the cgroup out-of-memory handler.
