start running cut and run analysis at Tue May  9 13:04:35 CEST 2023
-------------------step 7. running data normalization------ 
/hpc/pmc_drost/PROJECTS/swang/CUT_RUN/nhung_test/modify_bedgraph/S3norm_NBP_bedgraph/SCC-bulkChIC-PMC-DRO-002_nozeroes_augmented.bedgraph.NBP.s3norm.bedgraph
/hpc/pmc_drost/PROJECTS/swang/CUT_RUN/nhung_test/modify_bedgraph/S3norm_NBP_bedgraph/bulkChIC-PMC-DRO-016_nozeroes_augmented.bedgraph.NBP.s3norm.bedgraph
/hpc/pmc_drost/PROJECTS/swang/CUT_RUN/nhung_test/modify_bedgraph/S3norm_NBP_bedgraph/SCC-ChIC-PMC-DRO-T5_nozeroes_augmented.bedgraph.NBP.s3norm.bedgraph
/hpc/pmc_drost/PROJECTS/swang/CUT_RUN/nhung_test/modify_bedgraph/S3norm_NBP_bedgraph/SCC-bulkChIC-PMC-DRO-025_nozeroes_augmented.bedgraph.NBP.s3norm.bedgraph
/hpc/pmc_drost/PROJECTS/swang/CUT_RUN/nhung_test/modify_bedgraph/S3norm_NBP_bedgraph/SCC-ChIC-PMC-DRO-F5_nozeroes_augmented.bedgraph.NBP.s3norm.bedgraph
/hpc/pmc_drost/PROJECTS/swang/CUT_RUN/nhung_test/modify_bedgraph/S3norm_NBP_bedgraph/SCC-bulkChIC-PMC-DRO-008_nozeroes_augmented.bedgraph.NBP.s3norm.bedgraph
/hpc/pmc_drost/PROJECTS/swang/CUT_RUN/nhung_test/modify_bedgraph/S3norm_NBP_bedgraph/bulkChIC-PMC-DRO-015_nozeroes_augmented.bedgraph.NBP.s3norm.bedgraph
/hpc/pmc_drost/PROJECTS/swang/CUT_RUN/nhung_test/modify_bedgraph/S3norm_NBP_bedgraph/SCC-ChIC-PMC-DRO-L1_nozeroes_augmented.bedgraph.NBP.s3norm.bedgraph
/hpc/pmc_drost/PROJECTS/swang/CUT_RUN/nhung_test/modify_bedgraph/S3norm_NBP_bedgraph/SCC-bulkChIC-PMC-DRO-020_nozeroes_augmented.bedgraph.NBP.s3norm.bedgraph
/hpc/pmc_drost/PROJECTS/swang/CUT_RUN/nhung_test/modify_bedgraph/S3norm_NBP_bedgraph/SCC-bulkChIC-PMC-DRO-022_nozeroes_augmented.bedgraph.NBP.s3norm.bedgraph
/hpc/pmc_drost/PROJECTS/swang/CUT_RUN/nhung_test/modify_bedgraph/S3norm_NBP_bedgraph/SCC-ChIC-PMC-DRO-L5_nozeroes_augmented.bedgraph.NBP.s3norm.bedgraph
/hpc/pmc_drost/PROJECTS/swang/CUT_RUN/nhung_test/modify_bedgraph/S3norm_NBP_bedgraph/SCC-ChIC-PMC-DRO-TH_nozeroes_augmented.bedgraph.NBP.s3norm.bedgraph
/hpc/pmc_drost/PROJECTS/swang/CUT_RUN/nhung_test/modify_bedgraph/S3norm_NBP_bedgraph/SCC-ChIC-PMC-DRO-LH_nozeroes_augmented.bedgraph.NBP.s3norm.bedgraph
/hpc/pmc_drost/PROJECTS/swang/CUT_RUN/nhung_test/modify_bedgraph/S3norm_NBP_bedgraph/SCC-ChIC-PMC-DRO-T1_nozeroes_augmented.bedgraph.NBP.s3norm.bedgraph
/hpc/pmc_drost/PROJECTS/swang/CUT_RUN/nhung_test/modify_bedgraph/S3norm_NBP_bedgraph/SCC-bulkChIC-PMC-DRO-024_nozeroes_augmented.bedgraph.NBP.s3norm.bedgraph
/hpc/pmc_drost/PROJECTS/swang/CUT_RUN/nhung_test/modify_bedgraph/S3norm_NBP_bedgraph/SCC-ChIC-PMC-DRO-F1_nozeroes_augmented.bedgraph.NBP.s3norm.bedgraph
/hpc/pmc_drost/PROJECTS/swang/CUT_RUN/nhung_test/modify_bedgraph/S3norm_NBP_bedgraph/SCC-bulkChIC-PMC-DRO-021_nozeroes_augmented.bedgraph.NBP.s3norm.bedgraph
/hpc/pmc_drost/PROJECTS/swang/CUT_RUN/nhung_test/modify_bedgraph/S3norm_NBP_bedgraph/SCC-bulkChIC-PMC-DRO-005_nozeroes_augmented.bedgraph.NBP.s3norm.bedgraph
/hpc/pmc_drost/PROJECTS/swang/CUT_RUN/nhung_test/modify_bedgraph/S3norm_NBP_bedgraph/SCC-bulkChIC-PMC-DRO-023_nozeroes_augmented.bedgraph.NBP.s3norm.bedgraph
/hpc/pmc_drost/PROJECTS/swang/CUT_RUN/nhung_test/modify_bedgraph/S3norm_NBP_bedgraph/bulkChIC-PMC-DRO-014_nozeroes_augmented.bedgraph.NBP.s3norm.bedgraph
Traceback (most recent call last):
  File "clean_normalized_data.py", line 49, in <module>
    df.to_csv(res_dir + sample[:-9]+'_process_after_normalize.bedgraph', index=False, sep='\t', header=None)
TypeError: 'int' object has no attribute '__getitem__'
finish cut and run analysis at Tue May  9 13:13:44 CEST 2023
