start running cut and run analysis at Thu Apr 20 10:17:05 CEST 2023
------------------step1. running quality check----------------------
-----------running 1 out of 1 samples---------------------- 
2
---------start fastqc for bulkChIC-PMC-DRO-011 at Thu Apr 20 10:17:05 CEST 2023---------
application/gzip
Started analysis of bulkChIC-PMC-DRO-011_AAC22FNM5_S3_L001_R1_001.fastq.gz
Approx 5% complete for bulkChIC-PMC-DRO-011_AAC22FNM5_S3_L001_R1_001.fastq.gz
Approx 10% complete for bulkChIC-PMC-DRO-011_AAC22FNM5_S3_L001_R1_001.fastq.gz
Approx 15% complete for bulkChIC-PMC-DRO-011_AAC22FNM5_S3_L001_R1_001.fastq.gz
Approx 20% complete for bulkChIC-PMC-DRO-011_AAC22FNM5_S3_L001_R1_001.fastq.gz
Approx 25% complete for bulkChIC-PMC-DRO-011_AAC22FNM5_S3_L001_R1_001.fastq.gz
Approx 30% complete for bulkChIC-PMC-DRO-011_AAC22FNM5_S3_L001_R1_001.fastq.gz
Approx 35% complete for bulkChIC-PMC-DRO-011_AAC22FNM5_S3_L001_R1_001.fastq.gz
Approx 40% complete for bulkChIC-PMC-DRO-011_AAC22FNM5_S3_L001_R1_001.fastq.gz
Approx 45% complete for bulkChIC-PMC-DRO-011_AAC22FNM5_S3_L001_R1_001.fastq.gz
Approx 50% complete for bulkChIC-PMC-DRO-011_AAC22FNM5_S3_L001_R1_001.fastq.gz
Approx 55% complete for bulkChIC-PMC-DRO-011_AAC22FNM5_S3_L001_R1_001.fastq.gz
Approx 60% complete for bulkChIC-PMC-DRO-011_AAC22FNM5_S3_L001_R1_001.fastq.gz
Approx 65% complete for bulkChIC-PMC-DRO-011_AAC22FNM5_S3_L001_R1_001.fastq.gz
Approx 70% complete for bulkChIC-PMC-DRO-011_AAC22FNM5_S3_L001_R1_001.fastq.gz
Approx 75% complete for bulkChIC-PMC-DRO-011_AAC22FNM5_S3_L001_R1_001.fastq.gz
Approx 80% complete for bulkChIC-PMC-DRO-011_AAC22FNM5_S3_L001_R1_001.fastq.gz
Approx 85% complete for bulkChIC-PMC-DRO-011_AAC22FNM5_S3_L001_R1_001.fastq.gz
Approx 90% complete for bulkChIC-PMC-DRO-011_AAC22FNM5_S3_L001_R1_001.fastq.gz
Approx 95% complete for bulkChIC-PMC-DRO-011_AAC22FNM5_S3_L001_R1_001.fastq.gz
Analysis complete for bulkChIC-PMC-DRO-011_AAC22FNM5_S3_L001_R1_001.fastq.gz
application/gzip
Started analysis of bulkChIC-PMC-DRO-011_AAC22FNM5_S3_L001_R2_001.fastq.gz
Approx 5% complete for bulkChIC-PMC-DRO-011_AAC22FNM5_S3_L001_R2_001.fastq.gz
Approx 10% complete for bulkChIC-PMC-DRO-011_AAC22FNM5_S3_L001_R2_001.fastq.gz
Approx 15% complete for bulkChIC-PMC-DRO-011_AAC22FNM5_S3_L001_R2_001.fastq.gz
Approx 20% complete for bulkChIC-PMC-DRO-011_AAC22FNM5_S3_L001_R2_001.fastq.gz
Approx 25% complete for bulkChIC-PMC-DRO-011_AAC22FNM5_S3_L001_R2_001.fastq.gz
Approx 30% complete for bulkChIC-PMC-DRO-011_AAC22FNM5_S3_L001_R2_001.fastq.gz
Approx 35% complete for bulkChIC-PMC-DRO-011_AAC22FNM5_S3_L001_R2_001.fastq.gz
Approx 40% complete for bulkChIC-PMC-DRO-011_AAC22FNM5_S3_L001_R2_001.fastq.gz
Approx 45% complete for bulkChIC-PMC-DRO-011_AAC22FNM5_S3_L001_R2_001.fastq.gz
Approx 50% complete for bulkChIC-PMC-DRO-011_AAC22FNM5_S3_L001_R2_001.fastq.gz
Approx 55% complete for bulkChIC-PMC-DRO-011_AAC22FNM5_S3_L001_R2_001.fastq.gz
Approx 60% complete for bulkChIC-PMC-DRO-011_AAC22FNM5_S3_L001_R2_001.fastq.gz
Approx 65% complete for bulkChIC-PMC-DRO-011_AAC22FNM5_S3_L001_R2_001.fastq.gz
Approx 70% complete for bulkChIC-PMC-DRO-011_AAC22FNM5_S3_L001_R2_001.fastq.gz
Approx 75% complete for bulkChIC-PMC-DRO-011_AAC22FNM5_S3_L001_R2_001.fastq.gz
Approx 80% complete for bulkChIC-PMC-DRO-011_AAC22FNM5_S3_L001_R2_001.fastq.gz
Approx 85% complete for bulkChIC-PMC-DRO-011_AAC22FNM5_S3_L001_R2_001.fastq.gz
Approx 90% complete for bulkChIC-PMC-DRO-011_AAC22FNM5_S3_L001_R2_001.fastq.gz
Approx 95% complete for bulkChIC-PMC-DRO-011_AAC22FNM5_S3_L001_R2_001.fastq.gz
Analysis complete for bulkChIC-PMC-DRO-011_AAC22FNM5_S3_L001_R2_001.fastq.gz
----------finish fastqc for bulkChIC-PMC-DRO-011 at Thu Apr 20 10:19:53 CEST 2023---------

  /// MultiQC 🔍 | v1.14

|           multiqc | Search path : /hpc/pmc_drost/PROJECTS/swang/CUT_RUN/nhung_test2/qualityCheck
|         searching | ━━━━━━━━━━━━━━━━━━━━━━━━━━━━━━━━━━━━━━━━ 100% 4/4  
|            fastqc | Found 2 reports
|           multiqc | Compressing plot data
|           multiqc | Report      : ../../../../../../hpc/pmc_drost/PROJECTS/swang/CUT_RUN/nhung_test2/qualityCheck/quality_check_report.html
|           multiqc | Data        : ../../../../../../hpc/pmc_drost/PROJECTS/swang/CUT_RUN/nhung_test2/qualityCheck/quality_check_report_data
|           multiqc | MultiQC complete
all done quality check
-------------------step 2. running trimming--------------------------
-----------running 1 out of 1 samples---------------------- 
2
start trim_galore for bulkChIC-PMC-DRO-011 at Thu Apr 20 10:20:28 CEST 2023
Multicore support not enabled. Proceeding with single-core trimming.
Path to Cutadapt set as: 'cutadapt' (default)
Cutadapt seems to be working fine (tested command 'cutadapt --version')
Cutadapt version: 4.2
single-core operation.
igzip command line interface 2.30.0
igzip detected. Using igzip for decompressing

No quality encoding type selected. Assuming that the data provided uses Sanger encoded Phred scores (default)

Output will be written into the directory: /hpc/pmc_drost/PROJECTS/swang/CUT_RUN/nhung_test2/trimmed/bulkChIC-PMC-DRO-011/


AUTO-DETECTING ADAPTER TYPE
===========================
Attempting to auto-detect adapter type from the first 1 million sequences of the first file (>> /hpc/pmc_drost/PROJECTS/swang/CUT_RUN/SCC_ChIC-PMC-DRO_plates_20210520_run1/bulkChIC-PMC-DRO-011/bulkChIC-PMC-DRO-011_AAC22FNM5_S3_L001_R1_001.fastq.gz <<)

Found perfect matches for the following adapter sequences:
Adapter type	Count	Sequence	Sequences analysed	Percentage
smallRNA	15306	TGGAATTCTCGG	1000000	1.53
Nextera	5	CTGTCTCTTATA	1000000	0.00
Illumina	0	AGATCGGAAGAGC	1000000	0.00
Using smallRNA adapter for trimming (count: 15306). Second best hit was Nextera (count: 5)

Reducing length cutoff to 18bp for small RNA-Seq reads because a cutoff of 20bp may remove some short species of small RNAs if they had been trimmed by 1,2 or 3bp
Setting the Illumina smallRNA 5' adapter as adapter 2: 'GATCGTCGGACT'
Writing report to '/hpc/pmc_drost/PROJECTS/swang/CUT_RUN/nhung_test2/trimmed/bulkChIC-PMC-DRO-011/bulkChIC-PMC-DRO-011_AAC22FNM5_S3_L001_R1_001.fastq.gz_trimming_report.txt'

SUMMARISING RUN PARAMETERS
==========================
Input filename: /hpc/pmc_drost/PROJECTS/swang/CUT_RUN/SCC_ChIC-PMC-DRO_plates_20210520_run1/bulkChIC-PMC-DRO-011/bulkChIC-PMC-DRO-011_AAC22FNM5_S3_L001_R1_001.fastq.gz
Trimming mode: paired-end
Trim Galore version: 0.6.10
Cutadapt version: 4.2
Number of cores used for trimming: 1
Quality Phred score cutoff: 20
Quality encoding type selected: ASCII+33
Adapter sequence: 'TGGAATTCTCGG' (Illumina small RNA adapter; auto-detected)
Maximum trimming error rate: 0.1 (default)
Optional adapter 2 sequence (only used for read 2 of paired-end files): 'GATCGTCGGACT'
Minimum required adapter overlap (stringency): 1 bp
Minimum required sequence length for both reads before a sequence pair gets removed: 18 bp
Running FastQC on the data once trimming has completed
Output file(s) will be GZIP compressed

Cutadapt seems to be fairly up-to-date (version 4.2). Setting -j 1
Writing final adapter and quality trimmed output to bulkChIC-PMC-DRO-011_AAC22FNM5_S3_L001_R1_001_trimmed.fq.gz


  >>> Now performing quality (cutoff '-q 20') and adapter trimming in a single pass for the adapter sequence: 'TGGAATTCTCGG' from file /hpc/pmc_drost/PROJECTS/swang/CUT_RUN/SCC_ChIC-PMC-DRO_plates_20210520_run1/bulkChIC-PMC-DRO-011/bulkChIC-PMC-DRO-011_AAC22FNM5_S3_L001_R1_001.fastq.gz <<< 
10000000 sequences processed
This is cutadapt 4.2 with Python 3.9.15
Command line parameters: -j 1 -e 0.1 -q 20 -O 1 -a TGGAATTCTCGG /hpc/pmc_drost/PROJECTS/swang/CUT_RUN/SCC_ChIC-PMC-DRO_plates_20210520_run1/bulkChIC-PMC-DRO-011/bulkChIC-PMC-DRO-011_AAC22FNM5_S3_L001_R1_001.fastq.gz
Processing single-end reads on 1 core ...
Finished in 320.815 s (22.165 µs/read; 2.71 M reads/minute).

=== Summary ===

Total reads processed:              14,473,749
Reads with adapters:                 5,895,845 (40.7%)
Reads written (passing filters):    14,473,749 (100.0%)

Total basepairs processed: 1,461,848,649 bp
Quality-trimmed:               1,559,839 bp (0.1%)
Total written (filtered):  1,438,290,383 bp (98.4%)

=== Adapter 1 ===

Sequence: TGGAATTCTCGG; Type: regular 3'; Length: 12; Trimmed: 5895845 times

Minimum overlap: 1
No. of allowed errors:
1-9 bp: 0; 10-12 bp: 1

Bases preceding removed adapters:
  A: 28.6%
  C: 22.8%
  G: 19.4%
  T: 29.2%
  none/other: 0.0%

Overview of removed sequences
length	count	expect	max.err	error counts
1	4022867	3618437.2	0	4022867
2	1062966	904609.3	0	1062966
3	295761	226152.3	0	295761
4	112510	56538.1	0	112510
5	59128	14134.5	0	59128
6	37421	3533.6	0	37421
7	9209	883.4	0	9209
8	4936	220.9	0	4936
9	5065	55.2	0	4570 495
10	5700	13.8	1	4368 1332
11	4699	3.5	1	4309 390
12	4650	0.9	1	4498 152
13	4410	0.9	1	4258 152
14	4415	0.9	1	4288 127
15	4294	0.9	1	4018 276
16	4285	0.9	1	4086 199
17	4109	0.9	1	3946 163
18	4672	0.9	1	4540 132
19	3077	0.9	1	2995 82
20	4037	0.9	1	3894 143
21	3752	0.9	1	3629 123
22	3858	0.9	1	3737 121
23	3627	0.9	1	3502 125
24	3722	0.9	1	3603 119
25	3431	0.9	1	3328 103
26	3612	0.9	1	3470 142
27	3501	0.9	1	3382 119
28	3515	0.9	1	3398 117
29	3451	0.9	1	3336 115
30	3215	0.9	1	3121 94
31	3237	0.9	1	3161 76
32	3319	0.9	1	3223 96
33	3252	0.9	1	3138 114
34	3265	0.9	1	3168 97
35	2887	0.9	1	2785 102
36	3247	0.9	1	3096 151
37	3296	0.9	1	3180 116
38	3288	0.9	1	3182 106
39	3578	0.9	1	3439 139
40	3863	0.9	1	3710 153
41	17339	0.9	1	17100 239
42	17951	0.9	1	17722 229
43	652	0.9	1	590 62
44	480	0.9	1	381 99
45	10243	0.9	1	10039 204
46	1064	0.9	1	847 217
47	436	0.9	1	277 159
48	4976	0.9	1	4853 123
49	2182	0.9	1	2101 81
50	493	0.9	1	446 47
51	1064	0.9	1	980 84
52	4496	0.9	1	4387 109
53	654	0.9	1	609 45
54	535	0.9	1	483 52
55	538	0.9	1	484 54
56	3178	0.9	1	3096 82
57	323	0.9	1	251 72
58	638	0.9	1	583 55
59	3648	0.9	1	3564 84
60	1106	0.9	1	1049 57
61	489	0.9	1	429 60
62	2057	0.9	1	1982 75
63	2396	0.9	1	2311 85
64	384	0.9	1	346 38
65	1450	0.9	1	1369 81
66	1913	0.9	1	1817 96
67	3859	0.9	1	3778 81
68	975	0.9	1	896 79
69	246	0.9	1	213 33
70	562	0.9	1	513 49
71	1879	0.9	1	1801 78
72	2448	0.9	1	2368 80
73	2554	0.9	1	2452 102
74	2534	0.9	1	2463 71
75	2670	0.9	1	2584 86
76	2783	0.9	1	2679 104
77	2864	0.9	1	2781 83
78	3054	0.9	1	2941 113
79	3273	0.9	1	3192 81
80	4144	0.9	1	4031 113
81	5482	0.9	1	5111 371
82	8760	0.9	1	8600 160
83	6963	0.9	1	6811 152
84	6119	0.9	1	5717 402
85	4508	0.9	1	4213 295
86	2889	0.9	1	2705 184
87	2208	0.9	1	2035 173
88	2970	0.9	1	2765 205
89	2848	0.9	1	2629 219
90	2703	0.9	1	2545 158
91	2957	0.9	1	2931 26
92	409	0.9	1	404 5
93	866	0.9	1	857 9
94	2177	0.9	1	2148 29
95	709	0.9	1	698 11
96	792	0.9	1	783 9
97	103	0.9	1	103
98	86	0.9	1	85 1
99	185	0.9	1	185
100	216	0.9	1	210 6
101	238	0.9	1	233 5

RUN STATISTICS FOR INPUT FILE: /hpc/pmc_drost/PROJECTS/swang/CUT_RUN/SCC_ChIC-PMC-DRO_plates_20210520_run1/bulkChIC-PMC-DRO-011/bulkChIC-PMC-DRO-011_AAC22FNM5_S3_L001_R1_001.fastq.gz
=============================================
14473749 sequences processed in total
The length threshold of paired-end sequences gets evaluated later on (in the validation step)

Writing report to '/hpc/pmc_drost/PROJECTS/swang/CUT_RUN/nhung_test2/trimmed/bulkChIC-PMC-DRO-011/bulkChIC-PMC-DRO-011_AAC22FNM5_S3_L001_R2_001.fastq.gz_trimming_report.txt'

SUMMARISING RUN PARAMETERS
==========================
Input filename: /hpc/pmc_drost/PROJECTS/swang/CUT_RUN/SCC_ChIC-PMC-DRO_plates_20210520_run1/bulkChIC-PMC-DRO-011/bulkChIC-PMC-DRO-011_AAC22FNM5_S3_L001_R2_001.fastq.gz
Trimming mode: paired-end
Trim Galore version: 0.6.10
Cutadapt version: 4.2
Number of cores used for trimming: 1
Quality Phred score cutoff: 20
Quality encoding type selected: ASCII+33
Adapter sequence: 'TGGAATTCTCGG' (Illumina small RNA adapter; auto-detected)
Maximum trimming error rate: 0.1 (default)
Optional adapter 2 sequence (only used for read 2 of paired-end files): 'GATCGTCGGACT'
Minimum required adapter overlap (stringency): 1 bp
Minimum required sequence length for both reads before a sequence pair gets removed: 18 bp
Running FastQC on the data once trimming has completed
Output file(s) will be GZIP compressed

Cutadapt seems to be fairly up-to-date (version 4.2). Setting -j -j 1
Writing final adapter and quality trimmed output to bulkChIC-PMC-DRO-011_AAC22FNM5_S3_L001_R2_001_trimmed.fq.gz


  >>> Now performing quality (cutoff '-q 20') and adapter trimming in a single pass for the adapter sequence: 'GATCGTCGGACT' from file /hpc/pmc_drost/PROJECTS/swang/CUT_RUN/SCC_ChIC-PMC-DRO_plates_20210520_run1/bulkChIC-PMC-DRO-011/bulkChIC-PMC-DRO-011_AAC22FNM5_S3_L001_R2_001.fastq.gz <<< 
10000000 sequences processed
This is cutadapt 4.2 with Python 3.9.15
Command line parameters: -j 1 -e 0.1 -q 20 -O 1 -a GATCGTCGGACT /hpc/pmc_drost/PROJECTS/swang/CUT_RUN/SCC_ChIC-PMC-DRO_plates_20210520_run1/bulkChIC-PMC-DRO-011/bulkChIC-PMC-DRO-011_AAC22FNM5_S3_L001_R2_001.fastq.gz
Processing single-end reads on 1 core ...
Finished in 341.284 s (23.580 µs/read; 2.54 M reads/minute).

=== Summary ===

Total reads processed:              14,473,749
Reads with adapters:                 3,997,413 (27.6%)
Reads written (passing filters):    14,473,749 (100.0%)

Total basepairs processed: 1,461,848,649 bp
Quality-trimmed:               1,687,830 bp (0.1%)
Total written (filtered):  1,440,724,679 bp (98.6%)

=== Adapter 1 ===

Sequence: GATCGTCGGACT; Type: regular 3'; Length: 12; Trimmed: 3997413 times

Minimum overlap: 1
No. of allowed errors:
1-9 bp: 0; 10-12 bp: 1

Bases preceding removed adapters:
  A: 32.6%
  C: 7.7%
  G: 24.0%
  T: 35.7%
  none/other: 0.0%

Overview of removed sequences
length	count	expect	max.err	error counts
1	2740116	3618437.2	0	2740116
2	715374	904609.3	0	715374
3	198173	226152.3	0	198173
4	35692	56538.1	0	35692
5	6575	14134.5	0	6575
6	4840	3533.6	0	4840
7	4883	883.4	0	4883
8	4876	220.9	0	4876
9	4392	55.2	0	4375 17
10	4226	13.8	1	4145 81
11	4385	3.5	1	4247 138
12	4596	0.9	1	4451 145
13	4318	0.9	1	4243 75
14	4349	0.9	1	4248 101
15	4273	0.9	1	4153 120
16	4436	0.9	1	4339 97
17	3489	0.9	1	3408 81
18	3934	0.9	1	3835 99
19	3959	0.9	1	3876 83
20	3684	0.9	1	3623 61
21	3694	0.9	1	3615 79
22	3954	0.9	1	3863 91
23	3309	0.9	1	3250 59
24	4950	0.9	1	4850 100
25	2216	0.9	1	2150 66
26	3577	0.9	1	3501 76
27	3300	0.9	1	3246 54
28	3547	0.9	1	3488 59
29	3419	0.9	1	3367 52
30	3183	0.9	1	3113 70
31	3363	0.9	1	3288 75
32	3991	0.9	1	3945 46
33	2273	0.9	1	2238 35
34	3128	0.9	1	3064 64
35	2894	0.9	1	2851 43
36	3229	0.9	1	3165 64
37	2959	0.9	1	2901 58
38	3114	0.9	1	3047 67
39	3046	0.9	1	2973 73
40	3044	0.9	1	2997 47
41	3243	0.9	1	3172 71
42	3267	0.9	1	3142 125
43	3299	0.9	1	3212 87
44	2530	0.9	1	2458 72
45	3264	0.9	1	3204 60
46	2790	0.9	1	2707 83
47	2792	0.9	1	2709 83
48	3240	0.9	1	3163 77
49	3560	0.9	1	3481 79
50	2532	0.9	1	2458 74
51	2808	0.9	1	2707 101
52	3098	0.9	1	2894 204
53	2507	0.9	1	2349 158
54	2960	0.9	1	2791 169
55	2878	0.9	1	2820 58
56	2970	0.9	1	2793 177
57	2782	0.9	1	2632 150
58	3277	0.9	1	3210 67
59	3860	0.9	1	3776 84
60	5985	0.9	1	5612 373
61	172	0.9	1	150 22
62	1450	0.9	1	1360 90
63	2657	0.9	1	2610 47
64	2648	0.9	1	2625 23
65	2577	0.9	1	2531 46
66	2718	0.9	1	2678 40
67	2756	0.9	1	2708 48
68	2762	0.9	1	2727 35
69	2524	0.9	1	2478 46
70	2519	0.9	1	2479 40
71	2666	0.9	1	2632 34
72	2685	0.9	1	2653 32
73	2659	0.9	1	2628 31
74	2667	0.9	1	2637 30
75	2729	0.9	1	2701 28
76	2892	0.9	1	2861 31
77	2928	0.9	1	2888 40
78	3131	0.9	1	3099 32
79	3350	0.9	1	3303 47
80	4139	0.9	1	4098 41
81	5508	0.9	1	5466 42
82	8773	0.9	1	8701 72
83	6976	0.9	1	6816 160
84	6159	0.9	1	6040 119
85	4498	0.9	1	4411 87
86	2900	0.9	1	2867 33
87	2195	0.9	1	2155 40
88	2958	0.9	1	2891 67
89	2819	0.9	1	2780 39
90	2710	0.9	1	2672 38
91	2911	0.9	1	2790 121
92	427	0.9	1	410 17
93	882	0.9	1	855 27
94	2203	0.9	1	2172 31
95	738	0.9	1	721 17
96	804	0.9	1	776 28
97	121	0.9	1	105 16
98	95	0.9	1	87 8
99	203	0.9	1	190 13
100	232	0.9	1	209 23
101	270	0.9	1	236 34

RUN STATISTICS FOR INPUT FILE: /hpc/pmc_drost/PROJECTS/swang/CUT_RUN/SCC_ChIC-PMC-DRO_plates_20210520_run1/bulkChIC-PMC-DRO-011/bulkChIC-PMC-DRO-011_AAC22FNM5_S3_L001_R2_001.fastq.gz
=============================================
14473749 sequences processed in total
The length threshold of paired-end sequences gets evaluated later on (in the validation step)

Validate paired-end files bulkChIC-PMC-DRO-011_AAC22FNM5_S3_L001_R1_001_trimmed.fq.gz and bulkChIC-PMC-DRO-011_AAC22FNM5_S3_L001_R2_001_trimmed.fq.gz
file_1: bulkChIC-PMC-DRO-011_AAC22FNM5_S3_L001_R1_001_trimmed.fq.gz, file_2: bulkChIC-PMC-DRO-011_AAC22FNM5_S3_L001_R2_001_trimmed.fq.gz


>>>>> Now validing the length of the 2 paired-end infiles: bulkChIC-PMC-DRO-011_AAC22FNM5_S3_L001_R1_001_trimmed.fq.gz and bulkChIC-PMC-DRO-011_AAC22FNM5_S3_L001_R2_001_trimmed.fq.gz <<<<<
Writing validated paired-end Read 1 reads to bulkChIC-PMC-DRO-011_AAC22FNM5_S3_L001_R1_001_val_1.fq.gz
Writing validated paired-end Read 2 reads to bulkChIC-PMC-DRO-011_AAC22FNM5_S3_L001_R2_001_val_2.fq.gz

Total number of sequences analysed: 14473749

Number of sequence pairs removed because at least one read was shorter than the length cutoff (18 bp): 34159 (0.24%)


  >>> Now running FastQC on the validated data bulkChIC-PMC-DRO-011_AAC22FNM5_S3_L001_R1_001_val_1.fq.gz<<<

application/gzip
Started analysis of bulkChIC-PMC-DRO-011_AAC22FNM5_S3_L001_R1_001_val_1.fq.gz
Approx 5% complete for bulkChIC-PMC-DRO-011_AAC22FNM5_S3_L001_R1_001_val_1.fq.gz
Approx 10% complete for bulkChIC-PMC-DRO-011_AAC22FNM5_S3_L001_R1_001_val_1.fq.gz
Approx 15% complete for bulkChIC-PMC-DRO-011_AAC22FNM5_S3_L001_R1_001_val_1.fq.gz
Approx 20% complete for bulkChIC-PMC-DRO-011_AAC22FNM5_S3_L001_R1_001_val_1.fq.gz
Approx 25% complete for bulkChIC-PMC-DRO-011_AAC22FNM5_S3_L001_R1_001_val_1.fq.gz
Approx 30% complete for bulkChIC-PMC-DRO-011_AAC22FNM5_S3_L001_R1_001_val_1.fq.gz
Approx 35% complete for bulkChIC-PMC-DRO-011_AAC22FNM5_S3_L001_R1_001_val_1.fq.gz
Approx 40% complete for bulkChIC-PMC-DRO-011_AAC22FNM5_S3_L001_R1_001_val_1.fq.gz
Approx 45% complete for bulkChIC-PMC-DRO-011_AAC22FNM5_S3_L001_R1_001_val_1.fq.gz
Approx 50% complete for bulkChIC-PMC-DRO-011_AAC22FNM5_S3_L001_R1_001_val_1.fq.gz
Approx 55% complete for bulkChIC-PMC-DRO-011_AAC22FNM5_S3_L001_R1_001_val_1.fq.gz
Approx 60% complete for bulkChIC-PMC-DRO-011_AAC22FNM5_S3_L001_R1_001_val_1.fq.gz
Approx 65% complete for bulkChIC-PMC-DRO-011_AAC22FNM5_S3_L001_R1_001_val_1.fq.gz
Approx 70% complete for bulkChIC-PMC-DRO-011_AAC22FNM5_S3_L001_R1_001_val_1.fq.gz
Approx 75% complete for bulkChIC-PMC-DRO-011_AAC22FNM5_S3_L001_R1_001_val_1.fq.gz
Approx 80% complete for bulkChIC-PMC-DRO-011_AAC22FNM5_S3_L001_R1_001_val_1.fq.gz
Approx 85% complete for bulkChIC-PMC-DRO-011_AAC22FNM5_S3_L001_R1_001_val_1.fq.gz
Approx 90% complete for bulkChIC-PMC-DRO-011_AAC22FNM5_S3_L001_R1_001_val_1.fq.gz
Approx 95% complete for bulkChIC-PMC-DRO-011_AAC22FNM5_S3_L001_R1_001_val_1.fq.gz
Analysis complete for bulkChIC-PMC-DRO-011_AAC22FNM5_S3_L001_R1_001_val_1.fq.gz

  >>> Now running FastQC on the validated data bulkChIC-PMC-DRO-011_AAC22FNM5_S3_L001_R2_001_val_2.fq.gz<<<

application/gzip
Started analysis of bulkChIC-PMC-DRO-011_AAC22FNM5_S3_L001_R2_001_val_2.fq.gz
Approx 5% complete for bulkChIC-PMC-DRO-011_AAC22FNM5_S3_L001_R2_001_val_2.fq.gz
Approx 10% complete for bulkChIC-PMC-DRO-011_AAC22FNM5_S3_L001_R2_001_val_2.fq.gz
Approx 15% complete for bulkChIC-PMC-DRO-011_AAC22FNM5_S3_L001_R2_001_val_2.fq.gz
Approx 20% complete for bulkChIC-PMC-DRO-011_AAC22FNM5_S3_L001_R2_001_val_2.fq.gz
Approx 25% complete for bulkChIC-PMC-DRO-011_AAC22FNM5_S3_L001_R2_001_val_2.fq.gz
Approx 30% complete for bulkChIC-PMC-DRO-011_AAC22FNM5_S3_L001_R2_001_val_2.fq.gz
Approx 35% complete for bulkChIC-PMC-DRO-011_AAC22FNM5_S3_L001_R2_001_val_2.fq.gz
Approx 40% complete for bulkChIC-PMC-DRO-011_AAC22FNM5_S3_L001_R2_001_val_2.fq.gz
Approx 45% complete for bulkChIC-PMC-DRO-011_AAC22FNM5_S3_L001_R2_001_val_2.fq.gz
Approx 50% complete for bulkChIC-PMC-DRO-011_AAC22FNM5_S3_L001_R2_001_val_2.fq.gz
Approx 55% complete for bulkChIC-PMC-DRO-011_AAC22FNM5_S3_L001_R2_001_val_2.fq.gz
Approx 60% complete for bulkChIC-PMC-DRO-011_AAC22FNM5_S3_L001_R2_001_val_2.fq.gz
Approx 65% complete for bulkChIC-PMC-DRO-011_AAC22FNM5_S3_L001_R2_001_val_2.fq.gz
Approx 70% complete for bulkChIC-PMC-DRO-011_AAC22FNM5_S3_L001_R2_001_val_2.fq.gz
Approx 75% complete for bulkChIC-PMC-DRO-011_AAC22FNM5_S3_L001_R2_001_val_2.fq.gz
Approx 80% complete for bulkChIC-PMC-DRO-011_AAC22FNM5_S3_L001_R2_001_val_2.fq.gz
Approx 85% complete for bulkChIC-PMC-DRO-011_AAC22FNM5_S3_L001_R2_001_val_2.fq.gz
Approx 90% complete for bulkChIC-PMC-DRO-011_AAC22FNM5_S3_L001_R2_001_val_2.fq.gz
Approx 95% complete for bulkChIC-PMC-DRO-011_AAC22FNM5_S3_L001_R2_001_val_2.fq.gz
Analysis complete for bulkChIC-PMC-DRO-011_AAC22FNM5_S3_L001_R2_001_val_2.fq.gz
Deleting both intermediate output files bulkChIC-PMC-DRO-011_AAC22FNM5_S3_L001_R1_001_trimmed.fq.gz and bulkChIC-PMC-DRO-011_AAC22FNM5_S3_L001_R2_001_trimmed.fq.gz

====================================================================================================

finish trim_galore for bulkChIC-PMC-DRO-011 at Thu Apr 20 10:39:34 CEST 2023

  /// MultiQC 🔍 | v1.14

|           multiqc | Search path : /hpc/pmc_drost/PROJECTS/swang/CUT_RUN/nhung_test2/trimmed
|         searching | ━━━━━━━━━━━━━━━━━━━━━━━━━━━━━━━━━━━━━━━━ 100% 8/8  
|          cutadapt | Found 2 reports
|            fastqc | Found 2 reports
|           multiqc | Compressing plot data
|           multiqc | Report      : ../../../../../../hpc/pmc_drost/PROJECTS/swang/CUT_RUN/nhung_test2/trimmed/trim_report.html
|           multiqc | Data        : ../../../../../../hpc/pmc_drost/PROJECTS/swang/CUT_RUN/nhung_test2/trimmed/trim_report_data
|           multiqc | MultiQC complete
all done trimming
-------------------step 3. running alignment-------------------------
-----------running 1 out of 1 samples---------------------- 
2
-----start alignment for bulkChIC-PMC-DRO-011 at Thu Apr 20 10:39:37 CEST 2023-------
-------finish alignment for bulkChIC-PMC-DRO-011 at Thu Apr 20 11:09:59 CEST 2023--------

  /// MultiQC 🔍 | v1.14

|           multiqc | Search path : /hpc/pmc_drost/PROJECTS/swang/CUT_RUN/nhung_test2/alignment
|         searching | ━━━━━━━━━━━━━━━━━━━━━━━━━━━━━━━━━━━━━━━━ 100% 4/4  
|           bowtie2 | Found 1 reports
|           multiqc | Compressing plot data
|           multiqc | Report      : ../../../../../../hpc/pmc_drost/PROJECTS/swang/CUT_RUN/nhung_test2/alignment/alignment_report.html
|           multiqc | Data        : ../../../../../../hpc/pmc_drost/PROJECTS/swang/CUT_RUN/nhung_test2/alignment/alignment_report_data
|           multiqc | MultiQC complete
all done alignment
-------------------step 4. running filtering-------------------------
-----------running 1 out of 1 samples---------------------- 
bulkChIC-PMC-DRO-011
1
start sorting and remove dup for bulkChIC-PMC-DRO-011 at Thu Apr 20 11:10:01 CEST 2023
11:10:02.593 INFO  NativeLibraryLoader - Loading libgkl_compression.so from jar:file:/hpc/pmc_drost/PROJECTS/swang/software/picard.jar!/com/intel/gkl/native/libgkl_compression.so
[Thu Apr 20 11:10:02 CEST 2023] SortSam --INPUT /hpc/pmc_drost/PROJECTS/swang/CUT_RUN/nhung_test2/alignment/bulkChIC-PMC-DRO-011/bulkChIC-PMC-DRO-011.bam --OUTPUT /hpc/pmc_drost/PROJECTS/swang/CUT_RUN/nhung_test2/rm_dup/bulkChIC-PMC-DRO-011/bulkChIC-PMC-DRO-011_sorted.bam --SORT_ORDER coordinate --TMP_DIR /hpc/pmc_drost/PROJECTS/swang/CUT_RUN/nhung_test/tmp --VALIDATION_STRINGENCY LENIENT --VERBOSITY INFO --QUIET false --COMPRESSION_LEVEL 5 --MAX_RECORDS_IN_RAM 500000 --CREATE_INDEX false --CREATE_MD5_FILE false --GA4GH_CLIENT_SECRETS client_secrets.json --help false --version false --showHidden false --USE_JDK_DEFLATER false --USE_JDK_INFLATER false
[Thu Apr 20 11:10:02 CEST 2023] Executing as npham@n0121.manage.hpc on Linux 4.18.0-425.3.1.el8.x86_64 amd64; OpenJDK 64-Bit Server VM 11.0.1+13-LTS; Deflater: Intel; Inflater: Intel; Provider GCS is not available; Picard version: Version:2.27.2
INFO	2023-04-20 11:10:02	SortSam	Seen many non-increasing record positions. Printing Read-names as well.
INFO	2023-04-20 11:10:41	SortSam	Read    10,000,000 records.  Elapsed time: 00:00:39s.  Time for last 10,000,000:   39s.  Last read position: chr7:3,416,004.  Last read name: VH00208:13:AAC22FNM5:1:1502:58147:44845
INFO	2023-04-20 11:11:20	SortSam	Read    20,000,000 records.  Elapsed time: 00:01:17s.  Time for last 10,000,000:   38s.  Last read position: chr1:143,262,511.  Last read name: VH00208:13:AAC22FNM5:1:2304:21905:33486
INFO	2023-04-20 11:11:53	SortSam	Finished reading inputs, merging and writing to output now.
INFO	2023-04-20 11:13:04	SortSam	Wrote    10,000,000 records from a sorting collection.  Elapsed time: 00:03:01s.  Time for last 10,000,000:   69s.  Last read position: chr6:3,263,263
INFO	2023-04-20 11:14:13	SortSam	Wrote    20,000,000 records from a sorting collection.  Elapsed time: 00:04:10s.  Time for last 10,000,000:   69s.  Last read position: chr13:46,051,987
[Thu Apr 20 11:15:14 CEST 2023] picard.sam.SortSam done. Elapsed time: 5.20 minutes.
Runtime.totalMemory()=1089470464
finsh sorting bulkChIC-PMC-DRO-011 at Thu Apr 20 11:15:14 CEST 2023
start mark dup and remove for bulkChIC-PMC-DRO-011 at Thu Apr 20 11:15:14 CEST 2023
11:15:15.247 INFO  NativeLibraryLoader - Loading libgkl_compression.so from jar:file:/hpc/pmc_drost/PROJECTS/swang/software/picard.jar!/com/intel/gkl/native/libgkl_compression.so
[Thu Apr 20 11:15:15 CEST 2023] MarkDuplicates --INPUT /hpc/pmc_drost/PROJECTS/swang/CUT_RUN/nhung_test2/rm_dup/bulkChIC-PMC-DRO-011/bulkChIC-PMC-DRO-011_sorted.bam --OUTPUT /hpc/pmc_drost/PROJECTS/swang/CUT_RUN/nhung_test2/rm_dup/bulkChIC-PMC-DRO-011/bulkChIC-PMC-DRO-011_mkrmdup.bam --METRICS_FILE /hpc/pmc_drost/PROJECTS/swang/CUT_RUN/nhung_test2/rm_dup/bulkChIC-PMC-DRO-011/bulkChIC-PMC-DRO-011_marked_dup_metrics.txt --REMOVE_DUPLICATES true --TMP_DIR /hpc/pmc_drost/PROJECTS/swang/CUT_RUN/nhung_test/tmp --VALIDATION_STRINGENCY LENIENT --MAX_SEQUENCES_FOR_DISK_READ_ENDS_MAP 50000 --MAX_FILE_HANDLES_FOR_READ_ENDS_MAP 8000 --SORTING_COLLECTION_SIZE_RATIO 0.25 --TAG_DUPLICATE_SET_MEMBERS false --REMOVE_SEQUENCING_DUPLICATES false --TAGGING_POLICY DontTag --CLEAR_DT true --DUPLEX_UMI false --ADD_PG_TAG_TO_READS true --ASSUME_SORTED false --DUPLICATE_SCORING_STRATEGY SUM_OF_BASE_QUALITIES --PROGRAM_RECORD_ID MarkDuplicates --PROGRAM_GROUP_NAME MarkDuplicates --READ_NAME_REGEX <optimized capture of last three ':' separated fields as numeric values> --OPTICAL_DUPLICATE_PIXEL_DISTANCE 100 --MAX_OPTICAL_DUPLICATE_SET_SIZE 300000 --VERBOSITY INFO --QUIET false --COMPRESSION_LEVEL 5 --MAX_RECORDS_IN_RAM 500000 --CREATE_INDEX false --CREATE_MD5_FILE false --GA4GH_CLIENT_SECRETS client_secrets.json --help false --version false --showHidden false --USE_JDK_DEFLATER false --USE_JDK_INFLATER false
[Thu Apr 20 11:15:15 CEST 2023] Executing as npham@n0121.manage.hpc on Linux 4.18.0-425.3.1.el8.x86_64 amd64; OpenJDK 64-Bit Server VM 11.0.1+13-LTS; Deflater: Intel; Inflater: Intel; Provider GCS is not available; Picard version: Version:2.27.2
INFO	2023-04-20 11:15:15	MarkDuplicates	Start of doWork freeMemory: 25418656; totalMemory: 31457280; maxMemory: 2147483648
INFO	2023-04-20 11:15:15	MarkDuplicates	Reading input file and constructing read end information.
INFO	2023-04-20 11:15:15	MarkDuplicates	Will retain up to 7780737 data points before spilling to disk.
INFO	2023-04-20 11:15:18	MarkDuplicates	Read     1,000,000 records.  Elapsed time: 00:00:02s.  Time for last 1,000,000:    2s.  Last read position: chr1:85,463,317
INFO	2023-04-20 11:15:18	MarkDuplicates	Tracking 18878 as yet unmatched pairs. 1110 records in RAM.
INFO	2023-04-20 11:15:20	MarkDuplicates	Read     2,000,000 records.  Elapsed time: 00:00:05s.  Time for last 1,000,000:    2s.  Last read position: chr1:163,730,578
INFO	2023-04-20 11:15:20	MarkDuplicates	Tracking 43204 as yet unmatched pairs. 1106 records in RAM.
INFO	2023-04-20 11:15:23	MarkDuplicates	Read     3,000,000 records.  Elapsed time: 00:00:07s.  Time for last 1,000,000:    2s.  Last read position: chr2:15,557,147
INFO	2023-04-20 11:15:23	MarkDuplicates	Tracking 59086 as yet unmatched pairs. 4930 records in RAM.
INFO	2023-04-20 11:15:25	MarkDuplicates	Read     4,000,000 records.  Elapsed time: 00:00:09s.  Time for last 1,000,000:    2s.  Last read position: chr2:113,888,902
INFO	2023-04-20 11:15:25	MarkDuplicates	Tracking 79460 as yet unmatched pairs. 3036 records in RAM.
INFO	2023-04-20 11:15:27	MarkDuplicates	Read     5,000,000 records.  Elapsed time: 00:00:12s.  Time for last 1,000,000:    2s.  Last read position: chr2:227,228,636
INFO	2023-04-20 11:15:27	MarkDuplicates	Tracking 92264 as yet unmatched pairs. 482 records in RAM.
INFO	2023-04-20 11:15:30	MarkDuplicates	Read     6,000,000 records.  Elapsed time: 00:00:14s.  Time for last 1,000,000:    2s.  Last read position: chr3:107,277,675
INFO	2023-04-20 11:15:30	MarkDuplicates	Tracking 105782 as yet unmatched pairs. 3478 records in RAM.
INFO	2023-04-20 11:15:32	MarkDuplicates	Read     7,000,000 records.  Elapsed time: 00:00:17s.  Time for last 1,000,000:    2s.  Last read position: chr4:13,548,677
INFO	2023-04-20 11:15:32	MarkDuplicates	Tracking 115934 as yet unmatched pairs. 7512 records in RAM.
INFO	2023-04-20 11:15:38	MarkDuplicates	Read     8,000,000 records.  Elapsed time: 00:00:22s.  Time for last 1,000,000:    5s.  Last read position: chr4:132,604,360
INFO	2023-04-20 11:15:38	MarkDuplicates	Tracking 126382 as yet unmatched pairs. 2542 records in RAM.
INFO	2023-04-20 11:15:40	MarkDuplicates	Read     9,000,000 records.  Elapsed time: 00:00:25s.  Time for last 1,000,000:    2s.  Last read position: chr5:74,939,580
INFO	2023-04-20 11:15:40	MarkDuplicates	Tracking 135806 as yet unmatched pairs. 5839 records in RAM.
INFO	2023-04-20 11:15:43	MarkDuplicates	Read    10,000,000 records.  Elapsed time: 00:00:27s.  Time for last 1,000,000:    2s.  Last read position: chr6:3,263,263
INFO	2023-04-20 11:15:43	MarkDuplicates	Tracking 142270 as yet unmatched pairs. 11209 records in RAM.
INFO	2023-04-20 11:15:45	MarkDuplicates	Read    11,000,000 records.  Elapsed time: 00:00:30s.  Time for last 1,000,000:    2s.  Last read position: chr6:77,065,294
INFO	2023-04-20 11:15:45	MarkDuplicates	Tracking 146896 as yet unmatched pairs. 6097 records in RAM.
INFO	2023-04-20 11:15:48	MarkDuplicates	Read    12,000,000 records.  Elapsed time: 00:00:32s.  Time for last 1,000,000:    2s.  Last read position: chr7:16,754,908
INFO	2023-04-20 11:15:48	MarkDuplicates	Tracking 150610 as yet unmatched pairs. 11213 records in RAM.
INFO	2023-04-20 11:15:50	MarkDuplicates	Read    13,000,000 records.  Elapsed time: 00:00:35s.  Time for last 1,000,000:    2s.  Last read position: chr7:125,255,175
INFO	2023-04-20 11:15:50	MarkDuplicates	Tracking 153560 as yet unmatched pairs. 2900 records in RAM.
INFO	2023-04-20 11:15:53	MarkDuplicates	Read    14,000,000 records.  Elapsed time: 00:00:37s.  Time for last 1,000,000:    2s.  Last read position: chr8:81,327,380
INFO	2023-04-20 11:15:53	MarkDuplicates	Tracking 154888 as yet unmatched pairs. 5304 records in RAM.
INFO	2023-04-20 11:15:56	MarkDuplicates	Read    15,000,000 records.  Elapsed time: 00:00:40s.  Time for last 1,000,000:    2s.  Last read position: chr9:68,660,132
INFO	2023-04-20 11:15:56	MarkDuplicates	Tracking 154740 as yet unmatched pairs. 7116 records in RAM.
INFO	2023-04-20 11:16:02	MarkDuplicates	Read    16,000,000 records.  Elapsed time: 00:00:46s.  Time for last 1,000,000:    6s.  Last read position: chr10:32,042,351
INFO	2023-04-20 11:16:02	MarkDuplicates	Tracking 153344 as yet unmatched pairs. 12138 records in RAM.
INFO	2023-04-20 11:16:08	MarkDuplicates	Read    17,000,000 records.  Elapsed time: 00:00:52s.  Time for last 1,000,000:    5s.  Last read position: chr11:314,125
INFO	2023-04-20 11:16:08	MarkDuplicates	Tracking 151328 as yet unmatched pairs. 14889 records in RAM.
INFO	2023-04-20 11:16:10	MarkDuplicates	Read    18,000,000 records.  Elapsed time: 00:00:55s.  Time for last 1,000,000:    2s.  Last read position: chr11:103,806,255
INFO	2023-04-20 11:16:10	MarkDuplicates	Tracking 147088 as yet unmatched pairs. 3591 records in RAM.
INFO	2023-04-20 11:16:13	MarkDuplicates	Read    19,000,000 records.  Elapsed time: 00:00:57s.  Time for last 1,000,000:    2s.  Last read position: chr12:62,259,566
INFO	2023-04-20 11:16:13	MarkDuplicates	Tracking 141928 as yet unmatched pairs. 9417 records in RAM.
INFO	2023-04-20 11:16:15	MarkDuplicates	Read    20,000,000 records.  Elapsed time: 00:01:00s.  Time for last 1,000,000:    2s.  Last read position: chr13:46,051,987
INFO	2023-04-20 11:16:15	MarkDuplicates	Tracking 135208 as yet unmatched pairs. 7033 records in RAM.
INFO	2023-04-20 11:16:17	MarkDuplicates	Read    21,000,000 records.  Elapsed time: 00:01:02s.  Time for last 1,000,000:    2s.  Last read position: chr14:64,981,141
INFO	2023-04-20 11:16:17	MarkDuplicates	Tracking 126926 as yet unmatched pairs. 5844 records in RAM.
INFO	2023-04-20 11:16:20	MarkDuplicates	Read    22,000,000 records.  Elapsed time: 00:01:04s.  Time for last 1,000,000:    2s.  Last read position: chr15:74,359,420
INFO	2023-04-20 11:16:20	MarkDuplicates	Tracking 117116 as yet unmatched pairs. 4634 records in RAM.
INFO	2023-04-20 11:16:23	MarkDuplicates	Read    23,000,000 records.  Elapsed time: 00:01:07s.  Time for last 1,000,000:    2s.  Last read position: chr16:71,019,130
INFO	2023-04-20 11:16:23	MarkDuplicates	Tracking 104978 as yet unmatched pairs. 3126 records in RAM.
INFO	2023-04-20 11:16:28	MarkDuplicates	Read    24,000,000 records.  Elapsed time: 00:01:13s.  Time for last 1,000,000:    5s.  Last read position: chr17:60,852,614
INFO	2023-04-20 11:16:28	MarkDuplicates	Tracking 92458 as yet unmatched pairs. 4961 records in RAM.
INFO	2023-04-20 11:16:31	MarkDuplicates	Read    25,000,000 records.  Elapsed time: 00:01:15s.  Time for last 1,000,000:    2s.  Last read position: chr19:10,380,078
INFO	2023-04-20 11:16:31	MarkDuplicates	Tracking 76176 as yet unmatched pairs. 13685 records in RAM.
INFO	2023-04-20 11:16:33	MarkDuplicates	Read    26,000,000 records.  Elapsed time: 00:01:18s.  Time for last 1,000,000:    2s.  Last read position: chr20:28,133,238
INFO	2023-04-20 11:16:33	MarkDuplicates	Tracking 59546 as yet unmatched pairs. 8245 records in RAM.
INFO	2023-04-20 11:16:36	MarkDuplicates	Read    27,000,000 records.  Elapsed time: 00:01:20s.  Time for last 1,000,000:    2s.  Last read position: chr22:41,888,196
INFO	2023-04-20 11:16:36	MarkDuplicates	Tracking 39538 as yet unmatched pairs. 1729 records in RAM.
INFO	2023-04-20 11:16:39	MarkDuplicates	Read    28,000,000 records.  Elapsed time: 00:01:23s.  Time for last 1,000,000:    3s.  Last read position: GL000205.2:63,688
INFO	2023-04-20 11:16:39	MarkDuplicates	Tracking 14838 as yet unmatched pairs. 179 records in RAM.
INFO	2023-04-20 11:16:41	MarkDuplicates	Read 28192444 records. 0 pairs never matched.
INFO	2023-04-20 11:16:45	MarkDuplicates	After buildSortedReadEndLists freeMemory: 38693808; totalMemory: 46137344; maxMemory: 2147483648
INFO	2023-04-20 11:16:45	MarkDuplicates	Will retain up to 67108864 duplicate indices before spilling to disk.
INFO	2023-04-20 11:16:45	MarkDuplicates	Traversing read pair information and detecting duplicates.
INFO	2023-04-20 11:16:50	MarkDuplicates	Traversing fragment information and detecting duplicates.
INFO	2023-04-20 11:16:55	MarkDuplicates	Sorting list of duplicate records.
INFO	2023-04-20 11:16:56	MarkDuplicates	After generateDuplicateIndexes freeMemory: 367080136; totalMemory: 912261120; maxMemory: 2147483648
INFO	2023-04-20 11:16:56	MarkDuplicates	Marking 5491832 records as duplicates.
INFO	2023-04-20 11:16:56	MarkDuplicates	Found 138425 optical duplicate clusters.
INFO	2023-04-20 11:16:56	MarkDuplicates	Reads are assumed to be ordered by: coordinate
INFO	2023-04-20 11:18:36	MarkDuplicates	Written    10,000,000 records.  Elapsed time: 00:01:39s.  Time for last 10,000,000:   99s.  Last read position: chr7:57,765,099
INFO	2023-04-20 11:20:15	MarkDuplicates	Written    20,000,000 records.  Elapsed time: 00:03:18s.  Time for last 10,000,000:   98s.  Last read position: chr18:77,564,692
INFO	2023-04-20 11:20:46	MarkDuplicates	Writing complete. Closing input iterator.
INFO	2023-04-20 11:20:46	MarkDuplicates	Duplicate Index cleanup.
INFO	2023-04-20 11:20:46	MarkDuplicates	Getting Memory Stats.
INFO	2023-04-20 11:20:46	MarkDuplicates	Before output close freeMemory: 28216760; totalMemory: 35651584; maxMemory: 2147483648
INFO	2023-04-20 11:20:46	MarkDuplicates	Closed outputs. Getting more Memory Stats.
INFO	2023-04-20 11:20:46	MarkDuplicates	After output close freeMemory: 17856448; totalMemory: 25165824; maxMemory: 2147483648
[Thu Apr 20 11:20:46 CEST 2023] picard.sam.markduplicates.MarkDuplicates done. Elapsed time: 5.53 minutes.
Runtime.totalMemory()=25165824
finish mark and remove dup for bulkChIC-PMC-DRO-011 at Thu Apr 20 11:20:46 CEST 2023
start sorting with samtools for bulkChIC-PMC-DRO-011 at Thu Apr 20 11:20:46 CEST 2023
start indexing for bulkChIC-PMC-DRO-011 at Thu Apr 20 11:22:22 CEST 2023
finish indexing for bulkChIC-PMC-DRO-011 at Thu Apr 20 11:22:26 CEST 2023

  /// MultiQC 🔍 | v1.14

|           multiqc | Search path : /hpc/pmc_drost/PROJECTS/swang/CUT_RUN/nhung_test2/rm_dup
|         searching | ━━━━━━━━━━━━━━━━━━━━━━━━━━━━━━━━━━━━━━━━ 100% 5/5  
|            picard | Found 1 MarkDuplicates reports
|           multiqc | Compressing plot data
|           multiqc | Report      : ../../../../../../hpc/pmc_drost/PROJECTS/swang/CUT_RUN/nhung_test2/rm_dup/rm_dup_report.html
|           multiqc | Data        : ../../../../../../hpc/pmc_drost/PROJECTS/swang/CUT_RUN/nhung_test2/rm_dup/rm_dup_report_data
|           multiqc | MultiQC complete
all done filtering
-------------------step 5. running transform bam to bigwig---------------
-----------running 1 out of 1 samples---------------------- 
normalization: CPM
bamFilesList: ['/hpc/pmc_drost/PROJECTS/swang/CUT_RUN/nhung_test2/rm_dup/bulkChIC-PMC-DRO-011/bulkChIC-PMC-DRO-011_rmdup_filt.bam']
binLength: 50
numberOfSamples: None
blackListFileName: None
skipZeroOverZero: False
bed_and_bin: False
genomeChunkSize: None
defaultFragmentLength: read length
numberOfProcessors: 1
verbose: False
region: None
bedFile: None
minMappingQuality: None
ignoreDuplicates: False
chrsToSkip: ['chrX']
stepSize: 50
center_read: False
samFlag_include: None
samFlag_exclude: None
minFragmentLength: 0
maxFragmentLength: 0
zerosToNans: False
smoothLength: None
save_data: False
out_file_for_raw_data: None
maxPairedFragmentLength: 1000
all done bam2bigwig
finish cut and run analysis at Thu Apr 20 11:26:57 CEST 2023
