start running cut and run analysis at Thu Apr 20 12:15:23 CEST 2023
------------------step1. running quality check----------------------
-----------running 1 out of 1 samples---------------------- 
2
---------start fastqc for ATAC_04L1 at Thu Apr 20 12:15:24 CEST 2023---------
application/gzip
Started analysis of ATAC_04L1_R2.fq.gz
Approx 5% complete for ATAC_04L1_R2.fq.gz
Approx 10% complete for ATAC_04L1_R2.fq.gz
Approx 15% complete for ATAC_04L1_R2.fq.gz
Approx 20% complete for ATAC_04L1_R2.fq.gz
Approx 25% complete for ATAC_04L1_R2.fq.gz
Approx 30% complete for ATAC_04L1_R2.fq.gz
Approx 35% complete for ATAC_04L1_R2.fq.gz
Approx 40% complete for ATAC_04L1_R2.fq.gz
Approx 45% complete for ATAC_04L1_R2.fq.gz
Approx 50% complete for ATAC_04L1_R2.fq.gz
Approx 55% complete for ATAC_04L1_R2.fq.gz
Approx 60% complete for ATAC_04L1_R2.fq.gz
Approx 65% complete for ATAC_04L1_R2.fq.gz
Approx 70% complete for ATAC_04L1_R2.fq.gz
Approx 75% complete for ATAC_04L1_R2.fq.gz
Approx 80% complete for ATAC_04L1_R2.fq.gz
Approx 85% complete for ATAC_04L1_R2.fq.gz
Approx 90% complete for ATAC_04L1_R2.fq.gz
Approx 95% complete for ATAC_04L1_R2.fq.gz
Analysis complete for ATAC_04L1_R2.fq.gz
application/gzip
Started analysis of ATAC_04L1_R1.fq.gz
Approx 5% complete for ATAC_04L1_R1.fq.gz
Approx 10% complete for ATAC_04L1_R1.fq.gz
Approx 15% complete for ATAC_04L1_R1.fq.gz
Approx 20% complete for ATAC_04L1_R1.fq.gz
Approx 25% complete for ATAC_04L1_R1.fq.gz
Approx 30% complete for ATAC_04L1_R1.fq.gz
Approx 35% complete for ATAC_04L1_R1.fq.gz
Approx 40% complete for ATAC_04L1_R1.fq.gz
Approx 45% complete for ATAC_04L1_R1.fq.gz
Approx 50% complete for ATAC_04L1_R1.fq.gz
Approx 55% complete for ATAC_04L1_R1.fq.gz
Approx 60% complete for ATAC_04L1_R1.fq.gz
Approx 65% complete for ATAC_04L1_R1.fq.gz
Approx 70% complete for ATAC_04L1_R1.fq.gz
Approx 75% complete for ATAC_04L1_R1.fq.gz
Approx 80% complete for ATAC_04L1_R1.fq.gz
Approx 85% complete for ATAC_04L1_R1.fq.gz
Approx 90% complete for ATAC_04L1_R1.fq.gz
Approx 95% complete for ATAC_04L1_R1.fq.gz
Analysis complete for ATAC_04L1_R1.fq.gz
----------finish fastqc for ATAC_04L1 at Thu Apr 20 12:18:56 CEST 2023---------

  /// MultiQC 🔍 | v1.14

|           multiqc | Search path : /hpc/pmc_drost/PROJECTS/swang/CUT_RUN/nhung_test_jaiyou_sample/qualityCheck
|         searching | ━━━━━━━━━━━━━━━━━━━━━━━━━━━━━━━━━━━━━━━━ 100% 11/11  
|            fastqc | Found 2 reports
|           multiqc | Compressing plot data
|           multiqc | Previous MultiQC output found! Adjusting filenames..
|           multiqc | Use -f or --force to overwrite existing reports instead
|           multiqc | Report      : ../../../../../../hpc/pmc_drost/PROJECTS/swang/CUT_RUN/nhung_test_jaiyou_sample/qualityCheck/quality_check_report_1.html
|           multiqc | Data        : ../../../../../../hpc/pmc_drost/PROJECTS/swang/CUT_RUN/nhung_test_jaiyou_sample/qualityCheck/quality_check_report_data_1
|           multiqc | MultiQC complete
all done quality check
-------------------step 2. running trimming--------------------------
-----------running 1 out of 1 samples---------------------- 
2
start trim_galore for ATAC_04L1 at Thu Apr 20 12:19:39 CEST 2023
Multicore support not enabled. Proceeding with single-core trimming.
Path to Cutadapt set as: 'cutadapt' (default)
Cutadapt seems to be working fine (tested command 'cutadapt --version')
Cutadapt version: 4.2
single-core operation.
igzip command line interface 2.30.0
igzip detected. Using igzip for decompressing

No quality encoding type selected. Assuming that the data provided uses Sanger encoded Phred scores (default)

Output will be written into the directory: /hpc/pmc_drost/PROJECTS/swang/CUT_RUN/nhung_test_jaiyou_sample/trimmed/ATAC_04L1/


AUTO-DETECTING ADAPTER TYPE
===========================
Attempting to auto-detect adapter type from the first 1 million sequences of the first file (>> /hpc/pmc_drost/PROJECTS/SMARCB1_reexpression_JH/ATAC/data/ATRT04/ATAC_04L1/ATAC_04L1_R2.fq.gz <<)

Found perfect matches for the following adapter sequences:
Adapter type	Count	Sequence	Sequences analysed	Percentage
Nextera	586448	CTGTCTCTTATA	1000000	58.64
smallRNA	5	TGGAATTCTCGG	1000000	0.00
Illumina	0	AGATCGGAAGAGC	1000000	0.00
Using Nextera adapter for trimming (count: 586448). Second best hit was smallRNA (count: 5)

Writing report to '/hpc/pmc_drost/PROJECTS/swang/CUT_RUN/nhung_test_jaiyou_sample/trimmed/ATAC_04L1/ATAC_04L1_R2.fq.gz_trimming_report.txt'

SUMMARISING RUN PARAMETERS
==========================
Input filename: /hpc/pmc_drost/PROJECTS/SMARCB1_reexpression_JH/ATAC/data/ATRT04/ATAC_04L1/ATAC_04L1_R2.fq.gz
Trimming mode: paired-end
Trim Galore version: 0.6.10
Cutadapt version: 4.2
Number of cores used for trimming: 1
Quality Phred score cutoff: 20
Quality encoding type selected: ASCII+33
Adapter sequence: 'CTGTCTCTTATA' (Nextera Transposase sequence; auto-detected)
Maximum trimming error rate: 0.1 (default)
Minimum required adapter overlap (stringency): 1 bp
Minimum required sequence length for both reads before a sequence pair gets removed: 20 bp
Running FastQC on the data once trimming has completed
Output file(s) will be GZIP compressed

Cutadapt seems to be fairly up-to-date (version 4.2). Setting -j 1
Writing final adapter and quality trimmed output to ATAC_04L1_R2_trimmed.fq.gz


  >>> Now performing quality (cutoff '-q 20') and adapter trimming in a single pass for the adapter sequence: 'CTGTCTCTTATA' from file /hpc/pmc_drost/PROJECTS/SMARCB1_reexpression_JH/ATAC/data/ATRT04/ATAC_04L1/ATAC_04L1_R2.fq.gz <<< 
10000000 sequences processed
This is cutadapt 4.2 with Python 3.9.15
Command line parameters: -j 1 -e 0.1 -q 20 -O 1 -a CTGTCTCTTATA /hpc/pmc_drost/PROJECTS/SMARCB1_reexpression_JH/ATAC/data/ATRT04/ATAC_04L1/ATAC_04L1_R2.fq.gz
Processing single-end reads on 1 core ...
Finished in 369.171 s (22.479 µs/read; 2.67 M reads/minute).

=== Summary ===

Total reads processed:              16,422,680
Reads with adapters:                12,048,410 (73.4%)
Reads written (passing filters):    16,422,680 (100.0%)

Total basepairs processed: 2,463,402,000 bp
Quality-trimmed:               7,545,692 bp (0.3%)
Total written (filtered):  1,652,094,845 bp (67.1%)

=== Adapter 1 ===

Sequence: CTGTCTCTTATA; Type: regular 3'; Length: 12; Trimmed: 12048410 times

Minimum overlap: 1
No. of allowed errors:
1-9 bp: 0; 10-12 bp: 1

Bases preceding removed adapters:
  A: 11.6%
  C: 43.6%
  G: 26.1%
  T: 18.6%
  none/other: 0.1%

Overview of removed sequences
length	count	expect	max.err	error counts
1	1698787	4105670.0	0	1698787
2	482689	1026417.5	0	482689
3	174638	256604.4	0	174638
4	52490	64151.1	0	52490
5	25482	16037.8	0	25482
6	20217	4009.4	0	20217
7	19000	1002.4	0	19000
8	19665	250.6	0	19665
9	20325	62.6	0	19996 329
10	20905	15.7	1	20016 889
11	21895	3.9	1	21346 549
12	23515	1.0	1	22759 756
13	20642	1.0	1	20277 365
14	21102	1.0	1	20518 584
15	20627	1.0	1	20162 465
16	22015	1.0	1	21012 1003
17	20592	1.0	1	20171 421
18	20676	1.0	1	20263 413
19	21972	1.0	1	21562 410
20	22700	1.0	1	22305 395
21	24008	1.0	1	23345 663
22	25388	1.0	1	24828 560
23	23947	1.0	1	23513 434
24	25071	1.0	1	24498 573
25	25285	1.0	1	24804 481
26	25564	1.0	1	25047 517
27	24728	1.0	1	24223 505
28	25807	1.0	1	25128 679
29	25925	1.0	1	25449 476
30	27334	1.0	1	26776 558
31	29212	1.0	1	28523 689
32	30977	1.0	1	30431 546
33	34277	1.0	1	33709 568
34	28801	1.0	1	28092 709
35	32332	1.0	1	31883 449
36	32642	1.0	1	32060 582
37	32314	1.0	1	31761 553
38	34145	1.0	1	33337 808
39	34936	1.0	1	34334 602
40	32304	1.0	1	31927 377
41	34154	1.0	1	33471 683
42	39000	1.0	1	38395 605
43	39993	1.0	1	39431 562
44	41425	1.0	1	40794 631
45	43667	1.0	1	42910 757
46	43558	1.0	1	42663 895
47	40582	1.0	1	40015 567
48	42355	1.0	1	41611 744
49	42969	1.0	1	42151 818
50	42695	1.0	1	42137 558
51	45608	1.0	1	45005 603
52	49044	1.0	1	48442 602
53	49636	1.0	1	48995 641
54	54078	1.0	1	53208 870
55	53881	1.0	1	53324 557
56	57370	1.0	1	56605 765
57	62138	1.0	1	60968 1170
58	54679	1.0	1	54027 652
59	55833	1.0	1	55337 496
60	54252	1.0	1	53459 793
61	57915	1.0	1	57203 712
62	59056	1.0	1	58235 821
63	88459	1.0	1	86863 1596
64	65965	1.0	1	65320 645
65	62924	1.0	1	62175 749
66	67763	1.0	1	67080 683
67	82040	1.0	1	81345 695
68	88398	1.0	1	87393 1005
69	71435	1.0	1	70792 643
70	69095	1.0	1	68390 705
71	74523	1.0	1	73863 660
72	86747	1.0	1	85879 868
73	155546	1.0	1	154196 1350
74	141430	1.0	1	140017 1413
75	166722	1.0	1	165054 1668
76	84319	1.0	1	83281 1038
77	69596	1.0	1	68827 769
78	84453	1.0	1	83754 699
79	80687	1.0	1	79889 798
80	73910	1.0	1	73208 702
81	79221	1.0	1	78471 750
82	91053	1.0	1	90215 838
83	119337	1.0	1	118379 958
84	121821	1.0	1	120780 1041
85	123536	1.0	1	122450 1086
86	127888	1.0	1	126787 1101
87	142820	1.0	1	141724 1096
88	157762	1.0	1	156573 1189
89	137186	1.0	1	136140 1046
90	113590	1.0	1	112666 924
91	104991	1.0	1	104104 887
92	110685	1.0	1	109867 818
93	126309	1.0	1	125364 945
94	133343	1.0	1	132443 900
95	138681	1.0	1	137734 947
96	161334	1.0	1	160121 1213
97	250608	1.0	1	248958 1650
98	352778	1.0	1	350495 2283
99	308119	1.0	1	306182 1937
100	213616	1.0	1	212269 1347
101	150059	1.0	1	149070 989
102	136535	1.0	1	135636 899
103	144920	1.0	1	143940 980
104	157127	1.0	1	156147 980
105	166016	1.0	1	164943 1073
106	161851	1.0	1	160776 1075
107	200529	1.0	1	199287 1242
108	325739	1.0	1	323768 1971
109	350871	1.0	1	348668 2203
110	279410	1.0	1	277798 1612
111	182722	1.0	1	181586 1136
112	148641	1.0	1	147731 910
113	157156	1.0	1	156212 944
114	129701	1.0	1	128894 807
115	83415	1.0	1	82820 595
116	44727	1.0	1	44352 375
117	26912	1.0	1	26547 365
118	16018	1.0	1	15746 272
119	13956	1.0	1	13732 224
120	7941	1.0	1	7764 177
121	5861	1.0	1	5700 161
122	4270	1.0	1	4000 270
123	6363	1.0	1	6170 193
124	12102	1.0	1	11794 308
125	1880	1.0	1	1723 157
126	572	1.0	1	466 106
127	636	1.0	1	373 263
128	363	1.0	1	204 159
129	550	1.0	1	418 132
130	252	1.0	1	126 126
131	444	1.0	1	354 90
132	288	1.0	1	75 213
133	213	1.0	1	123 90
134	193	1.0	1	32 161
135	123	1.0	1	40 83
136	101	1.0	1	15 86
137	651	1.0	1	465 186
138	121	1.0	1	12 109
139	116	1.0	1	50 66
140	211	1.0	1	4 207
141	144	1.0	1	17 127
142	385	1.0	1	23 362
143	48	1.0	1	2 46
144	85	1.0	1	8 77
145	28	1.0	1	2 26
146	95	1.0	1	2 93
147	213	1.0	1	14 199
148	66	1.0	1	9 57
149	59	1.0	1	24 35
150	10222	1.0	1	9643 579

RUN STATISTICS FOR INPUT FILE: /hpc/pmc_drost/PROJECTS/SMARCB1_reexpression_JH/ATAC/data/ATRT04/ATAC_04L1/ATAC_04L1_R2.fq.gz
=============================================
16422680 sequences processed in total
The length threshold of paired-end sequences gets evaluated later on (in the validation step)

Writing report to '/hpc/pmc_drost/PROJECTS/swang/CUT_RUN/nhung_test_jaiyou_sample/trimmed/ATAC_04L1/ATAC_04L1_R1.fq.gz_trimming_report.txt'

SUMMARISING RUN PARAMETERS
==========================
Input filename: /hpc/pmc_drost/PROJECTS/SMARCB1_reexpression_JH/ATAC/data/ATRT04/ATAC_04L1/ATAC_04L1_R1.fq.gz
Trimming mode: paired-end
Trim Galore version: 0.6.10
Cutadapt version: 4.2
Number of cores used for trimming: 1
Quality Phred score cutoff: 20
Quality encoding type selected: ASCII+33
Adapter sequence: 'CTGTCTCTTATA' (Nextera Transposase sequence; auto-detected)
Maximum trimming error rate: 0.1 (default)
Minimum required adapter overlap (stringency): 1 bp
Minimum required sequence length for both reads before a sequence pair gets removed: 20 bp
Running FastQC on the data once trimming has completed
Output file(s) will be GZIP compressed

Cutadapt seems to be fairly up-to-date (version 4.2). Setting -j -j 1
Writing final adapter and quality trimmed output to ATAC_04L1_R1_trimmed.fq.gz


  >>> Now performing quality (cutoff '-q 20') and adapter trimming in a single pass for the adapter sequence: 'CTGTCTCTTATA' from file /hpc/pmc_drost/PROJECTS/SMARCB1_reexpression_JH/ATAC/data/ATRT04/ATAC_04L1/ATAC_04L1_R1.fq.gz <<< 
10000000 sequences processed
This is cutadapt 4.2 with Python 3.9.15
Command line parameters: -j 1 -e 0.1 -q 20 -O 1 -a CTGTCTCTTATA /hpc/pmc_drost/PROJECTS/SMARCB1_reexpression_JH/ATAC/data/ATRT04/ATAC_04L1/ATAC_04L1_R1.fq.gz
Processing single-end reads on 1 core ...
Finished in 370.453 s (22.557 µs/read; 2.66 M reads/minute).

=== Summary ===

Total reads processed:              16,422,680
Reads with adapters:                12,001,406 (73.1%)
Reads written (passing filters):    16,422,680 (100.0%)

Total basepairs processed: 2,463,402,000 bp
Quality-trimmed:               6,077,528 bp (0.2%)
Total written (filtered):  1,655,179,373 bp (67.2%)

=== Adapter 1 ===

Sequence: CTGTCTCTTATA; Type: regular 3'; Length: 12; Trimmed: 12001406 times

Minimum overlap: 1
No. of allowed errors:
1-9 bp: 0; 10-12 bp: 1

Bases preceding removed adapters:
  A: 12.4%
  C: 42.1%
  G: 26.5%
  T: 18.9%
  none/other: 0.1%

Overview of removed sequences
length	count	expect	max.err	error counts
1	1704721	4105670.0	0	1704721
2	476182	1026417.5	0	476182
3	173039	256604.4	0	173039
4	51176	64151.1	0	51176
5	24413	16037.8	0	24413
6	19306	4009.4	0	19306
7	18399	1002.4	0	18399
8	18959	250.6	0	18959
9	19637	62.6	0	19298 339
10	20249	15.7	1	19055 1194
11	21365	3.9	1	20429 936
12	23196	1.0	1	21948 1248
13	20193	1.0	1	19566 627
14	20593	1.0	1	19608 985
15	20897	1.0	1	20016 881
16	21739	1.0	1	20416 1323
17	20136	1.0	1	19390 746
18	19731	1.0	1	19018 713
19	21694	1.0	1	20886 808
20	22985	1.0	1	22152 833
21	23811	1.0	1	22741 1070
22	22501	1.0	1	21962 539
23	25994	1.0	1	24775 1219
24	23383	1.0	1	22734 649
25	24788	1.0	1	23850 938
26	24781	1.0	1	23890 891
27	26251	1.0	1	25036 1215
28	24035	1.0	1	23148 887
29	28403	1.0	1	26842 1561
30	24849	1.0	1	24222 627
31	29453	1.0	1	28084 1369
32	29070	1.0	1	28326 744
33	30224	1.0	1	28961 1263
34	32118	1.0	1	30818 1300
35	36092	1.0	1	33745 2347
36	32340	1.0	1	31322 1018
37	41030	1.0	1	40040 990
38	21608	1.0	1	20345 1263
39	34365	1.0	1	32850 1515
40	41211	1.0	1	40183 1028
41	29080	1.0	1	27325 1755
42	35679	1.0	1	34842 837
43	50097	1.0	1	46171 3926
44	49583	1.0	1	46544 3039
45	72548	1.0	1	70298 2250
46	20756	1.0	1	19833 923
47	34650	1.0	1	33637 1013
48	55960	1.0	1	54221 1739
49	36311	1.0	1	35276 1035
50	45879	1.0	1	44001 1878
51	84645	1.0	1	81427 3218
52	59050	1.0	1	57428 1622
53	32226	1.0	1	31237 989
54	60339	1.0	1	58284 2055
55	87812	1.0	1	86067 1745
56	68076	1.0	1	66728 1348
57	56695	1.0	1	55451 1244
58	53626	1.0	1	52541 1085
59	83988	1.0	1	82385 1603
60	21954	1.0	1	21138 816
61	35309	1.0	1	34388 921
62	97376	1.0	1	95794 1582
63	43240	1.0	1	42321 919
64	39023	1.0	1	38192 831
65	53674	1.0	1	52467 1207
66	88520	1.0	1	87054 1466
67	60603	1.0	1	59384 1219
68	106876	1.0	1	104837 2039
69	99990	1.0	1	97804 2186
70	149001	1.0	1	145916 3085
71	18117	1.0	1	16897 1220
72	19661	1.0	1	18957 704
73	50854	1.0	1	49908 946
74	72873	1.0	1	71682 1191
75	81391	1.0	1	80024 1367
76	91682	1.0	1	90072 1610
77	99535	1.0	1	97870 1665
78	104171	1.0	1	102355 1816
79	93933	1.0	1	92230 1703
80	83247	1.0	1	81692 1555
81	87447	1.0	1	85498 1949
82	97939	1.0	1	95799 2140
83	122489	1.0	1	119933 2556
84	126964	1.0	1	124345 2619
85	123128	1.0	1	120618 2510
86	132340	1.0	1	129738 2602
87	148998	1.0	1	145998 3000
88	165991	1.0	1	162773 3218
89	142018	1.0	1	139200 2818
90	114389	1.0	1	112008 2381
91	107976	1.0	1	105870 2106
92	111953	1.0	1	109774 2179
93	126785	1.0	1	124582 2203
94	138203	1.0	1	136032 2171
95	141244	1.0	1	139177 2067
96	162961	1.0	1	160632 2329
97	254369	1.0	1	250951 3418
98	354075	1.0	1	349437 4638
99	305438	1.0	1	301559 3879
100	209793	1.0	1	207213 2580
101	152332	1.0	1	150300 2032
102	140569	1.0	1	138771 1798
103	149755	1.0	1	147876 1879
104	163902	1.0	1	161913 1989
105	168779	1.0	1	166753 2026
106	164645	1.0	1	162701 1944
107	201233	1.0	1	198800 2433
108	328128	1.0	1	324322 3806
109	359380	1.0	1	355496 3884
110	285856	1.0	1	282738 3118
111	185038	1.0	1	183131 1907
112	151033	1.0	1	149327 1706
113	158962	1.0	1	157133 1829
114	131338	1.0	1	129917 1421
115	85136	1.0	1	84154 982
116	45594	1.0	1	45012 582
117	27139	1.0	1	26652 487
118	16023	1.0	1	15733 290
119	14056	1.0	1	13752 304
120	8023	1.0	1	7810 213
121	5913	1.0	1	5715 198
122	4264	1.0	1	4000 264
123	6341	1.0	1	6141 200
124	12105	1.0	1	11762 343
125	1883	1.0	1	1718 165
126	592	1.0	1	484 108
127	619	1.0	1	381 238
128	356	1.0	1	204 152
129	559	1.0	1	422 137
130	240	1.0	1	125 115
131	459	1.0	1	353 106
132	310	1.0	1	73 237
133	215	1.0	1	123 92
134	215	1.0	1	33 182
135	110	1.0	1	37 73
136	125	1.0	1	14 111
137	499	1.0	1	292 207
138	128	1.0	1	13 115
139	122	1.0	1	28 94
140	210	1.0	1	6 204
141	143	1.0	1	18 125
142	383	1.0	1	20 363
143	37	1.0	1	1 36
144	63	1.0	1	4 59
145	37	1.0	1	2 35
146	87	1.0	1	1 86
147	201	1.0	1	12 189
148	81	1.0	1	6 75
149	80	1.0	1	24 56
150	10661	1.0	1	9800 861

RUN STATISTICS FOR INPUT FILE: /hpc/pmc_drost/PROJECTS/SMARCB1_reexpression_JH/ATAC/data/ATRT04/ATAC_04L1/ATAC_04L1_R1.fq.gz
=============================================
16422680 sequences processed in total
The length threshold of paired-end sequences gets evaluated later on (in the validation step)

Validate paired-end files ATAC_04L1_R2_trimmed.fq.gz and ATAC_04L1_R1_trimmed.fq.gz
file_1: ATAC_04L1_R2_trimmed.fq.gz, file_2: ATAC_04L1_R1_trimmed.fq.gz


>>>>> Now validing the length of the 2 paired-end infiles: ATAC_04L1_R2_trimmed.fq.gz and ATAC_04L1_R1_trimmed.fq.gz <<<<<
Writing validated paired-end Read 1 reads to ATAC_04L1_R2_val_1.fq.gz
Writing validated paired-end Read 2 reads to ATAC_04L1_R1_val_2.fq.gz

Total number of sequences analysed: 16422680

Number of sequence pairs removed because at least one read was shorter than the length cutoff (20 bp): 17951 (0.11%)


  >>> Now running FastQC on the validated data ATAC_04L1_R2_val_1.fq.gz<<<

application/gzip
Started analysis of ATAC_04L1_R2_val_1.fq.gz
Approx 5% complete for ATAC_04L1_R2_val_1.fq.gz
Approx 10% complete for ATAC_04L1_R2_val_1.fq.gz
Approx 15% complete for ATAC_04L1_R2_val_1.fq.gz
Approx 20% complete for ATAC_04L1_R2_val_1.fq.gz
Approx 25% complete for ATAC_04L1_R2_val_1.fq.gz
Approx 30% complete for ATAC_04L1_R2_val_1.fq.gz
Approx 35% complete for ATAC_04L1_R2_val_1.fq.gz
Approx 40% complete for ATAC_04L1_R2_val_1.fq.gz
Approx 45% complete for ATAC_04L1_R2_val_1.fq.gz
Approx 50% complete for ATAC_04L1_R2_val_1.fq.gz
Approx 55% complete for ATAC_04L1_R2_val_1.fq.gz
Approx 60% complete for ATAC_04L1_R2_val_1.fq.gz
Approx 65% complete for ATAC_04L1_R2_val_1.fq.gz
Approx 70% complete for ATAC_04L1_R2_val_1.fq.gz
Approx 75% complete for ATAC_04L1_R2_val_1.fq.gz
Approx 80% complete for ATAC_04L1_R2_val_1.fq.gz
Approx 85% complete for ATAC_04L1_R2_val_1.fq.gz
Approx 90% complete for ATAC_04L1_R2_val_1.fq.gz
Approx 95% complete for ATAC_04L1_R2_val_1.fq.gz
Analysis complete for ATAC_04L1_R2_val_1.fq.gz

  >>> Now running FastQC on the validated data ATAC_04L1_R1_val_2.fq.gz<<<

application/gzip
Started analysis of ATAC_04L1_R1_val_2.fq.gz
Approx 5% complete for ATAC_04L1_R1_val_2.fq.gz
Approx 10% complete for ATAC_04L1_R1_val_2.fq.gz
Approx 15% complete for ATAC_04L1_R1_val_2.fq.gz
Approx 20% complete for ATAC_04L1_R1_val_2.fq.gz
Approx 25% complete for ATAC_04L1_R1_val_2.fq.gz
Approx 30% complete for ATAC_04L1_R1_val_2.fq.gz
Approx 35% complete for ATAC_04L1_R1_val_2.fq.gz
Approx 40% complete for ATAC_04L1_R1_val_2.fq.gz
Approx 45% complete for ATAC_04L1_R1_val_2.fq.gz
Approx 50% complete for ATAC_04L1_R1_val_2.fq.gz
Approx 55% complete for ATAC_04L1_R1_val_2.fq.gz
Approx 60% complete for ATAC_04L1_R1_val_2.fq.gz
Approx 65% complete for ATAC_04L1_R1_val_2.fq.gz
Approx 70% complete for ATAC_04L1_R1_val_2.fq.gz
Approx 75% complete for ATAC_04L1_R1_val_2.fq.gz
Approx 80% complete for ATAC_04L1_R1_val_2.fq.gz
Approx 85% complete for ATAC_04L1_R1_val_2.fq.gz
Approx 90% complete for ATAC_04L1_R1_val_2.fq.gz
Approx 95% complete for ATAC_04L1_R1_val_2.fq.gz
Analysis complete for ATAC_04L1_R1_val_2.fq.gz
Deleting both intermediate output files ATAC_04L1_R2_trimmed.fq.gz and ATAC_04L1_R1_trimmed.fq.gz

====================================================================================================

finish trim_galore for ATAC_04L1 at Thu Apr 20 12:40:53 CEST 2023

  /// MultiQC 🔍 | v1.14

|           multiqc | Search path : /hpc/pmc_drost/PROJECTS/swang/CUT_RUN/nhung_test_jaiyou_sample/trimmed
|         searching | ━━━━━━━━━━━━━━━━━━━━━━━━━━━━━━━━━━━━━━━━ 100% 16/16  
|          cutadapt | Found 2 reports
|            fastqc | Found 2 reports
|           multiqc | Compressing plot data
|           multiqc | Previous MultiQC output found! Adjusting filenames..
|           multiqc | Use -f or --force to overwrite existing reports instead
|           multiqc | Report      : ../../../../../../hpc/pmc_drost/PROJECTS/swang/CUT_RUN/nhung_test_jaiyou_sample/trimmed/trim_report_1.html
|           multiqc | Data        : ../../../../../../hpc/pmc_drost/PROJECTS/swang/CUT_RUN/nhung_test_jaiyou_sample/trimmed/trim_report_data_1
|           multiqc | MultiQC complete
all done trimming
-------------------step 3. running alignment-------------------------
-----------running 1 out of 1 samples---------------------- 
2
-----start alignment for ATAC_04L1 at Thu Apr 20 12:40:56 CEST 2023-------
-------finish alignment for ATAC_04L1 at Thu Apr 20 13:26:22 CEST 2023--------

  /// MultiQC 🔍 | v1.14

|           multiqc | Search path : /hpc/pmc_drost/PROJECTS/swang/CUT_RUN/nhung_test_jaiyou_sample/alignment
|         searching | ━━━━━━━━━━━━━━━━━━━━━━━━━━━━━━━━━━━━━━━━ 100% 11/11  
|           bowtie2 | Found 1 reports
|           multiqc | Compressing plot data
|           multiqc | Previous MultiQC output found! Adjusting filenames..
|           multiqc | Use -f or --force to overwrite existing reports instead
|           multiqc | Report      : ../../../../../../hpc/pmc_drost/PROJECTS/swang/CUT_RUN/nhung_test_jaiyou_sample/alignment/alignment_report_1.html
|           multiqc | Data        : ../../../../../../hpc/pmc_drost/PROJECTS/swang/CUT_RUN/nhung_test_jaiyou_sample/alignment/alignment_report_data_1
|           multiqc | MultiQC complete
all done alignment
-------------------step 4. running filtering-------------------------
-----------running 1 out of 1 samples---------------------- 
ATAC_04L1
1
start sorting and remove dup for ATAC_04L1 at Thu Apr 20 13:26:44 CEST 2023
13:27:24.446 INFO  NativeLibraryLoader - Loading libgkl_compression.so from jar:file:/hpc/pmc_drost/PROJECTS/swang/software/picard.jar!/com/intel/gkl/native/libgkl_compression.so
[Thu Apr 20 13:27:28 CEST 2023] SortSam --INPUT /hpc/pmc_drost/PROJECTS/swang/CUT_RUN/nhung_test_jaiyou_sample/alignment/ATAC_04L1/ATAC_04L1.bam --OUTPUT /hpc/pmc_drost/PROJECTS/swang/CUT_RUN/nhung_test_jaiyou_sample/rm_dup/ATAC_04L1/ATAC_04L1_sorted.bam --SORT_ORDER coordinate --TMP_DIR /hpc/pmc_drost/PROJECTS/swang/CUT_RUN/nhung_test/tmp --VALIDATION_STRINGENCY LENIENT --VERBOSITY INFO --QUIET false --COMPRESSION_LEVEL 5 --MAX_RECORDS_IN_RAM 500000 --CREATE_INDEX false --CREATE_MD5_FILE false --GA4GH_CLIENT_SECRETS client_secrets.json --help false --version false --showHidden false --USE_JDK_DEFLATER false --USE_JDK_INFLATER false
[Thu Apr 20 13:27:28 CEST 2023] Executing as npham@n0116.manage.hpc on Linux 4.18.0-425.3.1.el8.x86_64 amd64; OpenJDK 64-Bit Server VM 11.0.1+13-LTS; Deflater: Intel; Inflater: Intel; Provider GCS is not available; Picard version: Version:2.27.2
INFO	2023-04-20 13:27:29	SortSam	Seen many non-increasing record positions. Printing Read-names as well.
INFO	2023-04-20 13:28:18	SortSam	Read    10,000,000 records.  Elapsed time: 00:00:49s.  Time for last 10,000,000:   49s.  Last read position: chr20:9,344,202.  Last read name: A00551:681:HVFTWDSX5:4:1446:10637:33411
INFO	2023-04-20 13:28:53	SortSam	Read    20,000,000 records.  Elapsed time: 00:01:24s.  Time for last 10,000,000:   35s.  Last read position: chr2:209,936,279.  Last read name: A00551:681:HVFTWDSX5:4:2217:31539:21699
INFO	2023-04-20 13:29:29	SortSam	Read    30,000,000 records.  Elapsed time: 00:01:59s.  Time for last 10,000,000:   35s.  Last read position: chr13:101,534,749.  Last read name: A00551:681:HVFTWDSX5:4:2575:1985:13604
INFO	2023-04-20 13:29:39	SortSam	Finished reading inputs, merging and writing to output now.
INFO	2023-04-20 13:30:43	SortSam	Wrote    10,000,000 records from a sorting collection.  Elapsed time: 00:03:14s.  Time for last 10,000,000:   63s.  Last read position: chr5:123,433,510
INFO	2023-04-20 13:31:46	SortSam	Wrote    20,000,000 records from a sorting collection.  Elapsed time: 00:04:17s.  Time for last 10,000,000:   63s.  Last read position: chr12:62,260,094
INFO	2023-04-20 13:32:50	SortSam	Wrote    30,000,000 records from a sorting collection.  Elapsed time: 00:05:21s.  Time for last 10,000,000:   64s.  Last read position: chr22:44,766,506
[Thu Apr 20 13:33:08 CEST 2023] picard.sam.SortSam done. Elapsed time: 5.75 minutes.
Runtime.totalMemory()=1091567616
finsh sorting ATAC_04L1 at Thu Apr 20 13:33:08 CEST 2023
start mark dup and remove for ATAC_04L1 at Thu Apr 20 13:33:08 CEST 2023
13:33:09.419 INFO  NativeLibraryLoader - Loading libgkl_compression.so from jar:file:/hpc/pmc_drost/PROJECTS/swang/software/picard.jar!/com/intel/gkl/native/libgkl_compression.so
[Thu Apr 20 13:33:09 CEST 2023] MarkDuplicates --INPUT /hpc/pmc_drost/PROJECTS/swang/CUT_RUN/nhung_test_jaiyou_sample/rm_dup/ATAC_04L1/ATAC_04L1_sorted.bam --OUTPUT /hpc/pmc_drost/PROJECTS/swang/CUT_RUN/nhung_test_jaiyou_sample/rm_dup/ATAC_04L1/ATAC_04L1_mkrmdup.bam --METRICS_FILE /hpc/pmc_drost/PROJECTS/swang/CUT_RUN/nhung_test_jaiyou_sample/rm_dup/ATAC_04L1/ATAC_04L1_marked_dup_metrics.txt --REMOVE_DUPLICATES true --TMP_DIR /hpc/pmc_drost/PROJECTS/swang/CUT_RUN/nhung_test/tmp --VALIDATION_STRINGENCY LENIENT --MAX_SEQUENCES_FOR_DISK_READ_ENDS_MAP 50000 --MAX_FILE_HANDLES_FOR_READ_ENDS_MAP 8000 --SORTING_COLLECTION_SIZE_RATIO 0.25 --TAG_DUPLICATE_SET_MEMBERS false --REMOVE_SEQUENCING_DUPLICATES false --TAGGING_POLICY DontTag --CLEAR_DT true --DUPLEX_UMI false --ADD_PG_TAG_TO_READS true --ASSUME_SORTED false --DUPLICATE_SCORING_STRATEGY SUM_OF_BASE_QUALITIES --PROGRAM_RECORD_ID MarkDuplicates --PROGRAM_GROUP_NAME MarkDuplicates --READ_NAME_REGEX <optimized capture of last three ':' separated fields as numeric values> --OPTICAL_DUPLICATE_PIXEL_DISTANCE 100 --MAX_OPTICAL_DUPLICATE_SET_SIZE 300000 --VERBOSITY INFO --QUIET false --COMPRESSION_LEVEL 5 --MAX_RECORDS_IN_RAM 500000 --CREATE_INDEX false --CREATE_MD5_FILE false --GA4GH_CLIENT_SECRETS client_secrets.json --help false --version false --showHidden false --USE_JDK_DEFLATER false --USE_JDK_INFLATER false
[Thu Apr 20 13:33:09 CEST 2023] Executing as npham@n0116.manage.hpc on Linux 4.18.0-425.3.1.el8.x86_64 amd64; OpenJDK 64-Bit Server VM 11.0.1+13-LTS; Deflater: Intel; Inflater: Intel; Provider GCS is not available; Picard version: Version:2.27.2
INFO	2023-04-20 13:33:09	MarkDuplicates	Start of doWork freeMemory: 19136728; totalMemory: 25165824; maxMemory: 2147483648
INFO	2023-04-20 13:33:09	MarkDuplicates	Reading input file and constructing read end information.
INFO	2023-04-20 13:33:09	MarkDuplicates	Will retain up to 7780737 data points before spilling to disk.
INFO	2023-04-20 13:33:12	MarkDuplicates	Read     1,000,000 records.  Elapsed time: 00:00:02s.  Time for last 1,000,000:    2s.  Last read position: chr1:51,662,851
INFO	2023-04-20 13:33:12	MarkDuplicates	Tracking 2456 as yet unmatched pairs. 112 records in RAM.
INFO	2023-04-20 13:33:14	MarkDuplicates	Read     2,000,000 records.  Elapsed time: 00:00:04s.  Time for last 1,000,000:    2s.  Last read position: chr1:168,582,601
INFO	2023-04-20 13:33:14	MarkDuplicates	Tracking 4418 as yet unmatched pairs. 294 records in RAM.
INFO	2023-04-20 13:33:16	MarkDuplicates	Read     3,000,000 records.  Elapsed time: 00:00:07s.  Time for last 1,000,000:    2s.  Last read position: chr2:14,633,751
INFO	2023-04-20 13:33:16	MarkDuplicates	Tracking 5378 as yet unmatched pairs. 685 records in RAM.
INFO	2023-04-20 13:33:19	MarkDuplicates	Read     4,000,000 records.  Elapsed time: 00:00:09s.  Time for last 1,000,000:    2s.  Last read position: chr2:95,329,360
INFO	2023-04-20 13:33:19	MarkDuplicates	Tracking 8416 as yet unmatched pairs. 854 records in RAM.
INFO	2023-04-20 13:33:21	MarkDuplicates	Read     5,000,000 records.  Elapsed time: 00:00:11s.  Time for last 1,000,000:    2s.  Last read position: chr2:186,241,891
INFO	2023-04-20 13:33:21	MarkDuplicates	Tracking 9116 as yet unmatched pairs. 204 records in RAM.
INFO	2023-04-20 13:33:23	MarkDuplicates	Read     6,000,000 records.  Elapsed time: 00:00:13s.  Time for last 1,000,000:    2s.  Last read position: chr3:23,807,040
INFO	2023-04-20 13:33:23	MarkDuplicates	Tracking 9866 as yet unmatched pairs. 563 records in RAM.
INFO	2023-04-20 13:33:25	MarkDuplicates	Read     7,000,000 records.  Elapsed time: 00:00:15s.  Time for last 1,000,000:    2s.  Last read position: chr3:134,093,249
INFO	2023-04-20 13:33:25	MarkDuplicates	Tracking 10720 as yet unmatched pairs. 244 records in RAM.
INFO	2023-04-20 13:33:30	MarkDuplicates	Read     8,000,000 records.  Elapsed time: 00:00:21s.  Time for last 1,000,000:    5s.  Last read position: chr4:41,583,395
INFO	2023-04-20 13:33:30	MarkDuplicates	Tracking 11446 as yet unmatched pairs. 531 records in RAM.
INFO	2023-04-20 13:33:33	MarkDuplicates	Read     9,000,000 records.  Elapsed time: 00:00:23s.  Time for last 1,000,000:    2s.  Last read position: chr4:184,733,420
INFO	2023-04-20 13:33:33	MarkDuplicates	Tracking 12328 as yet unmatched pairs. 75 records in RAM.
INFO	2023-04-20 13:33:35	MarkDuplicates	Read    10,000,000 records.  Elapsed time: 00:00:25s.  Time for last 1,000,000:    2s.  Last read position: chr5:123,433,510
INFO	2023-04-20 13:33:35	MarkDuplicates	Tracking 13254 as yet unmatched pairs. 356 records in RAM.
INFO	2023-04-20 13:33:37	MarkDuplicates	Read    11,000,000 records.  Elapsed time: 00:00:27s.  Time for last 1,000,000:    2s.  Last read position: chr6:30,906,941
INFO	2023-04-20 13:33:37	MarkDuplicates	Tracking 13744 as yet unmatched pairs. 785 records in RAM.
INFO	2023-04-20 13:33:39	MarkDuplicates	Read    12,000,000 records.  Elapsed time: 00:00:30s.  Time for last 1,000,000:    2s.  Last read position: chr6:148,826,836
INFO	2023-04-20 13:33:39	MarkDuplicates	Tracking 13984 as yet unmatched pairs. 141 records in RAM.
INFO	2023-04-20 13:33:41	MarkDuplicates	Read    13,000,000 records.  Elapsed time: 00:00:32s.  Time for last 1,000,000:    2s.  Last read position: chr7:74,501,409
INFO	2023-04-20 13:33:41	MarkDuplicates	Tracking 14546 as yet unmatched pairs. 957 records in RAM.
INFO	2023-04-20 13:33:44	MarkDuplicates	Read    14,000,000 records.  Elapsed time: 00:00:34s.  Time for last 1,000,000:    2s.  Last read position: chr8:15,595,484
INFO	2023-04-20 13:33:44	MarkDuplicates	Tracking 14210 as yet unmatched pairs. 863 records in RAM.
INFO	2023-04-20 13:33:46	MarkDuplicates	Read    15,000,000 records.  Elapsed time: 00:00:36s.  Time for last 1,000,000:    2s.  Last read position: chr8:138,863,588
INFO	2023-04-20 13:33:46	MarkDuplicates	Tracking 14078 as yet unmatched pairs. 62 records in RAM.
INFO	2023-04-20 13:33:54	MarkDuplicates	Read    16,000,000 records.  Elapsed time: 00:00:44s.  Time for last 1,000,000:    8s.  Last read position: chr9:112,614,736
INFO	2023-04-20 13:33:54	MarkDuplicates	Tracking 14022 as yet unmatched pairs. 313 records in RAM.
INFO	2023-04-20 13:33:56	MarkDuplicates	Read    17,000,000 records.  Elapsed time: 00:00:47s.  Time for last 1,000,000:    2s.  Last read position: chr10:55,754,093
INFO	2023-04-20 13:33:56	MarkDuplicates	Tracking 13790 as yet unmatched pairs. 738 records in RAM.
INFO	2023-04-20 13:33:58	MarkDuplicates	Read    18,000,000 records.  Elapsed time: 00:00:49s.  Time for last 1,000,000:    2s.  Last read position: chr11:7,577,672
INFO	2023-04-20 13:33:58	MarkDuplicates	Tracking 13746 as yet unmatched pairs. 1112 records in RAM.
INFO	2023-04-20 13:34:00	MarkDuplicates	Read    19,000,000 records.  Elapsed time: 00:00:51s.  Time for last 1,000,000:    2s.  Last read position: chr11:102,062,232
INFO	2023-04-20 13:34:00	MarkDuplicates	Tracking 13420 as yet unmatched pairs. 230 records in RAM.
INFO	2023-04-20 13:34:03	MarkDuplicates	Read    20,000,000 records.  Elapsed time: 00:00:53s.  Time for last 1,000,000:    2s.  Last read position: chr12:62,260,094
INFO	2023-04-20 13:34:03	MarkDuplicates	Tracking 13032 as yet unmatched pairs. 668 records in RAM.
INFO	2023-04-20 13:34:05	MarkDuplicates	Read    21,000,000 records.  Elapsed time: 00:00:55s.  Time for last 1,000,000:    2s.  Last read position: chr13:43,394,915
INFO	2023-04-20 13:34:05	MarkDuplicates	Tracking 12752 as yet unmatched pairs. 535 records in RAM.
INFO	2023-04-20 13:34:07	MarkDuplicates	Read    22,000,000 records.  Elapsed time: 00:00:57s.  Time for last 1,000,000:    2s.  Last read position: chr14:69,048,516
INFO	2023-04-20 13:34:07	MarkDuplicates	Tracking 12392 as yet unmatched pairs. 413 records in RAM.
INFO	2023-04-20 13:34:09	MarkDuplicates	Read    23,000,000 records.  Elapsed time: 00:00:59s.  Time for last 1,000,000:    2s.  Last read position: chr15:66,497,265
INFO	2023-04-20 13:34:09	MarkDuplicates	Tracking 11864 as yet unmatched pairs. 438 records in RAM.
INFO	2023-04-20 13:34:14	MarkDuplicates	Read    24,000,000 records.  Elapsed time: 00:01:04s.  Time for last 1,000,000:    4s.  Last read position: chr16:31,128,144
INFO	2023-04-20 13:34:14	MarkDuplicates	Tracking 11276 as yet unmatched pairs. 778 records in RAM.
INFO	2023-04-20 13:34:16	MarkDuplicates	Read    25,000,000 records.  Elapsed time: 00:01:06s.  Time for last 1,000,000:    2s.  Last read position: chr17:19,064,337
INFO	2023-04-20 13:34:16	MarkDuplicates	Tracking 10892 as yet unmatched pairs. 1281 records in RAM.
INFO	2023-04-20 13:34:18	MarkDuplicates	Read    26,000,000 records.  Elapsed time: 00:01:08s.  Time for last 1,000,000:    2s.  Last read position: chr17:81,094,671
INFO	2023-04-20 13:34:18	MarkDuplicates	Tracking 10314 as yet unmatched pairs. 93 records in RAM.
INFO	2023-04-20 13:34:20	MarkDuplicates	Read    27,000,000 records.  Elapsed time: 00:01:11s.  Time for last 1,000,000:    2s.  Last read position: chr19:8,526,229
INFO	2023-04-20 13:34:20	MarkDuplicates	Tracking 9572 as yet unmatched pairs. 1235 records in RAM.
INFO	2023-04-20 13:34:23	MarkDuplicates	Read    28,000,000 records.  Elapsed time: 00:01:13s.  Time for last 1,000,000:    2s.  Last read position: chr19:54,672,560
INFO	2023-04-20 13:34:23	MarkDuplicates	Tracking 8601 as yet unmatched pairs. 139 records in RAM.
INFO	2023-04-20 13:34:25	MarkDuplicates	Read    29,000,000 records.  Elapsed time: 00:01:15s.  Time for last 1,000,000:    2s.  Last read position: chr21:8,224,523
INFO	2023-04-20 13:34:25	MarkDuplicates	Tracking 9654 as yet unmatched pairs. 1089 records in RAM.
INFO	2023-04-20 13:34:27	MarkDuplicates	Read    30,000,000 records.  Elapsed time: 00:01:18s.  Time for last 1,000,000:    2s.  Last read position: chr22:44,766,506
INFO	2023-04-20 13:34:27	MarkDuplicates	Tracking 9088 as yet unmatched pairs. 190 records in RAM.
INFO	2023-04-20 13:34:29	MarkDuplicates	Read    31,000,000 records.  Elapsed time: 00:01:20s.  Time for last 1,000,000:    2s.  Last read position: chrX:123,406,396
INFO	2023-04-20 13:34:29	MarkDuplicates	Tracking 8034 as yet unmatched pairs. 401 records in RAM.
INFO	2023-04-20 13:34:37	MarkDuplicates	Read    32,000,000 records.  Elapsed time: 00:01:28s.  Time for last 1,000,000:    7s.  Last read position: chrM:12,547
INFO	2023-04-20 13:34:37	MarkDuplicates	Tracking 7126 as yet unmatched pairs. 2016 records in RAM.
INFO	2023-04-20 13:34:39	MarkDuplicates	Read 32538426 records. 0 pairs never matched.
INFO	2023-04-20 13:34:40	MarkDuplicates	After buildSortedReadEndLists freeMemory: 31436304; totalMemory: 38797312; maxMemory: 2147483648
INFO	2023-04-20 13:34:40	MarkDuplicates	Will retain up to 67108864 duplicate indices before spilling to disk.
INFO	2023-04-20 13:34:40	MarkDuplicates	Traversing read pair information and detecting duplicates.
INFO	2023-04-20 13:34:46	MarkDuplicates	Traversing fragment information and detecting duplicates.
INFO	2023-04-20 13:34:53	MarkDuplicates	Sorting list of duplicate records.
INFO	2023-04-20 13:34:54	MarkDuplicates	After generateDuplicateIndexes freeMemory: 367079960; totalMemory: 912261120; maxMemory: 2147483648
INFO	2023-04-20 13:34:54	MarkDuplicates	Marking 4400207 records as duplicates.
INFO	2023-04-20 13:34:54	MarkDuplicates	Found 156825 optical duplicate clusters.
INFO	2023-04-20 13:34:54	MarkDuplicates	Reads are assumed to be ordered by: coordinate
INFO	2023-04-20 13:36:22	MarkDuplicates	Written    10,000,000 records.  Elapsed time: 00:01:28s.  Time for last 10,000,000:   88s.  Last read position: chr6:73,531,111
INFO	2023-04-20 13:37:50	MarkDuplicates	Written    20,000,000 records.  Elapsed time: 00:02:56s.  Time for last 10,000,000:   87s.  Last read position: chr15:52,784,587
INFO	2023-04-20 13:39:04	MarkDuplicates	Writing complete. Closing input iterator.
INFO	2023-04-20 13:39:04	MarkDuplicates	Duplicate Index cleanup.
INFO	2023-04-20 13:39:04	MarkDuplicates	Getting Memory Stats.
INFO	2023-04-20 13:39:04	MarkDuplicates	Before output close freeMemory: 24062240; totalMemory: 31457280; maxMemory: 2147483648
INFO	2023-04-20 13:39:04	MarkDuplicates	Closed outputs. Getting more Memory Stats.
INFO	2023-04-20 13:39:04	MarkDuplicates	After output close freeMemory: 17854456; totalMemory: 25165824; maxMemory: 2147483648
[Thu Apr 20 13:39:04 CEST 2023] picard.sam.markduplicates.MarkDuplicates done. Elapsed time: 5.91 minutes.
Runtime.totalMemory()=25165824
finish mark and remove dup for ATAC_04L1 at Thu Apr 20 13:39:04 CEST 2023
start sorting with samtools for ATAC_04L1 at Thu Apr 20 13:39:04 CEST 2023
start indexing for ATAC_04L1 at Thu Apr 20 13:40:46 CEST 2023
finish indexing for ATAC_04L1 at Thu Apr 20 13:40:49 CEST 2023

  /// MultiQC 🔍 | v1.14

|           multiqc | Search path : /hpc/pmc_drost/PROJECTS/swang/CUT_RUN/nhung_test_jaiyou_sample/rm_dup
|         searching | ━━━━━━━━━━━━━━━━━━━━━━━━━━━━━━━━━━━━━━━━ 100% 15/15  
|            picard | Found 1 MarkDuplicates reports
|           multiqc | Compressing plot data
|           multiqc | Previous MultiQC output found! Adjusting filenames..
|           multiqc | Use -f or --force to overwrite existing reports instead
|           multiqc | Report      : ../../../../../../hpc/pmc_drost/PROJECTS/swang/CUT_RUN/nhung_test_jaiyou_sample/rm_dup/rm_dup_report_1.html
|           multiqc | Data        : ../../../../../../hpc/pmc_drost/PROJECTS/swang/CUT_RUN/nhung_test_jaiyou_sample/rm_dup/rm_dup_report_data_1
|           multiqc | MultiQC complete
all done filtering
-------------------step 5. running transform bam to bigwig---------------
-----------running 1 out of 1 samples---------------------- 
normalization: CPM
bamFilesList: ['/hpc/pmc_drost/PROJECTS/swang/CUT_RUN/nhung_test_jaiyou_sample/rm_dup/ATAC_04L1/ATAC_04L1_rmdup_filt.bam']
binLength: 50
numberOfSamples: None
blackListFileName: None
skipZeroOverZero: False
bed_and_bin: False
genomeChunkSize: None
defaultFragmentLength: read length
numberOfProcessors: 1
verbose: False
region: None
bedFile: None
minMappingQuality: None
ignoreDuplicates: False
chrsToSkip: ['chrX']
stepSize: 50
center_read: False
samFlag_include: None
samFlag_exclude: None
minFragmentLength: 0
maxFragmentLength: 0
zerosToNans: False
smoothLength: None
save_data: False
out_file_for_raw_data: None
maxPairedFragmentLength: 1000
all done bam2bigwig
finish cut and run analysis at Thu Apr 20 13:45:09 CEST 2023
