start running cut and run analysis at Thu Apr 20 12:28:58 CEST 2023
------------------step1. running quality check----------------------
-----------running 1 out of 1 samples---------------------- 
2
---------start fastqc for Myc06_luciferase at Thu Apr 20 12:28:58 CEST 2023---------
application/gzip
Started analysis of Myc06_luciferase_R2.fastq.gz
Approx 5% complete for Myc06_luciferase_R2.fastq.gz
Approx 10% complete for Myc06_luciferase_R2.fastq.gz
Approx 15% complete for Myc06_luciferase_R2.fastq.gz
Approx 20% complete for Myc06_luciferase_R2.fastq.gz
Approx 25% complete for Myc06_luciferase_R2.fastq.gz
Approx 30% complete for Myc06_luciferase_R2.fastq.gz
Approx 35% complete for Myc06_luciferase_R2.fastq.gz
Approx 40% complete for Myc06_luciferase_R2.fastq.gz
Approx 45% complete for Myc06_luciferase_R2.fastq.gz
Approx 50% complete for Myc06_luciferase_R2.fastq.gz
Approx 55% complete for Myc06_luciferase_R2.fastq.gz
Approx 60% complete for Myc06_luciferase_R2.fastq.gz
Approx 65% complete for Myc06_luciferase_R2.fastq.gz
Approx 70% complete for Myc06_luciferase_R2.fastq.gz
Approx 75% complete for Myc06_luciferase_R2.fastq.gz
Approx 80% complete for Myc06_luciferase_R2.fastq.gz
Approx 85% complete for Myc06_luciferase_R2.fastq.gz
Approx 90% complete for Myc06_luciferase_R2.fastq.gz
Approx 95% complete for Myc06_luciferase_R2.fastq.gz
Analysis complete for Myc06_luciferase_R2.fastq.gz
application/gzip
Started analysis of Myc06_luciferase_R1.fastq.gz
Approx 5% complete for Myc06_luciferase_R1.fastq.gz
Approx 10% complete for Myc06_luciferase_R1.fastq.gz
Approx 15% complete for Myc06_luciferase_R1.fastq.gz
Approx 20% complete for Myc06_luciferase_R1.fastq.gz
Approx 25% complete for Myc06_luciferase_R1.fastq.gz
Approx 30% complete for Myc06_luciferase_R1.fastq.gz
Approx 35% complete for Myc06_luciferase_R1.fastq.gz
Approx 40% complete for Myc06_luciferase_R1.fastq.gz
Approx 45% complete for Myc06_luciferase_R1.fastq.gz
Approx 50% complete for Myc06_luciferase_R1.fastq.gz
Approx 55% complete for Myc06_luciferase_R1.fastq.gz
Approx 60% complete for Myc06_luciferase_R1.fastq.gz
Approx 65% complete for Myc06_luciferase_R1.fastq.gz
Approx 70% complete for Myc06_luciferase_R1.fastq.gz
Approx 75% complete for Myc06_luciferase_R1.fastq.gz
Approx 80% complete for Myc06_luciferase_R1.fastq.gz
Approx 85% complete for Myc06_luciferase_R1.fastq.gz
Approx 90% complete for Myc06_luciferase_R1.fastq.gz
Approx 95% complete for Myc06_luciferase_R1.fastq.gz
Analysis complete for Myc06_luciferase_R1.fastq.gz
----------finish fastqc for Myc06_luciferase at Thu Apr 20 12:35:51 CEST 2023---------

  /// MultiQC 🔍 | v1.14

|           multiqc | Search path : /hpc/pmc_drost/PROJECTS/swang/CUT_RUN/nhung_test_jaiyou_previous_sample/qualityCheck
|         searching | ━━━━━━━━━━━━━━━━━━━━━━━━━━━━━━━━━━━━━━━━ 100% 4/4  
|            fastqc | Found 2 reports
|           multiqc | Compressing plot data
|           multiqc | Report      : ../../../../../../hpc/pmc_drost/PROJECTS/swang/CUT_RUN/nhung_test_jaiyou_previous_sample/qualityCheck/quality_check_report.html
|           multiqc | Data        : ../../../../../../hpc/pmc_drost/PROJECTS/swang/CUT_RUN/nhung_test_jaiyou_previous_sample/qualityCheck/quality_check_report_data
|           multiqc | MultiQC complete
all done quality check
-------------------step 2. running trimming--------------------------
-----------running 1 out of 1 samples---------------------- 
2
start trim_galore for Myc06_luciferase at Thu Apr 20 12:36:25 CEST 2023
Multicore support not enabled. Proceeding with single-core trimming.
Path to Cutadapt set as: 'cutadapt' (default)
Cutadapt seems to be working fine (tested command 'cutadapt --version')
Cutadapt version: 4.2
single-core operation.
igzip command line interface 2.30.0
igzip detected. Using igzip for decompressing

No quality encoding type selected. Assuming that the data provided uses Sanger encoded Phred scores (default)

Output will be written into the directory: /hpc/pmc_drost/PROJECTS/swang/CUT_RUN/nhung_test_jaiyou_previous_sample/trimmed/Myc06_luciferase/


AUTO-DETECTING ADAPTER TYPE
===========================
Attempting to auto-detect adapter type from the first 1 million sequences of the first file (>> /hpc/pmc_drost/PROJECTS/SMARCB1_reexpression_JH/ATAC/previous_samples/Myc06_luciferase/Myc06_luciferase_R2.fastq.gz <<)

Found perfect matches for the following adapter sequences:
Adapter type	Count	Sequence	Sequences analysed	Percentage
Nextera	156009	CTGTCTCTTATA	1000000	15.60
Illumina	0	AGATCGGAAGAGC	1000000	0.00
smallRNA	0	TGGAATTCTCGG	1000000	0.00
Using Nextera adapter for trimming (count: 156009). Second best hit was Illumina (count: 0)

Writing report to '/hpc/pmc_drost/PROJECTS/swang/CUT_RUN/nhung_test_jaiyou_previous_sample/trimmed/Myc06_luciferase/Myc06_luciferase_R2.fastq.gz_trimming_report.txt'

SUMMARISING RUN PARAMETERS
==========================
Input filename: /hpc/pmc_drost/PROJECTS/SMARCB1_reexpression_JH/ATAC/previous_samples/Myc06_luciferase/Myc06_luciferase_R2.fastq.gz
Trimming mode: paired-end
Trim Galore version: 0.6.10
Cutadapt version: 4.2
Number of cores used for trimming: 1
Quality Phred score cutoff: 20
Quality encoding type selected: ASCII+33
Adapter sequence: 'CTGTCTCTTATA' (Nextera Transposase sequence; auto-detected)
Maximum trimming error rate: 0.1 (default)
Minimum required adapter overlap (stringency): 1 bp
Minimum required sequence length for both reads before a sequence pair gets removed: 20 bp
Running FastQC on the data once trimming has completed
Output file(s) will be GZIP compressed

Cutadapt seems to be fairly up-to-date (version 4.2). Setting -j 1
Writing final adapter and quality trimmed output to Myc06_luciferase_R2_trimmed.fq.gz


  >>> Now performing quality (cutoff '-q 20') and adapter trimming in a single pass for the adapter sequence: 'CTGTCTCTTATA' from file /hpc/pmc_drost/PROJECTS/SMARCB1_reexpression_JH/ATAC/previous_samples/Myc06_luciferase/Myc06_luciferase_R2.fastq.gz <<< 
10000000 sequences processed
20000000 sequences processed
30000000 sequences processed
40000000 sequences processed
This is cutadapt 4.2 with Python 3.9.15
Command line parameters: -j 1 -e 0.1 -q 20 -O 1 -a CTGTCTCTTATA /hpc/pmc_drost/PROJECTS/SMARCB1_reexpression_JH/ATAC/previous_samples/Myc06_luciferase/Myc06_luciferase_R2.fastq.gz
Processing single-end reads on 1 core ...
Finished in 827.795 s (18.580 µs/read; 3.23 M reads/minute).

=== Summary ===

Total reads processed:              44,553,873
Reads with adapters:                21,275,297 (47.8%)
Reads written (passing filters):    44,553,873 (100.0%)

Total basepairs processed: 2,896,001,745 bp
Quality-trimmed:               5,161,385 bp (0.2%)
Total written (filtered):  2,706,477,426 bp (93.5%)

=== Adapter 1 ===

Sequence: CTGTCTCTTATA; Type: regular 3'; Length: 12; Trimmed: 21275297 times

Minimum overlap: 1
No. of allowed errors:
1-9 bp: 0; 10-12 bp: 1

Bases preceding removed adapters:
  A: 17.3%
  C: 35.9%
  G: 24.4%
  T: 22.3%
  none/other: 0.0%

Overview of removed sequences
length	count	expect	max.err	error counts
1	8100025	11138468.2	0	8100025
2	2701674	2784617.1	0	2701674
3	937705	696154.3	0	937705
4	466024	174038.6	0	466024
5	273716	43509.6	0	273716
6	249293	10877.4	0	249293
7	235070	2719.4	0	235070
8	260016	679.8	0	260016
9	303799	170.0	0	301643 2156
10	299493	42.5	1	292837 6656
11	327074	10.6	1	320097 6977
12	393956	2.7	1	387613 6343
13	519695	2.7	1	512178 7517
14	469118	2.7	1	462953 6165
15	361310	2.7	1	356922 4388
16	268629	2.7	1	265405 3224
17	288795	2.7	1	285450 3345
18	275146	2.7	1	272304 2842
19	336326	2.7	1	332521 3805
20	350528	2.7	1	346839 3689
21	377039	2.7	1	372763 4276
22	387008	2.7	1	382793 4215
23	523223	2.7	1	518855 4368
24	505948	2.7	1	501729 4219
25	395039	2.7	1	391546 3493
26	296430	2.7	1	293654 2776
27	269861	2.7	1	267142 2719
28	280353	2.7	1	278052 2301
29	277916	2.7	1	275489 2427
30	199962	2.7	1	198246 1716
31	110002	2.7	1	109006 996
32	73778	2.7	1	72020 1758
33	34779	2.7	1	34227 552
34	20821	2.7	1	20129 692
35	13016	2.7	1	12675 341
36	12024	2.7	1	11701 323
37	12290	2.7	1	11155 1135
38	18059	2.7	1	17527 532
39	26748	2.7	1	21208 5540
40	4255	2.7	1	2698 1557
41	907	2.7	1	644 263
42	2048	2.7	1	398 1650
43	438	2.7	1	182 256
44	1857	2.7	1	391 1466
45	604	2.7	1	153 451
46	477	2.7	1	267 210
47	1276	2.7	1	102 1174
48	342	2.7	1	92 250
49	3009	2.7	1	39 2970
50	454	2.7	1	18 436
51	400	2.7	1	18 382
52	1343	2.7	1	8 1335
53	230	2.7	1	3 227
54	191	2.7	1	4 187
55	389	2.7	1	9 380
56	353	2.7	1	13 340
57	1653	2.7	1	13 1640
58	157	2.7	1	2 155
59	167	2.7	1	3 164
60	130	2.7	1	0 130
61	283	2.7	1	1 282
62	1457	2.7	1	5 1452
63	307	2.7	1	3 304
64	791	2.7	1	2 789
65	91	2.7	1	19 72

RUN STATISTICS FOR INPUT FILE: /hpc/pmc_drost/PROJECTS/SMARCB1_reexpression_JH/ATAC/previous_samples/Myc06_luciferase/Myc06_luciferase_R2.fastq.gz
=============================================
44553873 sequences processed in total
The length threshold of paired-end sequences gets evaluated later on (in the validation step)

Writing report to '/hpc/pmc_drost/PROJECTS/swang/CUT_RUN/nhung_test_jaiyou_previous_sample/trimmed/Myc06_luciferase/Myc06_luciferase_R1.fastq.gz_trimming_report.txt'

SUMMARISING RUN PARAMETERS
==========================
Input filename: /hpc/pmc_drost/PROJECTS/SMARCB1_reexpression_JH/ATAC/previous_samples/Myc06_luciferase/Myc06_luciferase_R1.fastq.gz
Trimming mode: paired-end
Trim Galore version: 0.6.10
Cutadapt version: 4.2
Number of cores used for trimming: 1
Quality Phred score cutoff: 20
Quality encoding type selected: ASCII+33
Adapter sequence: 'CTGTCTCTTATA' (Nextera Transposase sequence; auto-detected)
Maximum trimming error rate: 0.1 (default)
Minimum required adapter overlap (stringency): 1 bp
Minimum required sequence length for both reads before a sequence pair gets removed: 20 bp
Running FastQC on the data once trimming has completed
Output file(s) will be GZIP compressed

Cutadapt seems to be fairly up-to-date (version 4.2). Setting -j -j 1
Writing final adapter and quality trimmed output to Myc06_luciferase_R1_trimmed.fq.gz


  >>> Now performing quality (cutoff '-q 20') and adapter trimming in a single pass for the adapter sequence: 'CTGTCTCTTATA' from file /hpc/pmc_drost/PROJECTS/SMARCB1_reexpression_JH/ATAC/previous_samples/Myc06_luciferase/Myc06_luciferase_R1.fastq.gz <<< 
10000000 sequences processed
20000000 sequences processed
30000000 sequences processed
40000000 sequences processed
This is cutadapt 4.2 with Python 3.9.15
Command line parameters: -j 1 -e 0.1 -q 20 -O 1 -a CTGTCTCTTATA /hpc/pmc_drost/PROJECTS/SMARCB1_reexpression_JH/ATAC/previous_samples/Myc06_luciferase/Myc06_luciferase_R1.fastq.gz
Processing single-end reads on 1 core ...
Finished in 922.014 s (18.592 µs/read; 3.23 M reads/minute).

=== Summary ===

Total reads processed:              49,591,691
Reads with adapters:                23,037,637 (46.5%)
Reads written (passing filters):    49,591,691 (100.0%)

Total basepairs processed: 3,223,459,915 bp
Quality-trimmed:               5,489,742 bp (0.2%)
Total written (filtered):  3,026,651,942 bp (93.9%)

=== Adapter 1 ===

Sequence: CTGTCTCTTATA; Type: regular 3'; Length: 12; Trimmed: 23037637 times

Minimum overlap: 1
No. of allowed errors:
1-9 bp: 0; 10-12 bp: 1

Bases preceding removed adapters:
  A: 17.6%
  C: 35.5%
  G: 24.3%
  T: 22.5%
  none/other: 0.0%

Overview of removed sequences
length	count	expect	max.err	error counts
1	9154040	12397922.8	0	9154040
2	3027440	3099480.7	0	3027440
3	1017106	774870.2	0	1017106
4	501008	193717.5	0	501008
5	289623	48429.4	0	289623
6	265614	12107.3	0	265614
7	247437	3026.8	0	247437
8	273623	756.7	0	273623
9	317919	189.2	0	315471 2448
10	316042	47.3	1	308916 7126
11	343735	11.8	1	336731 7004
12	402120	3.0	1	395661 6459
13	519345	3.0	1	512063 7282
14	473328	3.0	1	466992 6336
15	367318	3.0	1	362959 4359
16	274669	3.0	1	271483 3186
17	292211	3.0	1	289052 3159
18	282897	3.0	1	280106 2791
19	346570	3.0	1	342945 3625
20	366387	3.0	1	362744 3643
21	386359	3.0	1	382277 4082
22	405896	3.0	1	401601 4295
23	533265	3.0	1	528980 4285
24	510337	3.0	1	506315 4022
25	392653	3.0	1	389216 3437
26	294337	3.0	1	291583 2754
27	265402	3.0	1	262680 2722
28	281776	3.0	1	279431 2345
29	284493	3.0	1	282199 2294
30	207697	3.0	1	205925 1772
31	123109	3.0	1	122027 1082
32	81965	3.0	1	80021 1944
33	41956	3.0	1	41249 707
34	25692	3.0	1	24905 787
35	15659	3.0	1	15242 417
36	14402	3.0	1	14049 353
37	14439	3.0	1	13107 1332
38	20346	3.0	1	19783 563
39	32551	3.0	1	26580 5971
40	5098	3.0	1	3391 1707
41	940	3.0	1	668 272
42	2214	3.0	1	392 1822
43	515	3.0	1	251 264
44	2130	3.0	1	390 1740
45	639	3.0	1	154 485
46	532	3.0	1	315 217
47	1401	3.0	1	94 1307
48	404	3.0	1	109 295
49	3528	3.0	1	34 3494
50	529	3.0	1	25 504
51	480	3.0	1	16 464
52	1453	3.0	1	10 1443
53	233	3.0	1	7 226
54	263	3.0	1	9 254
55	465	3.0	1	7 458
56	382	3.0	1	16 366
57	1868	3.0	1	16 1852
58	226	3.0	1	4 222
59	195	3.0	1	3 192
60	111	3.0	1	5 106
61	256	3.0	1	2 254
62	1680	3.0	1	2 1678
63	355	3.0	1	8 347
64	868	3.0	1	3 865
65	106	3.0	1	22 84

RUN STATISTICS FOR INPUT FILE: /hpc/pmc_drost/PROJECTS/SMARCB1_reexpression_JH/ATAC/previous_samples/Myc06_luciferase/Myc06_luciferase_R1.fastq.gz
=============================================
49591691 sequences processed in total
The length threshold of paired-end sequences gets evaluated later on (in the validation step)

Validate paired-end files Myc06_luciferase_R2_trimmed.fq.gz and Myc06_luciferase_R1_trimmed.fq.gz
file_1: Myc06_luciferase_R2_trimmed.fq.gz, file_2: Myc06_luciferase_R1_trimmed.fq.gz


>>>>> Now validing the length of the 2 paired-end infiles: Myc06_luciferase_R2_trimmed.fq.gz and Myc06_luciferase_R1_trimmed.fq.gz <<<<<
Writing validated paired-end Read 1 reads to Myc06_luciferase_R2_val_1.fq.gz
Writing validated paired-end Read 2 reads to Myc06_luciferase_R1_val_2.fq.gz

Read 1 output is truncated at sequence count: 44553873, please check your paired-end input files! Terminating...

finish trim_galore for Myc06_luciferase at Thu Apr 20 13:19:57 CEST 2023

  /// MultiQC 🔍 | v1.14

|           multiqc | Search path : /hpc/pmc_drost/PROJECTS/swang/CUT_RUN/nhung_test_jaiyou_previous_sample/trimmed
|         searching | ━━━━━━━━━━━━━━━━━━━━━━━━━━━━━━━━━━━━━━━━ 100% 6/6  
|          cutadapt | Found 2 reports
|           multiqc | Compressing plot data
|           multiqc | Report      : ../../../../../../hpc/pmc_drost/PROJECTS/swang/CUT_RUN/nhung_test_jaiyou_previous_sample/trimmed/trim_report.html
|           multiqc | Data        : ../../../../../../hpc/pmc_drost/PROJECTS/swang/CUT_RUN/nhung_test_jaiyou_previous_sample/trimmed/trim_report_data
|           multiqc | MultiQC complete
all done trimming
-------------------step 3. running alignment-------------------------
-----------running 1 out of 1 samples---------------------- 
4
-----start alignment for Myc06_luciferase at Thu Apr 20 13:20:04 CEST 2023-------
-------finish alignment for Myc06_luciferase at Thu Apr 20 15:29:07 CEST 2023--------

  /// MultiQC 🔍 | v1.14

|           multiqc | Search path : /hpc/pmc_drost/PROJECTS/swang/CUT_RUN/nhung_test_jaiyou_previous_sample/alignment
|         searching | ━━━━━━━━━━━━━━━━━━━━━━━━━━━━━━━━━━━━━━━━ 100% 4/4  
|           multiqc | No analysis results found. Cleaning up..
|           multiqc | MultiQC complete
all done alignment
-------------------step 4. running filtering-------------------------
-----------running 1 out of 1 samples---------------------- 
Myc06_luciferase
1
start sorting and remove dup for Myc06_luciferase at Thu Apr 20 15:29:18 CEST 2023
15:29:28.032 INFO  NativeLibraryLoader - Loading libgkl_compression.so from jar:file:/hpc/pmc_drost/PROJECTS/swang/software/picard.jar!/com/intel/gkl/native/libgkl_compression.so
[Thu Apr 20 15:29:28 CEST 2023] SortSam --INPUT /hpc/pmc_drost/PROJECTS/swang/CUT_RUN/nhung_test_jaiyou_previous_sample/alignment/Myc06_luciferase/Myc06_luciferase.bam --OUTPUT /hpc/pmc_drost/PROJECTS/swang/CUT_RUN/nhung_test_jaiyou_previous_sample/rm_dup/Myc06_luciferase/Myc06_luciferase_sorted.bam --SORT_ORDER coordinate --TMP_DIR /hpc/pmc_drost/PROJECTS/swang/CUT_RUN/nhung_test/tmp --VALIDATION_STRINGENCY LENIENT --VERBOSITY INFO --QUIET false --COMPRESSION_LEVEL 5 --MAX_RECORDS_IN_RAM 500000 --CREATE_INDEX false --CREATE_MD5_FILE false --GA4GH_CLIENT_SECRETS client_secrets.json --help false --version false --showHidden false --USE_JDK_DEFLATER false --USE_JDK_INFLATER false
[Thu Apr 20 15:29:28 CEST 2023] Executing as npham@n0061.manage.hpc on Linux 4.18.0-425.19.2.el8_7.x86_64 amd64; OpenJDK 64-Bit Server VM 11.0.1+13-LTS; Deflater: Intel; Inflater: Intel; Provider GCS is not available; Picard version: Version:2.27.2
INFO	2023-04-20 15:29:28	SortSam	Seen many non-increasing record positions. Printing Read-names as well.
INFO	2023-04-20 15:30:08	SortSam	Read    10,000,000 records.  Elapsed time: 00:00:40s.  Time for last 10,000,000:   40s.  Last read position: chr13:113,063,192.  Last read name: D00645:464:CD2MKANXX:3:2309:11462:67111
INFO	2023-04-20 15:30:48	SortSam	Read    20,000,000 records.  Elapsed time: 00:01:19s.  Time for last 10,000,000:   39s.  Last read position: chrM:15,369.  Last read name: D00645:464:CD2MKANXX:3:2209:10808:70672
INFO	2023-04-20 15:31:27	SortSam	Read    30,000,000 records.  Elapsed time: 00:01:58s.  Time for last 10,000,000:   38s.  Last read position: chr7:71,829,810.  Last read name: D00645:464:CD2MKANXX:3:2307:16793:70478
INFO	2023-04-20 15:32:06	SortSam	Read    40,000,000 records.  Elapsed time: 00:02:37s.  Time for last 10,000,000:   38s.  Last read position: chr11:66,016,684.  Last read name: D00645:464:CD2MKANXX:3:2112:15199:64989
INFO	2023-04-20 15:32:46	SortSam	Read    50,000,000 records.  Elapsed time: 00:03:17s.  Time for last 10,000,000:   39s.  Last read position: chr19:51,184,382.  Last read name: D00645:464:CD2MKANXX:3:2114:8743:58642
INFO	2023-04-20 15:33:31	SortSam	Read    60,000,000 records.  Elapsed time: 00:04:02s.  Time for last 10,000,000:   44s.  Last read position: chr7:45,662,754.  Last read name: D00645:464:CD2MKANXX:3:1302:16165:24153
INFO	2023-04-20 15:34:26	SortSam	Read    70,000,000 records.  Elapsed time: 00:04:57s.  Time for last 10,000,000:   55s.  Last read position: chrM:1,698.  Last read name: D00645:464:CD2MKANXX:3:2108:2909:78092
INFO	2023-04-20 15:35:13	SortSam	Read    80,000,000 records.  Elapsed time: 00:05:45s.  Time for last 10,000,000:   47s.  Last read position: chr3:38,165,039.  Last read name: D00645:464:CD2MKANXX:3:1213:11822:18022
INFO	2023-04-20 15:36:00	SortSam	Finished reading inputs, merging and writing to output now.
INFO	2023-04-20 15:37:26	SortSam	Wrote    10,000,000 records from a sorting collection.  Elapsed time: 00:07:58s.  Time for last 10,000,000:   78s.  Last read position: chr2:148,881,778
INFO	2023-04-20 15:38:51	SortSam	Wrote    20,000,000 records from a sorting collection.  Elapsed time: 00:09:22s.  Time for last 10,000,000:   84s.  Last read position: chr5:133,614,355
INFO	2023-04-20 15:40:13	SortSam	Wrote    30,000,000 records from a sorting collection.  Elapsed time: 00:10:44s.  Time for last 10,000,000:   81s.  Last read position: chr9:69,254,869
INFO	2023-04-20 15:41:33	SortSam	Wrote    40,000,000 records from a sorting collection.  Elapsed time: 00:12:04s.  Time for last 10,000,000:   80s.  Last read position: chr13:99,710,647
INFO	2023-04-20 15:42:53	SortSam	Wrote    50,000,000 records from a sorting collection.  Elapsed time: 00:13:24s.  Time for last 10,000,000:   79s.  Last read position: chr20:27,593,186
INFO	2023-04-20 15:44:05	SortSam	Wrote    60,000,000 records from a sorting collection.  Elapsed time: 00:14:37s.  Time for last 10,000,000:   72s.  Last read position: chrM:2,770
INFO	2023-04-20 15:45:06	SortSam	Wrote    70,000,000 records from a sorting collection.  Elapsed time: 00:15:37s.  Time for last 10,000,000:   60s.  Last read position: chrM:8,149
INFO	2023-04-20 15:46:12	SortSam	Wrote    80,000,000 records from a sorting collection.  Elapsed time: 00:16:44s.  Time for last 10,000,000:   66s.  Last read position: chrM:13,094
[Thu Apr 20 15:47:39 CEST 2023] picard.sam.SortSam done. Elapsed time: 18.20 minutes.
Runtime.totalMemory()=1096810496
finsh sorting Myc06_luciferase at Thu Apr 20 15:47:39 CEST 2023
start mark dup and remove for Myc06_luciferase at Thu Apr 20 15:47:39 CEST 2023
15:47:40.558 INFO  NativeLibraryLoader - Loading libgkl_compression.so from jar:file:/hpc/pmc_drost/PROJECTS/swang/software/picard.jar!/com/intel/gkl/native/libgkl_compression.so
[Thu Apr 20 15:47:40 CEST 2023] MarkDuplicates --INPUT /hpc/pmc_drost/PROJECTS/swang/CUT_RUN/nhung_test_jaiyou_previous_sample/rm_dup/Myc06_luciferase/Myc06_luciferase_sorted.bam --OUTPUT /hpc/pmc_drost/PROJECTS/swang/CUT_RUN/nhung_test_jaiyou_previous_sample/rm_dup/Myc06_luciferase/Myc06_luciferase_mkrmdup.bam --METRICS_FILE /hpc/pmc_drost/PROJECTS/swang/CUT_RUN/nhung_test_jaiyou_previous_sample/rm_dup/Myc06_luciferase/Myc06_luciferase_marked_dup_metrics.txt --REMOVE_DUPLICATES true --TMP_DIR /hpc/pmc_drost/PROJECTS/swang/CUT_RUN/nhung_test/tmp --VALIDATION_STRINGENCY LENIENT --MAX_SEQUENCES_FOR_DISK_READ_ENDS_MAP 50000 --MAX_FILE_HANDLES_FOR_READ_ENDS_MAP 8000 --SORTING_COLLECTION_SIZE_RATIO 0.25 --TAG_DUPLICATE_SET_MEMBERS false --REMOVE_SEQUENCING_DUPLICATES false --TAGGING_POLICY DontTag --CLEAR_DT true --DUPLEX_UMI false --ADD_PG_TAG_TO_READS true --ASSUME_SORTED false --DUPLICATE_SCORING_STRATEGY SUM_OF_BASE_QUALITIES --PROGRAM_RECORD_ID MarkDuplicates --PROGRAM_GROUP_NAME MarkDuplicates --READ_NAME_REGEX <optimized capture of last three ':' separated fields as numeric values> --OPTICAL_DUPLICATE_PIXEL_DISTANCE 100 --MAX_OPTICAL_DUPLICATE_SET_SIZE 300000 --VERBOSITY INFO --QUIET false --COMPRESSION_LEVEL 5 --MAX_RECORDS_IN_RAM 500000 --CREATE_INDEX false --CREATE_MD5_FILE false --GA4GH_CLIENT_SECRETS client_secrets.json --help false --version false --showHidden false --USE_JDK_DEFLATER false --USE_JDK_INFLATER false
[Thu Apr 20 15:47:40 CEST 2023] Executing as npham@n0061.manage.hpc on Linux 4.18.0-425.19.2.el8_7.x86_64 amd64; OpenJDK 64-Bit Server VM 11.0.1+13-LTS; Deflater: Intel; Inflater: Intel; Provider GCS is not available; Picard version: Version:2.27.2
INFO	2023-04-20 15:47:40	MarkDuplicates	Start of doWork freeMemory: 25418424; totalMemory: 31457280; maxMemory: 2147483648
INFO	2023-04-20 15:47:40	MarkDuplicates	Reading input file and constructing read end information.
INFO	2023-04-20 15:47:40	MarkDuplicates	Will retain up to 7780737 data points before spilling to disk.
INFO	2023-04-20 15:47:57	MarkDuplicates	Read     1,000,000 records.  Elapsed time: 00:00:15s.  Time for last 1,000,000:   15s.  Last read position: chr1:630,887
INFO	2023-04-20 15:47:57	MarkDuplicates	Tracking 844723 as yet unmatched pairs. 72767 records in RAM.
INFO	2023-04-20 15:48:02	MarkDuplicates	Read     2,000,000 records.  Elapsed time: 00:00:21s.  Time for last 1,000,000:    5s.  Last read position: chr1:632,880
INFO	2023-04-20 15:48:02	MarkDuplicates	Tracking 1689227 as yet unmatched pairs. 145623 records in RAM.
INFO	2023-04-20 15:48:06	MarkDuplicates	Read     3,000,000 records.  Elapsed time: 00:00:24s.  Time for last 1,000,000:    3s.  Last read position: chr1:705,896
INFO	2023-04-20 15:48:06	MarkDuplicates	Tracking 2534228 as yet unmatched pairs. 218747 records in RAM.
INFO	2023-04-20 15:48:10	MarkDuplicates	Read     4,000,000 records.  Elapsed time: 00:00:28s.  Time for last 1,000,000:    3s.  Last read position: chr1:42,700,238
INFO	2023-04-20 15:48:11	MarkDuplicates	Tracking 3379452 as yet unmatched pairs. 291141 records in RAM.
INFO	2023-04-20 15:48:14	MarkDuplicates	Read     5,000,000 records.  Elapsed time: 00:00:32s.  Time for last 1,000,000:    4s.  Last read position: chr1:102,175,730
INFO	2023-04-20 15:48:14	MarkDuplicates	Tracking 4225728 as yet unmatched pairs. 363487 records in RAM.
INFO	2023-04-20 15:48:18	MarkDuplicates	Read     6,000,000 records.  Elapsed time: 00:00:36s.  Time for last 1,000,000:    3s.  Last read position: chr1:171,663,568
INFO	2023-04-20 15:48:18	MarkDuplicates	Tracking 5071676 as yet unmatched pairs. 435488 records in RAM.
INFO	2023-04-20 15:48:22	MarkDuplicates	Read     7,000,000 records.  Elapsed time: 00:00:40s.  Time for last 1,000,000:    3s.  Last read position: chr1:227,857,527
INFO	2023-04-20 15:48:22	MarkDuplicates	Tracking 5917112 as yet unmatched pairs. 507586 records in RAM.
INFO	2023-04-20 15:48:36	MarkDuplicates	Read     8,000,000 records.  Elapsed time: 00:00:55s.  Time for last 1,000,000:   14s.  Last read position: chr2:29,489,769
INFO	2023-04-20 15:48:36	MarkDuplicates	Tracking 6762774 as yet unmatched pairs. 321203 records in RAM.
INFO	2023-04-20 15:48:53	MarkDuplicates	Read     9,000,000 records.  Elapsed time: 00:01:11s.  Time for last 1,000,000:   16s.  Last read position: chr2:87,987,498
INFO	2023-04-20 15:48:53	MarkDuplicates	Tracking 7608722 as yet unmatched pairs. 362465 records in RAM.
INFO	2023-04-20 15:48:57	MarkDuplicates	Read    10,000,000 records.  Elapsed time: 00:01:15s.  Time for last 1,000,000:    4s.  Last read position: chr2:148,881,778
INFO	2023-04-20 15:48:57	MarkDuplicates	Tracking 8454699 as yet unmatched pairs. 403307 records in RAM.
INFO	2023-04-20 15:49:02	MarkDuplicates	Read    11,000,000 records.  Elapsed time: 00:01:20s.  Time for last 1,000,000:    4s.  Last read position: chr2:214,109,090
INFO	2023-04-20 15:49:02	MarkDuplicates	Tracking 9300938 as yet unmatched pairs. 444092 records in RAM.
INFO	2023-04-20 15:49:19	MarkDuplicates	Read    12,000,000 records.  Elapsed time: 00:01:38s.  Time for last 1,000,000:   17s.  Last read position: chr3:23,382,841
INFO	2023-04-20 15:49:19	MarkDuplicates	Tracking 10146972 as yet unmatched pairs. 388026 records in RAM.
INFO	2023-04-20 15:49:26	MarkDuplicates	Read    13,000,000 records.  Elapsed time: 00:01:45s.  Time for last 1,000,000:    6s.  Last read position: chr3:78,320,123
INFO	2023-04-20 15:49:26	MarkDuplicates	Tracking 10993200 as yet unmatched pairs. 421452 records in RAM.
INFO	2023-04-20 15:49:32	MarkDuplicates	Read    14,000,000 records.  Elapsed time: 00:01:50s.  Time for last 1,000,000:    5s.  Last read position: chr3:140,321,614
INFO	2023-04-20 15:49:32	MarkDuplicates	Tracking 11840426 as yet unmatched pairs. 454707 records in RAM.
INFO	2023-04-20 15:49:52	MarkDuplicates	Read    15,000,000 records.  Elapsed time: 00:02:11s.  Time for last 1,000,000:   20s.  Last read position: chr4:1,661,447
INFO	2023-04-20 15:49:52	MarkDuplicates	Tracking 12686124 as yet unmatched pairs. 414012 records in RAM.
INFO	2023-04-20 15:49:57	MarkDuplicates	Read    16,000,000 records.  Elapsed time: 00:02:15s.  Time for last 1,000,000:    4s.  Last read position: chr4:65,340,161
INFO	2023-04-20 15:49:57	MarkDuplicates	Tracking 13533886 as yet unmatched pairs. 442610 records in RAM.
INFO	2023-04-20 15:50:11	MarkDuplicates	Read    17,000,000 records.  Elapsed time: 00:02:29s.  Time for last 1,000,000:   13s.  Last read position: chr4:136,448,674
INFO	2023-04-20 15:50:11	MarkDuplicates	Tracking 14380510 as yet unmatched pairs. 471681 records in RAM.
INFO	2023-04-20 15:50:32	MarkDuplicates	Read    18,000,000 records.  Elapsed time: 00:02:50s.  Time for last 1,000,000:   21s.  Last read position: chr5:8,918,274
INFO	2023-04-20 15:50:32	MarkDuplicates	Tracking 15227646 as yet unmatched pairs. 577693 records in RAM.
INFO	2023-04-20 15:50:36	MarkDuplicates	Read    19,000,000 records.  Elapsed time: 00:02:54s.  Time for last 1,000,000:    4s.  Last read position: chr5:77,454,089
INFO	2023-04-20 15:50:36	MarkDuplicates	Tracking 16074776 as yet unmatched pairs. 610858 records in RAM.
INFO	2023-04-20 15:50:39	MarkDuplicates	Read    20,000,000 records.  Elapsed time: 00:02:58s.  Time for last 1,000,000:    3s.  Last read position: chr5:133,614,355
INFO	2023-04-20 15:50:39	MarkDuplicates	Tracking 16921522 as yet unmatched pairs. 644046 records in RAM.
INFO	2023-04-20 15:50:43	MarkDuplicates	Read    21,000,000 records.  Elapsed time: 00:03:01s.  Time for last 1,000,000:    3s.  Last read position: chr5:173,930,906
INFO	2023-04-20 15:50:43	MarkDuplicates	Tracking 17768632 as yet unmatched pairs. 678295 records in RAM.
INFO	2023-04-20 15:51:04	MarkDuplicates	Read    22,000,000 records.  Elapsed time: 00:03:23s.  Time for last 1,000,000:   21s.  Last read position: chr6:41,987,425
INFO	2023-04-20 15:51:04	MarkDuplicates	Tracking 18614414 as yet unmatched pairs. 603599 records in RAM.
INFO	2023-04-20 15:51:08	MarkDuplicates	Read    23,000,000 records.  Elapsed time: 00:03:27s.  Time for last 1,000,000:    4s.  Last read position: chr6:109,924,721
INFO	2023-04-20 15:51:08	MarkDuplicates	Tracking 19460814 as yet unmatched pairs. 631977 records in RAM.
INFO	2023-04-20 15:51:13	MarkDuplicates	Read    24,000,000 records.  Elapsed time: 00:03:31s.  Time for last 1,000,000:    4s.  Last read position: chr6:169,234,604
INFO	2023-04-20 15:51:13	MarkDuplicates	Tracking 20306915 as yet unmatched pairs. 660236 records in RAM.
INFO	2023-04-20 15:51:37	MarkDuplicates	Read    25,000,000 records.  Elapsed time: 00:03:55s.  Time for last 1,000,000:   24s.  Last read position: chr7:55,448,437
INFO	2023-04-20 15:51:37	MarkDuplicates	Tracking 21152806 as yet unmatched pairs. 662410 records in RAM.
INFO	2023-04-20 15:51:50	MarkDuplicates	Read    26,000,000 records.  Elapsed time: 00:04:08s.  Time for last 1,000,000:   12s.  Last read position: chr7:116,685,570
INFO	2023-04-20 15:51:50	MarkDuplicates	Tracking 21999146 as yet unmatched pairs. 690554 records in RAM.
INFO	2023-04-20 15:52:12	MarkDuplicates	Read    27,000,000 records.  Elapsed time: 00:04:30s.  Time for last 1,000,000:   21s.  Last read position: chr8:11,866,459
INFO	2023-04-20 15:52:12	MarkDuplicates	Tracking 22844286 as yet unmatched pairs. 617255 records in RAM.
INFO	2023-04-20 15:52:18	MarkDuplicates	Read    28,000,000 records.  Elapsed time: 00:04:36s.  Time for last 1,000,000:    5s.  Last read position: chr8:73,366,469
INFO	2023-04-20 15:52:18	MarkDuplicates	Tracking 23691780 as yet unmatched pairs. 641150 records in RAM.
INFO	2023-04-20 15:52:22	MarkDuplicates	Read    29,000,000 records.  Elapsed time: 00:04:40s.  Time for last 1,000,000:    4s.  Last read position: chr8:139,141,957
INFO	2023-04-20 15:52:22	MarkDuplicates	Tracking 24537955 as yet unmatched pairs. 664910 records in RAM.
INFO	2023-04-20 15:52:47	MarkDuplicates	Read    30,000,000 records.  Elapsed time: 00:05:06s.  Time for last 1,000,000:   25s.  Last read position: chr9:69,254,869
INFO	2023-04-20 15:52:47	MarkDuplicates	Tracking 25384090 as yet unmatched pairs. 622443 records in RAM.
INFO	2023-04-20 15:52:52	MarkDuplicates	Read    31,000,000 records.  Elapsed time: 00:05:10s.  Time for last 1,000,000:    4s.  Last read position: chr9:126,233,836
INFO	2023-04-20 15:52:52	MarkDuplicates	Tracking 26229843 as yet unmatched pairs. 644410 records in RAM.
INFO	2023-04-20 15:53:19	MarkDuplicates	Read    32,000,000 records.  Elapsed time: 00:05:37s.  Time for last 1,000,000:   27s.  Last read position: chr10:40,289,179
INFO	2023-04-20 15:53:19	MarkDuplicates	Tracking 27075704 as yet unmatched pairs. 726422 records in RAM.
INFO	2023-04-20 15:53:23	MarkDuplicates	Read    33,000,000 records.  Elapsed time: 00:05:42s.  Time for last 1,000,000:    4s.  Last read position: chr10:98,108,505
INFO	2023-04-20 15:53:23	MarkDuplicates	Tracking 27922192 as yet unmatched pairs. 749988 records in RAM.
INFO	2023-04-20 15:54:04	MarkDuplicates	Read    34,000,000 records.  Elapsed time: 00:06:23s.  Time for last 1,000,000:   40s.  Last read position: chr11:10,509,222
INFO	2023-04-20 15:54:04	MarkDuplicates	Tracking 28767994 as yet unmatched pairs. 904018 records in RAM.
INFO	2023-04-20 15:54:09	MarkDuplicates	Read    35,000,000 records.  Elapsed time: 00:06:27s.  Time for last 1,000,000:    4s.  Last read position: chr11:59,615,947
INFO	2023-04-20 15:54:09	MarkDuplicates	Tracking 29613779 as yet unmatched pairs. 931639 records in RAM.
INFO	2023-04-20 15:54:17	MarkDuplicates	Read    36,000,000 records.  Elapsed time: 00:06:35s.  Time for last 1,000,000:    7s.  Last read position: chr11:112,260,696
INFO	2023-04-20 15:54:17	MarkDuplicates	Tracking 30459036 as yet unmatched pairs. 959441 records in RAM.
INFO	2023-04-20 15:54:51	MarkDuplicates	Read    37,000,000 records.  Elapsed time: 00:07:09s.  Time for last 1,000,000:   34s.  Last read position: chr12:31,567,325
INFO	2023-04-20 15:54:51	MarkDuplicates	Tracking 31303942 as yet unmatched pairs. 836359 records in RAM.
INFO	2023-04-20 15:55:00	MarkDuplicates	Read    38,000,000 records.  Elapsed time: 00:07:18s.  Time for last 1,000,000:    8s.  Last read position: chr12:90,996,839
INFO	2023-04-20 15:55:00	MarkDuplicates	Tracking 32149154 as yet unmatched pairs. 860295 records in RAM.
INFO	2023-04-20 15:55:27	MarkDuplicates	Read    39,000,000 records.  Elapsed time: 00:07:45s.  Time for last 1,000,000:   27s.  Last read position: chr13:27,168,925
INFO	2023-04-20 15:55:27	MarkDuplicates	Tracking 32994430 as yet unmatched pairs. 590836 records in RAM.
INFO	2023-04-20 15:55:34	MarkDuplicates	Read    40,000,000 records.  Elapsed time: 00:07:52s.  Time for last 1,000,000:    6s.  Last read position: chr13:99,710,647
INFO	2023-04-20 15:55:34	MarkDuplicates	Tracking 33840750 as yet unmatched pairs. 606663 records in RAM.
INFO	2023-04-20 15:56:01	MarkDuplicates	Read    41,000,000 records.  Elapsed time: 00:08:20s.  Time for last 1,000,000:   27s.  Last read position: chr14:54,152,512
INFO	2023-04-20 15:56:01	MarkDuplicates	Tracking 34686937 as yet unmatched pairs. 610719 records in RAM.
INFO	2023-04-20 15:56:27	MarkDuplicates	Read    42,000,000 records.  Elapsed time: 00:08:45s.  Time for last 1,000,000:   25s.  Last read position: chr15:20,409,856
INFO	2023-04-20 15:56:27	MarkDuplicates	Tracking 35531206 as yet unmatched pairs. 589987 records in RAM.
INFO	2023-04-20 15:56:35	MarkDuplicates	Read    43,000,000 records.  Elapsed time: 00:08:53s.  Time for last 1,000,000:    8s.  Last read position: chr15:78,745,546
INFO	2023-04-20 15:56:35	MarkDuplicates	Tracking 36377101 as yet unmatched pairs. 605242 records in RAM.
INFO	2023-04-20 15:57:02	MarkDuplicates	Read    44,000,000 records.  Elapsed time: 00:09:21s.  Time for last 1,000,000:   27s.  Last read position: chr16:28,186,481
INFO	2023-04-20 15:57:02	MarkDuplicates	Tracking 37223122 as yet unmatched pairs. 693920 records in RAM.
INFO	2023-04-20 15:57:07	MarkDuplicates	Read    45,000,000 records.  Elapsed time: 00:09:25s.  Time for last 1,000,000:    4s.  Last read position: chr16:87,561,404
INFO	2023-04-20 15:57:07	MarkDuplicates	Tracking 38069628 as yet unmatched pairs. 710887 records in RAM.
INFO	2023-04-20 15:57:36	MarkDuplicates	Read    46,000,000 records.  Elapsed time: 00:09:55s.  Time for last 1,000,000:   29s.  Last read position: chr17:43,024,585
INFO	2023-04-20 15:57:36	MarkDuplicates	Tracking 38918461 as yet unmatched pairs. 808927 records in RAM.
INFO	2023-04-20 15:58:00	MarkDuplicates	Read    47,000,000 records.  Elapsed time: 00:10:19s.  Time for last 1,000,000:   23s.  Last read position: chr18:4,067,530
INFO	2023-04-20 15:58:00	MarkDuplicates	Tracking 39763686 as yet unmatched pairs. 548880 records in RAM.
INFO	2023-04-20 15:58:04	MarkDuplicates	Read    48,000,000 records.  Elapsed time: 00:10:22s.  Time for last 1,000,000:    3s.  Last read position: chr18:72,808,006
INFO	2023-04-20 15:58:04	MarkDuplicates	Tracking 40609614 as yet unmatched pairs. 561816 records in RAM.
INFO	2023-04-20 15:58:32	MarkDuplicates	Read    49,000,000 records.  Elapsed time: 00:10:51s.  Time for last 1,000,000:   28s.  Last read position: chr19:38,317,318
INFO	2023-04-20 15:58:32	MarkDuplicates	Tracking 41454056 as yet unmatched pairs. 661602 records in RAM.
INFO	2023-04-20 15:58:55	MarkDuplicates	Read    50,000,000 records.  Elapsed time: 00:11:13s.  Time for last 1,000,000:   22s.  Last read position: chr20:27,593,186
INFO	2023-04-20 15:58:55	MarkDuplicates	Tracking 42299906 as yet unmatched pairs. 575286 records in RAM.
INFO	2023-04-20 15:59:22	MarkDuplicates	Read    51,000,000 records.  Elapsed time: 00:11:40s.  Time for last 1,000,000:   26s.  Last read position: chr21:8,434,996
INFO	2023-04-20 15:59:22	MarkDuplicates	Tracking 43144931 as yet unmatched pairs. 448092 records in RAM.
INFO	2023-04-20 15:59:39	MarkDuplicates	Read    52,000,000 records.  Elapsed time: 00:11:58s.  Time for last 1,000,000:   17s.  Last read position: chr22:29,284,965
INFO	2023-04-20 15:59:39	MarkDuplicates	Tracking 43991060 as yet unmatched pairs. 415223 records in RAM.
INFO	2023-04-20 16:00:21	MarkDuplicates	Read    53,000,000 records.  Elapsed time: 00:12:40s.  Time for last 1,000,000:   41s.  Last read position: chrX:34,521,942
INFO	2023-04-20 16:00:21	MarkDuplicates	Tracking 44836538 as yet unmatched pairs. 1084455 records in RAM.
INFO	2023-04-20 16:00:26	MarkDuplicates	Read    54,000,000 records.  Elapsed time: 00:12:45s.  Time for last 1,000,000:    5s.  Last read position: chrX:113,081,002
INFO	2023-04-20 16:00:26	MarkDuplicates	Tracking 45682066 as yet unmatched pairs. 1105838 records in RAM.
[Thu Apr 20 16:05:20 CEST 2023] picard.sam.markduplicates.MarkDuplicates done. Elapsed time: 17.67 minutes.
Runtime.totalMemory()=1163919360
To get help, see http://broadinstitute.github.io/picard/index.html#GettingHelp
Exception in thread "main" java.lang.OutOfMemoryError: Java heap space
	at htsjdk.samtools.util.CloserUtil.close(CloserUtil.java:48)
	at htsjdk.samtools.CoordinateSortedPairInfoMap.ensureSequenceLoaded(CoordinateSortedPairInfoMap.java:137)
	at htsjdk.samtools.CoordinateSortedPairInfoMap.remove(CoordinateSortedPairInfoMap.java:86)
	at picard.sam.markduplicates.util.DiskBasedReadEndsForMarkDuplicatesMap.remove(DiskBasedReadEndsForMarkDuplicatesMap.java:61)
	at picard.sam.markduplicates.MarkDuplicates.buildSortedReadEndLists(MarkDuplicates.java:558)
	at picard.sam.markduplicates.MarkDuplicates.doWork(MarkDuplicates.java:258)
	at picard.cmdline.CommandLineProgram.instanceMain(CommandLineProgram.java:308)
	at picard.cmdline.PicardCommandLine.instanceMain(PicardCommandLine.java:103)
	at picard.cmdline.PicardCommandLine.main(PicardCommandLine.java:113)
finish mark and remove dup for Myc06_luciferase at Thu Apr 20 16:05:33 CEST 2023
start sorting with samtools for Myc06_luciferase at Thu Apr 20 16:05:33 CEST 2023
[E::hts_open_format] Failed to open file "/hpc/pmc_drost/PROJECTS/swang/CUT_RUN/nhung_test_jaiyou_previous_sample/rm_dup/Myc06_luciferase/Myc06_luciferase_mkrmdup.bam" : No such file or directory
samtools view: failed to open "/hpc/pmc_drost/PROJECTS/swang/CUT_RUN/nhung_test_jaiyou_previous_sample/rm_dup/Myc06_luciferase/Myc06_luciferase_mkrmdup.bam" for reading: No such file or directory
start indexing for Myc06_luciferase at Thu Apr 20 16:05:33 CEST 2023
[E::hts_open_format] Failed to open file "/hpc/pmc_drost/PROJECTS/swang/CUT_RUN/nhung_test_jaiyou_previous_sample/rm_dup/Myc06_luciferase/Myc06_luciferase_rmdup_filt.bam" : No such file or directory
samtools index: failed to open "/hpc/pmc_drost/PROJECTS/swang/CUT_RUN/nhung_test_jaiyou_previous_sample/rm_dup/Myc06_luciferase/Myc06_luciferase_rmdup_filt.bam": No such file or directory
finish indexing for Myc06_luciferase at Thu Apr 20 16:05:33 CEST 2023

  /// MultiQC 🔍 | v1.14

|           multiqc | Search path : /hpc/pmc_drost/PROJECTS/swang/CUT_RUN/nhung_test_jaiyou_previous_sample/rm_dup
|         searching | ━━━━━━━━━━━━━━━━━━━━━━━━━━━━━━━━━━━━━━━━ 100% 1/1  
|           multiqc | No analysis results found. Cleaning up..
|           multiqc | MultiQC complete
all done filtering
-------------------step 5. running transform bam to bigwig---------------
-----------running 1 out of 1 samples---------------------- 
[E::hts_open_format] Failed to open file "/hpc/pmc_drost/PROJECTS/swang/CUT_RUN/nhung_test_jaiyou_previous_sample/rm_dup/Myc06_luciferase/Myc06_luciferase_rmdup_filt.bam" : No such file or directory
The file '/hpc/pmc_drost/PROJECTS/swang/CUT_RUN/nhung_test_jaiyou_previous_sample/rm_dup/Myc06_luciferase/Myc06_luciferase_rmdup_filt.bam' does not exist
all done bam2bigwig
finish cut and run analysis at Thu Apr 20 16:05:39 CEST 2023
