start running cut and run analysis at Fri May 12 11:51:14 CEST 2023
-------------------step 6. running frip calculation-------- 
-----------running 1 out of 20 samples---------------
-----------running 2 out of 20 samples---------------
-----------running 3 out of 20 samples---------------
-----------running 4 out of 20 samples---------------
-----------running 5 out of 20 samples---------------
-----------running 6 out of 20 samples---------------
-----------running 7 out of 20 samples---------------
-----------running 8 out of 20 samples---------------
-----------running 9 out of 20 samples---------------
-----------running 10 out of 20 samples---------------
-----------running 11 out of 20 samples---------------
-----------running 12 out of 20 samples---------------
-----------running 13 out of 20 samples---------------
-----------running 14 out of 20 samples---------------
-----------running 15 out of 20 samples---------------
-----------running 16 out of 20 samples---------------
-----------running 17 out of 20 samples---------------
-----------running 18 out of 20 samples---------------
-----------running 19 out of 20 samples---------------
-----------running 20 out of 20 samples---------------
     V1     V2    V3     V4     V5     V6      V7     V8     V9    V10    V11
1 50248 422617 31772 487596 247706 292743 1626119 484155 645170 605806 965009
      V12    V13     V14    V15    V16    V17   V18    V19    V20
1 1105417 384144 1294376 215404 146694 182929 92314 158512 110014
        V1       V2       V3       V4       V5       V6       V7       V8
1 42041600 42709000 42030700 43572100 42195300 42243200 41917100 46639100
        V9      V10      V11      V12      V13      V14      V15      V16
1 42344700 42370100 41947000 41914300 46323400 41789300 43992100 43320100
       V17      V18      V19      V20
1 43291200 41840700 44618700 42367000
                    V1                   V2                   V3
1 bulkChIC-PMC-DRO-014 bulkChIC-PMC-DRO-015 bulkChIC-PMC-DRO-016
                        V4                       V5                       V6
1 SCC-bulkChIC-PMC-DRO-002 SCC-bulkChIC-PMC-DRO-005 SCC-bulkChIC-PMC-DRO-008
                   V7                  V8                  V9
1 SCC-ChIC-PMC-DRO-L5 SCC-ChIC-PMC-DRO-LH SCC-ChIC-PMC-DRO-F1
                  V10                 V11                 V12
1 SCC-ChIC-PMC-DRO-F5 SCC-ChIC-PMC-DRO-T1 SCC-ChIC-PMC-DRO-T5
                  V13                 V14                      V15
1 SCC-ChIC-PMC-DRO-TH SCC-ChIC-PMC-DRO-L1 SCC-bulkChIC-PMC-DRO-020
                       V16                      V17                      V18
1 SCC-bulkChIC-PMC-DRO-021 SCC-bulkChIC-PMC-DRO-022 SCC-bulkChIC-PMC-DRO-023
                       V19                      V20
1 SCC-bulkChIC-PMC-DRO-024 SCC-bulkChIC-PMC-DRO-025
null device 
          1 
all done for FRiP calculation
finish cut and run analysis at Fri May 12 11:55:35 CEST 2023
