mkdir: cannot create directory ‘/remove_zero’: Permission denied
start running cut and run analysis at Tue May 30 11:05:36 CEST 2023

	Position file = /hpc/pmc_drost/PROJECTS/swang/CUT_RUN/nhung_test/motif/s3norm_merge_remove_noise_luc.bed
	Genome = /hpc/pmc_drost/SOURCES/Genomes/human/gencode37_GRCh38_primary_assembly_genome.fa
	Output Directory = /hpc/pmc_drost/PROJECTS/swang/CUT_RUN/nhung_test/motif/s3norm_merge_remove_noise_luc
	Fragment size set to 100
	Motif length set at 8,
	Using Custom Genome
	Peak/BED file conversion summary:
		BED/Header formatted lines: 887
		peakfile formatted lines: 0

	Peak File Statistics:
		Total Peaks: 887
		Redundant Peak IDs: 702
		Peaks lacking information: 0 (need at least 5 columns per peak)
		Peaks with misformatted coordinates: 0 (should be integer)
		Peaks with misformatted strand: 0 (should be either +/- or 0/1)

	Redunant Peaks found: Remove or rename these or some programs may have trouble...

	702 duplicate peak IDs out of 887 total peaks
	Background files for 100 bp fragments found.
	Custom genome sequence file: /hpc/pmc_drost/SOURCES/Genomes/human/gencode37_GRCh38_primary_assembly_genome.fa

	Extracting sequences from file: /hpc/pmc_drost/SOURCES/Genomes/human/gencode37_GRCh38_primary_assembly_genome.fa
	Looking for peak sequences in a single file (/hpc/pmc_drost/SOURCES/Genomes/human/gencode37_GRCh38_primary_assembly_genome.fa)
	Extracting 50 sequences from chr1
	Extracting 76 sequences from chr2
	Extracting 61 sequences from chr3
	Extracting 58 sequences from chr4
	Extracting 58 sequences from chr5
	Extracting 45 sequences from chr6
	Extracting 60 sequences from chr7
	Extracting 83 sequences from chr8
	Extracting 42 sequences from chr9
	Extracting 54 sequences from chr10
	Extracting 60 sequences from chr11
	Extracting 23 sequences from chr12
	Extracting 10 sequences from chr13
	Extracting 30 sequences from chr14
	Extracting 13 sequences from chr15
	Extracting 41 sequences from chr16
	Extracting 35 sequences from chr17
	Extracting 27 sequences from chr18
	Extracting 5 sequences from chr19
	Extracting 16 sequences from chr20
	Extracting 18 sequences from chr21
	Extracting 4 sequences from chr22
	Extracting 2 sequences from chrX
	Extracting 15 sequences from chrY
	Extracting 1 sequences from chrM

	Not removing redundant sequences


	Sequences processed:
		Auto detected maximum sequence length of 101 bp
		887 total

	Frequency Bins: 0.2 0.25 0.3 0.35 0.4 0.45 0.5 0.6 0.7 0.8
	Freq	Bin	Count
	0.2	0	12
	0.25	1	52
	0.3	2	100
	0.35	3	174
	0.4	4	225
	0.45	5	156
	0.5	6	84
	0.6	7	73
	0.7	8	10
	0.8	9	1

	Total sequences set to 50000

	Choosing background that matches in CpG/GC content...
	Bin	# Targets	# Background	Background Weight
	0	12	664	1.001
	1	52	2879	1.000
	2	100	5537	1.000
	3	174	9634	1.000
	4	225	12458	1.000
	5	156	8638	1.000
	6	84	4651	1.000
	7	73	4042	1.000
	8	10	554	0.999
	9	1	55	1.007
	Assembling sequence file...
	Normalizing lower order oligos using homer2

	Reading input files...
	49999 total sequences read
	Autonormalization: 1-mers (4 total)
		A	31.07%	31.03%	1.001
		C	18.93%	18.97%	0.998
		G	18.93%	18.97%	0.998
		T	31.07%	31.03%	1.001
	Autonormalization: 2-mers (16 total)
		AA	10.69%	10.77%	0.993
		CA	7.22%	7.07%	1.021
		GA	6.28%	5.89%	1.065
		TA	6.89%	7.29%	0.945
		AC	4.94%	5.02%	0.984
		CC	4.23%	4.41%	0.960
		GC	3.48%	3.65%	0.955
		TC	6.28%	5.89%	1.065
		AG	6.55%	6.74%	0.972
		CG	0.92%	0.75%	1.230
		GG	4.23%	4.41%	0.960
		TG	7.22%	7.07%	1.021
		AT	8.87%	8.50%	1.044
		CT	6.55%	6.74%	0.972
		GT	4.94%	5.02%	0.984
		TT	10.69%	10.77%	0.993
	Autonormalization: 3-mers (64 total)
	Normalization weights can be found in file: /hpc/pmc_drost/PROJECTS/swang/CUT_RUN/nhung_test/motif/s3norm_merge_remove_noise_luc/seq.autonorm.tsv
	Converging on autonormalization solution:
	...............................................................................
	Final normalization:	Autonormalization: 1-mers (4 total)
		A	31.07%	31.07%	1.000
		C	18.93%	18.93%	1.000
		G	18.93%	18.93%	1.000
		T	31.07%	31.07%	1.000
	Autonormalization: 2-mers (16 total)
		AA	10.69%	10.70%	0.999
		CA	7.22%	7.21%	1.002
		GA	6.28%	6.23%	1.007
		TA	6.89%	6.92%	0.995
		AC	4.94%	4.95%	0.998
		CC	4.23%	4.25%	0.997
		GC	3.48%	3.50%	0.995
		TC	6.28%	6.23%	1.007
		AG	6.55%	6.58%	0.995
		CG	0.92%	0.90%	1.029
		GG	4.23%	4.25%	0.997
		TG	7.22%	7.21%	1.002
		AT	8.87%	8.83%	1.005
		CT	6.55%	6.58%	0.995
		GT	4.94%	4.95%	0.998
		TT	10.69%	10.70%	0.999
	Autonormalization: 3-mers (64 total)
	Finished preparing sequence/group files

	----------------------------------------------------------
	Known motif enrichment

	Reading input files...
	49999 total sequences read
	1006 motifs loaded
	Cache length = 11180
	Using binomial scoring
	Checking enrichment of 1006 motif(s)
	|0%                                    50%                                  100%|
	=================================================================================
	Preparing HTML output with sequence logos...
		1 of 1006 (1e-6) ZNF189(Zf)/HEK293-ZNF189.GFP-ChIP-Seq(GSE58341)/Homer
		2 of 1006 (1e-3) EIL4(EIL)/Tomato-EIL4-ChIP-Seq(GSE116581)/Homer
		3 of 1006 (1e-2) At4g01280(MYBrelated)/colamp-At4g01280-DAP-Seq(GSE60143)/Homer
		4 of 1006 (1e-2) Myf5(bHLH)/GM-Myf5-ChIP-Seq(GSE24852)/Homer
		5 of 1006 (1e-2) CArG(MADS)/PUER-Srf-ChIP-Seq(Sullivan_et_al.)/Homer
		6 of 1006 (1e-2) AT3G10113(MYBrelated)/col-AT3G10113-DAP-Seq(GSE60143)/Homer
		7 of 1006 (1e-2) At1g64620(C2C2dof)/colamp-At1g64620-DAP-Seq(GSE60143)/Homer
		8 of 1006 (1e-2) ATHB20(Homeobox)/colamp-ATHB20-DAP-Seq(GSE60143)/Homer
		9 of 1006 (1e-2) EPR1(MYBrelated)/colamp-EPR1-DAP-Seq(GSE60143)/Homer
		10 of 1006 (1e-2) LHY1(MYBrelated)/col-LHY1-DAP-Seq(GSE60143)/Homer
		11 of 1006 (1e-2) MyoG(bHLH)/C2C12-MyoG-ChIP-Seq(GSE36024)/Homer
		12 of 1006 (1e-2) RVE1(MYBrelated)/col-RVE1-DAP-Seq(GSE60143)/Homer
		13 of 1006 (1e-2) AT2G15740(C2H2)/col-AT2G15740-DAP-Seq(GSE60143)/Homer
	----------------------------------------------------------
	De novo motif finding (HOMER)

	Scanning input files...
	Parsing sequences...
	|0%                                   50%                                  100%|
	================================================================================
	Total number of Oligos: 32725
	Autoadjustment for sequence coverage in background: 1.00x

	Oligos: 32725 of 34497 max
	Tree  : 66768 of 172485 max
	Optimizing memory usage...
	Cache length = 11180
	Using binomial scoring

	Global Optimization Phase: Looking for enriched oligos with up to 2 mismatches...

	Screening oligos 32725 (allowing 0 mismatches):
	|0%                                   50%                                  100%|
	================================================================================
		34.16% skipped, 65.84% checked (21545 of 32725), of those checked:
		34.16% not in target, 0.00% increased p-value, 0.00% high p-value

	Screening oligos 32725 (allowing 1 mismatches):
	|0%                                   50%                                  100%|
	================================================================================
		34.16% skipped, 65.84% checked (21545 of 32725), of those checked:
		0.00% not in target, 27.64% increased p-value, 44.30% high p-value

	Screening oligos 32725 (allowing 2 mismatches):
	|0%                                   50%                                  100%|
	================================================================================
		85.41% skipped, 14.59% checked (4773 of 32725), of those checked:
		0.00% not in target, 10.66% increased p-value, 0.00% high p-value
	Reading input files...
	49999 total sequences read
	Cache length = 11180
	Using binomial scoring

	Local Optimization Phase:
	1 of 25 Initial Sequence: ATTCGATT... (-210.394)
		Round 1: -239.88 AKTCCATT T:275.0(26.67%),B:2324.4(4.76%),P:1e-104
		Round 2: -242.59 ATTCCATT T:275.0(26.67%),B:2293.4(4.70%),P:1e-105
		Round 3: -258.61 ATTCGATK T:268.0(26.09%),B:2009.7(4.13%),P:1e-112
		Round 4: -258.61 ATTCGATK T:268.0(26.09%),B:2009.7(4.13%),P:1e-112
		=Final=: -42.62 ATTCGATK T:39.0(4.40%),B:328.5(0.69%),P:1e-18
		Performing exhaustive masking of motif...
		Reprioritizing potential motifs...
	2 of 25 Initial Sequence: CCATTCGA... (-139.980)
		Round 1: -139.98 CCATTCGA T:220.0(21.98%),B:2681.1(5.47%),P:1e-60
		Round 2: -139.98 CCATTCGA T:220.0(21.98%),B:2681.1(5.47%),P:1e-60
		=Final=: -23.44 CCATTCGA T:80.0(9.02%),B:1939.1(4.07%),P:1e-10
		Performing exhaustive masking of motif...
		Reprioritizing potential motifs...
	3 of 25 Initial Sequence: AACGGAAT... (-21.287)
		Round 1: -25.71 AACGGAAT T:106.0(11.27%),B:2608.5(5.33%),P:1e-11
		Round 2: -25.71 AACGGAAT T:106.0(11.27%),B:2608.5(5.33%),P:1e-11
		=Final=: -20.05 AACGGAAT T:72.0(8.12%),B:1794.3(3.77%),P:1e-8
		Performing exhaustive masking of motif...
		Reprioritizing potential motifs...
	4 of 25 Initial Sequence: AACCGCAC... (-18.691)
		Round 1: -24.61 SMMCGCRC T:96.0(10.26%),B:2347.7(4.81%),P:1e-10
		Round 2: -24.61 SMMCGCRC T:96.0(10.26%),B:2347.7(4.81%),P:1e-10
		=Final=: -9.43 SMMCGCRC T:65.0(7.33%),B:2119.5(4.45%),P:1e-4
		Performing exhaustive masking of motif...
		Reprioritizing potential motifs...
	5 of 25 Initial Sequence: CCATTCTA... (-13.761)
		Round 1: -9.38 CCATTCTA T:525.0(44.69%),B:23084.1(38.40%),P:1e-4
		Round 2: -13.63 CCBTTCYA T:62.0(6.75%),B:1642.5(3.39%),P:1e-5
		Round 3: -13.63 CCBTTCYA T:62.0(6.75%),B:1642.5(3.39%),P:1e-5
		=Final=: -7.37 CCBTTCYA T:48.0(5.41%),B:1560.1(3.27%),P:1e-3
		Performing exhaustive masking of motif...
		Reprioritizing potential motifs...
	6 of 25 Initial Sequence: CTGCAAGT... (-13.146)
		Round 1: -17.09 CTGCAAGT T:41.0(4.52%),B:807.8(1.68%),P:1e-7
		Round 2: -17.09 CTGCAAGT T:41.0(4.52%),B:807.8(1.68%),P:1e-7
		=Final=: -18.49 CTGCAAGT T:46.0(5.19%),B:951.0(2.00%),P:1e-8
		Performing exhaustive masking of motif...
		Reprioritizing potential motifs...
	7 of 25 Initial Sequence: AAACACTC... (-11.840)
		Round 1: -13.18 AAACACTC T:43.0(4.73%),B:982.2(2.04%),P:1e-5
		Round 2: -15.03 AAACACTC T:83.0(8.94%),B:2378.5(4.87%),P:1e-6
		Round 3: -21.11 WMACGCYC T:72.0(7.80%),B:1670.1(3.44%),P:1e-9
		Round 4: -21.11 WMACGCYC T:72.0(7.80%),B:1670.1(3.44%),P:1e-9
		=Final=: -18.24 WMACGCYC T:65.0(7.33%),B:1618.0(3.40%),P:1e-7
		Performing exhaustive masking of motif...
		Reprioritizing potential motifs...
	8 of 25 Initial Sequence: GATATTTG... (-11.359)
		Round 1: -11.36 GATATTTG T:30.0(3.33%),B:632.6(1.32%),P:1e-4
		Round 2: -11.36 GATATTTG T:30.0(3.33%),B:632.6(1.32%),P:1e-4
		=Final=: -12.43 GATATTTG T:30.0(3.38%),B:624.2(1.31%),P:1e-5
		Performing exhaustive masking of motif...
		Reprioritizing potential motifs...
	9 of 25 Initial Sequence: AACTACTC... (-10.733)
		Round 1: -10.89 AACTACTC T:18.0(2.01%),B:270.2(0.57%),P:1e-4
		Round 2: -17.21 AACTACTG T:50.0(5.48%),B:1072.4(2.22%),P:1e-7
		Round 3: -17.21 AACTACTG T:50.0(5.48%),B:1072.4(2.22%),P:1e-7
		=Final=: -18.87 AACTACTG T:49.0(5.52%),B:1036.5(2.17%),P:1e-8
		Performing exhaustive masking of motif...
		Reprioritizing potential motifs...
	10 of 25 Initial Sequence: AACCTTTC... (-10.101)
		Round 1: -18.84 AACCTTTC T:64.0(6.96%),B:1472.1(3.04%),P:1e-8
		Round 2: -18.84 AACCTTTC T:64.0(6.96%),B:1472.1(3.04%),P:1e-8
		=Final=: -19.75 AACCTTTC T:62.0(6.99%),B:1448.9(3.04%),P:1e-8
		Performing exhaustive masking of motif...
		Reprioritizing potential motifs...
	Remaining seeds don't look promising (After initial 5 motifs, logp -8.930 > -8.948)

	Finalizing Enrichment Statistics (new in v3.4)
	Reading input files...
	49999 total sequences read
	Cache length = 11180
	Using binomial scoring
	Checking enrichment of 10 motif(s)
	|0%                                    50%                                  100%|
	=================================================================================
	Output in file: /hpc/pmc_drost/PROJECTS/swang/CUT_RUN/nhung_test/motif/s3norm_merge_remove_noise_luc/homerMotifs.motifs8

	(Motifs in homer2 format)
	Determining similar motifs... 10 reduced to 7 motifs
	Outputing HTML and sequence logos for motif comparison...
	Checking de novo motifs against known motifs...
	Formatting HTML page...
		1 of 7 (1e-18) similar to OPI1/Literature(Harbison)/Yeast(0.815)
		2 of 7 (1e-10) similar to PB0137.1_Irf3_2/Jaspar(0.707)
		3 of 7 (1e-8) similar to MSI(RRM)/Drosophila_melanogaster-RNCMPT00040-PBM/HughesRNA(0.838)
		4 of 7 (1e-8) similar to hkb/MA0450.1/Jaspar(0.743)
		5 of 7 (1e-8) similar to bHLH80/MA1357.1/Jaspar(0.799)
		6 of 7 (1e-5) similar to EPR1(MYBrelated)/colamp-EPR1-DAP-Seq(GSE60143)/Homer(0.916)
		7 of 7 (1e-4) similar to RBM4(RRM,Znf)/Homo_sapiens-RNCMPT00113-PBM/HughesRNA(0.809)
	Job finished - if results look good, please send beer to ..

	Cleaning up tmp files...


	Position file = /hpc/pmc_drost/PROJECTS/swang/CUT_RUN/nhung_test/motif/s3norm_merge_remove_noise_tfe3.bed
	Genome = /hpc/pmc_drost/SOURCES/Genomes/human/gencode37_GRCh38_primary_assembly_genome.fa
	Output Directory = /hpc/pmc_drost/PROJECTS/swang/CUT_RUN/nhung_test/motif/s3norm_merge_remove_noise_tfe3
	Fragment size set to 100
	Motif length set at 8,
	Using Custom Genome
	Peak/BED file conversion summary:
		BED/Header formatted lines: 1838
		peakfile formatted lines: 0

	Peak File Statistics:
		Total Peaks: 1838
		Redundant Peak IDs: 1636
		Peaks lacking information: 0 (need at least 5 columns per peak)
		Peaks with misformatted coordinates: 0 (should be integer)
		Peaks with misformatted strand: 0 (should be either +/- or 0/1)

	Redunant Peaks found: Remove or rename these or some programs may have trouble...

	1636 duplicate peak IDs out of 1838 total peaks
	Background files for 100 bp fragments found.
	Custom genome sequence file: /hpc/pmc_drost/SOURCES/Genomes/human/gencode37_GRCh38_primary_assembly_genome.fa

	Extracting sequences from file: /hpc/pmc_drost/SOURCES/Genomes/human/gencode37_GRCh38_primary_assembly_genome.fa
	Looking for peak sequences in a single file (/hpc/pmc_drost/SOURCES/Genomes/human/gencode37_GRCh38_primary_assembly_genome.fa)
	Extracting 99 sequences from chr1
	Extracting 176 sequences from chr2
	Extracting 155 sequences from chr3
	Extracting 195 sequences from chr4
	Extracting 144 sequences from chr5
	Extracting 108 sequences from chr6
	Extracting 117 sequences from chr7
	Extracting 135 sequences from chr8
	Extracting 70 sequences from chr9
	Extracting 85 sequences from chr10
	Extracting 94 sequences from chr11
	Extracting 66 sequences from chr12
	Extracting 49 sequences from chr13
	Extracting 64 sequences from chr14
	Extracting 36 sequences from chr15
	Extracting 36 sequences from chr16
	Extracting 40 sequences from chr17
	Extracting 50 sequences from chr18
	Extracting 8 sequences from chr19
	Extracting 28 sequences from chr20
	Extracting 32 sequences from chr21
	Extracting 9 sequences from chr22
	Extracting 14 sequences from chrX
	Extracting 27 sequences from chrY
	Extracting 1 sequences from chrM

	Not removing redundant sequences


	Sequences processed:
		Auto detected maximum sequence length of 101 bp
		1838 total

	Frequency Bins: 0.2 0.25 0.3 0.35 0.4 0.45 0.5 0.6 0.7 0.8
	Freq	Bin	Count
	0.2	0	25
	0.25	1	115
	0.3	2	269
	0.35	3	401
	0.4	4	417
	0.45	5	269
	0.5	6	190
	0.6	7	122
	0.7	8	29
	0.8	9	1

	Total sequences set to 50000

	Choosing background that matches in CpG/GC content...
	Bin	# Targets	# Background	Background Weight
	0	25	655	1.000
	1	115	3013	1.000
	2	269	7049	1.000
	3	401	10508	1.000
	4	417	10927	1.000
	5	269	7049	1.000
	6	190	4979	1.000
	7	122	3197	1.000
	8	29	760	1.000
	9	1	26	1.008
	Assembling sequence file...
	Normalizing lower order oligos using homer2

	Reading input files...
	50001 total sequences read
	Autonormalization: 1-mers (4 total)
		A	31.44%	31.38%	1.002
		C	18.56%	18.62%	0.997
		G	18.56%	18.62%	0.997
		T	31.44%	31.38%	1.002
	Autonormalization: 2-mers (16 total)
		AA	11.01%	11.04%	0.997
		CA	7.10%	7.01%	1.013
		GA	6.00%	5.81%	1.031
		TA	7.33%	7.52%	0.974
		AC	4.99%	4.99%	1.000
		CC	4.19%	4.25%	0.984
		GC	3.39%	3.55%	0.954
		TC	6.00%	5.81%	1.031
		AG	6.53%	6.63%	0.986
		CG	0.75%	0.72%	1.041
		GG	4.19%	4.25%	0.984
		TG	7.10%	7.01%	1.013
		AT	8.90%	8.73%	1.020
		CT	6.53%	6.63%	0.986
		GT	4.99%	4.99%	1.000
		TT	11.01%	11.04%	0.997
	Autonormalization: 3-mers (64 total)
	Normalization weights can be found in file: /hpc/pmc_drost/PROJECTS/swang/CUT_RUN/nhung_test/motif/s3norm_merge_remove_noise_tfe3/seq.autonorm.tsv
	Converging on autonormalization solution:
	...............................................................................
	Final normalization:	Autonormalization: 1-mers (4 total)
		A	31.44%	31.43%	1.000
		C	18.56%	18.57%	1.000
		G	18.56%	18.57%	1.000
		T	31.44%	31.43%	1.000
	Autonormalization: 2-mers (16 total)
		AA	11.01%	11.01%	1.000
		CA	7.10%	7.10%	1.001
		GA	6.00%	5.99%	1.001
		TA	7.33%	7.34%	0.999
		AC	4.99%	4.99%	1.000
		CC	4.19%	4.19%	1.000
		GC	3.39%	3.40%	0.998
		TC	6.00%	5.99%	1.001
		AG	6.53%	6.54%	0.999
		CG	0.75%	0.75%	1.006
		GG	4.19%	4.19%	1.000
		TG	7.10%	7.10%	1.001
		AT	8.90%	8.89%	1.001
		CT	6.53%	6.54%	0.999
		GT	4.99%	4.99%	1.000
		TT	11.01%	11.01%	1.000
	Autonormalization: 3-mers (64 total)
	Finished preparing sequence/group files

	----------------------------------------------------------
	Known motif enrichment

	Reading input files...
	50001 total sequences read
	1006 motifs loaded
	Cache length = 11180
	Using binomial scoring
	Checking enrichment of 1006 motif(s)
	|0%                                    50%                                  100%|
	=================================================================================
	Preparing HTML output with sequence logos...
		1 of 1006 (1e-3) ZNF189(Zf)/HEK293-ZNF189.GFP-ChIP-Seq(GSE58341)/Homer
		2 of 1006 (1e-2) AT2G15740(C2H2)/col-AT2G15740-DAP-Seq(GSE60143)/Homer
		3 of 1006 (1e-2) EIL4(EIL)/Tomato-EIL4-ChIP-Seq(GSE116581)/Homer
		4 of 1006 (1e-2) At1g64620(C2C2dof)/colamp-At1g64620-DAP-Seq(GSE60143)/Homer
		5 of 1006 (1e-2) Prop1(Homeobox)/GHFT1-PROP1.biotin-ChIP-Seq(GSE77302)/Homer
		6 of 1006 (1e-2) Phox2b(Homeobox)/CLBGA-PHOX2B-ChIP-Seq(GSE90683)/Homer
		7 of 1006 (1e-2) RAP211(AP2EREBP)/colamp-RAP211-DAP-Seq(GSE60143)/Homer
		8 of 1006 (1e-2) TF3A(C2H2)/col-TF3A-DAP-Seq(GSE60143)/Homer
		9 of 1006 (1e-2) Ap4(bHLH)/AML-Tfap4-ChIP-Seq(GSE45738)/Homer
		10 of 1006 (1e-2) AT3G10113(MYBrelated)/col-AT3G10113-DAP-Seq(GSE60143)/Homer
	----------------------------------------------------------
	De novo motif finding (HOMER)

	Scanning input files...
	Parsing sequences...
	|0%                                   50%                                  100%|
	================================================================================
	Total number of Oligos: 32711
	Autoadjustment for sequence coverage in background: 1.00x

	Oligos: 32711 of 34497 max
	Tree  : 66532 of 172485 max
	Optimizing memory usage...
	Cache length = 11180
	Using binomial scoring

	Global Optimization Phase: Looking for enriched oligos with up to 2 mismatches...

	Screening oligos 32711 (allowing 0 mismatches):
	|0%                                   50%                                  100%|
	================================================================================
		23.52% skipped, 76.48% checked (25018 of 32711), of those checked:
		23.52% not in target, 0.00% increased p-value, 0.00% high p-value

	Screening oligos 32711 (allowing 1 mismatches):
	|0%                                   50%                                  100%|
	================================================================================
		23.52% skipped, 76.48% checked (25018 of 32711), of those checked:
		0.00% not in target, 32.09% increased p-value, 51.35% high p-value

	Screening oligos 32711 (allowing 2 mismatches):
	|0%                                   50%                                  100%|
	================================================================================
		83.75% skipped, 16.25% checked (5317 of 32711), of those checked:
		0.00% not in target, 12.91% increased p-value, 0.00% high p-value
	Reading input files...
	50001 total sequences read
	Cache length = 11180
	Using binomial scoring

	Local Optimization Phase:
	1 of 25 Initial Sequence: CCATTCGA... (-186.748)
		Round 1: -337.61 CGAWTCGA T:551.0(25.91%),B:3282.1(6.63%),P:1e-146
		Round 2: -337.61 CGAWTCGA T:551.0(25.91%),B:3282.1(6.63%),P:1e-146
		=Final=: -57.30 CGAWTCGA T:38.0(2.07%),B:96.7(0.20%),P:1e-24
		Performing exhaustive masking of motif...
		Reprioritizing potential motifs...
	2 of 25 Initial Sequence: ATTCCATT... (-117.748)
		Round 1: -148.13 ATTCCATT T:239.0(12.20%),B:1534.2(3.15%),P:1e-64
		Round 2: -148.13 ATTCCATT T:239.0(12.20%),B:1534.2(3.15%),P:1e-64
		=Final=: -29.97 ATTCCATT T:67.0(3.65%),B:610.0(1.27%),P:1e-13
		Performing exhaustive masking of motif...
		Reprioritizing potential motifs...
	3 of 25 Initial Sequence: GAGAGAGA... (-36.001)
		Round 1: -36.71 GAGAGAGA T:136.0(7.13%),B:1564.0(3.21%),P:1e-15
		Round 2: -36.71 GAGAGAGA T:136.0(7.13%),B:1564.0(3.21%),P:1e-15
		=Final=: -6.84 GAGAGAGA T:60.0(3.26%),B:1021.0(2.13%),P:1e-2
		Performing exhaustive masking of motif...
		Reprioritizing potential motifs...
	4 of 25 Initial Sequence: TTCCATTC... (-21.387)
		Round 1: -32.62 TTCCATTC T:155.0(8.09%),B:1975.9(4.04%),P:1e-14
		Round 2: -32.62 TTCCATTC T:155.0(8.09%),B:1975.9(4.04%),P:1e-14
		=Final=: -14.08 TTCCATTC T:177.0(9.63%),B:3181.3(6.65%),P:1e-6
		Performing exhaustive masking of motif...
		Reprioritizing potential motifs...
	5 of 25 Initial Sequence: ACGGGATA... (-13.638)
		Round 1: -16.55 ACGGGATA T:16.0(0.87%),B:66.0(0.14%),P:1e-7
		Round 2: -16.68 RCGGGATA T:18.0(0.97%),B:85.0(0.18%),P:1e-7
		Round 3: -16.68 RCGGGATA T:18.0(0.97%),B:85.0(0.18%),P:1e-7
		=Final=: -18.24 RCGGGATA T:18.0(0.98%),B:85.0(0.18%),P:1e-7
		Performing exhaustive masking of motif...
		Reprioritizing potential motifs...
	6 of 25 Initial Sequence: TCAAAGAA... (-11.746)
		Round 1: -15.66 TCAAAGAA T:81.0(4.31%),B:1107.8(2.29%),P:1e-6
		Round 2: -16.90 TCATTGAA T:177.0(9.18%),B:2940.3(5.96%),P:1e-7
		Round 3: -18.89 TCAAAGAA T:120.0(6.32%),B:1742.0(3.57%),P:1e-8
		Round 4: -20.69 TCATTGAA T:119.0(6.27%),B:1664.5(3.42%),P:1e-8
		Round 5: -20.69 TCATTGAA T:119.0(6.27%),B:1664.5(3.42%),P:1e-8
		=Final=: -17.20 TCATTGAA T:121.0(6.58%),B:1866.4(3.90%),P:1e-7
		Performing exhaustive masking of motif...
		Reprioritizing potential motifs...
	7 of 25 Initial Sequence: TGTGCGGT... (-11.377)
		Round 1: -11.38 TGTGCGGT T:8.0(0.43%),B:20.9(0.04%),P:1e-4
		Round 2: -11.38 TGTGCGGT T:8.0(0.43%),B:20.9(0.04%),P:1e-4
		=Final=: -13.41 TGTGCGGT T:8.0(0.44%),B:20.9(0.04%),P:1e-5
		Performing exhaustive masking of motif...
		Reprioritizing potential motifs...
	8 of 25 Initial Sequence: GCAGGCTT... (-10.498)
		Round 1: -20.19 GCAGGCTT T:273.0(13.81%),B:4760.4(9.47%),P:1e-8
		Round 2: -20.19 GCAGGCTT T:273.0(13.81%),B:4760.4(9.47%),P:1e-8
		=Final=: -21.82 GCAGGCTT T:252.0(13.71%),B:4430.0(9.25%),P:1e-9
		Performing exhaustive masking of motif...
		Reprioritizing potential motifs...
	Remaining seeds don't look promising (After initial 5 motifs, logp -9.038 > -9.264)

	Finalizing Enrichment Statistics (new in v3.4)
	Reading input files...
	50001 total sequences read
	Cache length = 11180
	Using binomial scoring
	Checking enrichment of 8 motif(s)
	|0%                                    50%                                  100%|
	=================================================================================
	Output in file: /hpc/pmc_drost/PROJECTS/swang/CUT_RUN/nhung_test/motif/s3norm_merge_remove_noise_tfe3/homerMotifs.motifs8

	(Motifs in homer2 format)
	Determining similar motifs... 8 reduced to 6 motifs
	Outputing HTML and sequence logos for motif comparison...
	Checking de novo motifs against known motifs...
	Formatting HTML page...
		1 of 6 (1e-24) similar to OPI1/Literature(Harbison)/Yeast(0.796)
		2 of 6 (1e-10) similar to SOK2/SOK2_BUT14/4-SUT1(Harbison)/Yeast(0.711)
		3 of 6 (1e-9) similar to PB0005.1_Bbx_1/Jaspar(0.842)
		4 of 6 (1e-7) similar to Pcbp2(KH)/Danio_rerio-RNCMPT00246-PBM/HughesRNA(0.767)
		5 of 6 (1e-5) similar to RUNX2/MA0511.2/Jaspar(0.754)
		6 of 6 (1e-2) similar to FRS9(ND)/col-FRS9-DAP-Seq(GSE60143)/Homer(0.922)
	Job finished - if results look good, please send beer to ..

	Cleaning up tmp files...


	Position file = /hpc/pmc_drost/PROJECTS/swang/CUT_RUN/nhung_test/motif/s3norm_merge_remove_noise_fusion.bed
	Genome = /hpc/pmc_drost/SOURCES/Genomes/human/gencode37_GRCh38_primary_assembly_genome.fa
	Output Directory = /hpc/pmc_drost/PROJECTS/swang/CUT_RUN/nhung_test/motif/s3norm_merge_remove_noise_fusion
	Fragment size set to 100
	Motif length set at 8,
	Using Custom Genome
	Peak/BED file conversion summary:
		BED/Header formatted lines: 1165
		peakfile formatted lines: 0

	Peak File Statistics:
		Total Peaks: 1165
		Redundant Peak IDs: 841
		Peaks lacking information: 0 (need at least 5 columns per peak)
		Peaks with misformatted coordinates: 0 (should be integer)
		Peaks with misformatted strand: 0 (should be either +/- or 0/1)

	Redunant Peaks found: Remove or rename these or some programs may have trouble...

	841 duplicate peak IDs out of 1165 total peaks
	Background files for 100 bp fragments found.
	Custom genome sequence file: /hpc/pmc_drost/SOURCES/Genomes/human/gencode37_GRCh38_primary_assembly_genome.fa

	Extracting sequences from file: /hpc/pmc_drost/SOURCES/Genomes/human/gencode37_GRCh38_primary_assembly_genome.fa
	Looking for peak sequences in a single file (/hpc/pmc_drost/SOURCES/Genomes/human/gencode37_GRCh38_primary_assembly_genome.fa)
	Extracting 73 sequences from chr1
	Extracting 135 sequences from chr2
	Extracting 81 sequences from chr3
	Extracting 60 sequences from chr4
	Extracting 81 sequences from chr5
	Extracting 76 sequences from chr6
	Extracting 58 sequences from chr7
	Extracting 71 sequences from chr8
	Extracting 54 sequences from chr9
	Extracting 73 sequences from chr10
	Extracting 51 sequences from chr11
	Extracting 39 sequences from chr12
	Extracting 32 sequences from chr13
	Extracting 17 sequences from chr14
	Extracting 41 sequences from chr15
	Extracting 37 sequences from chr16
	Extracting 34 sequences from chr17
	Extracting 27 sequences from chr18
	Extracting 12 sequences from chr19
	Extracting 35 sequences from chr20
	Extracting 20 sequences from chr21
	Extracting 21 sequences from chr22
	Extracting 28 sequences from chrX
	Extracting 8 sequences from chrY
	Extracting 1 sequences from chrM

	Not removing redundant sequences


	Sequences processed:
		Auto detected maximum sequence length of 101 bp
		1165 total

	Frequency Bins: 0.2 0.25 0.3 0.35 0.4 0.45 0.5 0.6 0.7 0.8
	Freq	Bin	Count
	0.2	0	5
	0.25	1	30
	0.3	2	94
	0.35	3	165
	0.4	4	218
	0.45	5	183
	0.5	6	182
	0.6	7	208
	0.7	8	71
	0.8	9	9

	Total sequences set to 50000

	Choosing background that matches in CpG/GC content...
	Bin	# Targets	# Background	Background Weight
	0	5	210	0.998
	1	30	1258	1.000
	2	94	3940	1.000
	3	165	6917	1.000
	4	218	9138	1.000
	5	183	7671	1.000
	6	182	7629	1.000
	7	208	8719	1.000
	8	71	2976	1.000
	9	9	377	1.001
	Assembling sequence file...
	Normalizing lower order oligos using homer2

	Reading input files...
	50000 total sequences read
	Autonormalization: 1-mers (4 total)
		A	28.57%	28.59%	0.999
		C	21.43%	21.41%	1.001
		G	21.43%	21.41%	1.001
		T	28.57%	28.59%	0.999
	Autonormalization: 2-mers (16 total)
		AA	9.23%	9.17%	1.006
		CA	7.45%	7.39%	1.009
		GA	6.03%	6.05%	0.997
		TA	5.84%	5.98%	0.976
		AC	5.16%	5.08%	1.015
		CC	5.66%	5.66%	0.999
		GC	4.58%	4.61%	0.993
		TC	6.03%	6.05%	0.997
		AG	7.16%	7.21%	0.993
		CG	1.17%	1.14%	1.019
		GG	5.66%	5.66%	0.999
		TG	7.45%	7.39%	1.009
		AT	7.02%	7.13%	0.985
		CT	7.16%	7.21%	0.993
		GT	5.16%	5.08%	1.015
		TT	9.23%	9.17%	1.006
	Autonormalization: 3-mers (64 total)
	Normalization weights can be found in file: /hpc/pmc_drost/PROJECTS/swang/CUT_RUN/nhung_test/motif/s3norm_merge_remove_noise_fusion/seq.autonorm.tsv
	Converging on autonormalization solution:
	...............................................................................
	Final normalization:	Autonormalization: 1-mers (4 total)
		A	28.57%	28.56%	1.000
		C	21.43%	21.44%	1.000
		G	21.43%	21.44%	1.000
		T	28.57%	28.56%	1.000
	Autonormalization: 2-mers (16 total)
		AA	9.23%	9.23%	1.000
		CA	7.45%	7.46%	1.000
		GA	6.03%	6.04%	1.000
		TA	5.84%	5.84%	0.999
		AC	5.16%	5.16%	1.000
		CC	5.66%	5.65%	1.001
		GC	4.58%	4.58%	0.999
		TC	6.03%	6.04%	1.000
		AG	7.16%	7.16%	1.000
		CG	1.17%	1.17%	1.001
		GG	5.66%	5.65%	1.001
		TG	7.45%	7.46%	1.000
		AT	7.02%	7.02%	1.001
		CT	7.16%	7.16%	1.000
		GT	5.16%	5.16%	1.000
		TT	9.23%	9.23%	1.000
	Autonormalization: 3-mers (64 total)
	Finished preparing sequence/group files

	----------------------------------------------------------
	Known motif enrichment

	Reading input files...
	50000 total sequences read
	1006 motifs loaded
	Cache length = 11180
	Using binomial scoring
	Checking enrichment of 1006 motif(s)
	|0%                                    50%                                  100%|
	=================================================================================
	Preparing HTML output with sequence logos...
		1 of 1006 (1e-2) Unknown5/Drosophila-Promoters/Homer
		2 of 1006 (1e-2) ESE3(AP2EREBP)/col-ESE3-DAP-Seq(GSE60143)/Homer
		3 of 1006 (1e-2) CDM1(C3H)/colamp-CDM1-DAP-Seq(GSE60143)/Homer
		4 of 1006 (1e-2) ZNF652/HepG2-ZNF652.Flag-ChIP-Seq(Encode)/Homer
	----------------------------------------------------------
	De novo motif finding (HOMER)

	Scanning input files...
	Parsing sequences...
	|0%                                   50%                                  100%|
	===============================================================================
	Total number of Oligos: 32861
	Autoadjustment for sequence coverage in background: 1.00x

	Oligos: 32861 of 34497 max
	Tree  : 66996 of 172485 max
	Optimizing memory usage...
	Cache length = 11180
	Using binomial scoring

	Global Optimization Phase: Looking for enriched oligos with up to 2 mismatches...

	Screening oligos 32861 (allowing 0 mismatches):
	|0%                                   50%                                  100%|
	================================================================================
		24.73% skipped, 75.27% checked (24736 of 32861), of those checked:
		24.73% not in target, 0.00% increased p-value, 0.00% high p-value

	Screening oligos 32861 (allowing 1 mismatches):
	|0%                                   50%                                  100%|
	================================================================================
		24.73% skipped, 75.27% checked (24736 of 32861), of those checked:
		0.00% not in target, 29.62% increased p-value, 51.38% high p-value

	Screening oligos 32861 (allowing 2 mismatches):
	|0%                                   50%                                  100%|
	================================================================================
		84.41% skipped, 15.59% checked (5123 of 32861), of those checked:
		0.00% not in target, 14.13% increased p-value, 0.00% high p-value
	Reading input files...
	50000 total sequences read
	Cache length = 11180
	Using binomial scoring

	Local Optimization Phase:
	1 of 25 Initial Sequence: ATTCCATT... (-28.952)
		Round 1: -33.22 ATTCCATT T:59.0(4.94%),B:698.6(1.43%),P:1e-14
		Round 2: -36.84 ATTCGATT T:78.0(6.48%),B:1042.6(2.12%),P:1e-16
		Round 3: -36.84 ATTCGATT T:78.0(6.48%),B:1042.6(2.12%),P:1e-16
		=Final=: -14.71 ATTCGATT T:24.0(2.06%),B:295.4(0.61%),P:1e-6
		Performing exhaustive masking of motif...
		Reprioritizing potential motifs...
	2 of 25 Initial Sequence: GGAATGGA... (-26.340)
		Round 1: -29.55 GGARTGGA T:64.0(5.35%),B:882.3(1.80%),P:1e-12
		Round 2: -37.26 GGAGTGGA T:96.0(7.91%),B:1454.3(2.95%),P:1e-16
		Round 3: -37.26 GGAGTGGA T:96.0(7.91%),B:1454.3(2.95%),P:1e-16
		=Final=: -13.69 GGAGTGGA T:61.0(5.24%),B:1306.7(2.69%),P:1e-5
		Performing exhaustive masking of motif...
		Reprioritizing potential motifs...
	3 of 25 Initial Sequence: TTTTTTTT... (-23.494)
		Round 1: -23.49 TTTTTTTT T:567.0(38.55%),B:17120.0(29.68%),P:1e-10
		Round 2: -23.49 TTTTTTTT T:567.0(38.55%),B:17120.0(29.68%),P:1e-10
		=Final=: -1.20 TTTTTTTT T:78.0(6.70%),B:3059.6(6.29%),P:1e0
		Performing exhaustive masking of motif...
		Reprioritizing potential motifs...
	4 of 25 Initial Sequence: AAAGAAAG... (-12.260)
		Round 1: -13.41 AAAGAAAG T:85.0(7.04%),B:2007.0(4.04%),P:1e-5
		Round 2: -16.82 AAACAAAG T:184.0(14.62%),B:4931.6(9.65%),P:1e-7
		Round 3: -16.82 AAACAAAG T:184.0(14.62%),B:4931.6(9.65%),P:1e-7
		=Final=: -11.11 AAACAAAG T:145.0(12.45%),B:4260.2(8.76%),P:1e-4
		Performing exhaustive masking of motif...
		Reprioritizing potential motifs...
	5 of 25 Initial Sequence: CACAAACC... (-10.650)
		Round 1: -17.56 CACAAACC T:42.0(3.54%),B:638.2(1.30%),P:1e-7
		Round 2: -17.56 CACAAACC T:42.0(3.54%),B:638.2(1.30%),P:1e-7
		=Final=: -16.45 CACAAACC T:40.0(3.43%),B:635.1(1.31%),P:1e-7
		Performing exhaustive masking of motif...
		Reprioritizing potential motifs...
	6 of 25 Initial Sequence: TAGCTAGC... (-10.510)
		Round 1: -20.94 TAGCTAGC T:42.0(3.54%),B:564.9(1.15%),P:1e-9
		Round 2: -20.94 TAGCTAGC T:42.0(3.54%),B:564.9(1.15%),P:1e-9
		=Final=: -9.71 TAGCTAGC T:21.0(1.80%),B:325.7(0.67%),P:1e-4
		Performing exhaustive masking of motif...
		Reprioritizing potential motifs...
	7 of 25 Initial Sequence: GGCATTTA... (-9.947)
		Round 1: -13.40 GGCATTTA T:34.0(2.88%),B:538.2(1.10%),P:1e-5
		Round 2: -13.40 GGCATTTA T:34.0(2.88%),B:538.2(1.10%),P:1e-5
		=Final=: -13.47 GGCATTTA T:29.0(2.49%),B:434.0(0.89%),P:1e-5
		Performing exhaustive masking of motif...
		Reprioritizing potential motifs...
	8 of 25 Initial Sequence: GGTTAAGG... (-9.919)
		Round 1: -20.73 GGTTAAGG T:67.0(5.59%),B:1186.2(2.41%),P:1e-9
		Round 2: -20.73 GGTTAAGG T:67.0(5.59%),B:1186.2(2.41%),P:1e-9
		=Final=: -19.35 GGTTAAGG T:63.0(5.41%),B:1159.0(2.38%),P:1e-8
		Performing exhaustive masking of motif...
		Reprioritizing potential motifs...
	9 of 25 Initial Sequence: CTCCTCCT... (-9.399)
		Round 1: -13.68 CTCCTCCT T:74.0(6.16%),B:1637.2(3.31%),P:1e-5
		Round 2: -13.68 CTCCTCCT T:74.0(6.16%),B:1637.2(3.31%),P:1e-5
		=Final=: -6.23 CTCCTCCT T:33.0(2.83%),B:791.7(1.63%),P:1e-2
		Performing exhaustive masking of motif...
		Reprioritizing potential motifs...
	10 of 25 Initial Sequence: AATATAAT... (-9.193)
		Round 1: -16.27 AATATAAT T:46.0(3.87%),B:775.8(1.58%),P:1e-7
		Round 2: -16.27 AATATAAT T:46.0(3.87%),B:775.8(1.58%),P:1e-7
		=Final=: -15.70 AATATAAT T:34.0(2.92%),B:505.6(1.04%),P:1e-6
		Performing exhaustive masking of motif...
		Reprioritizing potential motifs...
	Remaining seeds don't look promising (After initial 5 motifs, logp -8.935 > -9.066)

	Finalizing Enrichment Statistics (new in v3.4)
	Reading input files...
	50000 total sequences read
	Cache length = 11180
	Using binomial scoring
	Checking enrichment of 10 motif(s)
	|0%                                    50%                                  100%|
	=================================================================================
	Output in file: /hpc/pmc_drost/PROJECTS/swang/CUT_RUN/nhung_test/motif/s3norm_merge_remove_noise_fusion/homerMotifs.motifs8

	(Motifs in homer2 format)
	Determining similar motifs... 10 reduced to 8 motifs
	Outputing HTML and sequence logos for motif comparison...
	Checking de novo motifs against known motifs...
	Formatting HTML page...
		1 of 8 (1e-8) similar to GT-1/MA1020.1/Jaspar(0.768)
		2 of 8 (1e-6) similar to MOT2/MA0379.1/Jaspar(0.840)
		3 of 8 (1e-6) similar to OPI1/Literature(Harbison)/Yeast(0.768)
		4 of 8 (1e-5) similar to MOD(RRM)/Drosophila_melanogaster-RNCMPT00140-PBM/HughesRNA(0.740)
		5 of 8 (1e-5) similar to CST6(MacIsaac)/Yeast(0.814)
		6 of 8 (1e-4) similar to REF6(Zf)/Arabidopsis-REF6-ChIP-Seq(GSE106942)/Homer(0.879)
		7 of 8 (1e-4) similar to MSI1(RRM)/Homo_sapiens-RNCMPT00176-PBM/HughesRNA(0.776)
		8 of 8 (1e-2) similar to SRSF1(RRM)/Homo_sapiens-RNCMPT00163-PBM/HughesRNA(0.866)
	Job finished - if results look good, please send beer to ..

	Cleaning up tmp files...

finish cut and run analysis at Tue May 30 11:38:47 CEST 2023
