start running cut and run analysis at Sun May 14 14:40:49 CEST 2023
-------------------step 9. running peak overlap---------------

	Position file = /hpc/pmc_drost/PROJECTS/swang/CUT_RUN/nhung_test/diffBind_analysis/with_no_control_sbatch/2023-05-14no_controlfold_change2-diffBind_contrast3_s3norm.bed
	Genome = /hpc/pmc_drost/SOURCES/Genomes/human/gencode37_GRCh38_primary_assembly_genome.fa
	Output Directory = /hpc/pmc_drost/PROJECTS/swang/CUT_RUN/nhung_test/motif/s3norm_no_control
	Fragment size set to 200
	Motif length set at 8,
	Using Custom Genome
	Peak/BED file conversion summary:
		BED/Header formatted lines: 2653
		peakfile formatted lines: 0

	Peak File Statistics:
		Total Peaks: 2653
		Redundant Peak IDs: 0
		Peaks lacking information: 0 (need at least 5 columns per peak)
		Peaks with misformatted coordinates: 0 (should be integer)
		Peaks with misformatted strand: 0 (should be either +/- or 0/1)

	Peak file looks good!

	Background files for 200 bp fragments found.
	Custom genome sequence file: /hpc/pmc_drost/SOURCES/Genomes/human/gencode37_GRCh38_primary_assembly_genome.fa

	Extracting sequences from file: /hpc/pmc_drost/SOURCES/Genomes/human/gencode37_GRCh38_primary_assembly_genome.fa
	Looking for peak sequences in a single file (/hpc/pmc_drost/SOURCES/Genomes/human/gencode37_GRCh38_primary_assembly_genome.fa)
	Extracting 224 sequences from chr1
	Extracting 267 sequences from chr2
	Extracting 186 sequences from chr3
	Extracting 108 sequences from chr4
	Extracting 151 sequences from chr5
	Extracting 186 sequences from chr6
	Extracting 139 sequences from chr7
	Extracting 149 sequences from chr8
	Extracting 118 sequences from chr9
	Extracting 158 sequences from chr10
	Extracting 133 sequences from chr11
	Extracting 136 sequences from chr12
	Extracting 83 sequences from chr13
	Extracting 55 sequences from chr14
	Extracting 82 sequences from chr15
	Extracting 68 sequences from chr16
	Extracting 87 sequences from chr17
	Extracting 75 sequences from chr18
	Extracting 39 sequences from chr19
	Extracting 82 sequences from chr20
	Extracting 42 sequences from chr21
	Extracting 59 sequences from chr22
	Extracting 25 sequences from chrX
	Extracting 1 sequences from chrY

	Not removing redundant sequences


	Sequences processed:
		Auto detected maximum sequence length of 201 bp
		2653 total

	Frequency Bins: 0.2 0.25 0.3 0.35 0.4 0.45 0.5 0.6 0.7 0.8
	Freq	Bin	Count
	0.25	1	7
	0.3	2	79
	0.35	3	226
	0.4	4	528
	0.45	5	699
	0.5	6	552
	0.6	7	486
	0.7	8	76

	Total sequences set to 50000

	Choosing background that matches in CpG/GC content...
	Bin	# Targets	# Background	Background Weight
	1	7	125	0.999
	2	79	1410	1.000
	3	226	4033	1.000
	4	528	9423	1.000
	5	699	12475	1.000
	6	552	9851	1.000
	7	486	8673	1.000
	8	76	1356	1.000
	Assembling sequence file...
	Normalizing lower order oligos using homer2

	Reading input files...
	49999 total sequences read
	Autonormalization: 1-mers (4 total)
		A	28.04%	28.06%	0.999
		C	21.96%	21.94%	1.001
		G	21.96%	21.94%	1.001
		T	28.04%	28.06%	0.999
	Autonormalization: 2-mers (16 total)
		AA	8.79%	8.80%	0.999
		CA	7.74%	7.55%	1.026
		GA	6.20%	6.15%	1.008
		TA	5.31%	5.56%	0.955
		AC	5.23%	5.13%	1.020
		CC	5.78%	5.89%	0.980
		GC	4.74%	4.77%	0.994
		TC	6.20%	6.15%	1.008
		AG	7.45%	7.41%	1.005
		CG	0.99%	1.09%	0.915
		GG	5.78%	5.89%	0.980
		TG	7.74%	7.55%	1.026
		AT	6.57%	6.73%	0.977
		CT	7.45%	7.41%	1.005
		GT	5.23%	5.13%	1.020
		TT	8.79%	8.80%	0.999
	Autonormalization: 3-mers (64 total)
	Normalization weights can be found in file: /hpc/pmc_drost/PROJECTS/swang/CUT_RUN/nhung_test/motif/s3norm_no_control/seq.autonorm.tsv
	Converging on autonormalization solution:
	...............................................................................
	Final normalization:	Autonormalization: 1-mers (4 total)
		A	28.04%	28.04%	1.000
		C	21.96%	21.96%	1.000
		G	21.96%	21.96%	1.000
		T	28.04%	28.04%	1.000
	Autonormalization: 2-mers (16 total)
		AA	8.79%	8.77%	1.002
		CA	7.74%	7.71%	1.004
		GA	6.20%	6.21%	0.999
		TA	5.31%	5.35%	0.993
		AC	5.23%	5.21%	1.002
		CC	5.78%	5.80%	0.996
		GC	4.74%	4.74%	1.000
		TC	6.20%	6.21%	0.999
		AG	7.45%	7.45%	1.000
		CG	0.99%	1.00%	0.997
		GG	5.78%	5.80%	0.996
		TG	7.74%	7.71%	1.004
		AT	6.57%	6.61%	0.995
		CT	7.45%	7.45%	1.000
		GT	5.23%	5.21%	1.002
		TT	8.79%	8.77%	1.002
	Autonormalization: 3-mers (64 total)
	Finished preparing sequence/group files

	----------------------------------------------------------
	Known motif enrichment

	Reading input files...
	49999 total sequences read
	1006 motifs loaded
	Cache length = 11180
	Using binomial scoring
	Checking enrichment of 1006 motif(s)
	|0%                                    50%                                  100%|
	=================================================================================
	Preparing HTML output with sequence logos...
		1 of 1006 (1e-65) Fos(bZIP)/TSC-Fos-ChIP-Seq(GSE110950)/Homer
		2 of 1006 (1e-61) Fra1(bZIP)/BT549-Fra1-ChIP-Seq(GSE46166)/Homer
		3 of 1006 (1e-61) Atf3(bZIP)/GBM-ATF3-ChIP-Seq(GSE33912)/Homer
		4 of 1006 (1e-59) BATF(bZIP)/Th17-BATF-ChIP-Seq(GSE39756)/Homer
		5 of 1006 (1e-57) JunB(bZIP)/DendriticCells-Junb-ChIP-Seq(GSE36099)/Homer
		6 of 1006 (1e-55) Fra2(bZIP)/Striatum-Fra2-ChIP-Seq(GSE43429)/Homer
		7 of 1006 (1e-54) MITF(bHLH)/MastCells-MITF-ChIP-Seq(GSE48085)/Homer
		8 of 1006 (1e-53) Fosl2(bZIP)/3T3L1-Fosl2-ChIP-Seq(GSE56872)/Homer
		9 of 1006 (1e-52) AP-1(bZIP)/ThioMac-PU.1-ChIP-Seq(GSE21512)/Homer
		10 of 1006 (1e-45) Jun-AP1(bZIP)/K562-cJun-ChIP-Seq(GSE31477)/Homer
		11 of 1006 (1e-45) PIF5ox(bHLH)/Arabidopsis-PIF5ox-ChIP-Seq(GSE35062)/Homer
		12 of 1006 (1e-42) SPCH(bHLH)/Seedling-SPCH-ChIP-Seq(GSE57497)/Homer
		13 of 1006 (1e-41) BMAL1(bHLH)/Liver-Bmal1-ChIP-Seq(GSE39860)/Homer
		14 of 1006 (1e-35) PIF4(bHLH)/Seedling-PIF4-ChIP-Seq(GSE35315)/Homer
		15 of 1006 (1e-29) USF1(bHLH)/GM12878-Usf1-ChIP-Seq(GSE32465)/Homer
		16 of 1006 (1e-27) BIM2(bHLH)/col-BIM2-DAP-Seq(GSE60143)/Homer
		17 of 1006 (1e-26) Bach2(bZIP)/OCILy7-Bach2-ChIP-Seq(GSE44420)/Homer
		18 of 1006 (1e-23) CLOCK(bHLH)/Liver-Clock-ChIP-Seq(GSE39860)/Homer
		19 of 1006 (1e-23) Usf2(bHLH)/C2C12-Usf2-ChIP-Seq(GSE36030)/Homer
		20 of 1006 (1e-22) bHLHE41(bHLH)/proB-Bhlhe41-ChIP-Seq(GSE93764)/Homer
		21 of 1006 (1e-18) NPAS2(bHLH)/Liver-NPAS2-ChIP-Seq(GSE39860)/Homer
		22 of 1006 (1e-16) Cbf1(bHLH)/Yeast-Cbf1-ChIP-Seq(GSE29506)/Homer
		23 of 1006 (1e-15) IBL1(bHLH)/Seedling-IBL1-ChIP-Seq(GSE51120)/Homer
		24 of 1006 (1e-15) NPAS(bHLH)/Liver-NPAS-ChIP-Seq(GSE39860)/Homer
		25 of 1006 (1e-13) GBF3(bZIP)/Arabidopsis-GBF3-ChIP-Seq(GSE80564)/Homer
		26 of 1006 (1e-12) MNT(bHLH)/HepG2-MNT-ChIP-Seq(Encode)/Homer
		27 of 1006 (1e-11) Max(bHLH)/K562-Max-ChIP-Seq(GSE31477)/Homer
		28 of 1006 (1e-10) TEAD(TEA)/Fibroblast-PU.1-ChIP-Seq(Unpublished)/Homer
		29 of 1006 (1e-9) ABF1(bZIP)/Arabidopsis-ABF1-ChIP-Seq(GSE80564)/Homer
		30 of 1006 (1e-9) TEAD4(TEA)/Tropoblast-Tead4-ChIP-Seq(GSE37350)/Homer
		31 of 1006 (1e-9) c-Myc(bHLH)/LNCAP-cMyc-ChIP-Seq(Unpublished)/Homer
		32 of 1006 (1e-9) E-box(bHLH)/Promoter/Homer
		33 of 1006 (1e-9) TFE3(bHLH)/MEF-TFE3-ChIP-Seq(GSE75757)/Homer
		34 of 1006 (1e-8) ABI5(bZIP)/col-ABI5-DAP-Seq(GSE60143)/Homer
		35 of 1006 (1e-8) Nrf2(bZIP)/Lymphoblast-Nrf2-ChIP-Seq(GSE37589)/Homer
		36 of 1006 (1e-8) bZIP3(bZIP)/col-bZIP3-DAP-Seq(GSE60143)/Homer
		37 of 1006 (1e-8) PIF7(bHLH)/col-PIF7-DAP-Seq(GSE60143)/Homer
		38 of 1006 (1e-8) n-Myc(bHLH)/mES-nMyc-ChIP-Seq(GSE11431)/Homer
		39 of 1006 (1e-8) c-Myc(bHLH)/mES-cMyc-ChIP-Seq(GSE11431)/Homer
		40 of 1006 (1e-7) NF-E2(bZIP)/K562-NFE2-ChIP-Seq(GSE31477)/Homer
		41 of 1006 (1e-7) Pho2(bHLH)/Yeast-Pho2-ChIP-Seq(GSE29506)/Homer
		42 of 1006 (1e-7) bHLH74(bHLH)/col-bHLH74-DAP-Seq(GSE60143)/Homer
		43 of 1006 (1e-7) TEAD1(TEAD)/HepG2-TEAD1-ChIP-Seq(Encode)/Homer
		44 of 1006 (1e-7) E-box/Arabidopsis-Promoters/Homer
		45 of 1006 (1e-7) Pho4(bHLH)/Yeast-Pho4-ChIP-Seq(GSE29506)/Homer
		46 of 1006 (1e-7) ERG(ETS)/VCaP-ERG-ChIP-Seq(GSE14097)/Homer
		47 of 1006 (1e-6) MafK(bZIP)/C2C12-MafK-ChIP-Seq(GSE36030)/Homer
		48 of 1006 (1e-6) TEAD2(TEA)/Py2T-Tead2-ChIP-Seq(GSE55709)/Homer
		49 of 1006 (1e-6) Elf4(ETS)/BMDM-Elf4-ChIP-Seq(GSE88699)/Homer
		50 of 1006 (1e-6) ETS1(ETS)/Jurkat-ETS1-ChIP-Seq(GSE17954)/Homer
		51 of 1006 (1e-6) GABPA(ETS)/Jurkat-GABPa-ChIP-Seq(GSE17954)/Homer
		52 of 1006 (1e-6) bZIP48(bZIP)/colamp-bZIP48-DAP-Seq(GSE60143)/Homer
		53 of 1006 (1e-6) bZIP28(bZIP)/col-bZIP28-DAP-Seq(GSE60143)/Homer
		54 of 1006 (1e-6) ABF2(bZIP)/col-ABF2-DAP-Seq(GSE60143)/Homer
		55 of 1006 (1e-6) ELF1(ETS)/Jurkat-ELF1-ChIP-Seq(SRA014231)/Homer
		56 of 1006 (1e-6) TEAD3(TEA)/HepG2-TEAD3-ChIP-Seq(Encode)/Homer
		57 of 1006 (1e-6) ETV1(ETS)/GIST48-ETV1-ChIP-Seq(GSE22441)/Homer
		58 of 1006 (1e-6) MafA(bZIP)/Islet-MafA-ChIP-Seq(GSE30298)/Homer
		59 of 1006 (1e-5) Fli1(ETS)/CD8-FLI-ChIP-Seq(GSE20898)/Homer
		60 of 1006 (1e-5) GBF5(bZIP)/colamp-GBF5-DAP-Seq(GSE60143)/Homer
		61 of 1006 (1e-5) At4g36780(BZR)/col-At4g36780-DAP-Seq(GSE60143)/Homer
		62 of 1006 (1e-5) Etv2(ETS)/ES-ER71-ChIP-Seq(GSE59402)/Homer
		63 of 1006 (1e-5) bZIP68(bZIP)/col-bZIP68-DAP-Seq(GSE60143)/Homer
		64 of 1006 (1e-5) bHLH34(bHLH)/colamp-bHLH34-DAP-Seq(GSE60143)/Homer
		65 of 1006 (1e-5) Pax8(Paired,Homeobox)/Thyroid-Pax8-ChIP-Seq(GSE26938)/Homer
		66 of 1006 (1e-5) NF1-halfsite(CTF)/LNCaP-NF1-ChIP-Seq(Unpublished)/Homer
		67 of 1006 (1e-5) ELF5(ETS)/T47D-ELF5-ChIP-Seq(GSE30407)/Homer
		68 of 1006 (1e-5) EHF(ETS)/LoVo-EHF-ChIP-Seq(GSE49402)/Homer
		69 of 1006 (1e-5) Lhx3(Homeobox)/Neuron-Lhx3-ChIP-Seq(GSE31456)/Homer
		70 of 1006 (1e-5) At1g78700(BZR)/col-At1g78700-DAP-Seq(GSE60143)/Homer
		71 of 1006 (1e-5) AREB3(bZIP)/col-AREB3-DAP-Seq(GSE60143)/Homer
		72 of 1006 (1e-5) En1(Homeobox)/SUM149-EN1-ChIP-Seq(GSE120957)/Homer
		73 of 1006 (1e-5) Egr2(Zf)/Thymocytes-Egr2-ChIP-Seq(GSE34254)/Homer
		74 of 1006 (1e-4) PAX6(Paired,Homeobox)/Forebrain-Pax6-ChIP-Seq(GSE66961)/Homer
		75 of 1006 (1e-4) Elk1(ETS)/Hela-Elk1-ChIP-Seq(GSE31477)/Homer
		76 of 1006 (1e-4) GBF6(bZIP)/colamp-GBF6-DAP-Seq(GSE60143)/Homer
		77 of 1006 (1e-4) Bach1(bZIP)/K562-Bach1-ChIP-Seq(GSE31477)/Homer
		78 of 1006 (1e-4) Hoxa11(Homeobox)/ChickenMSG-Hoxa11.Flag-ChIP-Seq(GSE86088)/Homer
		79 of 1006 (1e-4) PAX5(Paired,Homeobox)/GM12878-PAX5-ChIP-Seq(GSE32465)/Homer
		80 of 1006 (1e-4) ATHB34(ZFHD)/colamp-ATHB34-DAP-Seq(GSE60143)/Homer
		81 of 1006 (1e-4) bHLHE40(bHLH)/HepG2-BHLHE40-ChIP-Seq(GSE31477)/Homer
		82 of 1006 (1e-4) Hoxd13(Homeobox)/ChickenMSG-Hoxd13.Flag-ChIP-Seq(GSE86088)/Homer
		83 of 1006 (1e-4) Stat3+il21(Stat)/CD4-Stat3-ChIP-Seq(GSE19198)/Homer
		84 of 1006 (1e-4) NF1(CTF)/LNCAP-NF1-ChIP-Seq(Unpublished)/Homer
		85 of 1006 (1e-4) FoxD3(forkhead)/ZebrafishEmbryo-Foxd3.biotin-ChIP-seq(GSE106676)/Homer
		86 of 1006 (1e-4) Bcl6(Zf)/Liver-Bcl6-ChIP-Seq(GSE31578)/Homer
		87 of 1006 (1e-4) AT5G05550(Trihelix)/col-AT5G05550-DAP-Seq(GSE60143)/Homer
		88 of 1006 (1e-4) ELF3(ETS)/PDAC-ELF3-ChIP-Seq(GSE64557)/Homer
		89 of 1006 (1e-4) Stat3(Stat)/mES-Stat3-ChIP-Seq(GSE11431)/Homer
		90 of 1006 (1e-4) bZIP53(bZIP)/colamp-bZIP53-DAP-Seq(GSE60143)/Homer
		91 of 1006 (1e-4) ETV4(ETS)/HepG2-ETV4-ChIP-Seq(ENCODE)/Homer
		92 of 1006 (1e-4) ATHB33(ZFHD)/col-ATHB33-DAP-Seq(GSE60143)/Homer
		93 of 1006 (1e-4) Elk4(ETS)/Hela-Elk4-ChIP-Seq(GSE31477)/Homer
		94 of 1006 (1e-4) Hoxd11(Homeobox)/ChickenMSG-Hoxd11.Flag-ChIP-Seq(GSE86088)/Homer
		95 of 1006 (1e-4) FoxL2(Forkhead)/Ovary-FoxL2-ChIP-Seq(GSE60858)/Homer
		96 of 1006 (1e-4) Foxa2(Forkhead)/Liver-Foxa2-ChIP-Seq(GSE25694)/Homer
		97 of 1006 (1e-4) RORa(NR)/Liver-Rora-ChIP-Seq(GSE101115)/Homer
		98 of 1006 (1e-4) ETS(ETS)/Promoter/Homer
		99 of 1006 (1e-4) bZIP16(bZIP)/colamp-bZIP16-DAP-Seq(GSE60143)/Homer
		100 of 1006 (1e-4) DLX2(Homeobox)/BasalGanglia-Dlx2-ChIP-seq(GSE124936)/Homer
		101 of 1006 (1e-3) Hoxa13(Homeobox)/ChickenMSG-Hoxa13.Flag-ChIP-Seq(GSE86088)/Homer
		102 of 1006 (1e-3) FOXA1(Forkhead)/MCF7-FOXA1-ChIP-Seq(GSE26831)/Homer
		103 of 1006 (1e-3) Egr1(Zf)/K562-Egr1-ChIP-Seq(GSE32465)/Homer
		104 of 1006 (1e-3) LHX9(Homeobox)/Hct116-LHX9.V5-ChIP-Seq(GSE116822)/Homer
		105 of 1006 (1e-3) Smad3(MAD)/NPC-Smad3-ChIP-Seq(GSE36673)/Homer
		106 of 1006 (1e-3) Six1(Homeobox)/Myoblast-Six1-ChIP-Chip(GSE20150)/Homer
		107 of 1006 (1e-3) ATHB23(ZFHD)/col-ATHB23-DAP-Seq(GSE60143)/Homer
		108 of 1006 (1e-3) HNF1b(Homeobox)/PDAC-HNF1B-ChIP-Seq(GSE64557)/Homer
		109 of 1006 (1e-3) ATHB25(ZFHD)/colamp-ATHB25-DAP-Seq(GSE60143)/Homer
		110 of 1006 (1e-3) Rfx1(HTH)/NPC-H3K4me1-ChIP-Seq(GSE16256)/Homer
		111 of 1006 (1e-3) Lhx1(Homeobox)/EmbryoCarcinoma-Lhx1-ChIP-Seq(GSE70957)/Homer
		112 of 1006 (1e-3) NFAT(RHD)/Jurkat-NFATC1-ChIP-Seq(Jolma_et_al.)/Homer
		113 of 1006 (1e-3) FOXA1(Forkhead)/LNCAP-FOXA1-ChIP-Seq(GSE27824)/Homer
		114 of 1006 (1e-3) Tlx?(NR)/NPC-H3K4me1-ChIP-Seq(GSE16256)/Homer
		115 of 1006 (1e-3) PPARa(NR),DR1/Liver-Ppara-ChIP-Seq(GSE47954)/Homer
		116 of 1006 (1e-3) REB1/SacCer-Promoters/Homer
		117 of 1006 (1e-3) RXR(NR),DR1/3T3L1-RXR-ChIP-Seq(GSE13511)/Homer
		118 of 1006 (1e-3) bZIP18(bZIP)/colamp-bZIP18-DAP-Seq(GSE60143)/Homer
		119 of 1006 (1e-3) RORg(NR)/Liver-Rorc-ChIP-Seq(GSE101115)/Homer
		120 of 1006 (1e-3) Hoxd10(Homeobox)/ChickenMSG-Hoxd10.Flag-ChIP-Seq(GSE86088)/Homer
		121 of 1006 (1e-3) NFkB-p65-Rel(RHD)/ThioMac-LPS-Expression(GSE23622)/Homer
		122 of 1006 (1e-3) Hnf1(Homeobox)/Liver-Foxa2-Chip-Seq(GSE25694)/Homer
		123 of 1006 (1e-3) DEL2(E2FDP)/col-DEL2-DAP-Seq(GSE60143)/Homer
		124 of 1006 (1e-3) AARE(HLH)/mES-cMyc-ChIP-Seq/Homer
		125 of 1006 (1e-3) RORgt(NR)/EL4-RORgt.Flag-ChIP-Seq(GSE56019)/Homer
		126 of 1006 (1e-3) RORgt(NR)/EL4-RORgt.Flag-ChIP-Seq(GSE56019)/Homer
		127 of 1006 (1e-3) FOXK1(Forkhead)/HEK293-FOXK1-ChIP-Seq(GSE51673)/Homer
		128 of 1006 (1e-3) ATHB24(ZFHD)/colamp-ATHB24-DAP-Seq(GSE60143)/Homer
		129 of 1006 (1e-3) MYB101(MYB)/colamp-MYB101-DAP-Seq(GSE60143)/Homer
		130 of 1006 (1e-3) Foxo3(Forkhead)/U2OS-Foxo3-ChIP-Seq(E-MTAB-2701)/Homer
		131 of 1006 (1e-3) MYB77(MYB)/col-MYB77-DAP-Seq(GSE60143)/Homer
		132 of 1006 (1e-3) BORIS(Zf)/K562-CTCFL-ChIP-Seq(GSE32465)/Homer
		133 of 1006 (1e-3) Ets1-distal(ETS)/CD4+-PolII-ChIP-Seq(Barski_et_al.)/Homer
		134 of 1006 (1e-3) MYB98(MYB)/col-MYB98-DAP-Seq(GSE60143)/Homer
		135 of 1006 (1e-3) MYB(HTH)/ERMYB-Myb-ChIPSeq(GSE22095)/Homer
		136 of 1006 (1e-3) EWS:FLI1-fusion(ETS)/SK_N_MC-EWS:FLI1-ChIP-Seq(SRA014231)/Homer
		137 of 1006 (1e-3) FOXP1(Forkhead)/H9-FOXP1-ChIP-Seq(GSE31006)/Homer
		138 of 1006 (1e-3) AP-2alpha(AP2)/Hela-AP2alpha-ChIP-Seq(GSE31477)/Homer
		139 of 1006 (1e-3) SPDEF(ETS)/VCaP-SPDEF-ChIP-Seq(SRA014231)/Homer
		140 of 1006 (1e-3) X-box(HTH)/NPC-H3K4me1-ChIP-Seq(GSE16256)/Homer
		141 of 1006 (1e-3) Atf4(bZIP)/MEF-Atf4-ChIP-Seq(GSE35681)/Homer
		142 of 1006 (1e-3) Foxf1(Forkhead)/Lung-Foxf1-ChIP-Seq(GSE77951)/Homer
		143 of 1006 (1e-3) PHA-4(Forkhead)/cElegans-Embryos-PHA4-ChIP-Seq(modEncode)/Homer
		144 of 1006 (1e-2) AMYB(HTH)/Testes-AMYB-ChIP-Seq(GSE44588)/Homer
		145 of 1006 (1e-2) Cdx2(Homeobox)/mES-Cdx2-ChIP-Seq(GSE14586)/Homer
		146 of 1006 (1e-2) AP-2gamma(AP2)/MCF7-TFAP2C-ChIP-Seq(GSE21234)/Homer
		147 of 1006 (1e-2) Prop1(Homeobox)/GHFT1-PROP1.biotin-ChIP-Seq(GSE77302)/Homer
		148 of 1006 (1e-2) Twist(bHLH)/HMLE-TWIST1-ChIP-Seq(Chang_et_al)/Homer
		149 of 1006 (1e-2) Ap4(bHLH)/AML-Tfap4-ChIP-Seq(GSE45738)/Homer
		150 of 1006 (1e-2) SCL(bHLH)/HPC7-Scl-ChIP-Seq(GSE13511)/Homer
		151 of 1006 (1e-2) AT3G10030(Trihelix)/colamp-AT3G10030-DAP-Seq(GSE60143)/Homer
		152 of 1006 (1e-2) DMRT6(DM)/Testis-DMRT6-ChIP-Seq(GSE60440)/Homer
		153 of 1006 (1e-2) Six2(Homeobox)/NephronProgenitor-Six2-ChIP-Seq(GSE39837)/Homer
		154 of 1006 (1e-2) Lhx2(Homeobox)/HFSC-Lhx2-ChIP-Seq(GSE48068)/Homer
		155 of 1006 (1e-2) HIF-1b(HLH)/T47D-HIF1b-ChIP-Seq(GSE59937)/Homer
		156 of 1006 (1e-2) NFE2L2(bZIP)/HepG2-NFE2L2-ChIP-Seq(Encode)/Homer
		157 of 1006 (1e-2) AT3G12130(C3H)/colamp-AT3G12130-DAP-Seq(GSE60143)/Homer
		158 of 1006 (1e-2) EWS:ERG-fusion(ETS)/CADO_ES1-EWS:ERG-ChIP-Seq(SRA014231)/Homer
		159 of 1006 (1e-2) Replumless(BLH)/Arabidopsis-RPL.GFP-ChIP-Seq(GSE78727)/Homer
		160 of 1006 (1e-2) NLP7(RWPRK)/col-NLP7-DAP-Seq(GSE60143)/Homer
		161 of 1006 (1e-2) Rfx6(HTH)/Min6b1-Rfx6.HA-ChIP-Seq(GSE62844)/Homer
		162 of 1006 (1e-2) Chop(bZIP)/MEF-Chop-ChIP-Seq(GSE35681)/Homer
		163 of 1006 (1e-2) EBF2(EBF)/BrownAdipose-EBF2-ChIP-Seq(GSE97114)/Homer
		164 of 1006 (1e-2) Sp2(Zf)/HEK293-Sp2.eGFP-ChIP-Seq(Encode)/Homer
		165 of 1006 (1e-2) E-box/Drosophila-Promoters/Homer
		166 of 1006 (1e-2) PRDM15(Zf)/ESC-Prdm15-ChIP-Seq(GSE73694)/Homer
		167 of 1006 (1e-2) BIM3(bHLH)/col-BIM3-DAP-Seq(GSE60143)/Homer
		168 of 1006 (1e-2) Fox:Ebox(Forkhead,bHLH)/Panc1-Foxa2-ChIP-Seq(GSE47459)/Homer
		169 of 1006 (1e-2) Hoxa9(Homeobox)/ChickenMSG-Hoxa9.Flag-ChIP-Seq(GSE86088)/Homer
		170 of 1006 (1e-2) AT3G52440(C2C2dof)/colamp-AT3G52440-DAP-Seq(GSE60143)/Homer
		171 of 1006 (1e-2) ZEB2(Zf)/SNU398-ZEB2-ChIP-Seq(GSE103048)/Homer
		172 of 1006 (1e-2) PPARE(NR),DR1/3T3L1-Pparg-ChIP-Seq(GSE13511)/Homer
		173 of 1006 (1e-2) TRPS1(Zf)/MCF7-TRPS1-ChIP-Seq(GSE107013)/Homer
		174 of 1006 (1e-2) AT5G63260(C3H)/col-AT5G63260-DAP-Seq(GSE60143)/Homer
		175 of 1006 (1e-2) HLF(bZIP)/HSC-HLF.Flag-ChIP-Seq(GSE69817)/Homer
		176 of 1006 (1e-2) Nkx6.1(Homeobox)/Islet-Nkx6.1-ChIP-Seq(GSE40975)/Homer
		177 of 1006 (1e-2) RBFox2(?)/Heart-RBFox2-CLIP-Seq(GSE57926)/Homer
		178 of 1006 (1e-2) HOXB13(Homeobox)/ProstateTumor-HOXB13-ChIP-Seq(GSE56288)/Homer
		179 of 1006 (1e-2) CDX4(Homeobox)/ZebrafishEmbryos-Cdx4.Myc-ChIP-Seq(GSE48254)/Homer
		180 of 1006 (1e-2) HLH-1(bHLH)/cElegans-Embryo-HLH1-ChIP-Seq(modEncode)/Homer
		181 of 1006 (1e-2) NFAT:AP1(RHD,bZIP)/Jurkat-NFATC1-ChIP-Seq(Jolma_et_al.)/Homer
		182 of 1006 (1e-2) Rfx2(HTH)/LoVo-RFX2-ChIP-Seq(GSE49402)/Homer
		183 of 1006 (1e-2) MafB(bZIP)/BMM-Mafb-ChIP-Seq(GSE75722)/Homer
		184 of 1006 (1e-2) CAMTA1(CAMTA)/col-CAMTA1-DAP-Seq(GSE60143)/Homer
		185 of 1006 (1e-2) EBF1(EBF)/Near-E2A-ChIP-Seq(GSE21512)/Homer
		186 of 1006 (1e-2) WT1(Zf)/Kidney-WT1-ChIP-Seq(GSE90016)/Homer
		187 of 1006 (1e-2) FOXM1(Forkhead)/MCF7-FOXM1-ChIP-Seq(GSE72977)/Homer
		188 of 1006 (1e-2) WRKY40(WRKY)/colamp-WRKY40-DAP-Seq(GSE60143)/Homer
		189 of 1006 (1e-2) RUNX1(Runt)/Jurkat-RUNX1-ChIP-Seq(GSE29180)/Homer
		190 of 1006 (1e-2) WRKY47(WRKY)/colamp-WRKY47-DAP-Seq(GSE60143)/Homer
		191 of 1006 (1e-2) PABPC1(?)/MEL-PABC1-CLIP-Seq(GSE69755)/Homer
		192 of 1006 (1e-2) HRE(HSF)/HepG2-HSF1-ChIP-Seq(GSE31477)/Homer
	----------------------------------------------------------
	De novo motif finding (HOMER)

	Scanning input files...
	Parsing sequences...
	|0%                                   50%                                  100%|
	================================================================================
	Total number of Oligos: 32887
	Autoadjustment for sequence coverage in background: 1.00x

	Oligos: 32887 of 34497 max
	Tree  : 66840 of 172485 max
	Optimizing memory usage...
	Cache length = 11180
	Using binomial scoring

	Global Optimization Phase: Looking for enriched oligos with up to 2 mismatches...

	Screening oligos 32887 (allowing 0 mismatches):
	|0%                                   50%                                  100%|
	================================================================================
		6.57% skipped, 93.43% checked (30726 of 32887), of those checked:
		6.57% not in target, 0.00% increased p-value, 0.00% high p-value

	Screening oligos 32887 (allowing 1 mismatches):
	|0%                                   50%                                  100%|
	================================================================================
		6.57% skipped, 93.43% checked (30726 of 32887), of those checked:
		0.00% not in target, 38.38% increased p-value, 47.72% high p-value

	Screening oligos 32887 (allowing 2 mismatches):
	|0%                                   50%                                  100%|
	================================================================================
		66.35% skipped, 33.65% checked (11065 of 32887), of those checked:
		0.00% not in target, 25.63% increased p-value, 0.00% high p-value
	Reading input files...
	49999 total sequences read
	Cache length = 11180
	Using binomial scoring

	Local Optimization Phase:
	1 of 25 Initial Sequence: GTCACATG... (-107.001)
		Round 1: -178.60 GTCACATG T:1122.0(34.49%),B:9977.7(19.06%),P:1e-77
		Round 2: -178.60 GTCACATG T:1122.0(34.49%),B:9977.7(19.06%),P:1e-77
		=Final=: -171.77 GTCACATG T:869.0(32.76%),B:8459.7(17.93%),P:1e-74
		Performing exhaustive masking of motif...
		Reprioritizing potential motifs...
	2 of 25 Initial Sequence: ATGACTCA... (-70.021)
		Round 1: -163.03 ATGACTCA T:875.0(28.10%),B:7445.6(14.60%),P:1e-70
		Round 2: -163.03 ATGACTCA T:875.0(28.10%),B:7445.6(14.60%),P:1e-70
		=Final=: -95.81 ATGACTCA T:482.0(18.17%),B:4507.2(9.55%),P:1e-41
		Performing exhaustive masking of motif...
		Reprioritizing potential motifs...
	3 of 25 Initial Sequence: GAATTCCG... (-26.297)
		Round 1: -29.42 GAATTCCG T:331.0(11.73%),B:3770.6(7.68%),P:1e-12
		Round 2: -29.42 GAATTCCG T:331.0(11.73%),B:3770.6(7.68%),P:1e-12
		=Final=: -22.49 GAATTCCG T:260.0(9.80%),B:3097.3(6.56%),P:1e-9
		Performing exhaustive masking of motif...
		Reprioritizing potential motifs...
	4 of 25 Initial Sequence: AGCACGTG... (-24.880)
		Round 1: -39.46 AGCACGTG T:292.0(10.42%),B:2951.4(6.06%),P:1e-17
		Round 2: -42.06 AKCASGTG T:228.0(8.24%),B:2079.3(4.31%),P:1e-18
		Round 3: -42.06 AKCASGTG T:228.0(8.24%),B:2079.3(4.31%),P:1e-18
		=Final=: -41.26 AKCASGTG T:210.0(7.92%),B:1945.5(4.12%),P:1e-17
		Performing exhaustive masking of motif...
		Reprioritizing potential motifs...
	5 of 25 Initial Sequence: GCAGTCAC... (-21.306)
		Round 1: -28.26 GCAGTCAC T:1047.0(32.61%),B:14435.6(26.36%),P:1e-12
		Round 2: -28.26 GCAGTCAC T:1047.0(32.61%),B:14435.6(26.36%),P:1e-12
		=Final=: -32.07 GCAGTCAC T:677.0(25.52%),B:9169.2(19.43%),P:1e-13
		Performing exhaustive masking of motif...
		Reprioritizing potential motifs...
	6 of 25 Initial Sequence: CTTTCCCG... (-19.879)
		Round 1: -31.42 CTTTCCCG T:1698.0(47.28%),B:24111.5(40.01%),P:1e-13
		Round 2: -31.42 CTTTCCCG T:1698.0(47.28%),B:24111.5(40.01%),P:1e-13
		=Final=: -31.18 CTTTCCCG T:1027.0(38.71%),B:14997.2(31.79%),P:1e-13
		Performing exhaustive masking of motif...
		Reprioritizing potential motifs...
	7 of 25 Initial Sequence: GCACGAGT... (-16.399)
		Round 1: -23.95 GCACGAGT T:205.0(7.44%),B:2199.7(4.55%),P:1e-10
		Round 2: -24.11 GCACGRGT T:248.0(8.93%),B:2778.6(5.72%),P:1e-10
		Round 3: -24.11 GCACGRGT T:248.0(8.93%),B:2778.6(5.72%),P:1e-10
		=Final=: -23.03 GCACGRGT T:230.0(8.67%),B:2643.1(5.60%),P:1e-10
		Performing exhaustive masking of motif...
		Reprioritizing potential motifs...
	8 of 25 Initial Sequence: GCCCTGCG... (-14.669)
		Round 1: -25.51 GCCCTGCG T:1509.0(43.39%),B:21792.2(36.99%),P:1e-11
		Round 2: -26.10 GCCCTGCG T:1392.0(40.83%),B:19915.1(34.43%),P:1e-11
		Round 3: -29.14 GCCCTGYG T:1550.0(44.25%),B:22070.3(37.36%),P:1e-12
		Round 4: -29.14 GCCCTGYG T:1550.0(44.25%),B:22070.3(37.36%),P:1e-12
		=Final=: -26.82 GCCCTGYG T:1140.0(42.97%),B:17182.3(36.42%),P:1e-11
		Performing exhaustive masking of motif...
		Reprioritizing potential motifs...
	9 of 25 Initial Sequence: GGGTGATT... (-14.233)
		Round 1: -25.73 GGGTGATT T:400.0(14.00%),B:4887.6(9.84%),P:1e-11
		Round 2: -25.73 GGGTGATT T:400.0(14.00%),B:4887.6(9.84%),P:1e-11
		=Final=: -26.83 GGGTGATT T:372.0(14.02%),B:4617.3(9.79%),P:1e-11
		Performing exhaustive masking of motif...
		Reprioritizing potential motifs...
	10 of 25 Initial Sequence: GAATGAAT... (-13.005)
		Round 1: -23.67 GAATGAAT T:513.0(17.58%),B:6642.1(13.13%),P:1e-10
		Round 2: -23.67 GAATGAAT T:513.0(17.58%),B:6642.1(13.13%),P:1e-10
		=Final=: -18.02 GAATGAAT T:368.0(13.87%),B:4918.9(10.43%),P:1e-7
		Performing exhaustive masking of motif...
		Reprioritizing potential motifs...
	11 of 25 Initial Sequence: ATTGCTAA... (-11.565)
		Round 1: -23.57 ATTGCTAA T:320.0(11.36%),B:3818.2(7.77%),P:1e-10
		Round 2: -23.57 ATTGCTAA T:320.0(11.36%),B:3818.2(7.77%),P:1e-10
		=Final=: -27.66 ATTGCTAA T:306.0(11.53%),B:3605.4(7.64%),P:1e-12
		Performing exhaustive masking of motif...
		Reprioritizing potential motifs...
	12 of 25 Initial Sequence: GTCATTCC... (-11.451)
		Round 1: -14.32 GTCATTCC T:41.0(1.53%),B:295.0(0.62%),P:1e-6
		Round 2: -14.32 GTCATTCC T:41.0(1.53%),B:295.0(0.62%),P:1e-6
		=Final=: -15.17 GTCATTCC T:41.0(1.55%),B:295.0(0.63%),P:1e-6
		Performing exhaustive masking of motif...
		Reprioritizing potential motifs...
	13 of 25 Initial Sequence: AAAGGCTG... (-10.540)
		Round 1: -25.41 AAAGGCTG T:371.0(13.05%),B:4483.2(9.06%),P:1e-11
		Round 2: -25.41 AAAGGCTG T:371.0(13.05%),B:4483.2(9.06%),P:1e-11
		=Final=: -25.20 AAAGGCTG T:310.0(11.68%),B:3745.0(7.94%),P:1e-10
		Performing exhaustive masking of motif...
		Reprioritizing potential motifs...
	14 of 25 Initial Sequence: GAGCCGGC... (-10.542)
		Round 1: -19.01 GAGCCGGC T:405.0(14.16%),B:5265.3(10.56%),P:1e-8
		Round 2: -22.41 GAGCCGGC T:137.0(5.03%),B:1331.6(2.78%),P:1e-9
		Round 3: -22.41 GAGCCGGC T:137.0(5.03%),B:1331.6(2.78%),P:1e-9
		=Final=: -21.57 GAGCCGGC T:128.0(4.82%),B:1264.6(2.68%),P:1e-9
		Performing exhaustive masking of motif...
		Reprioritizing potential motifs...
	15 of 25 Initial Sequence: TTCCACAT... (-10.310)
		Round 1: -13.18 TTCCACAT T:103.0(3.81%),B:1108.3(2.32%),P:1e-5
		Round 2: -14.14 TTCCGCAT T:158.0(5.78%),B:1843.6(3.83%),P:1e-6
		Round 3: -14.14 TTCCGCAT T:158.0(5.78%),B:1843.6(3.83%),P:1e-6
		=Final=: -14.59 TTCCGCAT T:154.0(5.80%),B:1807.5(3.83%),P:1e-6
		Performing exhaustive masking of motif...
		Reprioritizing potential motifs...
	16 of 25 Initial Sequence: TTGACTCG... (-10.053)
		Round 1: -14.87 TTGACTCG T:20.0(0.75%),B:82.8(0.17%),P:1e-6
		Round 2: -14.87 TTGACTCG T:20.0(0.75%),B:82.8(0.17%),P:1e-6
		=Final=: -16.18 TTGACTCG T:20.0(0.75%),B:82.8(0.18%),P:1e-7
		Performing exhaustive masking of motif...
		Reprioritizing potential motifs...
	17 of 25 Initial Sequence: ATCGTTTT... (-10.031)
		Round 1: -12.01 ATCGTTTT T:24.0(0.90%),B:138.3(0.29%),P:1e-5
		Round 2: -14.35 ATCGATTT T:73.0(2.71%),B:685.7(1.44%),P:1e-6
		Round 3: -14.35 ATCGATTT T:73.0(2.71%),B:685.7(1.44%),P:1e-6
		=Final=: -14.63 ATCGATTT T:46.0(1.73%),B:357.6(0.76%),P:1e-6
		Performing exhaustive masking of motif...
		Reprioritizing potential motifs...
	18 of 25 Initial Sequence: TAAATAGA... (-9.934)
		Round 1: -11.06 TAAATAGA T:81.0(3.01%),B:854.2(1.79%),P:1e-4
		Round 2: -13.72 GAAATAGW T:223.0(8.06%),B:2797.0(5.76%),P:1e-5
		Round 3: -18.27 KAAATAGT T:189.0(6.88%),B:2145.8(4.44%),P:1e-7
		Round 4: -18.27 KAAATAGT T:189.0(6.88%),B:2145.8(4.44%),P:1e-7
		=Final=: -16.73 KAAATAGT T:177.0(6.67%),B:2072.2(4.39%),P:1e-7
		Performing exhaustive masking of motif...
		Reprioritizing potential motifs...
	19 of 25 Initial Sequence: AAGTAAAC... (-9.530)
		Round 1: -17.38 AAGTAAAC T:1231.0(37.13%),B:18284.1(32.13%),P:1e-7
		Round 2: -17.38 AAGTAAAC T:1231.0(37.13%),B:18284.1(32.13%),P:1e-7
		=Final=: -22.29 AAGTAAAC T:975.0(36.75%),B:14644.4(31.04%),P:1e-9
		Performing exhaustive masking of motif...
		Reprioritizing potential motifs...
	20 of 25 Initial Sequence: GTTAATGA... (-9.562)
		Round 1: -11.76 GTTAATGA T:425.0(14.80%),B:6007.2(11.96%),P:1e-5
		Round 2: -15.13 GTTAATGA T:236.0(8.51%),B:2930.3(6.02%),P:1e-6
		Round 3: -18.80 GYTARTCA T:146.0(5.36%),B:1542.3(3.22%),P:1e-8
		Round 4: -18.80 GYTARTCA T:146.0(5.36%),B:1542.3(3.22%),P:1e-8
		=Final=: -18.94 GYTARTCA T:141.0(5.31%),B:1500.1(3.18%),P:1e-8
		Performing exhaustive masking of motif...
		Reprioritizing potential motifs...
	Remaining seeds don't look promising (After initial 5 motifs, logp -9.157 > -9.424)

	Finalizing Enrichment Statistics (new in v3.4)
	Reading input files...
	49999 total sequences read
	Cache length = 11180
	Using binomial scoring
	Checking enrichment of 20 motif(s)
	|0%                                    50%                                  100%|
	=================================================================================
	Output in file: /hpc/pmc_drost/PROJECTS/swang/CUT_RUN/nhung_test/motif/s3norm_no_control/homerMotifs.motifs8

	(Motifs in homer2 format)
	Determining similar motifs... 20 reduced to 14 motifs
	Outputing HTML and sequence logos for motif comparison...
	Checking de novo motifs against known motifs...
	Formatting HTML page...
		1 of 14 (1e-74) similar to MITF(bHLH)/MastCells-MITF-ChIP-Seq(GSE48085)/Homer(0.945)
		2 of 14 (1e-57) similar to GCN4(MacIsaac)/Yeast(0.988)
		3 of 14 (1e-21) similar to SREBF1/MA0595.1/Jaspar(0.744)
		4 of 14 (1e-17) similar to ATHB34(ZFHD)/colamp-ATHB34-DAP-Seq(GSE60143)/Homer(0.806)
		5 of 14 (1e-15) similar to PCBP1(KH)/Mus_musculus-RNCMPT00239-PBM/HughesRNA(0.911)
		6 of 14 (1e-14) similar to ARR1/Literature(Harbison)/Yeast(0.814)
		7 of 14 (1e-14) similar to POL009.1_DCE_S_II/Jaspar(0.763)
		8 of 14 (1e-12) similar to FOXA1(Forkhead)/LNCAP-FOXA1-ChIP-Seq(GSE27824)/Homer(0.860)
		9 of 14 (1e-12) similar to dof42(C2C2dof)/col-dof42-DAP-Seq(GSE60143)/Homer(0.763)
		10 of 14 (1e-11) similar to MYC4/MA0569.1/Jaspar(0.813)
		11 of 14 (1e-10) similar to RDR1/MA0360.1/Jaspar(0.848)
		12 of 14 (1e-8) similar to ERF6/MA1006.1/Jaspar(0.746)
		13 of 14 (1e-8) similar to PB0028.1_Hbp1_1/Jaspar(0.887)
		14 of 14 (1e-7) similar to br(var.2)/MA0011.1/Jaspar(0.853)
	Job finished - if results look good, please send beer to ..

	Cleaning up tmp files...

finish cut and run analysis at Sun May 14 15:03:06 CEST 2023
