start running cut and run analysis at Tue May  9 19:32:30 CEST 2023
-------------------step 8. running peak calling after normalization----------------------
-----------running 1 out of 21 samples---------------------- 
-----------running 2 out of 21 samples---------------------- 
-----------running 3 out of 21 samples---------------------- 
-----------running 4 out of 21 samples---------------------- 
-----------running 5 out of 21 samples---------------------- 
-----------running 6 out of 21 samples---------------------- 
-----------running 7 out of 21 samples---------------------- 
-----------running 8 out of 21 samples---------------------- 
-----------running 9 out of 21 samples---------------------- 
-----------running 10 out of 21 samples---------------------- 
-----------running 11 out of 21 samples---------------------- 
-----------running 12 out of 21 samples---------------------- 
-----------running 13 out of 21 samples---------------------- 
-----------running 14 out of 21 samples---------------------- 
-----------running 15 out of 21 samples---------------------- 
-----------running 16 out of 21 samples---------------------- 
-----------running 17 out of 21 samples---------------------- 
-----------running 18 out of 21 samples---------------------- 
-----------running 19 out of 21 samples---------------------- 
-----------running 20 out of 21 samples---------------------- 
-----------running 21 out of 21 samples---------------------- 
INFO  @ Tue, 09 May 2023 19:32:39: Read and build bedGraph... 
INFO  @ Tue, 09 May 2023 19:32:39: Read and build bedGraph... 
INFO  @ Tue, 09 May 2023 19:32:39: Read and build bedGraph... 
INFO  @ Tue, 09 May 2023 19:32:39: Read and build bedGraph... 
INFO  @ Tue, 09 May 2023 19:32:39: Read and build bedGraph... 
INFO  @ Tue, 09 May 2023 19:32:39: Read and build bedGraph... 
INFO  @ Tue, 09 May 2023 19:32:39: Read and build bedGraph... 
INFO  @ Tue, 09 May 2023 19:32:39: Read and build bedGraph... 
INFO  @ Tue, 09 May 2023 19:32:39: Read and build bedGraph... 
INFO  @ Tue, 09 May 2023 19:32:39: Read and build bedGraph... 
INFO  @ Tue, 09 May 2023 19:32:39: Read and build bedGraph... 
INFO  @ Tue, 09 May 2023 19:32:39: Read and build bedGraph... 
INFO  @ Tue, 09 May 2023 19:32:39: Read and build bedGraph... 
INFO  @ Tue, 09 May 2023 19:32:39: Read and build bedGraph... 
INFO  @ Tue, 09 May 2023 19:32:39: Read and build bedGraph... 
INFO  @ Tue, 09 May 2023 19:32:39: Read and build bedGraph... 
INFO  @ Tue, 09 May 2023 19:32:39: Read and build bedGraph... 
INFO  @ Tue, 09 May 2023 19:32:39: Read and build bedGraph... 
INFO  @ Tue, 09 May 2023 19:32:39: Read and build bedGraph... 
INFO  @ Tue, 09 May 2023 19:32:39: Read and build bedGraph... 
INFO  @ Tue, 09 May 2023 19:32:39: Read and build bedGraph... 
Traceback (most recent call last):
  File "/hpc/pmc_drost/nhung/anaconda3/envs/cutnrun_trimgalore/bin/macs2", line 653, in <module>
    main()
  File "/hpc/pmc_drost/nhung/anaconda3/envs/cutnrun_trimgalore/bin/macs2", line 61, in main
    run( args )
  File "/hpc/pmc_drost/nhung/anaconda3/envs/cutnrun_trimgalore/lib/python3.9/site-packages/MACS2/bdgpeakcall_cmd.py", line 45, in run
    btrack = bio.build_bdgtrack(baseline_value=0)
  File "MACS2/IO/BedGraphIO.pyx", line 92, in MACS2.IO.BedGraphIO.bedGraphIO.build_bdgtrack
FileNotFoundError: [Errno 2] No such file or directory: '/hpc/pmc_drost/PROJECTS/swang/CUT_RUN/nhung_test/modify_bedgraph/remove_zero/SCC-ChIC-PMC-DRO-FH_*.bedgraph'
INFO  @ Tue, 09 May 2023 19:33:09: Call peaks from bedGraph... 
INFO  @ Tue, 09 May 2023 19:33:10: Write peaks... 
INFO  @ Tue, 09 May 2023 19:33:10: Done 
INFO  @ Tue, 09 May 2023 19:33:11: Call peaks from bedGraph... 
INFO  @ Tue, 09 May 2023 19:33:12: Write peaks... 
INFO  @ Tue, 09 May 2023 19:33:12: Done 
INFO  @ Tue, 09 May 2023 19:33:15: Call peaks from bedGraph... 
INFO  @ Tue, 09 May 2023 19:33:15: Call peaks from bedGraph... 
INFO  @ Tue, 09 May 2023 19:33:15: Call peaks from bedGraph... 
INFO  @ Tue, 09 May 2023 19:33:15: Write peaks... 
INFO  @ Tue, 09 May 2023 19:33:15: Write peaks... 
INFO  @ Tue, 09 May 2023 19:33:15: Done 
INFO  @ Tue, 09 May 2023 19:33:15: Done 
INFO  @ Tue, 09 May 2023 19:33:16: Write peaks... 
INFO  @ Tue, 09 May 2023 19:33:16: Done 
INFO  @ Tue, 09 May 2023 19:33:16: Call peaks from bedGraph... 
INFO  @ Tue, 09 May 2023 19:33:17: Write peaks... 
INFO  @ Tue, 09 May 2023 19:33:17: Call peaks from bedGraph... 
INFO  @ Tue, 09 May 2023 19:33:17: Done 
INFO  @ Tue, 09 May 2023 19:33:18: Call peaks from bedGraph... 
INFO  @ Tue, 09 May 2023 19:33:18: Write peaks... 
INFO  @ Tue, 09 May 2023 19:33:18: Done 
INFO  @ Tue, 09 May 2023 19:33:19: Write peaks... 
INFO  @ Tue, 09 May 2023 19:33:19: Done 
INFO  @ Tue, 09 May 2023 19:33:19: Call peaks from bedGraph... 
INFO  @ Tue, 09 May 2023 19:33:20: Write peaks... 
INFO  @ Tue, 09 May 2023 19:33:20: Done 
INFO  @ Tue, 09 May 2023 19:33:26: Call peaks from bedGraph... 
INFO  @ Tue, 09 May 2023 19:33:27: Call peaks from bedGraph... 
INFO  @ Tue, 09 May 2023 19:33:27: Write peaks... 
INFO  @ Tue, 09 May 2023 19:33:27: Done 
INFO  @ Tue, 09 May 2023 19:33:27: Call peaks from bedGraph... 
INFO  @ Tue, 09 May 2023 19:33:28: Write peaks... 
INFO  @ Tue, 09 May 2023 19:33:28: Done 
INFO  @ Tue, 09 May 2023 19:33:28: Write peaks... 
INFO  @ Tue, 09 May 2023 19:33:28: Done 
INFO  @ Tue, 09 May 2023 19:33:30: Call peaks from bedGraph... 
INFO  @ Tue, 09 May 2023 19:33:31: Write peaks... 
INFO  @ Tue, 09 May 2023 19:33:31: Done 
INFO  @ Tue, 09 May 2023 19:33:31: Call peaks from bedGraph... 
INFO  @ Tue, 09 May 2023 19:33:31: Call peaks from bedGraph... 
INFO  @ Tue, 09 May 2023 19:33:31: Call peaks from bedGraph... 
INFO  @ Tue, 09 May 2023 19:33:31: Write peaks... 
INFO  @ Tue, 09 May 2023 19:33:32: Done 
INFO  @ Tue, 09 May 2023 19:33:32: Call peaks from bedGraph... 
INFO  @ Tue, 09 May 2023 19:33:32: Call peaks from bedGraph... 
INFO  @ Tue, 09 May 2023 19:33:32: Write peaks... 
INFO  @ Tue, 09 May 2023 19:33:32: Done 
INFO  @ Tue, 09 May 2023 19:33:32: Write peaks... 
INFO  @ Tue, 09 May 2023 19:33:32: Write peaks... 
INFO  @ Tue, 09 May 2023 19:33:32: Done 
INFO  @ Tue, 09 May 2023 19:33:32: Done 
INFO  @ Tue, 09 May 2023 19:33:32: Call peaks from bedGraph... 
INFO  @ Tue, 09 May 2023 19:33:32: Write peaks... 
INFO  @ Tue, 09 May 2023 19:33:32: Done 
INFO  @ Tue, 09 May 2023 19:33:33: Call peaks from bedGraph... 
INFO  @ Tue, 09 May 2023 19:33:33: Write peaks... 
INFO  @ Tue, 09 May 2023 19:33:33: Done 
INFO  @ Tue, 09 May 2023 19:33:33: Write peaks... 
INFO  @ Tue, 09 May 2023 19:33:33: Done 
all done peak calling after normalization
finish cut and run analysis at Tue May  9 19:33:33 CEST 2023
