start running cut and run analysis at Tue May  2 16:30:07 CEST 2023
-------------------step 6. running peak calling after normalization----------------------
-----------running 1 out of 21 samples---------------------- 
-----------running 2 out of 21 samples---------------------- 
-----------running 3 out of 21 samples---------------------- 
-----------running 4 out of 21 samples---------------------- 
-----------running 5 out of 21 samples---------------------- 
-----------running 6 out of 21 samples---------------------- 
-----------running 7 out of 21 samples---------------------- 
-----------running 8 out of 21 samples---------------------- 
-----------running 9 out of 21 samples---------------------- 
-----------running 10 out of 21 samples---------------------- 
-----------running 11 out of 21 samples---------------------- 
-----------running 12 out of 21 samples---------------------- 
-----------running 13 out of 21 samples---------------------- 
-----------running 14 out of 21 samples---------------------- 
-----------running 15 out of 21 samples---------------------- 
-----------running 16 out of 21 samples---------------------- 
-----------running 17 out of 21 samples---------------------- 
-----------running 18 out of 21 samples---------------------- 
-----------running 19 out of 21 samples---------------------- 
-----------running 20 out of 21 samples---------------------- 
-----------running 21 out of 21 samples---------------------- 
INFO  @ Tue, 02 May 2023 16:30:13: Read and build bedGraph... 
INFO  @ Tue, 02 May 2023 16:30:13: Read and build bedGraph... 
INFO  @ Tue, 02 May 2023 16:30:13: Read and build bedGraph... 
INFO  @ Tue, 02 May 2023 16:30:13: Read and build bedGraph... 
INFO  @ Tue, 02 May 2023 16:30:13: Read and build bedGraph... 
INFO  @ Tue, 02 May 2023 16:30:13: Read and build bedGraph... 
INFO  @ Tue, 02 May 2023 16:30:13: Read and build bedGraph... 
INFO  @ Tue, 02 May 2023 16:30:13: Read and build bedGraph... 
INFO  @ Tue, 02 May 2023 16:30:13: Read and build bedGraph... 
INFO  @ Tue, 02 May 2023 16:30:13: Read and build bedGraph... 
INFO  @ Tue, 02 May 2023 16:30:13: Read and build bedGraph... 
INFO  @ Tue, 02 May 2023 16:30:13: Read and build bedGraph... 
INFO  @ Tue, 02 May 2023 16:30:13: Read and build bedGraph... 
INFO  @ Tue, 02 May 2023 16:30:13: Read and build bedGraph... 
INFO  @ Tue, 02 May 2023 16:30:13: Read and build bedGraph... 
INFO  @ Tue, 02 May 2023 16:30:13: Read and build bedGraph... 
INFO  @ Tue, 02 May 2023 16:30:13: Read and build bedGraph... 
INFO  @ Tue, 02 May 2023 16:30:13: Read and build bedGraph... 
INFO  @ Tue, 02 May 2023 16:30:13: Read and build bedGraph... 
INFO  @ Tue, 02 May 2023 16:30:13: Read and build bedGraph... 
INFO  @ Tue, 02 May 2023 16:30:13: Read and build bedGraph... 
Traceback (most recent call last):
  File "/hpc/pmc_drost/nhung/anaconda3/envs/cutnrun_trimgalore/bin/macs2", line 653, in <module>
    main()
  File "/hpc/pmc_drost/nhung/anaconda3/envs/cutnrun_trimgalore/bin/macs2", line 61, in main
    run( args )
  File "/hpc/pmc_drost/nhung/anaconda3/envs/cutnrun_trimgalore/lib/python3.9/site-packages/MACS2/bdgpeakcall_cmd.py", line 45, in run
    btrack = bio.build_bdgtrack(baseline_value=0)
  File "MACS2/IO/BedGraphIO.pyx", line 92, in MACS2.IO.BedGraphIO.bedGraphIO.build_bdgtrack
FileNotFoundError: [Errno 2] No such file or directory: '/hpc/pmc_drost/PROJECTS/swang/CUT_RUN/nhung_test/modify_bedgraph//S3norm_NBP_bedgraph/SCC-ChIC-PMC-DRO-FH_*.bedgraph'
INFO  @ Tue, 02 May 2023 16:31:01: Call peaks from bedGraph... 
INFO  @ Tue, 02 May 2023 16:31:03: Write peaks... 
INFO  @ Tue, 02 May 2023 16:31:03: Done 
INFO  @ Tue, 02 May 2023 16:31:04: Call peaks from bedGraph... 
INFO  @ Tue, 02 May 2023 16:31:05: Call peaks from bedGraph... 
INFO  @ Tue, 02 May 2023 16:31:06: Call peaks from bedGraph... 
INFO  @ Tue, 02 May 2023 16:31:06: Write peaks... 
INFO  @ Tue, 02 May 2023 16:31:06: Done 
INFO  @ Tue, 02 May 2023 16:31:06: Call peaks from bedGraph... 
INFO  @ Tue, 02 May 2023 16:31:06: Write peaks... 
INFO  @ Tue, 02 May 2023 16:31:06: Call peaks from bedGraph... 
INFO  @ Tue, 02 May 2023 16:31:06: Call peaks from bedGraph... 
INFO  @ Tue, 02 May 2023 16:31:06: Done 
INFO  @ Tue, 02 May 2023 16:31:07: Call peaks from bedGraph... 
INFO  @ Tue, 02 May 2023 16:31:07: Write peaks... 
INFO  @ Tue, 02 May 2023 16:31:07: Done 
INFO  @ Tue, 02 May 2023 16:31:07: Call peaks from bedGraph... 
INFO  @ Tue, 02 May 2023 16:31:07: Write peaks... 
INFO  @ Tue, 02 May 2023 16:31:07: Done 
INFO  @ Tue, 02 May 2023 16:31:08: Call peaks from bedGraph... 
INFO  @ Tue, 02 May 2023 16:31:08: Call peaks from bedGraph... 
INFO  @ Tue, 02 May 2023 16:31:08: Call peaks from bedGraph... 
INFO  @ Tue, 02 May 2023 16:31:08: Call peaks from bedGraph... 
INFO  @ Tue, 02 May 2023 16:31:08: Call peaks from bedGraph... 
INFO  @ Tue, 02 May 2023 16:31:08: Call peaks from bedGraph... 
INFO  @ Tue, 02 May 2023 16:31:08: Write peaks... 
INFO  @ Tue, 02 May 2023 16:31:08: Call peaks from bedGraph... 
INFO  @ Tue, 02 May 2023 16:31:08: Done 
INFO  @ Tue, 02 May 2023 16:31:08: Write peaks... 
INFO  @ Tue, 02 May 2023 16:31:08: Call peaks from bedGraph... 
INFO  @ Tue, 02 May 2023 16:31:09: Done 
INFO  @ Tue, 02 May 2023 16:31:09: Write peaks... 
INFO  @ Tue, 02 May 2023 16:31:09: Done 
INFO  @ Tue, 02 May 2023 16:31:09: Write peaks... 
INFO  @ Tue, 02 May 2023 16:31:09: Done 
INFO  @ Tue, 02 May 2023 16:31:09: Write peaks... 
INFO  @ Tue, 02 May 2023 16:31:09: Done 
INFO  @ Tue, 02 May 2023 16:31:09: Call peaks from bedGraph... 
INFO  @ Tue, 02 May 2023 16:31:09: Write peaks... 
INFO  @ Tue, 02 May 2023 16:31:09: Done 
INFO  @ Tue, 02 May 2023 16:31:09: Write peaks... 
INFO  @ Tue, 02 May 2023 16:31:09: Write peaks... 
INFO  @ Tue, 02 May 2023 16:31:09: Done 
INFO  @ Tue, 02 May 2023 16:31:09: Done 
INFO  @ Tue, 02 May 2023 16:31:10: Write peaks... 
INFO  @ Tue, 02 May 2023 16:31:10: Done 
INFO  @ Tue, 02 May 2023 16:31:10: Write peaks... 
INFO  @ Tue, 02 May 2023 16:31:10: Done 
INFO  @ Tue, 02 May 2023 16:31:10: Write peaks... 
INFO  @ Tue, 02 May 2023 16:31:10: Done 
INFO  @ Tue, 02 May 2023 16:31:10: Write peaks... 
INFO  @ Tue, 02 May 2023 16:31:10: Done 
INFO  @ Tue, 02 May 2023 16:31:10: Call peaks from bedGraph... 
INFO  @ Tue, 02 May 2023 16:31:10: Write peaks... 
INFO  @ Tue, 02 May 2023 16:31:10: Done 
INFO  @ Tue, 02 May 2023 16:31:10: Call peaks from bedGraph... 
INFO  @ Tue, 02 May 2023 16:31:10: Write peaks... 
INFO  @ Tue, 02 May 2023 16:31:10: Done 
INFO  @ Tue, 02 May 2023 16:31:11: Write peaks... 
INFO  @ Tue, 02 May 2023 16:31:11: Done 

  /// MultiQC 🔍 | v1.14

|           multiqc | Search path : /hpc/pmc_drost/PROJECTS/swang/CUT_RUN/nhung_test/normalize_peakCalling
|         searching | ━━━━━━━━━━━━━━━━━━━━━━━━━━━━━━━━━━━━━━━━ 100% 20/20  
|           multiqc | No analysis results found. Cleaning up..
|           multiqc | MultiQC complete
all done peak calling after normalization
finish cut and run analysis at Tue May  2 16:31:35 CEST 2023
