start running cut and run analysis at Tue May  9 14:39:23 CEST 2023
-------------------step 9. running peak overlap---------------
-----------running 1 out of 4 luc samples---------------------- 
-----------running 2 out of 4 luc samples---------------------- 
-----------running 3 out of 4 luc samples---------------------- 
-----------running 4 out of 4 luc samples---------------------- 
***** WARNING: File /hpc/pmc_drost/PROJECTS/swang/CUT_RUN/nhung_test/normalize_peakCalling/bulkChIC-PMC-DRO-014_normalize.narrowPeak has inconsistent naming convention for record:
chr1	11806000	11806400	/hpc/pmc_drost/PROJECTS/swang/CUT_RUN/nhung_test/normalize_peakCalling/bulkChIC-PMC-DRO-014_normalize.narrowPeak_narrowPeak10	78	.	0	0	0	300

***** WARNING: File /hpc/pmc_drost/PROJECTS/swang/CUT_RUN/nhung_test/normalize_peakCalling/bulkChIC-PMC-DRO-014_normalize.narrowPeak has inconsistent naming convention for record:
chr1	11806000	11806400	/hpc/pmc_drost/PROJECTS/swang/CUT_RUN/nhung_test/normalize_peakCalling/bulkChIC-PMC-DRO-014_normalize.narrowPeak_narrowPeak10	78	.	0	0	0	300

-----------running 1 out of 4 tfe3 samples---------------------- 
-----------running 2 out of 4 tfe3 samples---------------------- 
-----------running 3 out of 4 tfe3 samples---------------------- 
-----------running 4 out of 4 tfe3 samples---------------------- 
***** WARNING: File /hpc/pmc_drost/PROJECTS/swang/CUT_RUN/nhung_test/normalize_peakCalling/SCC-bulkChIC-PMC-DRO-008_normalize.narrowPeak has inconsistent naming convention for record:
chr1	1079600	1079800	/hpc/pmc_drost/PROJECTS/swang/CUT_RUN/nhung_test/normalize_peakCalling/SCC-bulkChIC-PMC-DRO-008_normalize.narrowPeak_narrowPeak3	52	.	0	0	0	100

***** WARNING: File /hpc/pmc_drost/PROJECTS/swang/CUT_RUN/nhung_test/normalize_peakCalling/SCC-bulkChIC-PMC-DRO-008_normalize.narrowPeak has inconsistent naming convention for record:
chr1	1079600	1079800	/hpc/pmc_drost/PROJECTS/swang/CUT_RUN/nhung_test/normalize_peakCalling/SCC-bulkChIC-PMC-DRO-008_normalize.narrowPeak_narrowPeak3	52	.	0	0	0	100

-----------running 1 out of 4 fusion samples---------------------- 
-----------running 2 out of 4 fusion samples---------------------- 
-----------running 3 out of 4 fusion samples---------------------- 
-----------running 4 out of 4 fusion samples---------------------- 
***** WARNING: File /hpc/pmc_drost/PROJECTS/swang/CUT_RUN/nhung_test/normalize_peakCalling/SCC-ChIC-PMC-DRO-F5_normalize.narrowPeak has inconsistent naming convention for record:
KI270511.1	3400	3600	/hpc/pmc_drost/PROJECTS/swang/CUT_RUN/nhung_test/normalize_peakCalling/SCC-ChIC-PMC-DRO-F5_normalize.narrowPeak_narrowPeak1	53	.	0	0	0	100

***** WARNING: File /hpc/pmc_drost/PROJECTS/swang/CUT_RUN/nhung_test/normalize_peakCalling/SCC-ChIC-PMC-DRO-F5_normalize.narrowPeak has inconsistent naming convention for record:
KI270511.1	3400	3600	/hpc/pmc_drost/PROJECTS/swang/CUT_RUN/nhung_test/normalize_peakCalling/SCC-ChIC-PMC-DRO-F5_normalize.narrowPeak_narrowPeak1	53	.	0	0	0	100

-----------running 1 out of 6 histone samples---------------------- 
-----------running 2 out of 6 histone samples---------------------- 
-----------running 3 out of 6 histone samples---------------------- 
-----------running 4 out of 6 histone samples---------------------- 
-----------running 5 out of 6 histone samples---------------------- 
-----------running 6 out of 6 histone samples---------------------- 
Error: Unable to open file /hpc/pmc_drost/PROJECTS/swang/CUT_RUN/nhung_test/normalize_peakCalling/SCC-ChIC-PMC-DRO-FH*.narrowPeak. Exiting.
Error: The requested file (/hpc/pmc_drost/PROJECTS/swang/CUT_RUN/nhung_test/normalize_peakCalling/SCC-ChIC-PMC-DRO-FH*.narrowPeak) could not be opened. Error message: (No such file or directory). Exiting!
finish cut and run analysis at Tue May  9 14:39:26 CEST 2023
