start running cut and run analysis at Tue May 16 16:11:41 CEST 2023
-------------------step 8. running peak calling after normalization----------------------
-----------running 1 out of 20 samples---------------------- 
-----------running 2 out of 20 samples---------------------- 
-----------running 3 out of 20 samples---------------------- 
-----------running 4 out of 20 samples---------------------- 
-----------running 5 out of 20 samples---------------------- 
-----------running 6 out of 20 samples---------------------- 
-----------running 7 out of 20 samples---------------------- 
-----------running 8 out of 20 samples---------------------- 
-----------running 9 out of 20 samples---------------------- 
-----------running 10 out of 20 samples---------------------- 
-----------running 11 out of 20 samples---------------------- 
-----------running 12 out of 20 samples---------------------- 
-----------running 13 out of 20 samples---------------------- 
-----------running 14 out of 20 samples---------------------- 
-----------running 15 out of 20 samples---------------------- 
-----------running 16 out of 20 samples---------------------- 
-----------running 17 out of 20 samples---------------------- 
-----------running 18 out of 20 samples---------------------- 
-----------running 19 out of 20 samples---------------------- 
-----------running 20 out of 20 samples---------------------- 
INFO  @ Tue, 16 May 2023 16:11:43: Read and build bedGraph... 
INFO  @ Tue, 16 May 2023 16:11:43: Read and build bedGraph... 
INFO  @ Tue, 16 May 2023 16:11:43: Read and build bedGraph... 
INFO  @ Tue, 16 May 2023 16:11:43: Read and build bedGraph... 
INFO  @ Tue, 16 May 2023 16:11:43: Read and build bedGraph... 
INFO  @ Tue, 16 May 2023 16:11:43: Read and build bedGraph... 
INFO  @ Tue, 16 May 2023 16:11:43: Read and build bedGraph... 
INFO  @ Tue, 16 May 2023 16:11:43: Read and build bedGraph... 
INFO  @ Tue, 16 May 2023 16:11:43: Read and build bedGraph... 
INFO  @ Tue, 16 May 2023 16:11:43: Read and build bedGraph... 
INFO  @ Tue, 16 May 2023 16:11:43: Read and build bedGraph... 
INFO  @ Tue, 16 May 2023 16:11:43: Read and build bedGraph... 
INFO  @ Tue, 16 May 2023 16:11:43: Read and build bedGraph... 
INFO  @ Tue, 16 May 2023 16:11:43: Read and build bedGraph... 
INFO  @ Tue, 16 May 2023 16:11:43: Read and build bedGraph... 
INFO  @ Tue, 16 May 2023 16:11:43: Read and build bedGraph... 
Traceback (most recent call last):
  File "/hpc/pmc_drost/nhung/anaconda3/envs/cutnrun_trimgalore/bin/macs2", line 653, in <module>
Traceback (most recent call last):
  File "/hpc/pmc_drost/nhung/anaconda3/envs/cutnrun_trimgalore/bin/macs2", line 653, in <module>
Traceback (most recent call last):
  File "/hpc/pmc_drost/nhung/anaconda3/envs/cutnrun_trimgalore/bin/macs2", line 653, in <module>
Traceback (most recent call last):
INFO  @ Tue, 16 May 2023 16:11:43: Read and build bedGraph... 
  File "/hpc/pmc_drost/nhung/anaconda3/envs/cutnrun_trimgalore/bin/macs2", line 653, in <module>
INFO  @ Tue, 16 May 2023 16:11:43: Read and build bedGraph... 
INFO  @ Tue, 16 May 2023 16:11:43: Read and build bedGraph... 
INFO  @ Tue, 16 May 2023 16:11:43: Read and build bedGraph... 
Traceback (most recent call last):
  File "/hpc/pmc_drost/nhung/anaconda3/envs/cutnrun_trimgalore/bin/macs2", line 653, in <module>
    main()
  File "/hpc/pmc_drost/nhung/anaconda3/envs/cutnrun_trimgalore/bin/macs2", line 61, in main
    main()
  File "/hpc/pmc_drost/nhung/anaconda3/envs/cutnrun_trimgalore/bin/macs2", line 61, in main
Traceback (most recent call last):
  File "/hpc/pmc_drost/nhung/anaconda3/envs/cutnrun_trimgalore/bin/macs2", line 653, in <module>
    main()
    main()
  File "/hpc/pmc_drost/nhung/anaconda3/envs/cutnrun_trimgalore/bin/macs2", line 61, in main
  File "/hpc/pmc_drost/nhung/anaconda3/envs/cutnrun_trimgalore/bin/macs2", line 61, in main
    run( args )
  File "/hpc/pmc_drost/nhung/anaconda3/envs/cutnrun_trimgalore/lib/python3.9/site-packages/MACS2/bdgpeakcall_cmd.py", line 45, in run
Traceback (most recent call last):
  File "/hpc/pmc_drost/nhung/anaconda3/envs/cutnrun_trimgalore/bin/macs2", line 653, in <module>
    run( args )
  File "/hpc/pmc_drost/nhung/anaconda3/envs/cutnrun_trimgalore/lib/python3.9/site-packages/MACS2/bdgpeakcall_cmd.py", line 45, in run
Traceback (most recent call last):
  File "/hpc/pmc_drost/nhung/anaconda3/envs/cutnrun_trimgalore/bin/macs2", line 653, in <module>
    main()
  File "/hpc/pmc_drost/nhung/anaconda3/envs/cutnrun_trimgalore/bin/macs2", line 61, in main
    run( args )
    run( args )
  File "/hpc/pmc_drost/nhung/anaconda3/envs/cutnrun_trimgalore/lib/python3.9/site-packages/MACS2/bdgpeakcall_cmd.py", line 45, in run
  File "/hpc/pmc_drost/nhung/anaconda3/envs/cutnrun_trimgalore/lib/python3.9/site-packages/MACS2/bdgpeakcall_cmd.py", line 45, in run
    main()
  File "/hpc/pmc_drost/nhung/anaconda3/envs/cutnrun_trimgalore/bin/macs2", line 61, in main
    run( args )
  File "/hpc/pmc_drost/nhung/anaconda3/envs/cutnrun_trimgalore/lib/python3.9/site-packages/MACS2/bdgpeakcall_cmd.py", line 45, in run
    main()
    run( args )
  File "/hpc/pmc_drost/nhung/anaconda3/envs/cutnrun_trimgalore/bin/macs2", line 61, in main
  File "/hpc/pmc_drost/nhung/anaconda3/envs/cutnrun_trimgalore/lib/python3.9/site-packages/MACS2/bdgpeakcall_cmd.py", line 45, in run
    main()
  File "/hpc/pmc_drost/nhung/anaconda3/envs/cutnrun_trimgalore/bin/macs2", line 61, in main
    run( args )
  File "/hpc/pmc_drost/nhung/anaconda3/envs/cutnrun_trimgalore/lib/python3.9/site-packages/MACS2/bdgpeakcall_cmd.py", line 45, in run
    run( args )
  File "/hpc/pmc_drost/nhung/anaconda3/envs/cutnrun_trimgalore/lib/python3.9/site-packages/MACS2/bdgpeakcall_cmd.py", line 45, in run
    btrack = bio.build_bdgtrack(baseline_value=0)
    btrack = bio.build_bdgtrack(baseline_value=0)
    btrack = bio.build_bdgtrack(baseline_value=0)
    btrack = bio.build_bdgtrack(baseline_value=0)
    btrack = bio.build_bdgtrack(baseline_value=0)
    btrack = bio.build_bdgtrack(baseline_value=0)
  File "MACS2/IO/BedGraphIO.pyx", line 92, in MACS2.IO.BedGraphIO.bedGraphIO.build_bdgtrack
  File "MACS2/IO/BedGraphIO.pyx", line 92, in MACS2.IO.BedGraphIO.bedGraphIO.build_bdgtrack
  File "MACS2/IO/BedGraphIO.pyx", line 92, in MACS2.IO.BedGraphIO.bedGraphIO.build_bdgtrack
  File "MACS2/IO/BedGraphIO.pyx", line 92, in MACS2.IO.BedGraphIO.bedGraphIO.build_bdgtrack
  File "MACS2/IO/BedGraphIO.pyx", line 92, in MACS2.IO.BedGraphIO.bedGraphIO.build_bdgtrack
    btrack = bio.build_bdgtrack(baseline_value=0)
    btrack = bio.build_bdgtrack(baseline_value=0)
  File "MACS2/IO/BedGraphIO.pyx", line 92, in MACS2.IO.BedGraphIO.bedGraphIO.build_bdgtrack
  File "MACS2/IO/BedGraphIO.pyx", line 92, in MACS2.IO.BedGraphIO.bedGraphIO.build_bdgtrack
  File "MACS2/IO/BedGraphIO.pyx", line 92, in MACS2.IO.BedGraphIO.bedGraphIO.build_bdgtrack
FileNotFoundError: [Errno 2] No such file or directory: '/hpc/pmc_drost/PROJECTS/swang/CUT_RUN/nhung_test/modify_bedgraph/S3norm_remove_low_depth_samples/S3norm_NBP_bedgraph/SCC-ChIC-PMC-DRO-F1_*.bedgraph'
FileNotFoundError: [Errno 2] No such file or directory: '/hpc/pmc_drost/PROJECTS/swang/CUT_RUN/nhung_test/modify_bedgraph/S3norm_remove_low_depth_samples/S3norm_NBP_bedgraph/SCC-ChIC-PMC-DRO-T5_*.bedgraph'
FileNotFoundError: [Errno 2] No such file or directory: '/hpc/pmc_drost/PROJECTS/swang/CUT_RUN/nhung_test/modify_bedgraph/S3norm_remove_low_depth_samples/S3norm_NBP_bedgraph/SCC-ChIC-PMC-DRO-L1_*.bedgraph'
FileNotFoundError: [Errno 2] No such file or directory: '/hpc/pmc_drost/PROJECTS/swang/CUT_RUN/nhung_test/modify_bedgraph/S3norm_remove_low_depth_samples/S3norm_NBP_bedgraph/SCC-ChIC-PMC-DRO-TH_*.bedgraph'
FileNotFoundError: [Errno 2] No such file or directory: '/hpc/pmc_drost/PROJECTS/swang/CUT_RUN/nhung_test/modify_bedgraph/S3norm_remove_low_depth_samples/S3norm_NBP_bedgraph/SCC-ChIC-PMC-DRO-T1_*.bedgraph'
FileNotFoundError: [Errno 2] No such file or directory: '/hpc/pmc_drost/PROJECTS/swang/CUT_RUN/nhung_test/modify_bedgraph/S3norm_remove_low_depth_samples/S3norm_NBP_bedgraph/SCC-ChIC-PMC-DRO-LH_*.bedgraph'
FileNotFoundError: [Errno 2] No such file or directory: '/hpc/pmc_drost/PROJECTS/swang/CUT_RUN/nhung_test/modify_bedgraph/S3norm_remove_low_depth_samples/S3norm_NBP_bedgraph/SCC-ChIC-PMC-DRO-L5_*.bedgraph'
FileNotFoundError: [Errno 2] No such file or directory: '/hpc/pmc_drost/PROJECTS/swang/CUT_RUN/nhung_test/modify_bedgraph/S3norm_remove_low_depth_samples/S3norm_NBP_bedgraph/SCC-ChIC-PMC-DRO-F5_*.bedgraph'
INFO  @ Tue, 16 May 2023 16:12:18: Call peaks from bedGraph... 
INFO  @ Tue, 16 May 2023 16:12:19: Write peaks... 
INFO  @ Tue, 16 May 2023 16:12:19: Call peaks from bedGraph... 
INFO  @ Tue, 16 May 2023 16:12:19: Done 
INFO  @ Tue, 16 May 2023 16:12:20: Call peaks from bedGraph... 
INFO  @ Tue, 16 May 2023 16:12:20: Write peaks... 
INFO  @ Tue, 16 May 2023 16:12:20: Done 
INFO  @ Tue, 16 May 2023 16:12:21: Call peaks from bedGraph... 
INFO  @ Tue, 16 May 2023 16:12:22: Write peaks... 
INFO  @ Tue, 16 May 2023 16:12:22: Call peaks from bedGraph... 
INFO  @ Tue, 16 May 2023 16:12:22: Done 
INFO  @ Tue, 16 May 2023 16:12:22: Write peaks... 
INFO  @ Tue, 16 May 2023 16:12:22: Done 
INFO  @ Tue, 16 May 2023 16:12:23: Write peaks... 
INFO  @ Tue, 16 May 2023 16:12:23: Call peaks from bedGraph... 
INFO  @ Tue, 16 May 2023 16:12:23: Done 
INFO  @ Tue, 16 May 2023 16:12:24: Call peaks from bedGraph... 
INFO  @ Tue, 16 May 2023 16:12:24: Call peaks from bedGraph... 
INFO  @ Tue, 16 May 2023 16:12:24: Write peaks... 
INFO  @ Tue, 16 May 2023 16:12:25: Write peaks... 
INFO  @ Tue, 16 May 2023 16:12:25: Done 
INFO  @ Tue, 16 May 2023 16:12:25: Done 
INFO  @ Tue, 16 May 2023 16:12:25: Write peaks... 
INFO  @ Tue, 16 May 2023 16:12:25: Done 
INFO  @ Tue, 16 May 2023 16:12:25: Call peaks from bedGraph... 
INFO  @ Tue, 16 May 2023 16:12:26: Call peaks from bedGraph... 
INFO  @ Tue, 16 May 2023 16:12:26: Write peaks... 
INFO  @ Tue, 16 May 2023 16:12:26: Done 
INFO  @ Tue, 16 May 2023 16:12:27: Write peaks... 
INFO  @ Tue, 16 May 2023 16:12:27: Done 
INFO  @ Tue, 16 May 2023 16:12:27: Call peaks from bedGraph... 
INFO  @ Tue, 16 May 2023 16:12:27: Call peaks from bedGraph... 
INFO  @ Tue, 16 May 2023 16:12:27: Write peaks... 
INFO  @ Tue, 16 May 2023 16:12:28: Write peaks... 
INFO  @ Tue, 16 May 2023 16:12:28: Done 
INFO  @ Tue, 16 May 2023 16:12:28: Done 
all done peak calling after normalization
finish cut and run analysis at Tue May 16 16:12:28 CEST 2023
