mkdir: cannot create directory ‘/remove_zero’: Permission denied
start running cut and run analysis at Wed May 31 11:33:21 CEST 2023
-------------------step 8. running peak calling after normalization----------------------
-----------running 1 out of 20 samples---------------------- 
-----------running 2 out of 20 samples---------------------- 
-----------running 3 out of 20 samples---------------------- 
-----------running 4 out of 20 samples---------------------- 
-----------running 5 out of 20 samples---------------------- 
-----------running 6 out of 20 samples---------------------- 
-----------running 7 out of 20 samples---------------------- 
-----------running 8 out of 20 samples---------------------- 
-----------running 9 out of 20 samples---------------------- 
-----------running 10 out of 20 samples---------------------- 
-----------running 11 out of 20 samples---------------------- 
-----------running 12 out of 20 samples---------------------- 
-----------running 13 out of 20 samples---------------------- 
-----------running 14 out of 20 samples---------------------- 
-----------running 15 out of 20 samples---------------------- 
-----------running 16 out of 20 samples---------------------- 
-----------running 17 out of 20 samples---------------------- 
-----------running 18 out of 20 samples---------------------- 
-----------running 19 out of 20 samples---------------------- 
-----------running 20 out of 20 samples---------------------- 
INFO  @ Wed, 31 May 2023 11:33:30: Read and build bedGraph... 
INFO  @ Wed, 31 May 2023 11:33:30: Read and build bedGraph... 
INFO  @ Wed, 31 May 2023 11:33:30: Read and build bedGraph... 
INFO  @ Wed, 31 May 2023 11:33:30: Read and build bedGraph... 
INFO  @ Wed, 31 May 2023 11:33:30: Read and build bedGraph... 
INFO  @ Wed, 31 May 2023 11:33:30: Read and build bedGraph... 
INFO  @ Wed, 31 May 2023 11:33:30: Read and build bedGraph... 
INFO  @ Wed, 31 May 2023 11:33:30: Read and build bedGraph... 
INFO  @ Wed, 31 May 2023 11:33:30: Read and build bedGraph... 
INFO  @ Wed, 31 May 2023 11:33:30: Read and build bedGraph... 
INFO  @ Wed, 31 May 2023 11:33:30: Read and build bedGraph... 
INFO  @ Wed, 31 May 2023 11:33:30: Read and build bedGraph... 
INFO  @ Wed, 31 May 2023 11:33:30: Read and build bedGraph... 
INFO  @ Wed, 31 May 2023 11:33:30: Read and build bedGraph... 
INFO  @ Wed, 31 May 2023 11:33:30: Read and build bedGraph... 
Traceback (most recent call last):
Traceback (most recent call last):
  File "/hpc/pmc_drost/nhung/anaconda3/envs/cutnrun_trimgalore/bin/macs2", line 653, in <module>
  File "/hpc/pmc_drost/nhung/anaconda3/envs/cutnrun_trimgalore/bin/macs2", line 653, in <module>
Traceback (most recent call last):
Traceback (most recent call last):
  File "/hpc/pmc_drost/nhung/anaconda3/envs/cutnrun_trimgalore/bin/macs2", line 653, in <module>
  File "/hpc/pmc_drost/nhung/anaconda3/envs/cutnrun_trimgalore/bin/macs2", line 653, in <module>
INFO  @ Wed, 31 May 2023 11:33:30: Read and build bedGraph... 
Traceback (most recent call last):
  File "/hpc/pmc_drost/nhung/anaconda3/envs/cutnrun_trimgalore/bin/macs2", line 653, in <module>
Traceback (most recent call last):
  File "/hpc/pmc_drost/nhung/anaconda3/envs/cutnrun_trimgalore/bin/macs2", line 653, in <module>
INFO  @ Wed, 31 May 2023 11:33:30: Read and build bedGraph... 
INFO  @ Wed, 31 May 2023 11:33:30: Read and build bedGraph... 
Traceback (most recent call last):
INFO  @ Wed, 31 May 2023 11:33:30: Read and build bedGraph... 
  File "/hpc/pmc_drost/nhung/anaconda3/envs/cutnrun_trimgalore/bin/macs2", line 653, in <module>
    main()
INFO  @ Wed, 31 May 2023 11:33:30: Read and build bedGraph... 
  File "/hpc/pmc_drost/nhung/anaconda3/envs/cutnrun_trimgalore/bin/macs2", line 61, in main
    main()
  File "/hpc/pmc_drost/nhung/anaconda3/envs/cutnrun_trimgalore/bin/macs2", line 61, in main
Traceback (most recent call last):
Traceback (most recent call last):
  File "/hpc/pmc_drost/nhung/anaconda3/envs/cutnrun_trimgalore/bin/macs2", line 653, in <module>
Traceback (most recent call last):
  File "/hpc/pmc_drost/nhung/anaconda3/envs/cutnrun_trimgalore/bin/macs2", line 653, in <module>
  File "/hpc/pmc_drost/nhung/anaconda3/envs/cutnrun_trimgalore/bin/macs2", line 653, in <module>
Traceback (most recent call last):
  File "/hpc/pmc_drost/nhung/anaconda3/envs/cutnrun_trimgalore/bin/macs2", line 653, in <module>
Traceback (most recent call last):
  File "/hpc/pmc_drost/nhung/anaconda3/envs/cutnrun_trimgalore/bin/macs2", line 653, in <module>
Traceback (most recent call last):
Traceback (most recent call last):
Traceback (most recent call last):
  File "/hpc/pmc_drost/nhung/anaconda3/envs/cutnrun_trimgalore/bin/macs2", line 653, in <module>
  File "/hpc/pmc_drost/nhung/anaconda3/envs/cutnrun_trimgalore/bin/macs2", line 653, in <module>
  File "/hpc/pmc_drost/nhung/anaconda3/envs/cutnrun_trimgalore/bin/macs2", line 653, in <module>
    run( args )
  File "/hpc/pmc_drost/nhung/anaconda3/envs/cutnrun_trimgalore/lib/python3.9/site-packages/MACS2/bdgpeakcall_cmd.py", line 45, in run
    main()
  File "/hpc/pmc_drost/nhung/anaconda3/envs/cutnrun_trimgalore/bin/macs2", line 61, in main
Traceback (most recent call last):
Traceback (most recent call last):
  File "/hpc/pmc_drost/nhung/anaconda3/envs/cutnrun_trimgalore/bin/macs2", line 653, in <module>
  File "/hpc/pmc_drost/nhung/anaconda3/envs/cutnrun_trimgalore/bin/macs2", line 653, in <module>
    run( args )
  File "/hpc/pmc_drost/nhung/anaconda3/envs/cutnrun_trimgalore/lib/python3.9/site-packages/MACS2/bdgpeakcall_cmd.py", line 45, in run
    main()
  File "/hpc/pmc_drost/nhung/anaconda3/envs/cutnrun_trimgalore/bin/macs2", line 61, in main
    main()
  File "/hpc/pmc_drost/nhung/anaconda3/envs/cutnrun_trimgalore/bin/macs2", line 61, in main
    main()
  File "/hpc/pmc_drost/nhung/anaconda3/envs/cutnrun_trimgalore/bin/macs2", line 61, in main
    main()
    main()
  File "/hpc/pmc_drost/nhung/anaconda3/envs/cutnrun_trimgalore/bin/macs2", line 61, in main
  File "/hpc/pmc_drost/nhung/anaconda3/envs/cutnrun_trimgalore/bin/macs2", line 61, in main
    main()
    main()
  File "/hpc/pmc_drost/nhung/anaconda3/envs/cutnrun_trimgalore/bin/macs2", line 61, in main
  File "/hpc/pmc_drost/nhung/anaconda3/envs/cutnrun_trimgalore/bin/macs2", line 61, in main
    main()
  File "/hpc/pmc_drost/nhung/anaconda3/envs/cutnrun_trimgalore/bin/macs2", line 61, in main
Traceback (most recent call last):
  File "/hpc/pmc_drost/nhung/anaconda3/envs/cutnrun_trimgalore/bin/macs2", line 653, in <module>
    main()
  File "/hpc/pmc_drost/nhung/anaconda3/envs/cutnrun_trimgalore/bin/macs2", line 61, in main
    main()
    run( args )
  File "/hpc/pmc_drost/nhung/anaconda3/envs/cutnrun_trimgalore/bin/macs2", line 61, in main
  File "/hpc/pmc_drost/nhung/anaconda3/envs/cutnrun_trimgalore/lib/python3.9/site-packages/MACS2/bdgpeakcall_cmd.py", line 45, in run
    run( args )
  File "/hpc/pmc_drost/nhung/anaconda3/envs/cutnrun_trimgalore/lib/python3.9/site-packages/MACS2/bdgpeakcall_cmd.py", line 45, in run
    run( args )
  File "/hpc/pmc_drost/nhung/anaconda3/envs/cutnrun_trimgalore/lib/python3.9/site-packages/MACS2/bdgpeakcall_cmd.py", line 45, in run
    run( args )
  File "/hpc/pmc_drost/nhung/anaconda3/envs/cutnrun_trimgalore/lib/python3.9/site-packages/MACS2/bdgpeakcall_cmd.py", line 45, in run
    run( args )
  File "/hpc/pmc_drost/nhung/anaconda3/envs/cutnrun_trimgalore/lib/python3.9/site-packages/MACS2/bdgpeakcall_cmd.py", line 45, in run
    main()
    main()
  File "/hpc/pmc_drost/nhung/anaconda3/envs/cutnrun_trimgalore/bin/macs2", line 61, in main
  File "/hpc/pmc_drost/nhung/anaconda3/envs/cutnrun_trimgalore/bin/macs2", line 61, in main
    run( args )
  File "/hpc/pmc_drost/nhung/anaconda3/envs/cutnrun_trimgalore/lib/python3.9/site-packages/MACS2/bdgpeakcall_cmd.py", line 45, in run
    run( args )
  File "/hpc/pmc_drost/nhung/anaconda3/envs/cutnrun_trimgalore/lib/python3.9/site-packages/MACS2/bdgpeakcall_cmd.py", line 45, in run
    run( args )
  File "/hpc/pmc_drost/nhung/anaconda3/envs/cutnrun_trimgalore/lib/python3.9/site-packages/MACS2/bdgpeakcall_cmd.py", line 45, in run
    main()
  File "/hpc/pmc_drost/nhung/anaconda3/envs/cutnrun_trimgalore/bin/macs2", line 61, in main
    main()
  File "/hpc/pmc_drost/nhung/anaconda3/envs/cutnrun_trimgalore/bin/macs2", line 61, in main
    run( args )
  File "/hpc/pmc_drost/nhung/anaconda3/envs/cutnrun_trimgalore/lib/python3.9/site-packages/MACS2/bdgpeakcall_cmd.py", line 45, in run
    run( args )
    main()
  File "/hpc/pmc_drost/nhung/anaconda3/envs/cutnrun_trimgalore/lib/python3.9/site-packages/MACS2/bdgpeakcall_cmd.py", line 45, in run
  File "/hpc/pmc_drost/nhung/anaconda3/envs/cutnrun_trimgalore/bin/macs2", line 61, in main
    run( args )
  File "/hpc/pmc_drost/nhung/anaconda3/envs/cutnrun_trimgalore/lib/python3.9/site-packages/MACS2/bdgpeakcall_cmd.py", line 45, in run
    run( args )
    run( args )
  File "/hpc/pmc_drost/nhung/anaconda3/envs/cutnrun_trimgalore/lib/python3.9/site-packages/MACS2/bdgpeakcall_cmd.py", line 45, in run
  File "/hpc/pmc_drost/nhung/anaconda3/envs/cutnrun_trimgalore/lib/python3.9/site-packages/MACS2/bdgpeakcall_cmd.py", line 45, in run
    run( args )
  File "/hpc/pmc_drost/nhung/anaconda3/envs/cutnrun_trimgalore/lib/python3.9/site-packages/MACS2/bdgpeakcall_cmd.py", line 45, in run
    run( args )
  File "/hpc/pmc_drost/nhung/anaconda3/envs/cutnrun_trimgalore/lib/python3.9/site-packages/MACS2/bdgpeakcall_cmd.py", line 45, in run
    run( args )
  File "/hpc/pmc_drost/nhung/anaconda3/envs/cutnrun_trimgalore/lib/python3.9/site-packages/MACS2/bdgpeakcall_cmd.py", line 45, in run
    btrack = bio.build_bdgtrack(baseline_value=0)
    btrack = bio.build_bdgtrack(baseline_value=0)
  File "MACS2/IO/BedGraphIO.pyx", line 92, in MACS2.IO.BedGraphIO.bedGraphIO.build_bdgtrack
  File "MACS2/IO/BedGraphIO.pyx", line 92, in MACS2.IO.BedGraphIO.bedGraphIO.build_bdgtrack
    btrack = bio.build_bdgtrack(baseline_value=0)
    btrack = bio.build_bdgtrack(baseline_value=0)
    btrack = bio.build_bdgtrack(baseline_value=0)
    btrack = bio.build_bdgtrack(baseline_value=0)
  File "MACS2/IO/BedGraphIO.pyx", line 92, in MACS2.IO.BedGraphIO.bedGraphIO.build_bdgtrack
  File "MACS2/IO/BedGraphIO.pyx", line 92, in MACS2.IO.BedGraphIO.bedGraphIO.build_bdgtrack
  File "MACS2/IO/BedGraphIO.pyx", line 92, in MACS2.IO.BedGraphIO.bedGraphIO.build_bdgtrack
  File "MACS2/IO/BedGraphIO.pyx", line 92, in MACS2.IO.BedGraphIO.bedGraphIO.build_bdgtrack
    btrack = bio.build_bdgtrack(baseline_value=0)
  File "MACS2/IO/BedGraphIO.pyx", line 92, in MACS2.IO.BedGraphIO.bedGraphIO.build_bdgtrack
    btrack = bio.build_bdgtrack(baseline_value=0)
    btrack = bio.build_bdgtrack(baseline_value=0)
    btrack = bio.build_bdgtrack(baseline_value=0)
    btrack = bio.build_bdgtrack(baseline_value=0)
  File "MACS2/IO/BedGraphIO.pyx", line 92, in MACS2.IO.BedGraphIO.bedGraphIO.build_bdgtrack
  File "MACS2/IO/BedGraphIO.pyx", line 92, in MACS2.IO.BedGraphIO.bedGraphIO.build_bdgtrack
    btrack = bio.build_bdgtrack(baseline_value=0)
  File "MACS2/IO/BedGraphIO.pyx", line 92, in MACS2.IO.BedGraphIO.bedGraphIO.build_bdgtrack
  File "MACS2/IO/BedGraphIO.pyx", line 92, in MACS2.IO.BedGraphIO.bedGraphIO.build_bdgtrack
  File "MACS2/IO/BedGraphIO.pyx", line 92, in MACS2.IO.BedGraphIO.bedGraphIO.build_bdgtrack
    btrack = bio.build_bdgtrack(baseline_value=0)
  File "MACS2/IO/BedGraphIO.pyx", line 92, in MACS2.IO.BedGraphIO.bedGraphIO.build_bdgtrack
    btrack = bio.build_bdgtrack(baseline_value=0)
  File "MACS2/IO/BedGraphIO.pyx", line 92, in MACS2.IO.BedGraphIO.bedGraphIO.build_bdgtrack
    btrack = bio.build_bdgtrack(baseline_value=0)
    btrack = bio.build_bdgtrack(baseline_value=0)
    btrack = bio.build_bdgtrack(baseline_value=0)
  File "MACS2/IO/BedGraphIO.pyx", line 92, in MACS2.IO.BedGraphIO.bedGraphIO.build_bdgtrack
  File "MACS2/IO/BedGraphIO.pyx", line 92, in MACS2.IO.BedGraphIO.bedGraphIO.build_bdgtrack
  File "MACS2/IO/BedGraphIO.pyx", line 92, in MACS2.IO.BedGraphIO.bedGraphIO.build_bdgtrack
    btrack = bio.build_bdgtrack(baseline_value=0)
  File "MACS2/IO/BedGraphIO.pyx", line 92, in MACS2.IO.BedGraphIO.bedGraphIO.build_bdgtrack
FileNotFoundError: [Errno 2] No such file or directory: '/hpc/pmc_drost/PROJECTS/swang/CUT_RUN/nhung_test/modify_bedgraph/s3norm_anti_SFPQ_Samples//SCC-bulkChIC-PMC-DRO-025_*.bedgraph'
FileNotFoundError: [Errno 2] No such file or directory: '/hpc/pmc_drost/PROJECTS/swang/CUT_RUN/nhung_test/modify_bedgraph/s3norm_anti_SFPQ_Samples//SCC-bulkChIC-PMC-DRO-008_*.bedgraph'
FileNotFoundError: [Errno 2] No such file or directory: '/hpc/pmc_drost/PROJECTS/swang/CUT_RUN/nhung_test/modify_bedgraph/s3norm_anti_SFPQ_Samples//SCC-ChIC-PMC-DRO-TH_*.bedgraph'
FileNotFoundError: [Errno 2] No such file or directory: '/hpc/pmc_drost/PROJECTS/swang/CUT_RUN/nhung_test/modify_bedgraph/s3norm_anti_SFPQ_Samples//SCC-bulkChIC-PMC-DRO-024_*.bedgraph'
FileNotFoundError: [Errno 2] No such file or directory: '/hpc/pmc_drost/PROJECTS/swang/CUT_RUN/nhung_test/modify_bedgraph/s3norm_anti_SFPQ_Samples//SCC-ChIC-PMC-DRO-F5_*.bedgraph'
FileNotFoundError: [Errno 2] No such file or directory: '/hpc/pmc_drost/PROJECTS/swang/CUT_RUN/nhung_test/modify_bedgraph/s3norm_anti_SFPQ_Samples//SCC-ChIC-PMC-DRO-T5_*.bedgraph'
FileNotFoundError: [Errno 2] No such file or directory: '/hpc/pmc_drost/PROJECTS/swang/CUT_RUN/nhung_test/modify_bedgraph/s3norm_anti_SFPQ_Samples//SCC-bulkChIC-PMC-DRO-021_*.bedgraph'
FileNotFoundError: [Errno 2] No such file or directory: '/hpc/pmc_drost/PROJECTS/swang/CUT_RUN/nhung_test/modify_bedgraph/s3norm_anti_SFPQ_Samples//SCC-ChIC-PMC-DRO-L1_*.bedgraph'
FileNotFoundError: [Errno 2] No such file or directory: '/hpc/pmc_drost/PROJECTS/swang/CUT_RUN/nhung_test/modify_bedgraph/s3norm_anti_SFPQ_Samples//SCC-ChIC-PMC-DRO-T1_*.bedgraph'
FileNotFoundError: [Errno 2] No such file or directory: '/hpc/pmc_drost/PROJECTS/swang/CUT_RUN/nhung_test/modify_bedgraph/s3norm_anti_SFPQ_Samples//bulkChIC-PMC-DRO-016_*.bedgraph'
FileNotFoundError: [Errno 2] No such file or directory: '/hpc/pmc_drost/PROJECTS/swang/CUT_RUN/nhung_test/modify_bedgraph/s3norm_anti_SFPQ_Samples//SCC-bulkChIC-PMC-DRO-005_*.bedgraph'
FileNotFoundError: [Errno 2] No such file or directory: '/hpc/pmc_drost/PROJECTS/swang/CUT_RUN/nhung_test/modify_bedgraph/s3norm_anti_SFPQ_Samples//SCC-ChIC-PMC-DRO-LH_*.bedgraph'
FileNotFoundError: [Errno 2] No such file or directory: '/hpc/pmc_drost/PROJECTS/swang/CUT_RUN/nhung_test/modify_bedgraph/s3norm_anti_SFPQ_Samples//SCC-ChIC-PMC-DRO-L5_*.bedgraph'
FileNotFoundError: [Errno 2] No such file or directory: '/hpc/pmc_drost/PROJECTS/swang/CUT_RUN/nhung_test/modify_bedgraph/s3norm_anti_SFPQ_Samples//SCC-bulkChIC-PMC-DRO-002_*.bedgraph'
FileNotFoundError: [Errno 2] No such file or directory: '/hpc/pmc_drost/PROJECTS/swang/CUT_RUN/nhung_test/modify_bedgraph/s3norm_anti_SFPQ_Samples//SCC-ChIC-PMC-DRO-F1_*.bedgraph'
FileNotFoundError: [Errno 2] No such file or directory: '/hpc/pmc_drost/PROJECTS/swang/CUT_RUN/nhung_test/modify_bedgraph/s3norm_anti_SFPQ_Samples//bulkChIC-PMC-DRO-014_*.bedgraph'
FileNotFoundError: [Errno 2] No such file or directory: '/hpc/pmc_drost/PROJECTS/swang/CUT_RUN/nhung_test/modify_bedgraph/s3norm_anti_SFPQ_Samples//SCC-bulkChIC-PMC-DRO-022_*.bedgraph'
FileNotFoundError: [Errno 2] No such file or directory: '/hpc/pmc_drost/PROJECTS/swang/CUT_RUN/nhung_test/modify_bedgraph/s3norm_anti_SFPQ_Samples//bulkChIC-PMC-DRO-015_*.bedgraph'
INFO  @ Wed, 31 May 2023 11:33:41: Call peaks from bedGraph... 
INFO  @ Wed, 31 May 2023 11:33:42: Call peaks from bedGraph... 
INFO  @ Wed, 31 May 2023 11:33:43: Write peaks... 
INFO  @ Wed, 31 May 2023 11:33:44: Write peaks... 
INFO  @ Wed, 31 May 2023 11:33:46: Done 
INFO  @ Wed, 31 May 2023 11:33:46: Done 
all done peak calling after normalization
finish cut and run analysis at Wed May 31 11:33:46 CEST 2023
