start running cut and run analysis at Wed May  3 13:35:06 CEST 2023
-------------------step 6. running frip calculation-------- 
       V1      V2      V3     V4      V5     V6       V7       V8       V9
1 5407614 8900793 7499957 855319 4821659 709882 40009101 19829661 19966096
    V10    V11   V12   V13   V14   V15   V16   V17   V18     V19     V20
1 29103 144178 30520 31596 46227 32197 27216 75622 25759 1510624 1165449
      V21    V22     V23    V24
1 1554845 624095 1475913 589891
        V1       V2       V3       V4       V5       V6        V7       V8
1 18278174 26207254 23733864 17463368 21364576 22324060 101240888 92233450
        V9    V10     V11    V12    V13     V14    V15    V16     V17    V18
1 86588876 870830 1683080 758796 816550 1020250 827478 785862 1190158 726760
       V19      V20      V21      V22      V23      V24
1 21230158 20436426 25185380 24154458 26626394 20170508
                    V1                   V2                   V3
1 bulkChIC-PMC-DRO-011 bulkChIC-PMC-DRO-012 bulkChIC-PMC-DRO-013
                    V4                   V5                   V6
1 bulkChIC-PMC-DRO-014 bulkChIC-PMC-DRO-015 bulkChIC-PMC-DRO-016
                        V7                       V8                       V9
1 SCC-bulkChIC-PMC-DRO-002 SCC-bulkChIC-PMC-DRO-005 SCC-bulkChIC-PMC-DRO-008
                  V10                 V11                 V12
1 SCC-ChIC-PMC-DRO-L5 SCC-ChIC-PMC-DRO-LH SCC-ChIC-PMC-DRO-F1
                  V13                 V14                 V15
1 SCC-ChIC-PMC-DRO-F5 SCC-ChIC-PMC-DRO-FH SCC-ChIC-PMC-DRO-T1
                  V16                 V17                 V18
1 SCC-ChIC-PMC-DRO-T5 SCC-ChIC-PMC-DRO-TH SCC-ChIC-PMC-DRO-L1
                       V19                      V20                      V21
1 SCC-bulkChIC-PMC-DRO-020 SCC-bulkChIC-PMC-DRO-021 SCC-bulkChIC-PMC-DRO-022
                       V22                      V23                      V24
1 SCC-bulkChIC-PMC-DRO-023 SCC-bulkChIC-PMC-DRO-024 SCC-bulkChIC-PMC-DRO-025
null device 
          1 
all done for FRiP calculation
finish cut and run analysis at Wed May  3 13:35:10 CEST 2023
