start running cut and run analysis at Thu Jun  1 20:12:41 CEST 2023
-------------------step 7. running data normalization------ 
read first file name
get bed file
get first file signals
SCC-bulkChIC-PMC-DRO-021_nozeroes_augmented.bedgraph
get all file signals
SCC-bulkChIC-PMC-DRO-024_nozeroes_augmented.bedgraph
get average_ref
get reference mean
get output bedgraph file
User provide reference.bedgraph: -r average_ref.bedgraph
User provide target.bedgraph: -t SCC-bulkChIC-PMC-DRO-021_nozeroes_augmented.bedgraph
User provide outputname: -o SCC-bulkChIC-PMC-DRO-021_nozeroes_augmented.bedgraph
User provide NTmethod: -m mean
User provide B_init: -i 2.0
User provide fdr_thresh: -f 0.05
User provide rank_lim: -l 0.001
User provide upperlim: -a 100000.0
User provide lowerlim: -b 0.0
User provide p_method: -p z
User provide common_pk_binary: -k 0
User provide common_bg_binary: -g 0
Default cross_mark: -c F
start S3norm.......
test
sig1_raw[:,1] is ['30600' '30800' '54400' ... '70600' '70800' '71000'] sig2_raw[:,1] is ['30600' '30800' '54400' ... '70600' '70800' '71000'] bin_num is 13784097
length sig1 13784097
length sig2 13784097
check peak number in reference
reference_pk_num
53217
check peak number in target
target_pk_num
60663
reference_pk_num
53217
target_pk_num
60663
use FDR common peaks
use FDR common background
common peaks number:
26861
common background number:
13697078
check!!!
5014778
30.248226052641385
2.8472217067027037
Iteration 0 | dFB: 0.110286
[0.28627077277415613, 1.8897144119964873]
Iteration 10 | dFB: 0.054920
[1.0266850010856539, 1.0655631162992036]
Iteration 20 | dFB: 0.000183
[1.1763690562581486, 0.9576082302068185]
converged!
used: [A, B]
[1.1766244635311647, 0.9574310102613036]
transformation: B: 0.9574310102613036; A: 1.1766244635311647
User provide reference.bedgraph: -r average_ref.bedgraph
User provide target.bedgraph: -t SCC-bulkChIC-PMC-DRO-024_nozeroes_augmented.bedgraph
User provide outputname: -o SCC-bulkChIC-PMC-DRO-024_nozeroes_augmented.bedgraph
User provide NTmethod: -m mean
User provide B_init: -i 2.0
User provide fdr_thresh: -f 0.05
User provide rank_lim: -l 0.001
User provide upperlim: -a 100000.0
User provide lowerlim: -b 0.0
User provide p_method: -p z
User provide common_pk_binary: -k 0
User provide common_bg_binary: -g 0
Default cross_mark: -c F
start S3norm.......
test
sig1_raw[:,1] is ['30600' '30800' '54400' ... '70600' '70800' '71000'] sig2_raw[:,1] is ['30600' '30800' '54400' ... '70600' '70800' '71000'] bin_num is 13784097
length sig1 13784097
length sig2 13784097
check peak number in reference
reference_pk_num
53217
check peak number in target
target_pk_num
96397
reference_pk_num
53217
target_pk_num
96397
use FDR common peaks
use FDR common background
common peaks number:
43220
common background number:
13677703
check!!!
5014778
27.596702915316992
2.8274605611775616
Iteration 0 | dFB: 0.116500
[0.194405322614469, 1.8835001502917468]
Iteration 10 | dFB: 0.052139
[0.8959070158434826, 1.0173812239164173]
Iteration 20 | dFB: 0.000149
[1.0288627226173304, 0.9223214282170646]
converged!
used: [A, B]
[1.0290676118318873, 0.9221813901684317]
transformation: B: 0.9221813901684317; A: 1.0290676118318873
[1] "args in R are"
[1] "SCC-bulkChIC-PMC-DRO-021_nozeroes_augmented.bedgraph.s3norm.bedgraph"             
[2] "SCC-bulkChIC-PMC-DRO-024_nozeroes_augmented.bedgraph"                             
[3] "SCC-bulkChIC-PMC-DRO-021_nozeroes_augmented.bedgraph.s3norm.NB.neglog10p.bedgraph"
[1] "sig_raw in r script is"
    V1    V2    V3       V4
1 chr1 30600 30800 2.284827
2 chr1 30800 31000 1.176624
3 chr1 54400 54600 1.176624
4 chr1 54600 54800 1.176624
5 chr1 54800 55000 1.176624
6 chr1 55000 55200 1.176624
[1] "input_raw in r script is"
    V1    V2    V3 V4
1 chr1 30600 30800  1
2 chr1 30800 31000  1
3 chr1 54400 54600  1
4 chr1 54600 54800  1
5 chr1 54800 55000  1
6 chr1 55000 55200  1
[1] "head sig is"
[1] 2.284827 1.176624 1.176624 1.176624 1.176624 1.176624
[1] "min_non0 is"
[1] 1.176624
[1] "x in get_true_NB_prob_size is"
[1] "double"
[1] "numeric"
 num [1:13668707] 2.28 1.18 1.18 1.18 1.18 ...
NULL
[1] "dim is"
[1] "head is"
[1] "m in gettrue is 2.7010969522004"
[1] "m2 in get true is 13.0632654944192"
[1] "p0 in get true is 0"
[1] "p in p is 0.468343569358145"
[1] "1-p0 is 1"
[1] "m^2 is 7.2959247451863"
[1] "m2-m^2 is 5.76734074923288"
[1] "rt is 0.468343569358145" "rt is 2.37943400072992" 
[3] "rt is 0"                
[1] "op os p0 before problematic comparison 0.468343569358145 2.37943400072992 0.164486445803528"
[1] "p in problematic comparison is 0.387675262674909"
[1] "1-p0 problematic comparison is 0.835513554196472"
[1] "m^2  problematic comparison is 7.2959247451863"
[1] "m2-m^2 problematic comparison problematic comparison is 5.76734074923288"
[1] "p in  problematic comparison comparison is 0.387675262674909"
[1] "op os p0 before problematic comparison 0.387675262674909 1.42882801721025 0.258221070218294"
[1] "p in problematic comparison is 0.353024474220263"
[1] "1-p0 problematic comparison is 0.741778929781706"
[1] "m^2  problematic comparison is 7.2959247451863"
[1] "m2-m^2 problematic comparison problematic comparison is 5.76734074923288"
[1] "p in  problematic comparison comparison is 0.353024474220263"
[1] "op os p0 before problematic comparison 0.353024474220263 1.09328056695782 0.320349309065215"
[1] "p in problematic comparison is 0.333280098293665"
[1] "1-p0 problematic comparison is 0.679650690934785"
[1] "m^2  problematic comparison is 7.2959247451863"
[1] "m2-m^2 problematic comparison problematic comparison is 5.76734074923288"
[1] "p in  problematic comparison comparison is 0.333280098293665"
[1] "op os p0 before problematic comparison 0.333280098293665 0.917681332198072 0.364830448221774"
[1] "p in problematic comparison is 0.320448416410832"
[1] "1-p0 problematic comparison is 0.635169551778227"
[1] "m^2  problematic comparison is 7.2959247451863"
[1] "m2-m^2 problematic comparison problematic comparison is 5.76734074923288"
[1] "p in  problematic comparison comparison is 0.320448416410832"
[1] "op os p0 before problematic comparison 0.320448416410832 0.809031711305671 0.398237959386024"
[1] "p in problematic comparison is 0.311442653371495"
[1] "1-p0 problematic comparison is 0.601762040613976"
[1] "m^2  problematic comparison is 7.2959247451863"
[1] "m2-m^2 problematic comparison problematic comparison is 5.76734074923288"
[1] "p in  problematic comparison comparison is 0.311442653371495"
[1] "op os p0 before problematic comparison 0.311442653371495 0.735195662312854 0.424163964784124"
[1] "p in problematic comparison is 0.304795099719404"
[1] "1-p0 problematic comparison is 0.575836035215876"
[1] "m^2  problematic comparison is 7.2959247451863"
[1] "m2-m^2 problematic comparison problematic comparison is 5.76734074923288"
[1] "p in  problematic comparison comparison is 0.304795099719404"
[1] "op os p0 before problematic comparison 0.304795099719404 0.681921161486999 0.444768603679208"
[1] "p in problematic comparison is 0.299710979468715"
[1] "1-p0 problematic comparison is 0.555231396320792"
[1] "m^2  problematic comparison is 7.2959247451863"
[1] "m2-m^2 problematic comparison problematic comparison is 5.76734074923288"
[1] "p in  problematic comparison comparison is 0.299710979468715"
[1] "op os p0 before problematic comparison 0.299710979468715 0.641858836370722 0.461441843511613"
[1] "p in problematic comparison is 0.29571941941263"
[1] "1-p0 problematic comparison is 0.538558156488387"
[1] "m^2  problematic comparison is 7.2959247451863"
[1] "m2-m^2 problematic comparison problematic comparison is 5.76734074923288"
[1] "p in  problematic comparison comparison is 0.29571941941263"
[1] "op os p0 before problematic comparison 0.29571941941263 0.610811087565672 0.475124628016548"
[1] "p in problematic comparison is 0.292522339127144"
[1] "1-p0 problematic comparison is 0.524875371983452"
[1] "m^2  problematic comparison is 7.2959247451863"
[1] "m2-m^2 problematic comparison problematic comparison is 5.76734074923288"
[1] "p in  problematic comparison comparison is 0.292522339127144"
[1] "op os p0 before problematic comparison 0.292522339127144 0.586195762427801 0.486479663507056"
[1] "p in problematic comparison is 0.289921175673587"
[1] "1-p0 problematic comparison is 0.513520336492944"
[1] "m^2  problematic comparison is 7.2959247451863"
[1] "m2-m^2 problematic comparison problematic comparison is 5.76734074923288"
[1] "p in  problematic comparison comparison is 0.289921175673587"
[1] "op os p0 before problematic comparison 0.289921175673587 0.566332122696294 0.495988783609305"
[1] "p in problematic comparison is 0.287778194644556"
[1] "1-p0 problematic comparison is 0.504011216390695"
[1] "m^2  problematic comparison is 7.2959247451863"
[1] "m2-m^2 problematic comparison problematic comparison is 5.76734074923288"
[1] "p in  problematic comparison comparison is 0.287778194644556"
[1] "op os p0 before problematic comparison 0.287778194644556 0.550076373951201 0.504011588600798"
[1] "p in problematic comparison is 0.285994657277464"
[1] "1-p0 problematic comparison is 0.495988411399202"
[1] "m^2  problematic comparison is 7.2959247451863"
[1] "m2-m^2 problematic comparison problematic comparison is 5.76734074923288"
[1] "p in  problematic comparison comparison is 0.285994657277464"
[1] "op os p0 before problematic comparison 0.285994657277464 0.536621613675137 0.510822372487119"
[1] "p in problematic comparison is 0.284497821558809"
[1] "1-p0 problematic comparison is 0.489177627512881"
[1] "m^2  problematic comparison is 7.2959247451863"
[1] "m2-m^2 problematic comparison problematic comparison is 5.76734074923288"
[1] "p in  problematic comparison comparison is 0.284497821558809"
[1] "op os p0 before problematic comparison 0.284497821558809 0.525381461390461 0.516634255177204"
[1] "p in problematic comparison is 0.283232853424059"
[1] "1-p0 problematic comparison is 0.483365744822796"
[1] "m^2  problematic comparison is 7.2959247451863"
[1] "m2-m^2 problematic comparison problematic comparison is 5.76734074923288"
[1] "p in  problematic comparison comparison is 0.283232853424059"
[1] "op os p0 before problematic comparison 0.283232853424059 0.515919067701635 0.521615455575396"
[1] "p in problematic comparison is 0.282157603124762"
[1] "1-p0 problematic comparison is 0.478384544424604"
[1] "m^2  problematic comparison is 7.2959247451863"
[1] "m2-m^2 problematic comparison problematic comparison is 5.76734074923288"
[1] "p in  problematic comparison comparison is 0.282157603124762"
[1] "op os p0 before problematic comparison 0.282157603124762 0.507902049764616 0.525900564802824"
[1] "p in problematic comparison is 0.281239123423862"
[1] "1-p0 problematic comparison is 0.474099435197176"
[1] "m^2  problematic comparison is 7.2959247451863"
[1] "m2-m^2 problematic comparison problematic comparison is 5.76734074923288"
[1] "p in  problematic comparison comparison is 0.281239123423862"
[1] "op os p0 before problematic comparison 0.281239123423862 0.501072902044215 0.529598541076756"
[1] "p in problematic comparison is 0.280451284448069"
[1] "1-p0 problematic comparison is 0.470401458923244"
[1] "m^2  problematic comparison is 7.2959247451863"
[1] "m2-m^2 problematic comparison problematic comparison is 5.76734074923288"
[1] "p in  problematic comparison comparison is 0.280451284448069"
[1] "op os p0 before problematic comparison 0.280451284448069 0.49522899486349 0.532798497830513"
[1] "p in problematic comparison is 0.27977310024319"
[1] "1-p0 problematic comparison is 0.467201502169487"
[1] "m^2  problematic comparison is 7.2959247451863"
[1] "m2-m^2 problematic comparison problematic comparison is 5.76734074923288"
[1] "p in  problematic comparison comparison is 0.27977310024319"
[1] "op os p0 before problematic comparison 0.27977310024319 0.490208707123644 0.535573971687791"
[1] "p in problematic comparison is 0.279187529614376"
[1] "1-p0 problematic comparison is 0.464426028312209"
[1] "m^2  problematic comparison is 7.2959247451863"
[1] "m2-m^2 problematic comparison problematic comparison is 5.76734074923288"
[1] "p in  problematic comparison comparison is 0.279187529614376"
[1] "op os p0 before problematic comparison 0.279187529614376 0.48588159513866 0.537986121582437"
[1] "p in problematic comparison is 0.278680600518921"
[1] "1-p0 problematic comparison is 0.462013878417563"
[1] "m^2  problematic comparison is 7.2959247451863"
[1] "m2-m^2 problematic comparison problematic comparison is 5.76734074923288"
[1] "p in  problematic comparison comparison is 0.278680600518921"
[1] "op os p0 before problematic comparison 0.278680600518921 0.48214128345816 0.54008616241768"
[1] "p in problematic comparison is 0.27824075983186"
[1] "1-p0 problematic comparison is 0.45991383758232"
[1] "m^2  problematic comparison is 7.2959247451863"
[1] "m2-m^2 problematic comparison problematic comparison is 5.76734074923288"
[1] "p in  problematic comparison comparison is 0.27824075983186"
[1] "op os p0 before problematic comparison 0.27824075983186 0.478900232085737 0.541917241388138"
[1] "p in problematic comparison is 0.277858383059935"
[1] "1-p0 problematic comparison is 0.458082758611862"
[1] "m^2  problematic comparison is 7.2959247451863"
[1] "m2-m^2 problematic comparison problematic comparison is 5.76734074923288"
[1] "p in  problematic comparison comparison is 0.277858383059935"
[1] "op os p0 before problematic comparison 0.277858383059935 0.476085822800729 0.543515902350215"
[1] "p in problematic comparison is 0.277525399506574"
[1] "1-p0 problematic comparison is 0.456484097649785"
[1] "m^2  problematic comparison is 7.2959247451863"
[1] "m2-m^2 problematic comparison problematic comparison is 5.76734074923288"
[1] "p in  problematic comparison comparison is 0.277525399506574"
[1] "op os p0 before problematic comparison 0.277525399506574 0.473637389346361 0.544913241485127"
[1] "p in problematic comparison is 0.277235002060471"
[1] "1-p0 problematic comparison is 0.455086758514873"
[1] "m^2  problematic comparison is 7.2959247451863"
[1] "m2-m^2 problematic comparison problematic comparison is 5.76734074923288"
[1] "p in  problematic comparison comparison is 0.277235002060471"
[1] "op os p0 before problematic comparison 0.277235002060471 0.471503933910056 0.546135828680109"
[1] "p in problematic comparison is 0.27698141989055"
[1] "1-p0 problematic comparison is 0.453864171319891"
[1] "m^2  problematic comparison is 7.2959247451863"
[1] "m2-m^2 problematic comparison problematic comparison is 5.76734074923288"
[1] "p in  problematic comparison comparison is 0.27698141989055"
[1] "op os p0 before problematic comparison 0.27698141989055 0.469642349974829 0.547206449021339"
[1] "p in problematic comparison is 0.276759738512641"
[1] "1-p0 problematic comparison is 0.452793550978661"
[1] "m^2  problematic comparison is 7.2959247451863"
[1] "m2-m^2 problematic comparison problematic comparison is 5.76734074923288"
[1] "p in  problematic comparison comparison is 0.276759738512641"
[1] "op os p0 before problematic comparison 0.276759738512641 0.468016023848741 0.548144704658848"
[1] "p in problematic comparison is 0.276565755958954"
[1] "1-p0 problematic comparison is 0.451855295341152"
[1] "m^2  problematic comparison is 7.2959247451863"
[1] "m2-m^2 problematic comparison problematic comparison is 5.76734074923288"
[1] "p in  problematic comparison comparison is 0.276565755958954"
[1] "op os p0 before problematic comparison 0.276565755958954 0.466593722917593 0.548967507194884"
[1] "p in problematic comparison is 0.276395866769602"
[1] "1-p0 problematic comparison is 0.451032492805116"
[1] "m^2  problematic comparison is 7.2959247451863"
[1] "m2-m^2 problematic comparison problematic comparison is 5.76734074923288"
[1] "p in  problematic comparison comparison is 0.276395866769602"
[1] "op os p0 before problematic comparison 0.276395866769602 0.465348703508818 0.549689483425042"
[1] "p in problematic comparison is 0.276246967647888"
[1] "1-p0 problematic comparison is 0.450310516574958"
[1] "m^2  problematic comparison is 7.2959247451863"
[1] "m2-m^2 problematic comparison problematic comparison is 5.76734074923288"
[1] "p in  problematic comparison comparison is 0.276246967647888"
[1] "op os p0 before problematic comparison 0.276246967647888 0.464257988774904 0.550323311895561"
[1] "p in problematic comparison is 0.276116380148209"
[1] "1-p0 problematic comparison is 0.449676688104439"
[1] "m^2  problematic comparison is 7.2959247451863"
[1] "m2-m^2 problematic comparison problematic comparison is 5.76734074923288"
[1] "p in  problematic comparison comparison is 0.276116380148209"
[1] "op os p0 before problematic comparison 0.276116380148209 0.463301779526496 0.550880003764762"
[1] "p in problematic comparison is 0.276001786877264"
[1] "1-p0 problematic comparison is 0.449119996235238"
[1] "m^2  problematic comparison is 7.2959247451863"
[1] "m2-m^2 problematic comparison problematic comparison is 5.76734074923288"
[1] "p in  problematic comparison comparison is 0.276001786877264"
[1] "op os p0 before problematic comparison 0.276001786877264 0.46246297000557 0.55136913848128"
[1] "p in problematic comparison is 0.275901178507851"
[1] "1-p0 problematic comparison is 0.44863086151872"
[1] "m^2  problematic comparison is 7.2959247451863"
[1] "m2-m^2 problematic comparison problematic comparison is 5.76734074923288"
[1] "p in  problematic comparison comparison is 0.275901178507851"
[1] "op os p0 before problematic comparison 0.275901178507851 0.461726747220116 0.551799062543525"
[1] "p in problematic comparison is 0.27581280951339"
[1] "1-p0 problematic comparison is 0.448200937456475"
[1] "m^2  problematic comparison is 7.2959247451863"
[1] "m2-m^2 problematic comparison problematic comparison is 5.76734074923288"
[1] "p in  problematic comparison comparison is 0.27581280951339"
[1] "op os p0 before problematic comparison 0.27581280951339 0.461080257366951 0.552177057890551"
[1] "p in problematic comparison is 0.275735160988706"
[1] "1-p0 problematic comparison is 0.447822942109449"
[1] "m^2  problematic comparison is 7.2959247451863"
[1] "m2-m^2 problematic comparison problematic comparison is 5.76734074923288"
[1] "p in  problematic comparison comparison is 0.275735160988706"
[1] "op os p0 before problematic comparison 0.275735160988706 0.460512326534309 0.552509485156256"
[1] "p in problematic comparison is 0.275666909269243"
[1] "1-p0 problematic comparison is 0.447490514843744"
[1] "m^2  problematic comparison is 7.2959247451863"
[1] "m2-m^2 problematic comparison problematic comparison is 5.76734074923288"
[1] "p in  problematic comparison comparison is 0.275666909269243"
[1] "op os p0 before problematic comparison 0.275666909269243 0.460013225640153 0.552801905996658"
[1] "p in problematic comparison is 0.275606899326003"
[1] "1-p0 problematic comparison is 0.447198094003342"
[1] "m^2  problematic comparison is 7.2959247451863"
[1] "m2-m^2 problematic comparison problematic comparison is 5.76734074923288"
[1] "p in  problematic comparison comparison is 0.275606899326003"
[1] "op os p0 before problematic comparison 0.275606899326003 0.459574471665725 0.553059187901334"
[1] "p in problematic comparison is 0.275554122117906"
[1] "1-p0 problematic comparison is 0.446940812098666"
[1] "m^2  problematic comparison is 7.2959247451863"
[1] "m2-m^2 problematic comparison problematic comparison is 5.76734074923288"
[1] "p in  problematic comparison comparison is 0.275554122117906"
[1] "op os p0 before problematic comparison 0.275554122117906 0.459188658858207 0.553285594271307"
[1] "p in problematic comparison is 0.275507695242034"
[1] "1-p0 problematic comparison is 0.446714405728693"
[1] "m^2  problematic comparison is 7.2959247451863"
[1] "m2-m^2 problematic comparison problematic comparison is 5.76734074923288"
[1] "p in  problematic comparison comparison is 0.275507695242034"
[1] "op os p0 before problematic comparison 0.275507695242034 0.45884931482535 0.553484862047061"
[1] "p in problematic comparison is 0.27546684634667"
[1] "1-p0 problematic comparison is 0.446515137952939"
[1] "m^2  problematic comparison is 7.2959247451863"
[1] "m2-m^2 problematic comparison problematic comparison is 5.76734074923288"
[1] "p in  problematic comparison comparison is 0.27546684634667"
[1] "op os p0 before problematic comparison 0.27546684634667 0.458550777418663 0.553660268772275"
[1] "p in problematic comparison is 0.275430898870053"
[1] "1-p0 problematic comparison is 0.446339731227725"
[1] "m^2  problematic comparison is 7.2959247451863"
[1] "m2-m^2 problematic comparison problematic comparison is 5.76734074923288"
[1] "p in  problematic comparison comparison is 0.275430898870053"
[1] "op os p0 before problematic comparison 0.275430898870053 0.458288089066591 0.553814690658862"
[1] "p in problematic comparison is 0.275399259745742"
[1] "1-p0 problematic comparison is 0.446185309341138"
[1] "m^2  problematic comparison is 7.2959247451863"
[1] "m2-m^2 problematic comparison problematic comparison is 5.76734074923288"
[1] "p in  problematic comparison comparison is 0.275399259745742"
[1] "op os p0 before problematic comparison 0.275399259745742 0.45805690582413 0.553950652960056"
[1] "p in problematic comparison is 0.275371408777738"
[1] "1-p0 problematic comparison is 0.446049347039944"
[1] "m^2  problematic comparison is 7.2959247451863"
[1] "m2-m^2 problematic comparison problematic comparison is 5.76734074923288"
[1] "p in  problematic comparison comparison is 0.275371408777738"
[1] "op os p0 before problematic comparison 0.275371408777738 0.457853418887289 0.554070373747578"
[1] "p in problematic comparison is 0.275346889438696"
[1] "1-p0 problematic comparison is 0.445929626252422"
[1] "m^2  problematic comparison is 7.2959247451863"
[1] "m2-m^2 problematic comparison problematic comparison is 5.76734074923288"
[1] "p in  problematic comparison comparison is 0.275346889438696"
[1] "op os p0 before problematic comparison 0.275346889438696 0.457674286707196 0.554175802016408"
[1] "p in problematic comparison is 0.27532530088514"
[1] "1-p0 problematic comparison is 0.445824197983592"
[1] "m^2  problematic comparison is 7.2959247451863"
[1] "m2-m^2 problematic comparison problematic comparison is 5.76734074923288"
[1] "p in  problematic comparison comparison is 0.27532530088514"
[1] "op os p0 before problematic comparison 0.27532530088514 0.457516576150498 0.55426865089863"
[1] "p in problematic comparison is 0.275306291016725"
[1] "1-p0 problematic comparison is 0.44573134910137"
[1] "m^2  problematic comparison is 7.2959247451863"
[1] "m2-m^2 problematic comparison problematic comparison is 5.76734074923288"
[1] "p in  problematic comparison comparison is 0.275306291016725"
[1] "op os p0 before problematic comparison 0.275306291016725 0.457377711405946 0.554350426650203"
[1] "p in problematic comparison is 0.275289550433694"
[1] "1-p0 problematic comparison is 0.445649573349797"
[1] "m^2  problematic comparison is 7.2959247451863"
[1] "m2-m^2 problematic comparison problematic comparison is 5.76734074923288"
[1] "p in  problematic comparison comparison is 0.275289550433694"
[1] "op os p0 before problematic comparison 0.275289550433694 0.45725542954383 0.554422453976681"
[1] "p in problematic comparison is 0.275274807169046"
[1] "1-p0 problematic comparison is 0.445577546023319"
[1] "m^2  problematic comparison is 7.2959247451863"
[1] "m2-m^2 problematic comparison problematic comparison is 5.76734074923288"
[1] "p in  problematic comparison comparison is 0.275274807169046"
[1] "op os p0 before problematic comparison 0.275274807169046 0.45714774180488 0.554485898182021"
[1] "p in problematic comparison is 0.275261822090458"
[1] "1-p0 problematic comparison is 0.445514101817979"
[1] "m^2  problematic comparison is 7.2959247451863"
[1] "m2-m^2 problematic comparison problematic comparison is 5.76734074923288"
[1] "p in  problematic comparison comparison is 0.275261822090458"
[1] "op os p0 before problematic comparison 0.275261822090458 0.457052899835575 0.554541784555921"
[1] "p in problematic comparison is 0.275250384882438"
[1] "1-p0 problematic comparison is 0.445458215444079"
[1] "m^2  problematic comparison is 7.2959247451863"
[1] "m2-m^2 problematic comparison problematic comparison is 5.76734074923288"
[1] "p in  problematic comparison comparison is 0.275250384882438"
[1] "op os p0 before problematic comparison 0.275250384882438 0.456969366203332 0.554591015357101"
[1] "p in problematic comparison is 0.275240310532077"
[1] "1-p0 problematic comparison is 0.445408984642899"
[1] "m^2  problematic comparison is 7.2959247451863"
[1] "m2-m^2 problematic comparison problematic comparison is 5.76734074923288"
[1] "p in  problematic comparison comparison is 0.275240310532077"
[1] "op os p0 before problematic comparison 0.275240310532077 0.456895788622274 0.554634384700845"
[1] "p in problematic comparison is 0.275231436252657"
[1] "1-p0 problematic comparison is 0.445365615299155"
[1] "m^2  problematic comparison is 7.2959247451863"
[1] "m2-m^2 problematic comparison problematic comparison is 5.76734074923288"
[1] "p in  problematic comparison comparison is 0.275231436252657"
[1] "op os p0 before problematic comparison 0.275231436252657 0.456830977401793 0.55467259161733"
[1] "p in problematic comparison is 0.275223618788489"
[1] "1-p0 problematic comparison is 0.44532740838267"
[1] "m^2  problematic comparison is 7.2959247451863"
[1] "m2-m^2 problematic comparison problematic comparison is 5.76734074923288"
[1] "p in  problematic comparison comparison is 0.275223618788489"
[1] "op os p0 before problematic comparison 0.275223618788489 0.456773885698758 0.554706251511645"
[1] "p in problematic comparison is 0.275216732052161"
[1] "1-p0 problematic comparison is 0.445293748488355"
[1] "m^2  problematic comparison is 7.2959247451863"
[1] "m2-m^2 problematic comparison problematic comparison is 5.76734074923288"
[1] "p in  problematic comparison comparison is 0.275216732052161"
[1] "op os p0 before problematic comparison 0.275216732052161 0.456723592212244 0.554735906225919"
[1] "p in problematic comparison is 0.275210665051946"
[1] "1-p0 problematic comparison is 0.445264093774081"
[1] "m^2  problematic comparison is 7.2959247451863"
[1] "m2-m^2 problematic comparison problematic comparison is 5.76734074923288"
[1] "p in  problematic comparison comparison is 0.275210665051946"
[1] "op os p0 before problematic comparison 0.275210665051946 0.456679286008912 0.554762032877768"
[1] "p in problematic comparison is 0.27520532007279"
[1] "1-p0 problematic comparison is 0.445237967122232"
[1] "m^2  problematic comparison is 7.2959247451863"
[1] "m2-m^2 problematic comparison problematic comparison is 5.76734074923288"
[1] "p in  problematic comparison comparison is 0.27520532007279"
[1] "op os p0 before problematic comparison 0.27520532007279 0.456640253209139 0.554785051626768"
[1] "p in problematic comparison is 0.275200611079092"
[1] "1-p0 problematic comparison is 0.445214948373232"
[1] "m^2  problematic comparison is 7.2959247451863"
[1] "m2-m^2 problematic comparison problematic comparison is 5.76734074923288"
[1] "p in  problematic comparison comparison is 0.275200611079092"
[1] "op os p0 before problematic comparison 0.275200611079092 0.456605865299822 0.554805332501202"
[1] "p in problematic comparison is 0.275196462311666"
[1] "1-p0 problematic comparison is 0.445194667498798"
[1] "m^2  problematic comparison is 7.2959247451863"
[1] "m2-m^2 problematic comparison problematic comparison is 5.76734074923288"
[1] "p in  problematic comparison comparison is 0.275196462311666"
[1] "op os p0 before problematic comparison 0.275196462311666 0.456575568870548 0.554823201400524"
[1] "p in problematic comparison is 0.275192807054815"
[1] "1-p0 problematic comparison is 0.445176798599476"
[1] "m^2  problematic comparison is 7.2959247451863"
[1] "m2-m^2 problematic comparison problematic comparison is 5.76734074923288"
[1] "p in  problematic comparison comparison is 0.275192807054815"
[1] "op os p0 before problematic comparison 0.275192807054815 0.456548876596219 0.554838945374417"
[1] "p in problematic comparison is 0.275189586552559"
[1] "1-p0 problematic comparison is 0.445161054625583"
[1] "m^2  problematic comparison is 7.2959247451863"
[1] "m2-m^2 problematic comparison problematic comparison is 5.76734074923288"
[1] "p in  problematic comparison comparison is 0.275189586552559"
[1] "op os p0 before problematic comparison 0.275189586552559 0.456525359312002 0.554852817266673"
[1] "p in problematic comparison is 0.275186749055675"
[1] "1-p0 problematic comparison is 0.445147182733327"
[1] "m^2  problematic comparison is 7.2959247451863"
[1] "m2-m^2 problematic comparison problematic comparison is 5.76734074923288"
[1] "p in  problematic comparison comparison is 0.275186749055675"
[1] "op os p0 before problematic comparison 0.275186749055675 0.456504639046142 0.554865039801142"
[1] "p in problematic comparison is 0.275184248983577"
[1] "1-p0 problematic comparison is 0.445134960198858"
[1] "m^2  problematic comparison is 7.2959247451863"
[1] "m2-m^2 problematic comparison problematic comparison is 5.76734074923288"
[1] "p in  problematic comparison comparison is 0.275184248983577"
[1] "op os p0 before problematic comparison 0.275184248983577 0.456486382893199 0.554875809177403"
[1] "p in problematic comparison is 0.275182046187008"
[1] "1-p0 problematic comparison is 0.445124190822597"
[1] "m^2  problematic comparison is 7.2959247451863"
[1] "m2-m^2 problematic comparison problematic comparison is 5.76734074923288"
[1] "p in  problematic comparison comparison is 0.275182046187008"
[1] "op os p0 before problematic comparison 0.275182046187008 0.456470297625041 0.554885298235481"
[1] "p in problematic comparison is 0.275180105299317"
[1] "1-p0 problematic comparison is 0.445114701764519"
[1] "m^2  problematic comparison is 7.2959247451863"
[1] "m2-m^2 problematic comparison problematic comparison is 5.76734074923288"
[1] "p in  problematic comparison comparison is 0.275180105299317"
[1] "op os p0 before problematic comparison 0.275180105299317 0.456456124949749 0.554893659241649"
[1] "p in problematic comparison is 0.275178395165549"
[1] "1-p0 problematic comparison is 0.445106340758351"
[1] "m^2  problematic comparison is 7.2959247451863"
[1] "m2-m^2 problematic comparison problematic comparison is 5.76734074923288"
[1] "p in  problematic comparison comparison is 0.275178395165549"
[1] "op os p0 before problematic comparison 0.275178395165549 0.456443637339756 0.55490102634097"
[1] "p in problematic comparison is 0.27517688833996"
[1] "1-p0 problematic comparison is 0.44509897365903"
[1] "m^2  problematic comparison is 7.2959247451863"
[1] "m2-m^2 problematic comparison problematic comparison is 5.76734074923288"
[1] "p in  problematic comparison comparison is 0.27517688833996"
[1] "op os p0 before problematic comparison 0.27517688833996 0.456432634360276 0.554907517716675"
[1] "p in problematic comparison is 0.275175560643693"
[1] "1-p0 problematic comparison is 0.445092482283325"
[1] "m^2  problematic comparison is 7.2959247451863"
[1] "m2-m^2 problematic comparison problematic comparison is 5.76734074923288"
[1] "p in  problematic comparison comparison is 0.275175560643693"
[1] "summary negative log10 NB p-value:"
    Min.  1st Qu.   Median     Mean  3rd Qu.     Max. 
  0.0000   0.0000   0.0000   0.2769   0.4402 108.0253 
[1] "output_name in r script is"
[1] "SCC-bulkChIC-PMC-DRO-021_nozeroes_augmented.bedgraph.s3norm.NB.neglog10p.bedgraph"
[1] "dim neglog10_nb_pval_bedgraph is 13784097"
[2] "dim neglog10_nb_pval_bedgraph is 4"       
[1] "head neglog10_nb_pval_bedgraph is"
    V1    V2    V3 neglog10_nb_pval
1 chr1 30600 30800        0.3079325
2 chr1 30800 31000        0.0000000
3 chr1 54400 54600        0.0000000
4 chr1 54600 54800        0.0000000
5 chr1 54800 55000        0.0000000
6 chr1 55000 55200        0.0000000
[1] "args in R are"
[1] "SCC-bulkChIC-PMC-DRO-024_nozeroes_augmented.bedgraph.s3norm.bedgraph"             
[2] "SCC-bulkChIC-PMC-DRO-021_nozeroes_augmented.bedgraph"                             
[3] "SCC-bulkChIC-PMC-DRO-024_nozeroes_augmented.bedgraph.s3norm.NB.neglog10p.bedgraph"
[1] "sig_raw in r script is"
    V1    V2    V3       V4
1 chr1 30600 30800 1.029068
2 chr1 30800 31000 1.029068
3 chr1 54400 54600 1.029068
4 chr1 54600 54800 1.029068
5 chr1 54800 55000 1.029068
6 chr1 55000 55200 1.029068
[1] "input_raw in r script is"
    V1    V2    V3 V4
1 chr1 30600 30800  2
2 chr1 30800 31000  1
3 chr1 54400 54600  1
4 chr1 54600 54800  1
5 chr1 54800 55000  1
6 chr1 55000 55200  1
[1] "head sig is"
[1] 1.029068 1.029068 1.029068 1.029068 1.029068 1.029068
[1] "min_non0 is"
[1] 1.029068
[1] "x in get_true_NB_prob_size is"
[1] "double"
[1] "numeric"
 num [1:13652495] 1.03 1.03 1.03 1.03 1.03 ...
NULL
[1] "dim is"
[1] "head is"
[1] "m in gettrue is 2.71101242143383"
[1] "m2 in get true is 13.2645594421487"
[1] "p0 in get true is 0"
[1] "p in p is 0.458330628978254"
[1] "1-p0 is 1"
[1] "m^2 is 7.34958834916849"
[1] "m2-m^2 is 5.91497109298025"
[1] "rt is 0.458330628978254" "rt is 2.29390859952046" 
[3] "rt is 0"                
[1] "op os p0 before problematic comparison 0.458330628978254 2.29390859952046 0.167022631263986"
[1] "p in problematic comparison is 0.379559724481106"
[1] "1-p0 problematic comparison is 0.832977368736014"
[1] "m^2  problematic comparison is 7.34958834916849"
[1] "m2-m^2 problematic comparison problematic comparison is 5.91497109298025"
[1] "p in  problematic comparison comparison is 0.379559724481106"
[1] "op os p0 before problematic comparison 0.379559724481106 1.38148079011197 0.262291110296033"
[1] "p in problematic comparison is 0.345673232434241"
[1] "1-p0 problematic comparison is 0.737708889703967"
[1] "m^2  problematic comparison is 7.34958834916849"
[1] "m2-m^2 problematic comparison problematic comparison is 5.91497109298025"
[1] "p in  problematic comparison comparison is 0.345673232434241"
[1] "op os p0 before problematic comparison 0.345673232434241 1.05654400024734 0.325521791440094"
[1] "p in problematic comparison is 0.326336177094979"
[1] "1-p0 problematic comparison is 0.674478208559906"
[1] "m^2  problematic comparison is 7.34958834916849"
[1] "m2-m^2 problematic comparison problematic comparison is 5.91497109298025"
[1] "p in  problematic comparison comparison is 0.326336177094979"
[1] "op os p0 before problematic comparison 0.326336177094979 0.885770936636448 0.370867509485595"
[1] "p in problematic comparison is 0.313749361680673"
[1] "1-p0 problematic comparison is 0.629132490514405"
[1] "m^2  problematic comparison is 7.34958834916849"
[1] "m2-m^2 problematic comparison problematic comparison is 5.91497109298025"
[1] "p in  problematic comparison comparison is 0.313749361680673"
[1] "op os p0 before problematic comparison 0.313749361680673 0.77978290702613 0.404989638445933"
[1] "p in problematic comparison is 0.3049000800518"
[1] "1-p0 problematic comparison is 0.595010361554067"
[1] "m^2  problematic comparison is 7.34958834916849"
[1] "m2-m^2 problematic comparison problematic comparison is 5.91497109298025"
[1] "p in  problematic comparison comparison is 0.3049000800518"
[1] "op os p0 before problematic comparison 0.3049000800518 0.707564989851084 0.431526960083462"
[1] "p in problematic comparison is 0.298355523623173"
[1] "1-p0 problematic comparison is 0.568473039916538"
[1] "m^2  problematic comparison is 7.34958834916849"
[1] "m2-m^2 problematic comparison problematic comparison is 5.91497109298025"
[1] "p in  problematic comparison comparison is 0.298355523623173"
[1] "op os p0 before problematic comparison 0.298355523623173 0.655327438686112 0.452666996546495"
[1] "p in problematic comparison is 0.293339701032513"
[1] "1-p0 problematic comparison is 0.547333003453505"
[1] "m^2  problematic comparison is 7.34958834916849"
[1] "m2-m^2 problematic comparison problematic comparison is 5.91497109298025"
[1] "p in  problematic comparison comparison is 0.293339701032513"
[1] "op os p0 before problematic comparison 0.293339701032513 0.61594693145207 0.469816977304504"
[1] "p in problematic comparison is 0.289392822641444"
[1] "1-p0 problematic comparison is 0.530183022695496"
[1] "m^2  problematic comparison is 7.34958834916849"
[1] "m2-m^2 problematic comparison problematic comparison is 5.91497109298025"
[1] "p in  problematic comparison comparison is 0.289392822641444"
[1] "op os p0 before problematic comparison 0.289392822641444 0.58534982166114 0.483929340309457"
[1] "p in problematic comparison is 0.28622380430501"
[1] "1-p0 problematic comparison is 0.516070659690543"
[1] "m^2  problematic comparison is 7.34958834916849"
[1] "m2-m^2 problematic comparison problematic comparison is 5.91497109298025"
[1] "p in  problematic comparison comparison is 0.28622380430501"
[1] "op os p0 before problematic comparison 0.28622380430501 0.561027779095785 0.495674792444186"
[1] "p in problematic comparison is 0.283638732962043"
[1] "1-p0 problematic comparison is 0.504325207555814"
[1] "m^2  problematic comparison is 7.34958834916849"
[1] "m2-m^2 problematic comparison problematic comparison is 5.91497109298025"
[1] "p in  problematic comparison comparison is 0.283638732962043"
[1] "op os p0 before problematic comparison 0.283638732962043 0.541346862579263 0.505540949957663"
[1] "p in problematic comparison is 0.281503091921089"
[1] "1-p0 problematic comparison is 0.494459050042337"
[1] "m^2  problematic comparison is 7.34958834916849"
[1] "m2-m^2 problematic comparison problematic comparison is 5.91497109298025"
[1] "p in  problematic comparison comparison is 0.281503091921089"
[1] "op os p0 before problematic comparison 0.281503091921089 0.525194420191597 0.513891734287154"
[1] "p in problematic comparison is 0.279720441649624"
[1] "1-p0 problematic comparison is 0.486108265712846"
[1] "m^2  problematic comparison is 7.34958834916849"
[1] "m2-m^2 problematic comparison problematic comparison is 5.91497109298025"
[1] "p in  problematic comparison comparison is 0.279720441649624"
[1] "op os p0 before problematic comparison 0.279720441649624 0.511785089583538 0.521004768057295"
[1] "p in problematic comparison is 0.278219725689136"
[1] "1-p0 problematic comparison is 0.478995231942705"
[1] "m^2  problematic comparison is 7.34958834916849"
[1] "m2-m^2 problematic comparison problematic comparison is 5.91497109298025"
[1] "p in  problematic comparison comparison is 0.278219725689136"
[1] "op os p0 before problematic comparison 0.278219725689136 0.50054785764608 0.527095808530623"
[1] "p in problematic comparison is 0.276947371107994"
[1] "1-p0 problematic comparison is 0.472904191469377"
[1] "m^2  problematic comparison is 7.34958834916849"
[1] "m2-m^2 problematic comparison problematic comparison is 5.91497109298025"
[1] "p in  problematic comparison comparison is 0.276947371107994"
[1] "op os p0 before problematic comparison 0.276947371107994 0.49105711534288 0.532335219988772"
[1] "p in problematic comparison is 0.275862186975587"
[1] "1-p0 problematic comparison is 0.467664780011228"
[1] "m^2  problematic comparison is 7.34958834916849"
[1] "m2-m^2 problematic comparison problematic comparison is 5.91497109298025"
[1] "p in  problematic comparison comparison is 0.275862186975587"
[1] "op os p0 before problematic comparison 0.275862186975587 0.482988867299301 0.536859381944967"
[1] "p in problematic comparison is 0.274931964003602"
[1] "1-p0 problematic comparison is 0.463140618055033"
[1] "m^2  problematic comparison is 7.34958834916849"
[1] "m2-m^2 problematic comparison problematic comparison is 5.91497109298025"
[1] "p in  problematic comparison comparison is 0.274931964003602"
[1] "op os p0 before problematic comparison 0.274931964003602 0.476091965916401 0.540778777236171"
[1] "p in problematic comparison is 0.274131145334524"
[1] "1-p0 problematic comparison is 0.459221222763829"
[1] "m^2  problematic comparison is 7.34958834916849"
[1] "m2-m^2 problematic comparison problematic comparison is 5.91497109298025"
[1] "p in  problematic comparison comparison is 0.274131145334524"
[1] "op os p0 before problematic comparison 0.274131145334524 0.470168659374052 0.544183845509661"
[1] "p in problematic comparison is 0.273439192528034"
[1] "1-p0 problematic comparison is 0.455816154490339"
[1] "m^2  problematic comparison is 7.34958834916849"
[1] "m2-m^2 problematic comparison problematic comparison is 5.91497109298025"
[1] "p in  problematic comparison comparison is 0.273439192528034"
[1] "op os p0 before problematic comparison 0.273439192528034 0.465061101602142 0.54714929760305"
[1] "p in problematic comparison is 0.272839414858717"
[1] "1-p0 problematic comparison is 0.45285070239695"
[1] "m^2  problematic comparison is 7.34958834916849"
[1] "m2-m^2 problematic comparison problematic comparison is 5.91497109298025"
[1] "p in  problematic comparison comparison is 0.272839414858717"
[1] "op os p0 before problematic comparison 0.272839414858717 0.460641786823238 0.54973734792834"
[1] "p in problematic comparison is 0.272318114689782"
[1] "1-p0 problematic comparison is 0.45026265207166"
[1] "m^2  problematic comparison is 7.34958834916849"
[1] "m2-m^2 problematic comparison problematic comparison is 5.91497109298025"
[1] "p in  problematic comparison comparison is 0.272318114689782"
[1] "op os p0 before problematic comparison 0.272318114689782 0.456806631889835 0.552000172156015"
[1] "p in problematic comparison is 0.271863953010961"
[1] "1-p0 problematic comparison is 0.447999827843985"
[1] "m^2  problematic comparison is 7.34958834916849"
[1] "m2-m^2 problematic comparison problematic comparison is 5.91497109298025"
[1] "p in  problematic comparison comparison is 0.271863953010961"
[1] "op os p0 before problematic comparison 0.271863953010961 0.453469884472123 0.553981800992976"
[1] "p in problematic comparison is 0.271467471220587"
[1] "1-p0 problematic comparison is 0.446018199007024"
[1] "m^2  problematic comparison is 7.34958834916849"
[1] "m2-m^2 problematic comparison problematic comparison is 5.91497109298025"
[1] "p in  problematic comparison comparison is 0.271467471220587"
[1] "op os p0 before problematic comparison 0.271467471220587 0.450560315153382 0.555719597300205"
[1] "p in problematic comparison is 0.271120725673047"
[1] "1-p0 problematic comparison is 0.444280402699795"
[1] "m^2  problematic comparison is 7.34958834916849"
[1] "m2-m^2 problematic comparison problematic comparison is 5.91497109298025"
[1] "p in  problematic comparison comparison is 0.271120725673047"
[1] "op os p0 before problematic comparison 0.271120725673047 0.448018328381525 0.557245421110097"
[1] "p in problematic comparison is 0.270817004866876"
[1] "1-p0 problematic comparison is 0.442754578889903"
[1] "m^2  problematic comparison is 7.34958834916849"
[1] "m2-m^2 problematic comparison problematic comparison is 5.91497109298025"
[1] "p in  problematic comparison comparison is 0.270817004866876"
[1] "op os p0 before problematic comparison 0.270817004866876 0.445793741598796 0.558586557911058"
[1] "p in problematic comparison is 0.270550608049406"
[1] "1-p0 problematic comparison is 0.441413442088942"
[1] "m^2  problematic comparison is 7.34958834916849"
[1] "m2-m^2 problematic comparison problematic comparison is 5.91497109298025"
[1] "p in  problematic comparison comparison is 0.270550608049406"
[1] "op os p0 before problematic comparison 0.270550608049406 0.443844057384449 0.559766465274164"
[1] "p in problematic comparison is 0.270316670055184"
[1] "1-p0 problematic comparison is 0.440233534725836"
[1] "m^2  problematic comparison is 7.34958834916849"
[1] "m2-m^2 problematic comparison problematic comparison is 5.91497109298025"
[1] "p in  problematic comparison comparison is 0.270316670055184"
[1] "op os p0 before problematic comparison 0.270316670055184 0.442133104254048 0.560805378578363"
[1] "p in problematic comparison is 0.270111021364288"
[1] "1-p0 problematic comparison is 0.439194621421637"
[1] "m^2  problematic comparison is 7.34958834916849"
[1] "m2-m^2 problematic comparison problematic comparison is 5.91497109298025"
[1] "p in  problematic comparison comparison is 0.270111021364288"
[1] "op os p0 before problematic comparison 0.270111021364288 0.440629956539807 0.56172080634866"
[1] "p in problematic comparison is 0.269930075287475"
[1] "1-p0 problematic comparison is 0.43827919365134"
[1] "m^2  problematic comparison is 7.34958834916849"
[1] "m2-m^2 problematic comparison problematic comparison is 5.91497109298025"
[1] "p in  problematic comparison comparison is 0.269930075287475"
[1] "op os p0 before problematic comparison 0.269930075287475 0.439308067963239 0.562527938302631"
[1] "p in problematic comparison is 0.26977073626017"
[1] "1-p0 problematic comparison is 0.437472061697369"
[1] "m^2  problematic comparison is 7.34958834916849"
[1] "m2-m^2 problematic comparison problematic comparison is 5.91497109298025"
[1] "p in  problematic comparison comparison is 0.26977073626017"
[1] "op os p0 before problematic comparison 0.26977073626017 0.438144570575774 0.563239983763323"
[1] "p in problematic comparison is 0.269630324720511"
[1] "1-p0 problematic comparison is 0.436760016236677"
[1] "m^2  problematic comparison is 7.34958834916849"
[1] "m2-m^2 problematic comparison problematic comparison is 5.91497109298025"
[1] "p in  problematic comparison comparison is 0.269630324720511"
[1] "op os p0 before problematic comparison 0.269630324720511 0.437119702943677 0.563868454068293"
[1] "p in problematic comparison is 0.269506515134096"
[1] "1-p0 problematic comparison is 0.436131545931707"
[1] "m^2  problematic comparison is 7.34958834916849"
[1] "m2-m^2 problematic comparison problematic comparison is 5.91497109298025"
[1] "p in  problematic comparison comparison is 0.269506515134096"
[1] "op os p0 before problematic comparison 0.269506515134096 0.436216340284629 0.564423399589842"
[1] "p in problematic comparison is 0.269397284528711"
[1] "1-p0 problematic comparison is 0.435576600410158"
[1] "m^2  problematic comparison is 7.34958834916849"
[1] "m2-m^2 problematic comparison problematic comparison is 5.91497109298025"
[1] "p in  problematic comparison comparison is 0.269397284528711"
[1] "op os p0 before problematic comparison 0.269397284528711 0.435419605728836 0.564913609703826"
[1] "p in problematic comparison is 0.269300869497931"
[1] "1-p0 problematic comparison is 0.435086390296174"
[1] "m^2  problematic comparison is 7.34958834916849"
[1] "m2-m^2 problematic comparison problematic comparison is 5.91497109298025"
[1] "p in  problematic comparison comparison is 0.269300869497931"
[1] "op os p0 before problematic comparison 0.269300869497931 0.434716546661597 0.565346782308227"
[1] "p in problematic comparison is 0.269215730079915"
[1] "1-p0 problematic comparison is 0.434653217691773"
[1] "m^2  problematic comparison is 7.34958834916849"
[1] "m2-m^2 problematic comparison problematic comparison is 5.91497109298025"
[1] "p in  problematic comparison comparison is 0.269215730079915"
[1] "op os p0 before problematic comparison 0.269215730079915 0.434095863679596 0.565729668157977"
[1] "p in problematic comparison is 0.269140519256791"
[1] "1-p0 problematic comparison is 0.434270331842023"
[1] "m^2  problematic comparison is 7.34958834916849"
[1] "m2-m^2 problematic comparison problematic comparison is 5.91497109298025"
[1] "p in  problematic comparison comparison is 0.269140519256791"
[1] "op os p0 before problematic comparison 0.269140519256791 0.433547682390175 0.566068194248303"
[1] "p in problematic comparison is 0.269074057079285"
[1] "1-p0 problematic comparison is 0.433931805751697"
[1] "m^2  problematic comparison is 7.34958834916849"
[1] "m2-m^2 problematic comparison problematic comparison is 5.91497109298025"
[1] "p in  problematic comparison comparison is 0.269074057079285"
[1] "op os p0 before problematic comparison 0.269074057079285 0.433063360335213 0.566367569671247"
[1] "p in problematic comparison is 0.269015308621071"
[1] "1-p0 problematic comparison is 0.433632430328753"
[1] "m^2  problematic comparison is 7.34958834916849"
[1] "m2-m^2 problematic comparison problematic comparison is 5.91497109298025"
[1] "p in  problematic comparison comparison is 0.269015308621071"
[1] "op os p0 before problematic comparison 0.269015308621071 0.432635322896161 0.566632376734835"
[1] "p in problematic comparison is 0.268963365122502"
[1] "1-p0 problematic comparison is 0.433367623265165"
[1] "m^2  problematic comparison is 7.34958834916849"
[1] "m2-m^2 problematic comparison problematic comparison is 5.91497109298025"
[1] "p in  problematic comparison comparison is 0.268963365122502"
[1] "op os p0 before problematic comparison 0.268963365122502 0.432256923254862 0.56686664963124"
[1] "p in problematic comparison is 0.268917427804825"
[1] "1-p0 problematic comparison is 0.43313335036876"
[1] "m^2  problematic comparison is 7.34958834916849"
[1] "m2-m^2 problematic comparison problematic comparison is 5.91497109298025"
[1] "p in  problematic comparison comparison is 0.268917427804825"
[1] "op os p0 before problematic comparison 0.268917427804825 0.431922322434034 0.567073942539052"
[1] "p in problematic comparison is 0.268876793931656"
[1] "1-p0 problematic comparison is 0.432926057460948"
[1] "m^2  problematic comparison is 7.34958834916849"
[1] "m2-m^2 problematic comparison problematic comparison is 5.91497109298025"
[1] "p in  problematic comparison comparison is 0.268876793931656"
[1] "op os p0 before problematic comparison 0.268876793931656 0.43162638618642 0.567257388722785"
[1] "p in problematic comparison is 0.268840844770468"
[1] "1-p0 problematic comparison is 0.432742611277215"
[1] "m^2  problematic comparison is 7.34958834916849"
[1] "m2-m^2 problematic comparison problematic comparison is 5.91497109298025"
[1] "p in  problematic comparison comparison is 0.268840844770468"
[1] "op os p0 before problematic comparison 0.268840844770468 0.431364596090539 0.56741975193267"
[1] "p in problematic comparison is 0.268809035167421"
[1] "1-p0 problematic comparison is 0.43258024806733"
[1] "m^2  problematic comparison is 7.34958834916849"
[1] "m2-m^2 problematic comparison problematic comparison is 5.91497109298025"
[1] "p in  problematic comparison comparison is 0.268809035167421"
[1] "op os p0 before problematic comparison 0.268809035167421 0.431132972679577 0.567563471196445"
[1] "p in problematic comparison is 0.268780884497658"
[1] "1-p0 problematic comparison is 0.432436528803555"
[1] "m^2  problematic comparison is 7.34958834916849"
[1] "m2-m^2 problematic comparison problematic comparison is 5.91497109298025"
[1] "p in  problematic comparison comparison is 0.268780884497658"
[1] "op os p0 before problematic comparison 0.268780884497658 0.430928008805296 0.567690699922193"
[1] "p in problematic comparison is 0.268755968792554"
[1] "1-p0 problematic comparison is 0.432309300077807"
[1] "m^2  problematic comparison is 7.34958834916849"
[1] "m2-m^2 problematic comparison problematic comparison is 5.91497109298025"
[1] "p in  problematic comparison comparison is 0.268755968792554"
[1] "op os p0 before problematic comparison 0.268755968792554 0.430746611741224 0.5678033400893"
[1] "p in problematic comparison is 0.268733913877514"
[1] "1-p0 problematic comparison is 0.4321966599107"
[1] "m^2  problematic comparison is 7.34958834916849"
[1] "m2-m^2 problematic comparison problematic comparison is 5.91497109298025"
[1] "p in  problematic comparison comparison is 0.268733913877514"
[1] "op os p0 before problematic comparison 0.268733913877514 0.430586052774605 0.567903072187358"
[1] "p in problematic comparison is 0.268714389380109"
[1] "1-p0 problematic comparison is 0.432096927812642"
[1] "m^2  problematic comparison is 7.34958834916849"
[1] "m2-m^2 problematic comparison problematic comparison is 5.91497109298025"
[1] "p in  problematic comparison comparison is 0.268714389380109"
[1] "op os p0 before problematic comparison 0.268714389380109 0.430443923236527 0.567991381465393"
[1] "p in problematic comparison is 0.268697103489925"
[1] "1-p0 problematic comparison is 0.432008618534607"
[1] "m^2  problematic comparison is 7.34958834916849"
[1] "m2-m^2 problematic comparison problematic comparison is 5.91497109298025"
[1] "p in  problematic comparison comparison is 0.268697103489925"
[1] "op os p0 before problematic comparison 0.268697103489925 0.430318096083573 0.568069580972536"
[1] "p in problematic comparison is 0.268681798369374"
[1] "1-p0 problematic comparison is 0.431930419027464"
[1] "m^2  problematic comparison is 7.34958834916849"
[1] "m2-m^2 problematic comparison problematic comparison is 5.91497109298025"
[1] "p in  problematic comparison comparison is 0.268681798369374"
[1] "op os p0 before problematic comparison 0.268681798369374 0.43020669227958 0.568138831803012"
[1] "p in problematic comparison is 0.268668246129496"
[1] "1-p0 problematic comparison is 0.431861168196988"
[1] "m^2  problematic comparison is 7.34958834916849"
[1] "m2-m^2 problematic comparison problematic comparison is 5.91497109298025"
[1] "p in  problematic comparison comparison is 0.268668246129496"
[1] "op os p0 before problematic comparison 0.268668246129496 0.430108051338048 0.568200160900956"
[1] "p in problematic comparison is 0.268656245297237"
[1] "1-p0 problematic comparison is 0.431799839099044"
[1] "m^2  problematic comparison is 7.34958834916849"
[1] "m2-m^2 problematic comparison problematic comparison is 5.91497109298025"
[1] "p in  problematic comparison comparison is 0.268656245297237"
[1] "op os p0 before problematic comparison 0.268656245297237 0.430020705479138 0.568254476731911"
[1] "p in problematic comparison is 0.268645617711023"
[1] "1-p0 problematic comparison is 0.431745523268089"
[1] "m^2  problematic comparison is 7.34958834916849"
[1] "m2-m^2 problematic comparison problematic comparison is 5.91497109298025"
[1] "p in  problematic comparison comparison is 0.268645617711023"
[1] "op os p0 before problematic comparison 0.268645617711023 0.429943356933237 0.568302583086657"
[1] "p in problematic comparison is 0.268636205790257"
[1] "1-p0 problematic comparison is 0.431697416913343"
[1] "m^2  problematic comparison is 7.34958834916849"
[1] "m2-m^2 problematic comparison problematic comparison is 5.91497109298025"
[1] "p in  problematic comparison comparison is 0.268636205790257"
[1] "op os p0 before problematic comparison 0.268636205790257 0.429874857988763 0.568345191247806"
[1] "p in problematic comparison is 0.268627870131781"
[1] "1-p0 problematic comparison is 0.431654808752194"
[1] "m^2  problematic comparison is 7.34958834916849"
[1] "m2-m^2 problematic comparison problematic comparison is 5.91497109298025"
[1] "p in  problematic comparison comparison is 0.268627870131781"
[1] "op os p0 before problematic comparison 0.268627870131781 0.429814193437305 0.568382930719534"
[1] "p in problematic comparison is 0.268620487392604"
[1] "1-p0 problematic comparison is 0.431617069280466"
[1] "m^2  problematic comparison is 7.34958834916849"
[1] "m2-m^2 problematic comparison problematic comparison is 5.91497109298025"
[1] "p in  problematic comparison comparison is 0.268620487392604"
[1] "op os p0 before problematic comparison 0.268620487392604 0.429760465116192 0.568416358694994"
[1] "p in problematic comparison is 0.268613948423647"
[1] "1-p0 problematic comparison is 0.431583641305006"
[1] "m^2  problematic comparison is 7.34958834916849"
[1] "m2-m^2 problematic comparison problematic comparison is 5.91497109298025"
[1] "p in  problematic comparison comparison is 0.268613948423647"
[1] "op os p0 before problematic comparison 0.268613948423647 0.429712878288591 0.568445968413709"
[1] "p in problematic comparison is 0.268608156623784"
[1] "1-p0 problematic comparison is 0.431554031586291"
[1] "m^2  problematic comparison is 7.34958834916849"
[1] "m2-m^2 problematic comparison problematic comparison is 5.91497109298025"
[1] "p in  problematic comparison comparison is 0.268608156623784"
[1] "op os p0 before problematic comparison 0.268608156623784 0.429670729635378 0.568472196542101"
[1] "p in problematic comparison is 0.268603026487451"
[1] "1-p0 problematic comparison is 0.431527803457899"
[1] "m^2  problematic comparison is 7.34958834916849"
[1] "m2-m^2 problematic comparison problematic comparison is 5.91497109298025"
[1] "p in  problematic comparison comparison is 0.268603026487451"
[1] "op os p0 before problematic comparison 0.268603026487451 0.429633396662308 0.568495429693669"
[1] "p in problematic comparison is 0.268598482322483"
[1] "1-p0 problematic comparison is 0.431504570306331"
[1] "m^2  problematic comparison is 7.34958834916849"
[1] "m2-m^2 problematic comparison problematic comparison is 5.91497109298025"
[1] "p in  problematic comparison comparison is 0.268598482322483"
[1] "op os p0 before problematic comparison 0.268598482322483 0.429600328351171 0.568516010190946"
[1] "p in problematic comparison is 0.268594457117773"
[1] "1-p0 problematic comparison is 0.431483989809054"
[1] "m^2  problematic comparison is 7.34958834916849"
[1] "m2-m^2 problematic comparison problematic comparison is 5.91497109298025"
[1] "p in  problematic comparison comparison is 0.268594457117773"
[1] "op os p0 before problematic comparison 0.268594457117773 0.429571036905297 0.568534241158872"
[1] "p in problematic comparison is 0.268590891542894"
[1] "1-p0 problematic comparison is 0.431465758841128"
[1] "m^2  problematic comparison is 7.34958834916849"
[1] "m2-m^2 problematic comparison problematic comparison is 5.91497109298025"
[1] "p in  problematic comparison comparison is 0.268590891542894"
[1] "op os p0 before problematic comparison 0.268590891542894 0.429545090458545 0.568550391028274"
[1] "p in problematic comparison is 0.268587733064018"
[1] "1-p0 problematic comparison is 0.431449608971726"
[1] "m^2  problematic comparison is 7.34958834916849"
[1] "m2-m^2 problematic comparison problematic comparison is 5.91497109298025"
[1] "p in  problematic comparison comparison is 0.268587733064018"
[1] "op os p0 before problematic comparison 0.268587733064018 0.429522106633117 0.56856469751868"
[1] "p in problematic comparison is 0.268584935162405"
[1] "1-p0 problematic comparison is 0.43143530248132"
[1] "m^2  problematic comparison is 7.34958834916849"
[1] "m2-m^2 problematic comparison problematic comparison is 5.91497109298025"
[1] "p in  problematic comparison comparison is 0.268584935162405"
[1] "op os p0 before problematic comparison 0.268584935162405 0.429501746845675 0.568577371161347"
[1] "p in problematic comparison is 0.26858245664338"
[1] "1-p0 problematic comparison is 0.431422628838653"
[1] "m^2  problematic comparison is 7.34958834916849"
[1] "m2-m^2 problematic comparison problematic comparison is 5.91497109298025"
[1] "p in  problematic comparison comparison is 0.26858245664338"
[1] "op os p0 before problematic comparison 0.26858245664338 0.429483711273494 0.568588598416151"
[1] "p in problematic comparison is 0.26858026102519"
[1] "1-p0 problematic comparison is 0.431411401583849"
[1] "m^2  problematic comparison is 7.34958834916849"
[1] "m2-m^2 problematic comparison problematic comparison is 5.91497109298025"
[1] "p in  problematic comparison comparison is 0.26858026102519"
[1] "op os p0 before problematic comparison 0.26858026102519 0.429467734403084 0.568598544429568"
[1] "p in problematic comparison is 0.268578315998406"
[1] "1-p0 problematic comparison is 0.431401455570432"
[1] "m^2  problematic comparison is 7.34958834916849"
[1] "m2-m^2 problematic comparison problematic comparison is 5.91497109298025"
[1] "p in  problematic comparison comparison is 0.268578315998406"
[1] "op os p0 before problematic comparison 0.268578315998406 0.429453581093049 0.568607355475427"
[1] "p in problematic comparison is 0.26857659294763"
[1] "1-p0 problematic comparison is 0.431392644524573"
[1] "m^2  problematic comparison is 7.34958834916849"
[1] "m2-m^2 problematic comparison problematic comparison is 5.91497109298025"
[1] "p in  problematic comparison comparison is 0.26857659294763"
[1] "op os p0 before problematic comparison 0.26857659294763 0.429441043091135 0.568615161115184"
[1] "p in problematic comparison is 0.268575066528277"
[1] "1-p0 problematic comparison is 0.431384838884816"
[1] "m^2  problematic comparison is 7.34958834916849"
[1] "m2-m^2 problematic comparison problematic comparison is 5.91497109298025"
[1] "p in  problematic comparison comparison is 0.268575066528277"
[1] "op os p0 before problematic comparison 0.268575066528277 0.42942993595256 0.568622076110157"
[1] "p in problematic comparison is 0.268573714292028"
[1] "1-p0 problematic comparison is 0.431377923889843"
[1] "m^2  problematic comparison is 7.34958834916849"
[1] "m2-m^2 problematic comparison problematic comparison is 5.91497109298025"
[1] "p in  problematic comparison comparison is 0.268573714292028"
[1] "summary negative log10 NB p-value:"
   Min. 1st Qu.  Median    Mean 3rd Qu.    Max. 
 0.0000  0.0000  0.0000  0.2562  0.4084 18.1661 
[1] "output_name in r script is"
[1] "SCC-bulkChIC-PMC-DRO-024_nozeroes_augmented.bedgraph.s3norm.NB.neglog10p.bedgraph"
[1] "dim neglog10_nb_pval_bedgraph is 13784097"
[2] "dim neglog10_nb_pval_bedgraph is 4"       
[1] "head neglog10_nb_pval_bedgraph is"
    V1    V2    V3 neglog10_nb_pval
1 chr1 30600 30800                0
2 chr1 30800 31000                0
3 chr1 54400 54600                0
4 chr1 54600 54800                0
5 chr1 54800 55000                0
6 chr1 55000 55200                0
read first file name
get bed file
get first file signals
SCC-bulkChIC-PMC-DRO-021_nozeroes_augmented.bedgraph
get all file signals
SCC-bulkChIC-PMC-DRO-024_nozeroes_augmented.bedgraph
get average_ref
get reference mean
get output bedgraph file
User provide reference.bedgraph: -r average_ref.bedgraph.NBP.bedgraph
User provide target.bedgraph: -t SCC-bulkChIC-PMC-DRO-021_nozeroes_augmented.bedgraph.s3norm.NB.neglog10p.bedgraph
User provide outputname: -o SCC-bulkChIC-PMC-DRO-021_nozeroes_augmented.bedgraph.NBP
User provide NTmethod: -m mean
User provide B_init: -i 2.0
User provide fdr_thresh: -f 0.05
User provide rank_lim: -l 0.001
User provide upperlim: -a 100000.0
User provide lowerlim: -b 0.0
User provide p_method: -p neglog10p
User provide common_pk_binary: -k 0
User provide common_bg_binary: -g 0
User provide cross_mark: -c F
start S3norm.......
test
sig1_raw[:,1] is ['30600' '30800' '54400' ... '70600' '70800' '71000'] sig2_raw[:,1] is ['30600' '30800' '54400' ... '70600' '70800' '71000'] bin_num is 13784097
length sig1 13784097
length sig2 13784097
check peak number in reference
reference_pk_num
3197305
check peak number in target
target_pk_num
664
fdr peak number < bin_num * rank_lim
use rank for target
3.06809001857897
reference_pk_num
3197305
target_pk_num
664
use FDR common peaks
use FDR common background
common peaks number:
13920
common background number:
10586792
check!!!
0
17.515900660919538
0.8985948669984251
Iteration 0 | dFB: 0.224092
[10.726461762373626, 1.775907787223281]
Iteration 10 | dFB: 0.001577
[4.420692732517176, 0.9914898664985761]
converged!
used: [A, B]
[4.411487172178605, 0.9899191449869907]
transformation: B: 0.9899191449869907; A: 4.411487172178605
User provide reference.bedgraph: -r average_ref.bedgraph.NBP.bedgraph
User provide target.bedgraph: -t SCC-bulkChIC-PMC-DRO-024_nozeroes_augmented.bedgraph.s3norm.NB.neglog10p.bedgraph
User provide outputname: -o SCC-bulkChIC-PMC-DRO-024_nozeroes_augmented.bedgraph.NBP
User provide NTmethod: -m mean
User provide B_init: -i 2.0
User provide fdr_thresh: -f 0.05
User provide rank_lim: -l 0.001
User provide upperlim: -a 100000.0
User provide lowerlim: -b 0.0
User provide p_method: -p neglog10p
User provide common_pk_binary: -k 0
User provide common_bg_binary: -g 0
User provide cross_mark: -c F
start S3norm.......
test
sig1_raw[:,1] is ['30600' '30800' '54400' ... '70600' '70800' '71000'] sig2_raw[:,1] is ['30600' '30800' '54400' ... '70600' '70800' '71000'] bin_num is 13784097
length sig1 13784097
length sig2 13784097
check peak number in reference
reference_pk_num
3197305
check peak number in target
target_pk_num
102
fdr peak number < bin_num * rank_lim
use rank for target
3.12102805555694
reference_pk_num
3197305
target_pk_num
102
use FDR common peaks
use FDR common background
common peaks number:
13795
common background number:
10586792
check!!!
0
8.472028749546936
0.8985948669984251
Iteration 0 | dFB: 0.310002
[4.187189160659096, 1.689997782743757]
Iteration 10 | dFB: 0.001533
[2.7659480819351985, 0.840438297335563]
converged!
used: [A, B]
[2.7622270619840856, 0.8389112313816282]
transformation: B: 0.8389112313816282; A: 2.7622270619840856
User provide script_folder: -s /hpc/pmc_drost/nhung/S3norm/src/
User provide input_file_list: -t /hpc/pmc_drost/PROJECTS/swang/CUT_RUN/nhung_test/modify_bedgraph/s3norm_anti_H3k1me1_Samples/anti_H3k1me1_w_control.csv
User provide reference_method: -r mean
User provide NTmethod: -m mean
User provide B_init: -i 2.0
User provide fdr_thresh: -f 0.05
User provide rank_lim: -l 0.001
User provide upperlim: -a 100000
User provide lowerlim: -b 0
User provide p_method: -p z
User provide common_pk_binary: -k 0
User provide common_bg_binary: -g 0
Default cross_mark: -c F
start S3norm.......
Filelist is /hpc/pmc_drost/PROJECTS/swang/CUT_RUN/nhung_test/modify_bedgraph/s3norm_anti_H3k1me1_Samples/anti_H3k1me1_w_control.csv
script_folder is /hpc/pmc_drost/nhung/S3norm/src/
Get average reference......
Get average reference......Done
Get S3norm normalized read counts......
Get S3norm normalized read counts......Done
Get signal track of negative log10 p-value based on a NB background model......
Get signal track of negative log10 p-value based on a NB background model......Done
Get NBP average reference......
Get NBP average reference......Done
Get S3norm normalized negative log10 p-value based on NB background model......
Get S3norm normalized negative log10 p-value based on NB background model......Done
Organize folder......
Save S3norm_NBP_bedgraph
Save S3norm_rc_bedgraph
Save NBP_bedgraph
Save average_ref_bedgraph
Organize folder......Done

real	24m42.644s
user	22m45.295s
sys	1m22.232s
finish cut and run analysis at Thu Jun  1 20:37:23 CEST 2023
