mkdir: cannot create directory ‘/remove_zero’: Permission denied
start running cut and run analysis at Tue May 30 09:15:19 CEST 2023
read first file name
get bed file
get first file signals
SCC-bulkChIC-PMC-DRO-020_nozeroes_augmented.bedgraph
get all file signals
SCC-bulkChIC-PMC-DRO-023_nozeroes_augmented.bedgraph
get average_ref
get reference mean
get output bedgraph file
User provide reference.bedgraph: -r average_ref.bedgraph
User provide target.bedgraph: -t SCC-bulkChIC-PMC-DRO-020_nozeroes_augmented.bedgraph
User provide outputname: -o SCC-bulkChIC-PMC-DRO-020_nozeroes_augmented.bedgraph
User provide NTmethod: -m non0mean
User provide B_init: -i 2.0
User provide fdr_thresh: -f 0.05
User provide rank_lim: -l 0.001
User provide upperlim: -a 100000.0
User provide lowerlim: -b 0.0
User provide p_method: -p z
User provide common_pk_binary: -k 0
User provide common_bg_binary: -g 0
Default cross_mark: -c F
start S3norm.......
test
('sig1_raw[:,1] is', array(['30600', '30800', '54400', ..., '70600', '70800', '71000'],
      dtype='|S10'), 'sig2_raw[:,1] is', array(['30600', '30800', '54400', ..., '70600', '70800', '71000'],
      dtype='|S10'), 'bin_num is', 13784097)
('length sig1', 13784097)
('length sig2', 13784097)
check peak number in reference
reference_pk_num
19172
check peak number in target
target_pk_num
85707
reference_pk_num
19172
target_pk_num
85707
use FDR common peaks
use FDR common background
common peaks number:
18233
common background number:
13697451
check!!!
5061807
Iteration 0 | dFB: 0.108021
[0.2638403506146517, 1.8919793839537913]
Iteration 10 | dFB: 0.059613
[0.9807353080604109, 1.0581969106185851]
Iteration 20 | dFB: 0.000239
[1.1523771100303462, 0.9308268578860301]
converged!
used: [A, B]
[1.152703814116615, 0.9305947253989673]
transformation: B: 0.9305947253989673; A: 1.152703814116615
User provide reference.bedgraph: -r average_ref.bedgraph
User provide target.bedgraph: -t SCC-bulkChIC-PMC-DRO-023_nozeroes_augmented.bedgraph
User provide outputname: -o SCC-bulkChIC-PMC-DRO-023_nozeroes_augmented.bedgraph
User provide NTmethod: -m non0mean
User provide B_init: -i 2.0
User provide fdr_thresh: -f 0.05
User provide rank_lim: -l 0.001
User provide upperlim: -a 100000.0
User provide lowerlim: -b 0.0
User provide p_method: -p z
User provide common_pk_binary: -k 0
User provide common_bg_binary: -g 0
Default cross_mark: -c F
start S3norm.......
test
('sig1_raw[:,1] is', array(['30600', '30800', '54400', ..., '70600', '70800', '71000'],
      dtype='|S10'), 'sig2_raw[:,1] is', array(['30600', '30800', '54400', ..., '70600', '70800', '71000'],
      dtype='|S10'), 'bin_num is', 13784097)
('length sig1', 13784097)
('length sig2', 13784097)
check peak number in reference
reference_pk_num
19172
check peak number in target
target_pk_num
5698
fdr peak number < bin_num * rank_lim
use rank for target
22.0
reference_pk_num
19172
target_pk_num
5698
use FDR common peaks
use FDR common background
common peaks number:
8085
common background number:
13758767
check!!!
5061807
Iteration 0 | dFB: 0.087427
[0.21743414390256033, 1.9125727834963324]
Iteration 10 | dFB: 0.059219
[0.7089913552471776, 1.2115524402461462]
Iteration 20 | dFB: 0.001026
[0.9685853472271438, 0.9931258652168963]
converged!
used: [A, B]
[0.969947217126643, 0.9920927249591973]
transformation: B: 0.9920927249591973; A: 0.969947217126643
[1] "args in R are"
[1] "SCC-bulkChIC-PMC-DRO-020_nozeroes_augmented.bedgraph.s3norm.bedgraph"             
[2] "SCC-bulkChIC-PMC-DRO-020_nozeroes_augmented.bedgraph.s3norm.NB.neglog10p.bedgraph"
Error in file(file, "rt") : cannot open the connection
Calls: read.table -> file
In addition: Warning message:
In file(file, "rt") :
  cannot open file 'SCC-bulkChIC-PMC-DRO-020_nozeroes_augmented.bedgraph.s3norm.NB.neglog10p.bedgraph': No such file or directory
Execution halted
[1] "args in R are"
[1] "SCC-bulkChIC-PMC-DRO-023_nozeroes_augmented.bedgraph.s3norm.bedgraph"             
[2] "SCC-bulkChIC-PMC-DRO-023_nozeroes_augmented.bedgraph.s3norm.NB.neglog10p.bedgraph"
Error in file(file, "rt") : cannot open the connection
Calls: read.table -> file
In addition: Warning message:
In file(file, "rt") :
  cannot open file 'SCC-bulkChIC-PMC-DRO-023_nozeroes_augmented.bedgraph.s3norm.NB.neglog10p.bedgraph': No such file or directory
Execution halted
[1] "args in R are"
[1] ".s3norm.bedgraph"              ".s3norm.NB.neglog10p.bedgraph"
Error in file(file, "rt") : cannot open the connection
Calls: read.table -> file
In addition: Warning message:
In file(file, "rt") :
  cannot open file '.s3norm.bedgraph': No such file or directory
Execution halted
read first file name
get bed file
cut: SCC-bulkChIC-PMC-DRO-020_nozeroes_augmented.bedgraph.s3norm.NB.neglog10p.bedgraph: No such file or directory
get first file signals
SCC-bulkChIC-PMC-DRO-020_nozeroes_augmented.bedgraph
get all file signals
SCC-bulkChIC-PMC-DRO-023_nozeroes_augmented.bedgraph
cut: SCC-bulkChIC-PMC-DRO-023_nozeroes_augmented.bedgraph.s3norm.NB.neglog10p.bedgraph: No such file or directory
get average_ref
get reference mean
get output bedgraph file
User provide reference.bedgraph: -r average_ref.bedgraph.NBP.bedgraph
User provide target.bedgraph: -t SCC-bulkChIC-PMC-DRO-020_nozeroes_augmented.bedgraph.s3norm.NB.neglog10p.bedgraph
User provide outputname: -o SCC-bulkChIC-PMC-DRO-020_nozeroes_augmented.bedgraph.NBP
User provide NTmethod: -m non0mean
User provide B_init: -i 2.0
User provide fdr_thresh: -f 0.05
User provide rank_lim: -l 0.001
User provide upperlim: -a 100000.0
User provide lowerlim: -b 0.0
User provide p_method: -p neglog10p
User provide common_pk_binary: -k 0
User provide common_bg_binary: -g 0
User provide cross_mark: -c F
start S3norm.......
Traceback (most recent call last):
  File "/hpc/pmc_drost/nhung/S3norm/src//s3norm.py", line 477, in <module>
    main(sys.argv[1:])
  File "/hpc/pmc_drost/nhung/S3norm/src//s3norm.py", line 474, in main
    s3norm(sig1_wg_raw, sig2_wg_raw, sig2_output_name, NTmethod, B_init, fdr_thresh, rank_lim, upperlim, lowerlim, p_method, common_pk_binary, common_bg_binary, cross_mark)
  File "/hpc/pmc_drost/nhung/S3norm/src//s3norm.py", line 182, in s3norm
    sig2_raw = read2d_array(sig2_wg_raw, str)
  File "/hpc/pmc_drost/nhung/S3norm/src//s3norm.py", line 11, in read2d_array
    data=open(filename,'r')
IOError: [Errno 2] No such file or directory: 'SCC-bulkChIC-PMC-DRO-020_nozeroes_augmented.bedgraph.s3norm.NB.neglog10p.bedgraph'
User provide reference.bedgraph: -r average_ref.bedgraph.NBP.bedgraph
User provide target.bedgraph: -t SCC-bulkChIC-PMC-DRO-023_nozeroes_augmented.bedgraph.s3norm.NB.neglog10p.bedgraph
User provide outputname: -o SCC-bulkChIC-PMC-DRO-023_nozeroes_augmented.bedgraph.NBP
User provide NTmethod: -m non0mean
User provide B_init: -i 2.0
User provide fdr_thresh: -f 0.05
User provide rank_lim: -l 0.001
User provide upperlim: -a 100000.0
User provide lowerlim: -b 0.0
User provide p_method: -p neglog10p
User provide common_pk_binary: -k 0
User provide common_bg_binary: -g 0
User provide cross_mark: -c F
start S3norm.......
Traceback (most recent call last):
  File "/hpc/pmc_drost/nhung/S3norm/src//s3norm.py", line 477, in <module>
    main(sys.argv[1:])
  File "/hpc/pmc_drost/nhung/S3norm/src//s3norm.py", line 474, in main
    s3norm(sig1_wg_raw, sig2_wg_raw, sig2_output_name, NTmethod, B_init, fdr_thresh, rank_lim, upperlim, lowerlim, p_method, common_pk_binary, common_bg_binary, cross_mark)
  File "/hpc/pmc_drost/nhung/S3norm/src//s3norm.py", line 182, in s3norm
    sig2_raw = read2d_array(sig2_wg_raw, str)
  File "/hpc/pmc_drost/nhung/S3norm/src//s3norm.py", line 11, in read2d_array
    data=open(filename,'r')
IOError: [Errno 2] No such file or directory: 'SCC-bulkChIC-PMC-DRO-023_nozeroes_augmented.bedgraph.s3norm.NB.neglog10p.bedgraph'
mv: cannot stat ‘*.NBP.info.txt’: No such file or directory
mv: cannot stat ‘*.NBP.s3norm.bedgraph’: No such file or directory
mv: cannot stat ‘*.s3norm.NB.neglog10p.bedgraph’: No such file or directory
User provide script_folder: -s /hpc/pmc_drost/nhung/S3norm/src/
User provide input_file_list: -t /hpc/pmc_drost/PROJECTS/swang/CUT_RUN/nhung_test/modify_bedgraph/s3norm_anti_SFPQ_Samples/anti_sfpq_samples.csv
Default reference_method: -m max1
Default NTmethod: -m non0mean
Default B_init: -i 2.0
Default fdr_thresh: -f 0.05
Default rank_lim: -l 0.001
Default upperlim: -a 100000
Default lowerlim: -b 0
Default p_method: -p z
Default common_pk_binary: -k 0
Default common_bg_binary: -g 0
Default cross_mark: -c F
start S3norm.......
('Filelist is', '/hpc/pmc_drost/PROJECTS/swang/CUT_RUN/nhung_test/modify_bedgraph/s3norm_anti_SFPQ_Samples/anti_sfpq_samples.csv')
('script_folder is', '/hpc/pmc_drost/nhung/S3norm/src/')
Get average reference......
Get average reference......Done
Get S3norm normalized read counts......
Get S3norm normalized read counts......Done
Get signal track of negative log10 p-value based on a NB background model......
Get signal track of negative log10 p-value based on a NB background model......Done
Get NBP average reference......
Get NBP average reference......Done
Get S3norm normalized negative log10 p-value based on NB background model......
Get S3norm normalized negative log10 p-value based on NB background model......Done
Organize folder......
Save S3norm_NBP_bedgraph
Save S3norm_rc_bedgraph
Save NBP_bedgraph
Save average_ref_bedgraph
Organize folder......Done

real	6m20.772s
user	7m1.603s
sys	0m42.579s
finish cut and run analysis at Tue May 30 09:21:40 CEST 2023
