mkdir: cannot create directory ‘/remove_zero’: Permission denied
start running cut and run analysis at Mon May 29 10:18:54 CEST 2023
-------------------step 7. running data normalization------ 
read first file name
get bed file
get first file signals
SCC-ChIC-PMC-DRO-T1_nozeroes_augmented.bedgraph
get all file signals
SCC-ChIC-PMC-DRO-T5_nozeroes_augmented.bedgraph
SCC-bulkChIC-PMC-DRO-008_nozeroes_augmented.bedgraph
bulkChIC-PMC-DRO-016_nozeroes_augmented.bedgraph
SCC-ChIC-PMC-DRO-F1_nozeroes_augmented.bedgraph
SCC-ChIC-PMC-DRO-F5_nozeroes_augmented.bedgraph
SCC-bulkChIC-PMC-DRO-002_nozeroes_augmented.bedgraph
bulkChIC-PMC-DRO-015_nozeroes_augmented.bedgraph
SCC-ChIC-PMC-DRO-L1_nozeroes_augmented.bedgraph
SCC-ChIC-PMC-DRO-L5_nozeroes_augmented.bedgraph
SCC-bulkChIC-PMC-DRO-005_nozeroes_augmented.bedgraph
bulkChIC-PMC-DRO-014_nozeroes_augmented.bedgraph
get average_ref
get reference  max1
[1] "SCC-ChIC-PMC-DRO-T1_nozeroes_augmented.bedgraph FRiP score: 0.00435487799806318"
[1] "SCC-ChIC-PMC-DRO-T5_nozeroes_augmented.bedgraph FRiP score: 0.00395317438579924"
[1] "SCC-bulkChIC-PMC-DRO-008_nozeroes_augmented.bedgraph FRiP score: 0.0346175023171919"
[1] "bulkChIC-PMC-DRO-016_nozeroes_augmented.bedgraph FRiP score: 0.0118174229897805"
[1] "SCC-ChIC-PMC-DRO-F1_nozeroes_augmented.bedgraph FRiP score: 0.0191660290448191"
[1] "SCC-ChIC-PMC-DRO-F5_nozeroes_augmented.bedgraph FRiP score: 0.0203438978480948"
[1] "SCC-bulkChIC-PMC-DRO-002_nozeroes_augmented.bedgraph FRiP score: 0.184529091361904"
[1] "bulkChIC-PMC-DRO-015_nozeroes_augmented.bedgraph FRiP score: 0.0977747654365648"
[1] "SCC-ChIC-PMC-DRO-L1_nozeroes_augmented.bedgraph FRiP score: 0.00340325131418598"
[1] "SCC-ChIC-PMC-DRO-L5_nozeroes_augmented.bedgraph FRiP score: 0.00363617990291905"
[1] "SCC-bulkChIC-PMC-DRO-005_nozeroes_augmented.bedgraph FRiP score: 0.0251549016674274"
[1] "bulkChIC-PMC-DRO-014_nozeroes_augmented.bedgraph FRiP score: 0.0198410208221587"
[1] "Used reference"
[1] "max1"
     filenames_used                                         frip_used          
[1,] "SCC-bulkChIC-PMC-DRO-002_nozeroes_augmented.bedgraph" "0.184529091361904"
get output bedgraph file
User provide reference.bedgraph: -r average_ref.bedgraph
User provide target.bedgraph: -t SCC-ChIC-PMC-DRO-T1_nozeroes_augmented.bedgraph
User provide outputname: -o SCC-ChIC-PMC-DRO-T1_nozeroes_augmented.bedgraph
User provide NTmethod: -m non0mean
User provide B_init: -i 2.0
User provide fdr_thresh: -f 0.05
User provide rank_lim: -l 0.001
User provide upperlim: -a 100000.0
User provide lowerlim: -b 0.0
User provide p_method: -p z
User provide common_pk_binary: -k 0
User provide common_bg_binary: -g 0
Default cross_mark: -c F
start S3norm.......
('length sig1_raw', 13784097)
('length_sig2_raw', 13784097)
check peak number in reference
reference_pk_num
77117
check peak number in target
target_pk_num
1428
fdr peak number < bin_num * rank_lim
use rank for target
4.0
reference_pk_num
77117
target_pk_num
1428
use FDR common peaks
use FDR common background
common peaks number:
8139
common background number:
13683906
check!!!
3405683
Iteration 0 | dFB: 0.072492
[8.423319346824691, 1.9275075488779714]
Iteration 10 | dFB: 0.026248
[8.673851448512284, 1.3855161806571687]
Iteration 20 | dFB: 0.000050
[8.68876996136191, 1.3464596215212676]
converged!
used: [A, B]
[8.688786433596736, 1.3464159451025106]
transformation: B: 1.3464159451025106; A: 8.688786433596736
User provide reference.bedgraph: -r average_ref.bedgraph
User provide target.bedgraph: -t SCC-ChIC-PMC-DRO-T5_nozeroes_augmented.bedgraph
User provide outputname: -o SCC-ChIC-PMC-DRO-T5_nozeroes_augmented.bedgraph
User provide NTmethod: -m non0mean
User provide B_init: -i 2.0
User provide fdr_thresh: -f 0.05
User provide rank_lim: -l 0.001
User provide upperlim: -a 100000.0
User provide lowerlim: -b 0.0
User provide p_method: -p z
User provide common_pk_binary: -k 0
User provide common_bg_binary: -g 0
Default cross_mark: -c F
start S3norm.......
('length sig1_raw', 13784097)
('length_sig2_raw', 13784097)
check peak number in reference
reference_pk_num
77117
check peak number in target
target_pk_num
1430
fdr peak number < bin_num * rank_lim
use rank for target
4.0
reference_pk_num
77117
target_pk_num
1430
use FDR common peaks
use FDR common background
common peaks number:
7993
common background number:
13685980
check!!!
3406839
Iteration 0 | dFB: 0.072941
[8.438198071703516, 1.9270592920110177]
Iteration 10 | dFB: 0.022441
[8.678164554696593, 1.3976610731814456]
Iteration 20 | dFB: 0.000038
[8.689909912192954, 1.3665321903855736]
converged!
used: [A, B]
[8.689920429476269, 1.3665040333086764]
transformation: B: 1.3665040333086764; A: 8.689920429476269
User provide reference.bedgraph: -r average_ref.bedgraph
User provide target.bedgraph: -t SCC-bulkChIC-PMC-DRO-008_nozeroes_augmented.bedgraph
User provide outputname: -o SCC-bulkChIC-PMC-DRO-008_nozeroes_augmented.bedgraph
User provide NTmethod: -m non0mean
User provide B_init: -i 2.0
User provide fdr_thresh: -f 0.05
User provide rank_lim: -l 0.001
User provide upperlim: -a 100000.0
User provide lowerlim: -b 0.0
User provide p_method: -p z
User provide common_pk_binary: -k 0
User provide common_bg_binary: -g 0
Default cross_mark: -c F
start S3norm.......
('length sig1_raw', 13784097)
('length_sig2_raw', 13784097)
check peak number in reference
reference_pk_num
77117
check peak number in target
target_pk_num
5942
fdr peak number < bin_num * rank_lim
use rank for target
195.0
reference_pk_num
77117
target_pk_num
5942
use FDR common peaks
use FDR common background
common peaks number:
12734
common background number:
13705863
check!!!
1819769
Iteration 0 | dFB: 0.078847
[0.0700887977500847, 1.9211530351837496]
Iteration 10 | dFB: 0.046938
[0.5107834097439765, 1.2660242525610528]
Iteration 20 | dFB: 0.004447
[0.9077013829229568, 1.0541470535799677]
Iteration 30 | dFB: 0.000012
[0.9220688897757277, 1.0481785781839346]
converged!
used: [A, B]
[0.9220841224567777, 1.0481722943045677]
transformation: B: 1.0481722943045677; A: 0.9220841224567777
User provide reference.bedgraph: -r average_ref.bedgraph
User provide target.bedgraph: -t bulkChIC-PMC-DRO-016_nozeroes_augmented.bedgraph
User provide outputname: -o bulkChIC-PMC-DRO-016_nozeroes_augmented.bedgraph
User provide NTmethod: -m non0mean
User provide B_init: -i 2.0
User provide fdr_thresh: -f 0.05
User provide rank_lim: -l 0.001
User provide upperlim: -a 100000.0
User provide lowerlim: -b 0.0
User provide p_method: -p z
User provide common_pk_binary: -k 0
User provide common_bg_binary: -g 0
Default cross_mark: -c F
start S3norm.......
('length sig1_raw', 13784097)
('length_sig2_raw', 13784097)
check peak number in reference
reference_pk_num
77117
check peak number in target
target_pk_num
258
fdr peak number < bin_num * rank_lim
use rank for target
21.0
reference_pk_num
77117
target_pk_num
258
use FDR common peaks
use FDR common background
common peaks number:
8237
common background number:
13699632
check!!!
2861368
Iteration 0 | dFB: 0.062782
[0.8155554539653009, 1.9372183088453936]
Iteration 10 | dFB: 0.039317
[1.784043131380546, 1.4682569124765392]
Iteration 20 | dFB: 0.014198
[2.757733206196005, 1.1711464503536124]
Iteration 30 | dFB: 0.000048
[2.853486821232875, 1.1462652853941007]
converged!
used: [A, B]
[2.8536511891056056, 1.1462230657552797]
transformation: B: 1.1462230657552797; A: 2.8536511891056056
User provide reference.bedgraph: -r average_ref.bedgraph
User provide target.bedgraph: -t SCC-ChIC-PMC-DRO-F1_nozeroes_augmented.bedgraph
User provide outputname: -o SCC-ChIC-PMC-DRO-F1_nozeroes_augmented.bedgraph
User provide NTmethod: -m non0mean
User provide B_init: -i 2.0
User provide fdr_thresh: -f 0.05
User provide rank_lim: -l 0.001
User provide upperlim: -a 100000.0
User provide lowerlim: -b 0.0
User provide p_method: -p z
User provide common_pk_binary: -k 0
User provide common_bg_binary: -g 0
Default cross_mark: -c F
start S3norm.......
('length sig1_raw', 13784097)
('length_sig2_raw', 13784097)
check peak number in reference
reference_pk_num
77117
check peak number in target
target_pk_num
45653
reference_pk_num
77117
target_pk_num
45653
use FDR common peaks
use FDR common background
common peaks number:
23430
common background number:
13684757
check!!!
3416803
Iteration 0 | dFB: 0.070574
[8.482195785887273, 1.9294255370664384]
Iteration 10 | dFB: 0.003451
[8.594725105079979, 1.6589223469935857]
Iteration 20 | dFB: 0.000010
[8.5964058161183, 1.6544886782799721]
converged!
used: [A, B]
[8.596407958019919, 1.6544830195885116]
transformation: B: 1.6544830195885116; A: 8.596407958019919
User provide reference.bedgraph: -r average_ref.bedgraph
User provide target.bedgraph: -t SCC-ChIC-PMC-DRO-F5_nozeroes_augmented.bedgraph
User provide outputname: -o SCC-ChIC-PMC-DRO-F5_nozeroes_augmented.bedgraph
User provide NTmethod: -m non0mean
User provide B_init: -i 2.0
User provide fdr_thresh: -f 0.05
User provide rank_lim: -l 0.001
User provide upperlim: -a 100000.0
User provide lowerlim: -b 0.0
User provide p_method: -p z
User provide common_pk_binary: -k 0
User provide common_bg_binary: -g 0
Default cross_mark: -c F
start S3norm.......
('length sig1_raw', 13784097)
('length_sig2_raw', 13784097)
check peak number in reference
reference_pk_num
77117
check peak number in target
target_pk_num
48950
reference_pk_num
77117
target_pk_num
48950
use FDR common peaks
use FDR common background
common peaks number:
24750
common background number:
13682780
check!!!
3416507
Iteration 0 | dFB: 0.071399
[8.435434278441114, 1.9286011013323696]
Iteration 10 | dFB: 0.003478
[8.553504566114546, 1.6645090234727258]
converged!
used: [A, B]
[8.554976400433516, 1.6609055116973368]
transformation: B: 1.6609055116973368; A: 8.554976400433516
User provide reference.bedgraph: -r average_ref.bedgraph
User provide target.bedgraph: -t SCC-bulkChIC-PMC-DRO-002_nozeroes_augmented.bedgraph
User provide outputname: -o SCC-bulkChIC-PMC-DRO-002_nozeroes_augmented.bedgraph
User provide NTmethod: -m non0mean
User provide B_init: -i 2.0
User provide fdr_thresh: -f 0.05
User provide rank_lim: -l 0.001
User provide upperlim: -a 100000.0
User provide lowerlim: -b 0.0
User provide p_method: -p z
User provide common_pk_binary: -k 0
User provide common_bg_binary: -g 0
Default cross_mark: -c F
start S3norm.......
('length sig1_raw', 13784097)
('length_sig2_raw', 13784097)
check peak number in reference
reference_pk_num
77117
check peak number in target
target_pk_num
77117
reference_pk_num
77117
target_pk_num
77117
use FDR common peaks
use FDR common background
common peaks number:
77117
common background number:
13706980
check!!!
13784097
Iteration 0 | dFB: 0.079792
[0.03641169098203842, 1.9202080053546648]
Iteration 10 | dFB: 0.057821
[0.5160586921673568, 1.2104588830618237]
Iteration 20 | dFB: 0.001103
[0.9966466097108222, 1.0011245192706306]
converged!
used: [A, B]
[0.9999735051061921, 1.0000088724856906]
transformation: B: 1.0000088724856906; A: 0.9999735051061921
User provide reference.bedgraph: -r average_ref.bedgraph
User provide target.bedgraph: -t bulkChIC-PMC-DRO-015_nozeroes_augmented.bedgraph
User provide outputname: -o bulkChIC-PMC-DRO-015_nozeroes_augmented.bedgraph
User provide NTmethod: -m non0mean
User provide B_init: -i 2.0
User provide fdr_thresh: -f 0.05
User provide rank_lim: -l 0.001
User provide upperlim: -a 100000.0
User provide lowerlim: -b 0.0
User provide p_method: -p z
User provide common_pk_binary: -k 0
User provide common_bg_binary: -g 0
Default cross_mark: -c F
start S3norm.......
('length sig1_raw', 13784097)
('length_sig2_raw', 13784097)
check peak number in reference
reference_pk_num
77117
check peak number in target
target_pk_num
29069
reference_pk_num
77117
target_pk_num
29069
use FDR common peaks
use FDR common background
common peaks number:
27568
common background number:
13705479
check!!!
3196066
Iteration 0 | dFB: 0.094138
[0.7654540500267658, 1.905862188751826]
Iteration 10 | dFB: 0.050839
[3.2118502829515645, 1.1437769786620466]
Iteration 20 | dFB: 0.000259
[3.7875236656653466, 1.0238543414418757]
converged!
used: [A, B]
[3.788770841545369, 1.0236028033735642]
transformation: B: 1.0236028033735642; A: 3.788770841545369
User provide reference.bedgraph: -r average_ref.bedgraph
User provide target.bedgraph: -t SCC-ChIC-PMC-DRO-L1_nozeroes_augmented.bedgraph
User provide outputname: -o SCC-ChIC-PMC-DRO-L1_nozeroes_augmented.bedgraph
User provide NTmethod: -m non0mean
User provide B_init: -i 2.0
User provide fdr_thresh: -f 0.05
User provide rank_lim: -l 0.001
User provide upperlim: -a 100000.0
User provide lowerlim: -b 0.0
User provide p_method: -p z
User provide common_pk_binary: -k 0
User provide common_bg_binary: -g 0
Default cross_mark: -c F
start S3norm.......
('length sig1_raw', 13784097)
('length_sig2_raw', 13784097)
check peak number in reference
reference_pk_num
77117
check peak number in target
target_pk_num
578
fdr peak number < bin_num * rank_lim
use rank for target
4.0
reference_pk_num
77117
target_pk_num
578
use FDR common peaks
use FDR common background
common peaks number:
5244
common background number:
13687591
check!!!
3406306
Iteration 0 | dFB: 0.072435
[8.468294652829204, 1.9275651020550064]
Iteration 10 | dFB: 0.029716
[8.713730679891082, 1.3615325243012026]
Iteration 20 | dFB: 0.000064
[8.730451906699502, 1.3144233383276334]
converged!
used: [A, B]
[8.730471407110914, 1.3143675541549893]
transformation: B: 1.3143675541549893; A: 8.730471407110914
User provide reference.bedgraph: -r average_ref.bedgraph
User provide target.bedgraph: -t SCC-ChIC-PMC-DRO-L5_nozeroes_augmented.bedgraph
User provide outputname: -o SCC-ChIC-PMC-DRO-L5_nozeroes_augmented.bedgraph
User provide NTmethod: -m non0mean
User provide B_init: -i 2.0
User provide fdr_thresh: -f 0.05
User provide rank_lim: -l 0.001
User provide upperlim: -a 100000.0
User provide lowerlim: -b 0.0
User provide p_method: -p z
User provide common_pk_binary: -k 0
User provide common_bg_binary: -g 0
Default cross_mark: -c F
start S3norm.......
('length sig1_raw', 13784097)
('length_sig2_raw', 13784097)
check peak number in reference
reference_pk_num
77117
check peak number in target
target_pk_num
596
fdr peak number < bin_num * rank_lim
use rank for target
4.0
reference_pk_num
77117
target_pk_num
596
use FDR common peaks
use FDR common background
common peaks number:
6649
common background number:
13679595
check!!!
3403046
Iteration 0 | dFB: 0.071741
[8.355264512222478, 1.928259029087298]
Iteration 10 | dFB: 0.029826
[8.639643900472517, 1.370447497525797]
Iteration 20 | dFB: 0.000065
[8.659643503431903, 1.3228356547599556]
converged!
used: [A, B]
[8.65966697609462, 1.3227789200917948]
transformation: B: 1.3227789200917948; A: 8.65966697609462
User provide reference.bedgraph: -r average_ref.bedgraph
User provide target.bedgraph: -t SCC-bulkChIC-PMC-DRO-005_nozeroes_augmented.bedgraph
User provide outputname: -o SCC-bulkChIC-PMC-DRO-005_nozeroes_augmented.bedgraph
User provide NTmethod: -m non0mean
User provide B_init: -i 2.0
User provide fdr_thresh: -f 0.05
User provide rank_lim: -l 0.001
User provide upperlim: -a 100000.0
User provide lowerlim: -b 0.0
User provide p_method: -p z
User provide common_pk_binary: -k 0
User provide common_bg_binary: -g 0
Default cross_mark: -c F
start S3norm.......
('length sig1_raw', 13784097)
('length_sig2_raw', 13784097)
check peak number in reference
reference_pk_num
77117
check peak number in target
target_pk_num
3501
fdr peak number < bin_num * rank_lim
use rank for target
166.0
reference_pk_num
77117
target_pk_num
3501
use FDR common peaks
use FDR common background
common peaks number:
12490
common background number:
13705657
check!!!
1679141
Iteration 0 | dFB: 0.078142
[0.06286773287358191, 1.9218575305441357]
Iteration 10 | dFB: 0.040308
[0.41614799112554424, 1.3045291525926832]
Iteration 20 | dFB: 0.006751
[0.7011630863524311, 1.1187175292597316]
Iteration 30 | dFB: 0.000385
[0.7411980358948316, 1.098434723573382]
Iteration 40 | dFB: 0.000019
[0.7432930908016052, 1.0974008983415953]
converged!
used: [A, B]
[0.7433566019207262, 1.0973695994292807]
transformation: B: 1.0973695994292807; A: 0.7433566019207262
User provide reference.bedgraph: -r average_ref.bedgraph
User provide target.bedgraph: -t bulkChIC-PMC-DRO-014_nozeroes_augmented.bedgraph
User provide outputname: -o bulkChIC-PMC-DRO-014_nozeroes_augmented.bedgraph
User provide NTmethod: -m non0mean
User provide B_init: -i 2.0
User provide fdr_thresh: -f 0.05
User provide rank_lim: -l 0.001
User provide upperlim: -a 100000.0
User provide lowerlim: -b 0.0
User provide p_method: -p z
User provide common_pk_binary: -k 0
User provide common_bg_binary: -g 0
Default cross_mark: -c F
start S3norm.......
('length sig1_raw', 13784097)
('length_sig2_raw', 13784097)
check peak number in reference
reference_pk_num
77117
check peak number in target
target_pk_num
191
fdr peak number < bin_num * rank_lim
use rank for target
21.0
reference_pk_num
77117
target_pk_num
191
use FDR common peaks
use FDR common background
common peaks number:
10917
common background number:
13703970
check!!!
3024938
Iteration 0 | dFB: 0.077331
[1.2364839116905728, 1.9226693851388366]
Iteration 10 | dFB: 0.043287
[2.7119735178379, 1.3774205205846028]
Iteration 20 | dFB: 0.008100
[3.8139342612345963, 1.0928393247530415]
Iteration 30 | dFB: 0.000010
[3.8544677770800386, 1.083297154062341]
converged!
used: [A, B]
[3.854489599322107, 1.083292030218657]
transformation: B: 1.083292030218657; A: 3.854489599322107
Error in file(file, "rt") : cannot open the connection
Calls: read.table -> file
In addition: Warning message:
In file(file, "rt") :
  cannot open file 'SCC-ChIC-PMC-DRO-T1_nozeroes_augmented.bedgraph.s3norm.NB.neglog10p.bedgraph': No such file or directory
Execution halted
Error in file(file, "rt") : cannot open the connection
Calls: read.table -> file
In addition: Warning message:
In file(file, "rt") :
  cannot open file 'SCC-ChIC-PMC-DRO-T5_nozeroes_augmented.bedgraph.s3norm.NB.neglog10p.bedgraph': No such file or directory
Execution halted
Error in file(file, "rt") : cannot open the connection
Calls: read.table -> file
In addition: Warning message:
In file(file, "rt") :
  cannot open file 'SCC-bulkChIC-PMC-DRO-008_nozeroes_augmented.bedgraph.s3norm.NB.neglog10p.bedgraph': No such file or directory
Execution halted
Error in file(file, "rt") : cannot open the connection
Calls: read.table -> file
In addition: Warning message:
In file(file, "rt") :
  cannot open file 'bulkChIC-PMC-DRO-016_nozeroes_augmented.bedgraph.s3norm.NB.neglog10p.bedgraph': No such file or directory
Execution halted
Error in file(file, "rt") : cannot open the connection
Calls: read.table -> file
In addition: Warning message:
In file(file, "rt") :
  cannot open file 'SCC-ChIC-PMC-DRO-F1_nozeroes_augmented.bedgraph.s3norm.NB.neglog10p.bedgraph': No such file or directory
Execution halted
Error in file(file, "rt") : cannot open the connection
Calls: read.table -> file
In addition: Warning message:
In file(file, "rt") :
  cannot open file 'SCC-ChIC-PMC-DRO-F5_nozeroes_augmented.bedgraph.s3norm.NB.neglog10p.bedgraph': No such file or directory
Execution halted
Error in file(file, "rt") : cannot open the connection
Calls: read.table -> file
In addition: Warning message:
In file(file, "rt") :
  cannot open file 'SCC-bulkChIC-PMC-DRO-002_nozeroes_augmented.bedgraph.s3norm.NB.neglog10p.bedgraph': No such file or directory
Execution halted
Error in file(file, "rt") : cannot open the connection
Calls: read.table -> file
In addition: Warning message:
In file(file, "rt") :
  cannot open file 'bulkChIC-PMC-DRO-015_nozeroes_augmented.bedgraph.s3norm.NB.neglog10p.bedgraph': No such file or directory
Execution halted
Error in file(file, "rt") : cannot open the connection
Calls: read.table -> file
In addition: Warning message:
In file(file, "rt") :
  cannot open file 'SCC-ChIC-PMC-DRO-L1_nozeroes_augmented.bedgraph.s3norm.NB.neglog10p.bedgraph': No such file or directory
Execution halted
Error in file(file, "rt") : cannot open the connection
Calls: read.table -> file
In addition: Warning message:
In file(file, "rt") :
  cannot open file 'SCC-ChIC-PMC-DRO-L5_nozeroes_augmented.bedgraph.s3norm.NB.neglog10p.bedgraph': No such file or directory
Execution halted
Error in file(file, "rt") : cannot open the connection
Calls: read.table -> file
In addition: Warning message:
In file(file, "rt") :
  cannot open file 'SCC-bulkChIC-PMC-DRO-005_nozeroes_augmented.bedgraph.s3norm.NB.neglog10p.bedgraph': No such file or directory
Execution halted
Error in file(file, "rt") : cannot open the connection
Calls: read.table -> file
In addition: Warning message:
In file(file, "rt") :
  cannot open file 'bulkChIC-PMC-DRO-014_nozeroes_augmented.bedgraph.s3norm.NB.neglog10p.bedgraph': No such file or directory
Execution halted
read first file name
get bed file
cut: SCC-ChIC-PMC-DRO-T1_nozeroes_augmented.bedgraph.s3norm.NB.neglog10p.bedgraph: No such file or directory
get first file signals
SCC-ChIC-PMC-DRO-T1_nozeroes_augmented.bedgraph
get all file signals
SCC-ChIC-PMC-DRO-T5_nozeroes_augmented.bedgraph
cut: SCC-ChIC-PMC-DRO-T5_nozeroes_augmented.bedgraph.s3norm.NB.neglog10p.bedgraph: No such file or directory
SCC-bulkChIC-PMC-DRO-008_nozeroes_augmented.bedgraph
cut: SCC-bulkChIC-PMC-DRO-008_nozeroes_augmented.bedgraph.s3norm.NB.neglog10p.bedgraph: No such file or directory
bulkChIC-PMC-DRO-016_nozeroes_augmented.bedgraph
cut: bulkChIC-PMC-DRO-016_nozeroes_augmented.bedgraph.s3norm.NB.neglog10p.bedgraph: No such file or directory
SCC-ChIC-PMC-DRO-F1_nozeroes_augmented.bedgraph
cut: SCC-ChIC-PMC-DRO-F1_nozeroes_augmented.bedgraph.s3norm.NB.neglog10p.bedgraph: No such file or directory
SCC-ChIC-PMC-DRO-F5_nozeroes_augmented.bedgraph
cut: SCC-ChIC-PMC-DRO-F5_nozeroes_augmented.bedgraph.s3norm.NB.neglog10p.bedgraph: No such file or directory
SCC-bulkChIC-PMC-DRO-002_nozeroes_augmented.bedgraph
cut: SCC-bulkChIC-PMC-DRO-002_nozeroes_augmented.bedgraph.s3norm.NB.neglog10p.bedgraph: No such file or directory
bulkChIC-PMC-DRO-015_nozeroes_augmented.bedgraph
cut: bulkChIC-PMC-DRO-015_nozeroes_augmented.bedgraph.s3norm.NB.neglog10p.bedgraph: No such file or directory
SCC-ChIC-PMC-DRO-L1_nozeroes_augmented.bedgraph
cut: SCC-ChIC-PMC-DRO-L1_nozeroes_augmented.bedgraph.s3norm.NB.neglog10p.bedgraph: No such file or directory
SCC-ChIC-PMC-DRO-L5_nozeroes_augmented.bedgraph
cut: SCC-ChIC-PMC-DRO-L5_nozeroes_augmented.bedgraph.s3norm.NB.neglog10p.bedgraph: No such file or directory
SCC-bulkChIC-PMC-DRO-005_nozeroes_augmented.bedgraph
cut: SCC-bulkChIC-PMC-DRO-005_nozeroes_augmented.bedgraph.s3norm.NB.neglog10p.bedgraph: No such file or directory
bulkChIC-PMC-DRO-014_nozeroes_augmented.bedgraph
cut: bulkChIC-PMC-DRO-014_nozeroes_augmented.bedgraph.s3norm.NB.neglog10p.bedgraph: No such file or directory
get average_ref
get reference  max1
Error in file(file, "rt") : cannot open the connection
Calls: read.table -> file
In addition: Warning message:
In file(file, "rt") :
  cannot open file 'SCC-ChIC-PMC-DRO-T1_nozeroes_augmented.bedgraph.s3norm.NB.neglog10p.bedgraph': No such file or directory
Execution halted
get output bedgraph file
paste: sigmat.average_ref.txt: No such file or directory
rm: cannot remove ‘sigmat.average_ref.txt’: No such file or directory
User provide reference.bedgraph: -r average_ref.bedgraph.NBP.bedgraph
User provide target.bedgraph: -t SCC-ChIC-PMC-DRO-T1_nozeroes_augmented.bedgraph.s3norm.NB.neglog10p.bedgraph
User provide outputname: -o SCC-ChIC-PMC-DRO-T1_nozeroes_augmented.bedgraph.NBP
User provide NTmethod: -m non0mean
User provide B_init: -i 2.0
User provide fdr_thresh: -f 0.05
User provide rank_lim: -l 0.001
User provide upperlim: -a 100000.0
User provide lowerlim: -b 0.0
User provide p_method: -p neglog10p
User provide common_pk_binary: -k 0
User provide common_bg_binary: -g 0
User provide cross_mark: -c F
start S3norm.......
Traceback (most recent call last):
  File "/hpc/pmc_drost/nhung/s3norm_yichao/S3norm/src//s3norm.py", line 474, in <module>
    main(sys.argv[1:])
  File "/hpc/pmc_drost/nhung/s3norm_yichao/S3norm/src//s3norm.py", line 471, in main
    s3norm(sig1_wg_raw, sig2_wg_raw, sig2_output_name, NTmethod, B_init, fdr_thresh, rank_lim, upperlim, lowerlim, p_method, common_pk_binary, common_bg_binary, cross_mark)
  File "/hpc/pmc_drost/nhung/s3norm_yichao/S3norm/src//s3norm.py", line 182, in s3norm
    sig2_raw = read2d_array(sig2_wg_raw, str)
  File "/hpc/pmc_drost/nhung/s3norm_yichao/S3norm/src//s3norm.py", line 11, in read2d_array
    data=open(filename,'r')
IOError: [Errno 2] No such file or directory: 'SCC-ChIC-PMC-DRO-T1_nozeroes_augmented.bedgraph.s3norm.NB.neglog10p.bedgraph'
User provide reference.bedgraph: -r average_ref.bedgraph.NBP.bedgraph
User provide target.bedgraph: -t SCC-ChIC-PMC-DRO-T5_nozeroes_augmented.bedgraph.s3norm.NB.neglog10p.bedgraph
User provide outputname: -o SCC-ChIC-PMC-DRO-T5_nozeroes_augmented.bedgraph.NBP
User provide NTmethod: -m non0mean
User provide B_init: -i 2.0
User provide fdr_thresh: -f 0.05
User provide rank_lim: -l 0.001
User provide upperlim: -a 100000.0
User provide lowerlim: -b 0.0
User provide p_method: -p neglog10p
User provide common_pk_binary: -k 0
User provide common_bg_binary: -g 0
User provide cross_mark: -c F
start S3norm.......
Traceback (most recent call last):
  File "/hpc/pmc_drost/nhung/s3norm_yichao/S3norm/src//s3norm.py", line 474, in <module>
    main(sys.argv[1:])
  File "/hpc/pmc_drost/nhung/s3norm_yichao/S3norm/src//s3norm.py", line 471, in main
    s3norm(sig1_wg_raw, sig2_wg_raw, sig2_output_name, NTmethod, B_init, fdr_thresh, rank_lim, upperlim, lowerlim, p_method, common_pk_binary, common_bg_binary, cross_mark)
  File "/hpc/pmc_drost/nhung/s3norm_yichao/S3norm/src//s3norm.py", line 182, in s3norm
    sig2_raw = read2d_array(sig2_wg_raw, str)
  File "/hpc/pmc_drost/nhung/s3norm_yichao/S3norm/src//s3norm.py", line 11, in read2d_array
    data=open(filename,'r')
IOError: [Errno 2] No such file or directory: 'SCC-ChIC-PMC-DRO-T5_nozeroes_augmented.bedgraph.s3norm.NB.neglog10p.bedgraph'
User provide reference.bedgraph: -r average_ref.bedgraph.NBP.bedgraph
User provide target.bedgraph: -t SCC-bulkChIC-PMC-DRO-008_nozeroes_augmented.bedgraph.s3norm.NB.neglog10p.bedgraph
User provide outputname: -o SCC-bulkChIC-PMC-DRO-008_nozeroes_augmented.bedgraph.NBP
User provide NTmethod: -m non0mean
User provide B_init: -i 2.0
User provide fdr_thresh: -f 0.05
User provide rank_lim: -l 0.001
User provide upperlim: -a 100000.0
User provide lowerlim: -b 0.0
User provide p_method: -p neglog10p
User provide common_pk_binary: -k 0
User provide common_bg_binary: -g 0
User provide cross_mark: -c F
start S3norm.......
Traceback (most recent call last):
  File "/hpc/pmc_drost/nhung/s3norm_yichao/S3norm/src//s3norm.py", line 474, in <module>
    main(sys.argv[1:])
  File "/hpc/pmc_drost/nhung/s3norm_yichao/S3norm/src//s3norm.py", line 471, in main
    s3norm(sig1_wg_raw, sig2_wg_raw, sig2_output_name, NTmethod, B_init, fdr_thresh, rank_lim, upperlim, lowerlim, p_method, common_pk_binary, common_bg_binary, cross_mark)
  File "/hpc/pmc_drost/nhung/s3norm_yichao/S3norm/src//s3norm.py", line 182, in s3norm
    sig2_raw = read2d_array(sig2_wg_raw, str)
  File "/hpc/pmc_drost/nhung/s3norm_yichao/S3norm/src//s3norm.py", line 11, in read2d_array
    data=open(filename,'r')
IOError: [Errno 2] No such file or directory: 'SCC-bulkChIC-PMC-DRO-008_nozeroes_augmented.bedgraph.s3norm.NB.neglog10p.bedgraph'
User provide reference.bedgraph: -r average_ref.bedgraph.NBP.bedgraph
User provide target.bedgraph: -t bulkChIC-PMC-DRO-016_nozeroes_augmented.bedgraph.s3norm.NB.neglog10p.bedgraph
User provide outputname: -o bulkChIC-PMC-DRO-016_nozeroes_augmented.bedgraph.NBP
User provide NTmethod: -m non0mean
User provide B_init: -i 2.0
User provide fdr_thresh: -f 0.05
User provide rank_lim: -l 0.001
User provide upperlim: -a 100000.0
User provide lowerlim: -b 0.0
User provide p_method: -p neglog10p
User provide common_pk_binary: -k 0
User provide common_bg_binary: -g 0
User provide cross_mark: -c F
start S3norm.......
Traceback (most recent call last):
  File "/hpc/pmc_drost/nhung/s3norm_yichao/S3norm/src//s3norm.py", line 474, in <module>
    main(sys.argv[1:])
  File "/hpc/pmc_drost/nhung/s3norm_yichao/S3norm/src//s3norm.py", line 471, in main
    s3norm(sig1_wg_raw, sig2_wg_raw, sig2_output_name, NTmethod, B_init, fdr_thresh, rank_lim, upperlim, lowerlim, p_method, common_pk_binary, common_bg_binary, cross_mark)
  File "/hpc/pmc_drost/nhung/s3norm_yichao/S3norm/src//s3norm.py", line 182, in s3norm
    sig2_raw = read2d_array(sig2_wg_raw, str)
  File "/hpc/pmc_drost/nhung/s3norm_yichao/S3norm/src//s3norm.py", line 11, in read2d_array
    data=open(filename,'r')
IOError: [Errno 2] No such file or directory: 'bulkChIC-PMC-DRO-016_nozeroes_augmented.bedgraph.s3norm.NB.neglog10p.bedgraph'
User provide reference.bedgraph: -r average_ref.bedgraph.NBP.bedgraph
User provide target.bedgraph: -t SCC-ChIC-PMC-DRO-F1_nozeroes_augmented.bedgraph.s3norm.NB.neglog10p.bedgraph
User provide outputname: -o SCC-ChIC-PMC-DRO-F1_nozeroes_augmented.bedgraph.NBP
User provide NTmethod: -m non0mean
User provide B_init: -i 2.0
User provide fdr_thresh: -f 0.05
User provide rank_lim: -l 0.001
User provide upperlim: -a 100000.0
User provide lowerlim: -b 0.0
User provide p_method: -p neglog10p
User provide common_pk_binary: -k 0
User provide common_bg_binary: -g 0
User provide cross_mark: -c F
start S3norm.......
Traceback (most recent call last):
  File "/hpc/pmc_drost/nhung/s3norm_yichao/S3norm/src//s3norm.py", line 474, in <module>
    main(sys.argv[1:])
  File "/hpc/pmc_drost/nhung/s3norm_yichao/S3norm/src//s3norm.py", line 471, in main
    s3norm(sig1_wg_raw, sig2_wg_raw, sig2_output_name, NTmethod, B_init, fdr_thresh, rank_lim, upperlim, lowerlim, p_method, common_pk_binary, common_bg_binary, cross_mark)
  File "/hpc/pmc_drost/nhung/s3norm_yichao/S3norm/src//s3norm.py", line 182, in s3norm
    sig2_raw = read2d_array(sig2_wg_raw, str)
  File "/hpc/pmc_drost/nhung/s3norm_yichao/S3norm/src//s3norm.py", line 11, in read2d_array
    data=open(filename,'r')
IOError: [Errno 2] No such file or directory: 'SCC-ChIC-PMC-DRO-F1_nozeroes_augmented.bedgraph.s3norm.NB.neglog10p.bedgraph'
User provide reference.bedgraph: -r average_ref.bedgraph.NBP.bedgraph
User provide target.bedgraph: -t SCC-ChIC-PMC-DRO-F5_nozeroes_augmented.bedgraph.s3norm.NB.neglog10p.bedgraph
User provide outputname: -o SCC-ChIC-PMC-DRO-F5_nozeroes_augmented.bedgraph.NBP
User provide NTmethod: -m non0mean
User provide B_init: -i 2.0
User provide fdr_thresh: -f 0.05
User provide rank_lim: -l 0.001
User provide upperlim: -a 100000.0
User provide lowerlim: -b 0.0
User provide p_method: -p neglog10p
User provide common_pk_binary: -k 0
User provide common_bg_binary: -g 0
User provide cross_mark: -c F
start S3norm.......
Traceback (most recent call last):
  File "/hpc/pmc_drost/nhung/s3norm_yichao/S3norm/src//s3norm.py", line 474, in <module>
    main(sys.argv[1:])
  File "/hpc/pmc_drost/nhung/s3norm_yichao/S3norm/src//s3norm.py", line 471, in main
    s3norm(sig1_wg_raw, sig2_wg_raw, sig2_output_name, NTmethod, B_init, fdr_thresh, rank_lim, upperlim, lowerlim, p_method, common_pk_binary, common_bg_binary, cross_mark)
  File "/hpc/pmc_drost/nhung/s3norm_yichao/S3norm/src//s3norm.py", line 182, in s3norm
    sig2_raw = read2d_array(sig2_wg_raw, str)
  File "/hpc/pmc_drost/nhung/s3norm_yichao/S3norm/src//s3norm.py", line 11, in read2d_array
    data=open(filename,'r')
IOError: [Errno 2] No such file or directory: 'SCC-ChIC-PMC-DRO-F5_nozeroes_augmented.bedgraph.s3norm.NB.neglog10p.bedgraph'
User provide reference.bedgraph: -r average_ref.bedgraph.NBP.bedgraph
User provide target.bedgraph: -t SCC-bulkChIC-PMC-DRO-002_nozeroes_augmented.bedgraph.s3norm.NB.neglog10p.bedgraph
User provide outputname: -o SCC-bulkChIC-PMC-DRO-002_nozeroes_augmented.bedgraph.NBP
User provide NTmethod: -m non0mean
User provide B_init: -i 2.0
User provide fdr_thresh: -f 0.05
User provide rank_lim: -l 0.001
User provide upperlim: -a 100000.0
User provide lowerlim: -b 0.0
User provide p_method: -p neglog10p
User provide common_pk_binary: -k 0
User provide common_bg_binary: -g 0
User provide cross_mark: -c F
start S3norm.......
Traceback (most recent call last):
  File "/hpc/pmc_drost/nhung/s3norm_yichao/S3norm/src//s3norm.py", line 474, in <module>
    main(sys.argv[1:])
  File "/hpc/pmc_drost/nhung/s3norm_yichao/S3norm/src//s3norm.py", line 471, in main
    s3norm(sig1_wg_raw, sig2_wg_raw, sig2_output_name, NTmethod, B_init, fdr_thresh, rank_lim, upperlim, lowerlim, p_method, common_pk_binary, common_bg_binary, cross_mark)
  File "/hpc/pmc_drost/nhung/s3norm_yichao/S3norm/src//s3norm.py", line 182, in s3norm
    sig2_raw = read2d_array(sig2_wg_raw, str)
  File "/hpc/pmc_drost/nhung/s3norm_yichao/S3norm/src//s3norm.py", line 11, in read2d_array
    data=open(filename,'r')
IOError: [Errno 2] No such file or directory: 'SCC-bulkChIC-PMC-DRO-002_nozeroes_augmented.bedgraph.s3norm.NB.neglog10p.bedgraph'
User provide reference.bedgraph: -r average_ref.bedgraph.NBP.bedgraph
User provide target.bedgraph: -t bulkChIC-PMC-DRO-015_nozeroes_augmented.bedgraph.s3norm.NB.neglog10p.bedgraph
User provide outputname: -o bulkChIC-PMC-DRO-015_nozeroes_augmented.bedgraph.NBP
User provide NTmethod: -m non0mean
User provide B_init: -i 2.0
User provide fdr_thresh: -f 0.05
User provide rank_lim: -l 0.001
User provide upperlim: -a 100000.0
User provide lowerlim: -b 0.0
User provide p_method: -p neglog10p
User provide common_pk_binary: -k 0
User provide common_bg_binary: -g 0
User provide cross_mark: -c F
start S3norm.......
Traceback (most recent call last):
  File "/hpc/pmc_drost/nhung/s3norm_yichao/S3norm/src//s3norm.py", line 474, in <module>
    main(sys.argv[1:])
  File "/hpc/pmc_drost/nhung/s3norm_yichao/S3norm/src//s3norm.py", line 471, in main
    s3norm(sig1_wg_raw, sig2_wg_raw, sig2_output_name, NTmethod, B_init, fdr_thresh, rank_lim, upperlim, lowerlim, p_method, common_pk_binary, common_bg_binary, cross_mark)
  File "/hpc/pmc_drost/nhung/s3norm_yichao/S3norm/src//s3norm.py", line 182, in s3norm
    sig2_raw = read2d_array(sig2_wg_raw, str)
  File "/hpc/pmc_drost/nhung/s3norm_yichao/S3norm/src//s3norm.py", line 11, in read2d_array
    data=open(filename,'r')
IOError: [Errno 2] No such file or directory: 'bulkChIC-PMC-DRO-015_nozeroes_augmented.bedgraph.s3norm.NB.neglog10p.bedgraph'
User provide reference.bedgraph: -r average_ref.bedgraph.NBP.bedgraph
User provide target.bedgraph: -t SCC-ChIC-PMC-DRO-L1_nozeroes_augmented.bedgraph.s3norm.NB.neglog10p.bedgraph
User provide outputname: -o SCC-ChIC-PMC-DRO-L1_nozeroes_augmented.bedgraph.NBP
User provide NTmethod: -m non0mean
User provide B_init: -i 2.0
User provide fdr_thresh: -f 0.05
User provide rank_lim: -l 0.001
User provide upperlim: -a 100000.0
User provide lowerlim: -b 0.0
User provide p_method: -p neglog10p
User provide common_pk_binary: -k 0
User provide common_bg_binary: -g 0
User provide cross_mark: -c F
start S3norm.......
Traceback (most recent call last):
  File "/hpc/pmc_drost/nhung/s3norm_yichao/S3norm/src//s3norm.py", line 474, in <module>
    main(sys.argv[1:])
  File "/hpc/pmc_drost/nhung/s3norm_yichao/S3norm/src//s3norm.py", line 471, in main
    s3norm(sig1_wg_raw, sig2_wg_raw, sig2_output_name, NTmethod, B_init, fdr_thresh, rank_lim, upperlim, lowerlim, p_method, common_pk_binary, common_bg_binary, cross_mark)
  File "/hpc/pmc_drost/nhung/s3norm_yichao/S3norm/src//s3norm.py", line 182, in s3norm
    sig2_raw = read2d_array(sig2_wg_raw, str)
  File "/hpc/pmc_drost/nhung/s3norm_yichao/S3norm/src//s3norm.py", line 11, in read2d_array
    data=open(filename,'r')
IOError: [Errno 2] No such file or directory: 'SCC-ChIC-PMC-DRO-L1_nozeroes_augmented.bedgraph.s3norm.NB.neglog10p.bedgraph'
User provide reference.bedgraph: -r average_ref.bedgraph.NBP.bedgraph
User provide target.bedgraph: -t SCC-ChIC-PMC-DRO-L5_nozeroes_augmented.bedgraph.s3norm.NB.neglog10p.bedgraph
User provide outputname: -o SCC-ChIC-PMC-DRO-L5_nozeroes_augmented.bedgraph.NBP
User provide NTmethod: -m non0mean
User provide B_init: -i 2.0
User provide fdr_thresh: -f 0.05
User provide rank_lim: -l 0.001
User provide upperlim: -a 100000.0
User provide lowerlim: -b 0.0
User provide p_method: -p neglog10p
User provide common_pk_binary: -k 0
User provide common_bg_binary: -g 0
User provide cross_mark: -c F
start S3norm.......
Traceback (most recent call last):
  File "/hpc/pmc_drost/nhung/s3norm_yichao/S3norm/src//s3norm.py", line 474, in <module>
    main(sys.argv[1:])
  File "/hpc/pmc_drost/nhung/s3norm_yichao/S3norm/src//s3norm.py", line 471, in main
    s3norm(sig1_wg_raw, sig2_wg_raw, sig2_output_name, NTmethod, B_init, fdr_thresh, rank_lim, upperlim, lowerlim, p_method, common_pk_binary, common_bg_binary, cross_mark)
  File "/hpc/pmc_drost/nhung/s3norm_yichao/S3norm/src//s3norm.py", line 182, in s3norm
    sig2_raw = read2d_array(sig2_wg_raw, str)
  File "/hpc/pmc_drost/nhung/s3norm_yichao/S3norm/src//s3norm.py", line 11, in read2d_array
    data=open(filename,'r')
IOError: [Errno 2] No such file or directory: 'SCC-ChIC-PMC-DRO-L5_nozeroes_augmented.bedgraph.s3norm.NB.neglog10p.bedgraph'
User provide reference.bedgraph: -r average_ref.bedgraph.NBP.bedgraph
User provide target.bedgraph: -t SCC-bulkChIC-PMC-DRO-005_nozeroes_augmented.bedgraph.s3norm.NB.neglog10p.bedgraph
User provide outputname: -o SCC-bulkChIC-PMC-DRO-005_nozeroes_augmented.bedgraph.NBP
User provide NTmethod: -m non0mean
User provide B_init: -i 2.0
User provide fdr_thresh: -f 0.05
User provide rank_lim: -l 0.001
User provide upperlim: -a 100000.0
User provide lowerlim: -b 0.0
User provide p_method: -p neglog10p
User provide common_pk_binary: -k 0
User provide common_bg_binary: -g 0
User provide cross_mark: -c F
start S3norm.......
Traceback (most recent call last):
  File "/hpc/pmc_drost/nhung/s3norm_yichao/S3norm/src//s3norm.py", line 474, in <module>
    main(sys.argv[1:])
  File "/hpc/pmc_drost/nhung/s3norm_yichao/S3norm/src//s3norm.py", line 471, in main
    s3norm(sig1_wg_raw, sig2_wg_raw, sig2_output_name, NTmethod, B_init, fdr_thresh, rank_lim, upperlim, lowerlim, p_method, common_pk_binary, common_bg_binary, cross_mark)
  File "/hpc/pmc_drost/nhung/s3norm_yichao/S3norm/src//s3norm.py", line 182, in s3norm
    sig2_raw = read2d_array(sig2_wg_raw, str)
  File "/hpc/pmc_drost/nhung/s3norm_yichao/S3norm/src//s3norm.py", line 11, in read2d_array
    data=open(filename,'r')
IOError: [Errno 2] No such file or directory: 'SCC-bulkChIC-PMC-DRO-005_nozeroes_augmented.bedgraph.s3norm.NB.neglog10p.bedgraph'
User provide reference.bedgraph: -r average_ref.bedgraph.NBP.bedgraph
User provide target.bedgraph: -t bulkChIC-PMC-DRO-014_nozeroes_augmented.bedgraph.s3norm.NB.neglog10p.bedgraph
User provide outputname: -o bulkChIC-PMC-DRO-014_nozeroes_augmented.bedgraph.NBP
User provide NTmethod: -m non0mean
User provide B_init: -i 2.0
User provide fdr_thresh: -f 0.05
User provide rank_lim: -l 0.001
User provide upperlim: -a 100000.0
User provide lowerlim: -b 0.0
User provide p_method: -p neglog10p
User provide common_pk_binary: -k 0
User provide common_bg_binary: -g 0
User provide cross_mark: -c F
start S3norm.......
Traceback (most recent call last):
  File "/hpc/pmc_drost/nhung/s3norm_yichao/S3norm/src//s3norm.py", line 474, in <module>
    main(sys.argv[1:])
  File "/hpc/pmc_drost/nhung/s3norm_yichao/S3norm/src//s3norm.py", line 471, in main
    s3norm(sig1_wg_raw, sig2_wg_raw, sig2_output_name, NTmethod, B_init, fdr_thresh, rank_lim, upperlim, lowerlim, p_method, common_pk_binary, common_bg_binary, cross_mark)
  File "/hpc/pmc_drost/nhung/s3norm_yichao/S3norm/src//s3norm.py", line 182, in s3norm
    sig2_raw = read2d_array(sig2_wg_raw, str)
  File "/hpc/pmc_drost/nhung/s3norm_yichao/S3norm/src//s3norm.py", line 11, in read2d_array
    data=open(filename,'r')
IOError: [Errno 2] No such file or directory: 'bulkChIC-PMC-DRO-014_nozeroes_augmented.bedgraph.s3norm.NB.neglog10p.bedgraph'
mv: cannot stat ‘*.NBP.info.txt’: No such file or directory
mv: cannot stat ‘*.NBP.s3norm.bedgraph’: No such file or directory
mv: cannot stat ‘*.s3norm.NB.neglog10p.bedgraph’: No such file or directory
mv: missing destination file operand after ‘/hpc/pmc_drost/PROJECTS/swang/CUT_RUN/nhung_test/modify_bedgraph/s3norm_antiTFE3_Samples/anti_tfe3_samples.csv’
Try 'mv --help' for more information.
User provide script_folder: -s /hpc/pmc_drost/nhung/s3norm_yichao/S3norm/src/
User provide input_file_list: -t /hpc/pmc_drost/PROJECTS/swang/CUT_RUN/nhung_test/modify_bedgraph/s3norm_antiTFE3_Samples/anti_tfe3_samples.csv
Default reference_method: -m max1
Default NTmethod: -m non0mean
Default B_init: -i 2.0
Default fdr_thresh: -f 0.05
Default rank_lim: -l 0.001
Default upperlim: -a 100000
Default lowerlim: -b 0
Default p_method: -p z
Default common_pk_binary: -k 0
Default common_bg_binary: -g 0
Default cross_mark: -c F
start S3norm.......
Get average reference......
Get average reference......Done
Get S3norm normalized read counts......
Get S3norm normalized read counts......Done
Get signal track of negative log10 p-value based on a NB background model......
Get signal track of negative log10 p-value based on a NB background model......Done
Get NBP average reference......
Get NBP average reference......Done
Get S3norm normalized negative log10 p-value based on NB background model......
Get S3norm normalized negative log10 p-value based on NB background model......Done
Organize folder......
Save S3norm_NBP_bedgraph
Save S3norm_rc_bedgraph
Save NBP_bedgraph
Save average_ref_bedgraph
Organize folder......Done

real	54m53.866s
user	60m27.894s
sys	6m29.744s
/var/spool/slurm/d/job27560337/slurm_script: line 377: /hpc/pmc_drost/PROJECTS/swang/CUT_RUN/nhung_test/modify_bedgraph/anti_H3k4me3.csv: Permission denied
/var/spool/slurm/d/job27560337/slurm_script: line 378: /hpc/pmc_drost/PROJECTS/swang/CUT_RUN/nhung_test/antih3k1me1.csv: No such file or directory
/var/spool/slurm/d/job27560337/slurm_script: line 379: /hpc/pmc_drost/PROJECTS/swang/CUT_RUN/nhung_test/antiH3k27ac.csv: No such file or directory
/var/spool/slurm/d/job27560337/slurm_script: line 380: /hpc/pmc_drost/PROJECTS/swang/CUT_RUN/nhung_test/anti_sfpq_samples.csv: No such file or directory
finish cut and run analysis at Mon May 29 11:13:48 CEST 2023
