mkdir: cannot create directory ‘/remove_zero’: Permission denied
start running cut and run analysis at Wed May 31 09:23:07 CEST 2023
read first file name
get bed file
get first file signals
SCC-bulkChIC-PMC-DRO-021_nozeroes_augmented.bedgraph
get all file signals
SCC-bulkChIC-PMC-DRO-024_nozeroes_augmented.bedgraph
get average_ref
get reference mean
get output bedgraph file
User provide reference.bedgraph: -r average_ref.bedgraph
User provide target.bedgraph: -t SCC-bulkChIC-PMC-DRO-021_nozeroes_augmented.bedgraph
User provide outputname: -o SCC-bulkChIC-PMC-DRO-021_nozeroes_augmented.bedgraph
User provide NTmethod: -m mean
User provide B_init: -i 2.0
User provide fdr_thresh: -f 0.05
User provide rank_lim: -l 0.001
User provide upperlim: -a 100000.0
User provide lowerlim: -b 0.0
User provide p_method: -p z
User provide common_pk_binary: -k 0
User provide common_bg_binary: -g 0
Default cross_mark: -c F
start S3norm.......
('length sig1_raw', 13784097)
('length_sig2_raw', 13784097)
check peak number in reference
reference_pk_num
53217
check peak number in target
target_pk_num
60663
reference_pk_num
53217
target_pk_num
60663
use FDR common peaks
use FDR common background
common peaks number:
26861
common background number:
13697078
check!!!
5014778
30.248226052641385
2.8472217067027037
Iteration 0 | dFB: 0.110286
[0.28627077277415613, 1.8897144119964873]
Iteration 10 | dFB: 0.054920
[1.0266850010856539, 1.0655631162992036]
Iteration 20 | dFB: 0.000183
[1.1763690562581486, 0.9576082302068185]
converged!
used: [A, B]
[1.1766244635311647, 0.9574310102613036]
transformation: B: 0.9574310102613036; A: 1.1766244635311647
User provide reference.bedgraph: -r average_ref.bedgraph
User provide target.bedgraph: -t SCC-bulkChIC-PMC-DRO-024_nozeroes_augmented.bedgraph
User provide outputname: -o SCC-bulkChIC-PMC-DRO-024_nozeroes_augmented.bedgraph
User provide NTmethod: -m mean
User provide B_init: -i 2.0
User provide fdr_thresh: -f 0.05
User provide rank_lim: -l 0.001
User provide upperlim: -a 100000.0
User provide lowerlim: -b 0.0
User provide p_method: -p z
User provide common_pk_binary: -k 0
User provide common_bg_binary: -g 0
Default cross_mark: -c F
start S3norm.......
('length sig1_raw', 13784097)
('length_sig2_raw', 13784097)
check peak number in reference
reference_pk_num
53217
check peak number in target
target_pk_num
96397
reference_pk_num
53217
target_pk_num
96397
use FDR common peaks
use FDR common background
common peaks number:
43220
common background number:
13677703
check!!!
5014778
27.596702915316992
2.8274605611775616
Iteration 0 | dFB: 0.116500
[0.194405322614469, 1.8835001502917468]
Iteration 10 | dFB: 0.052139
[0.8959070158434826, 1.0173812239164173]
Iteration 20 | dFB: 0.000149
[1.0288627226173304, 0.9223214282170646]
converged!
used: [A, B]
[1.0290676118318873, 0.9221813901684317]
transformation: B: 0.9221813901684317; A: 1.0290676118318873
Error in file(file, "rt") : cannot open the connection
Calls: read.table -> file
In addition: Warning message:
In file(file, "rt") :
  cannot open file 'SCC-bulkChIC-PMC-DRO-021_nozeroes_augmented.bedgraph.s3norm.NB.neglog10p.bedgraph': No such file or directory
Execution halted
Error in file(file, "rt") : cannot open the connection
Calls: read.table -> file
In addition: Warning message:
In file(file, "rt") :
  cannot open file 'SCC-bulkChIC-PMC-DRO-024_nozeroes_augmented.bedgraph.s3norm.NB.neglog10p.bedgraph': No such file or directory
Execution halted
read first file name
get bed file
cut: SCC-bulkChIC-PMC-DRO-021_nozeroes_augmented.bedgraph.s3norm.NB.neglog10p.bedgraph: No such file or directory
get first file signals
SCC-bulkChIC-PMC-DRO-021_nozeroes_augmented.bedgraph
get all file signals
SCC-bulkChIC-PMC-DRO-024_nozeroes_augmented.bedgraph
cut: SCC-bulkChIC-PMC-DRO-024_nozeroes_augmented.bedgraph.s3norm.NB.neglog10p.bedgraph: No such file or directory
get average_ref
get reference mean
get output bedgraph file
User provide reference.bedgraph: -r average_ref.bedgraph.NBP.bedgraph
User provide target.bedgraph: -t SCC-bulkChIC-PMC-DRO-021_nozeroes_augmented.bedgraph.s3norm.NB.neglog10p.bedgraph
User provide outputname: -o SCC-bulkChIC-PMC-DRO-021_nozeroes_augmented.bedgraph.NBP
User provide NTmethod: -m mean
User provide B_init: -i 2.0
User provide fdr_thresh: -f 0.05
User provide rank_lim: -l 0.001
User provide upperlim: -a 100000.0
User provide lowerlim: -b 0.0
User provide p_method: -p neglog10p
User provide common_pk_binary: -k 0
User provide common_bg_binary: -g 0
User provide cross_mark: -c F
start S3norm.......
Traceback (most recent call last):
  File "/hpc/pmc_drost/nhung/s3norm_yichao/S3norm/src//s3norm.py", line 474, in <module>
    main(sys.argv[1:])
  File "/hpc/pmc_drost/nhung/s3norm_yichao/S3norm/src//s3norm.py", line 471, in main
    s3norm(sig1_wg_raw, sig2_wg_raw, sig2_output_name, NTmethod, B_init, fdr_thresh, rank_lim, upperlim, lowerlim, p_method, common_pk_binary, common_bg_binary, cross_mark)
  File "/hpc/pmc_drost/nhung/s3norm_yichao/S3norm/src//s3norm.py", line 182, in s3norm
    sig2_raw = read2d_array(sig2_wg_raw, str)
  File "/hpc/pmc_drost/nhung/s3norm_yichao/S3norm/src//s3norm.py", line 11, in read2d_array
    data=open(filename,'r')
IOError: [Errno 2] No such file or directory: 'SCC-bulkChIC-PMC-DRO-021_nozeroes_augmented.bedgraph.s3norm.NB.neglog10p.bedgraph'
User provide reference.bedgraph: -r average_ref.bedgraph.NBP.bedgraph
User provide target.bedgraph: -t SCC-bulkChIC-PMC-DRO-024_nozeroes_augmented.bedgraph.s3norm.NB.neglog10p.bedgraph
User provide outputname: -o SCC-bulkChIC-PMC-DRO-024_nozeroes_augmented.bedgraph.NBP
User provide NTmethod: -m mean
User provide B_init: -i 2.0
User provide fdr_thresh: -f 0.05
User provide rank_lim: -l 0.001
User provide upperlim: -a 100000.0
User provide lowerlim: -b 0.0
User provide p_method: -p neglog10p
User provide common_pk_binary: -k 0
User provide common_bg_binary: -g 0
User provide cross_mark: -c F
start S3norm.......
Traceback (most recent call last):
  File "/hpc/pmc_drost/nhung/s3norm_yichao/S3norm/src//s3norm.py", line 474, in <module>
    main(sys.argv[1:])
  File "/hpc/pmc_drost/nhung/s3norm_yichao/S3norm/src//s3norm.py", line 471, in main
    s3norm(sig1_wg_raw, sig2_wg_raw, sig2_output_name, NTmethod, B_init, fdr_thresh, rank_lim, upperlim, lowerlim, p_method, common_pk_binary, common_bg_binary, cross_mark)
  File "/hpc/pmc_drost/nhung/s3norm_yichao/S3norm/src//s3norm.py", line 182, in s3norm
    sig2_raw = read2d_array(sig2_wg_raw, str)
  File "/hpc/pmc_drost/nhung/s3norm_yichao/S3norm/src//s3norm.py", line 11, in read2d_array
    data=open(filename,'r')
IOError: [Errno 2] No such file or directory: 'SCC-bulkChIC-PMC-DRO-024_nozeroes_augmented.bedgraph.s3norm.NB.neglog10p.bedgraph'
mv: cannot stat '*.NBP.info.txt': No such file or directory
mv: cannot stat '*.NBP.s3norm.bedgraph': No such file or directory
mv: cannot stat '*.s3norm.NB.neglog10p.bedgraph': No such file or directory
mv: missing destination file operand after '/hpc/pmc_drost/PROJECTS/swang/CUT_RUN/nhung_test/modify_bedgraph/s3norm_anti_H3k1me1_Samples/antih3k1me1.csv'
Try 'mv --help' for more information.
User provide script_folder: -s /hpc/pmc_drost/nhung/s3norm_yichao/S3norm/src/
User provide input_file_list: -t /hpc/pmc_drost/PROJECTS/swang/CUT_RUN/nhung_test/modify_bedgraph/s3norm_anti_H3k1me1_Samples/antih3k1me1.csv
User provide reference_method: -r mean
User provide NTmethod: -m mean
User provide B_init: -i 2.0
User provide fdr_thresh: -f 0.05
User provide rank_lim: -l 0.001
User provide upperlim: -a 100000
User provide lowerlim: -b 0
User provide p_method: -p z
User provide common_pk_binary: -k 0
User provide common_bg_binary: -g 0
Default cross_mark: -c F
start S3norm.......
Get average reference......
Get average reference......Done
Get S3norm normalized read counts......
Get S3norm normalized read counts......Done
Get signal track of negative log10 p-value based on a NB background model......
Get signal track of negative log10 p-value based on a NB background model......Done
Get NBP average reference......
Get NBP average reference......Done
Get S3norm normalized negative log10 p-value based on NB background model......
Get S3norm normalized negative log10 p-value based on NB background model......Done
Organize folder......
Save S3norm_NBP_bedgraph
Save S3norm_rc_bedgraph
Save NBP_bedgraph
Save average_ref_bedgraph
Organize folder......Done

real	7m39.648s
user	8m42.896s
sys	0m34.085s
finish cut and run analysis at Wed May 31 09:30:47 CEST 2023
