mkdir: cannot create directory ‘/remove_zero’: Permission denied
start running cut and run analysis at Wed May 31 09:25:41 CEST 2023
read first file name
get bed file
get first file signals
SCC-bulkChIC-PMC-DRO-020_nozeroes_augmented.bedgraph
get all file signals
SCC-bulkChIC-PMC-DRO-023_nozeroes_augmented.bedgraph
get average_ref
get reference mean
get output bedgraph file
User provide reference.bedgraph: -r average_ref.bedgraph
User provide target.bedgraph: -t SCC-bulkChIC-PMC-DRO-020_nozeroes_augmented.bedgraph
User provide outputname: -o SCC-bulkChIC-PMC-DRO-020_nozeroes_augmented.bedgraph
User provide NTmethod: -m mean
User provide B_init: -i 2.0
User provide fdr_thresh: -f 0.05
User provide rank_lim: -l 0.001
User provide upperlim: -a 100000.0
User provide lowerlim: -b 0.0
User provide p_method: -p z
User provide common_pk_binary: -k 0
User provide common_bg_binary: -g 0
Default cross_mark: -c F
start S3norm.......
('length sig1_raw', 13784097)
('length_sig2_raw', 13784097)
check peak number in reference
reference_pk_num
19172
check peak number in target
target_pk_num
85707
reference_pk_num
19172
target_pk_num
85707
use FDR common peaks
use FDR common background
common peaks number:
18233
common background number:
13697451
check!!!
5061807
31.129013327483143
2.7599844744836024
Iteration 0 | dFB: 0.108030
[0.26269960381053403, 1.8919700980138576]
Iteration 10 | dFB: 0.059502
[0.9772476119348493, 1.0587594298490364]
Iteration 20 | dFB: 0.000240
[1.150389272682101, 0.9314088647875476]
converged!
used: [A, B]
[1.1507211029857904, 0.9311759762051068]
transformation: B: 0.9311759762051068; A: 1.1507211029857904
User provide reference.bedgraph: -r average_ref.bedgraph
User provide target.bedgraph: -t SCC-bulkChIC-PMC-DRO-023_nozeroes_augmented.bedgraph
User provide outputname: -o SCC-bulkChIC-PMC-DRO-023_nozeroes_augmented.bedgraph
User provide NTmethod: -m mean
User provide B_init: -i 2.0
User provide fdr_thresh: -f 0.05
User provide rank_lim: -l 0.001
User provide upperlim: -a 100000.0
User provide lowerlim: -b 0.0
User provide p_method: -p z
User provide common_pk_binary: -k 0
User provide common_bg_binary: -g 0
Default cross_mark: -c F
start S3norm.......
('length sig1_raw', 13784097)
('length_sig2_raw', 13784097)
check peak number in reference
reference_pk_num
19172
check peak number in target
target_pk_num
5698
fdr peak number < bin_num * rank_lim
use rank for target
22.0
reference_pk_num
19172
target_pk_num
5698
use FDR common peaks
use FDR common background
common peaks number:
8085
common background number:
13758767
check!!!
5061807
39.79226963512679
2.8132919686771363
Iteration 0 | dFB: 0.087490
[0.2169659645537303, 1.91250954257491]
Iteration 10 | dFB: 0.059216
[0.70869204971683, 1.211350251149764]
Iteration 20 | dFB: 0.001030
[0.9706006109411275, 0.992727241112226]
converged!
used: [A, B]
[0.9719849771978034, 0.9916893774995169]
transformation: B: 0.9916893774995169; A: 0.9719849771978034
Error in file(file, "rt") : cannot open the connection
Calls: read.table -> file
In addition: Warning message:
In file(file, "rt") :
  cannot open file 'SCC-bulkChIC-PMC-DRO-020_nozeroes_augmented.bedgraph.s3norm.NB.neglog10p.bedgraph': No such file or directory
Execution halted
Error in file(file, "rt") : cannot open the connection
Calls: read.table -> file
In addition: Warning message:
In file(file, "rt") :
  cannot open file 'SCC-bulkChIC-PMC-DRO-023_nozeroes_augmented.bedgraph.s3norm.NB.neglog10p.bedgraph': No such file or directory
Execution halted
Error in file(file, "rt") : cannot open the connection
Calls: read.table -> file
In addition: Warning message:
In file(file, "rt") :
  cannot open file '.s3norm.bedgraph': No such file or directory
Execution halted
read first file name
get bed file
cut: SCC-bulkChIC-PMC-DRO-020_nozeroes_augmented.bedgraph.s3norm.NB.neglog10p.bedgraph: No such file or directory
get first file signals
SCC-bulkChIC-PMC-DRO-020_nozeroes_augmented.bedgraph
get all file signals
SCC-bulkChIC-PMC-DRO-023_nozeroes_augmented.bedgraph
cut: SCC-bulkChIC-PMC-DRO-023_nozeroes_augmented.bedgraph.s3norm.NB.neglog10p.bedgraph: No such file or directory
get average_ref
get reference mean
get output bedgraph file
User provide reference.bedgraph: -r average_ref.bedgraph.NBP.bedgraph
User provide target.bedgraph: -t SCC-bulkChIC-PMC-DRO-020_nozeroes_augmented.bedgraph.s3norm.NB.neglog10p.bedgraph
User provide outputname: -o SCC-bulkChIC-PMC-DRO-020_nozeroes_augmented.bedgraph.NBP
User provide NTmethod: -m mean
User provide B_init: -i 2.0
User provide fdr_thresh: -f 0.05
User provide rank_lim: -l 0.001
User provide upperlim: -a 100000.0
User provide lowerlim: -b 0.0
User provide p_method: -p neglog10p
User provide common_pk_binary: -k 0
User provide common_bg_binary: -g 0
User provide cross_mark: -c F
start S3norm.......
Traceback (most recent call last):
  File "/hpc/pmc_drost/nhung/s3norm_yichao/S3norm/src//s3norm.py", line 474, in <module>
    main(sys.argv[1:])
  File "/hpc/pmc_drost/nhung/s3norm_yichao/S3norm/src//s3norm.py", line 471, in main
    s3norm(sig1_wg_raw, sig2_wg_raw, sig2_output_name, NTmethod, B_init, fdr_thresh, rank_lim, upperlim, lowerlim, p_method, common_pk_binary, common_bg_binary, cross_mark)
  File "/hpc/pmc_drost/nhung/s3norm_yichao/S3norm/src//s3norm.py", line 182, in s3norm
    sig2_raw = read2d_array(sig2_wg_raw, str)
  File "/hpc/pmc_drost/nhung/s3norm_yichao/S3norm/src//s3norm.py", line 11, in read2d_array
    data=open(filename,'r')
IOError: [Errno 2] No such file or directory: 'SCC-bulkChIC-PMC-DRO-020_nozeroes_augmented.bedgraph.s3norm.NB.neglog10p.bedgraph'
User provide reference.bedgraph: -r average_ref.bedgraph.NBP.bedgraph
User provide target.bedgraph: -t SCC-bulkChIC-PMC-DRO-023_nozeroes_augmented.bedgraph.s3norm.NB.neglog10p.bedgraph
User provide outputname: -o SCC-bulkChIC-PMC-DRO-023_nozeroes_augmented.bedgraph.NBP
User provide NTmethod: -m mean
User provide B_init: -i 2.0
User provide fdr_thresh: -f 0.05
User provide rank_lim: -l 0.001
User provide upperlim: -a 100000.0
User provide lowerlim: -b 0.0
User provide p_method: -p neglog10p
User provide common_pk_binary: -k 0
User provide common_bg_binary: -g 0
User provide cross_mark: -c F
start S3norm.......
Traceback (most recent call last):
  File "/hpc/pmc_drost/nhung/s3norm_yichao/S3norm/src//s3norm.py", line 474, in <module>
    main(sys.argv[1:])
  File "/hpc/pmc_drost/nhung/s3norm_yichao/S3norm/src//s3norm.py", line 471, in main
    s3norm(sig1_wg_raw, sig2_wg_raw, sig2_output_name, NTmethod, B_init, fdr_thresh, rank_lim, upperlim, lowerlim, p_method, common_pk_binary, common_bg_binary, cross_mark)
  File "/hpc/pmc_drost/nhung/s3norm_yichao/S3norm/src//s3norm.py", line 182, in s3norm
    sig2_raw = read2d_array(sig2_wg_raw, str)
  File "/hpc/pmc_drost/nhung/s3norm_yichao/S3norm/src//s3norm.py", line 11, in read2d_array
    data=open(filename,'r')
IOError: [Errno 2] No such file or directory: 'SCC-bulkChIC-PMC-DRO-023_nozeroes_augmented.bedgraph.s3norm.NB.neglog10p.bedgraph'
mv: cannot stat '*.NBP.info.txt': No such file or directory
mv: cannot stat '*.NBP.s3norm.bedgraph': No such file or directory
mv: cannot stat '*.s3norm.NB.neglog10p.bedgraph': No such file or directory
mv: missing destination file operand after '/hpc/pmc_drost/PROJECTS/swang/CUT_RUN/nhung_test/modify_bedgraph/s3norm_anti_SFPQ_Samples/anti_sfpq_samples.csv'
Try 'mv --help' for more information.
User provide script_folder: -s /hpc/pmc_drost/nhung/s3norm_yichao/S3norm/src/
User provide input_file_list: -t /hpc/pmc_drost/PROJECTS/swang/CUT_RUN/nhung_test/modify_bedgraph/s3norm_anti_SFPQ_Samples/anti_sfpq_samples.csv
User provide reference_method: -r mean
User provide NTmethod: -m mean
User provide B_init: -i 2.0
User provide fdr_thresh: -f 0.05
User provide rank_lim: -l 0.001
User provide upperlim: -a 100000
User provide lowerlim: -b 0
User provide p_method: -p z
User provide common_pk_binary: -k 0
User provide common_bg_binary: -g 0
Default cross_mark: -c F
start S3norm.......
Get average reference......
Get average reference......Done
Get S3norm normalized read counts......
Get S3norm normalized read counts......Done
Get signal track of negative log10 p-value based on a NB background model......
Get signal track of negative log10 p-value based on a NB background model......Done
Get NBP average reference......
Get NBP average reference......Done
Get S3norm normalized negative log10 p-value based on NB background model......
Get S3norm normalized negative log10 p-value based on NB background model......Done
Organize folder......
Save S3norm_NBP_bedgraph
Save S3norm_rc_bedgraph
Save NBP_bedgraph
Save average_ref_bedgraph
Organize folder......Done

real	8m36.362s
user	9m11.157s
sys	0m44.776s
finish cut and run analysis at Wed May 31 09:34:18 CEST 2023
