mkdir: cannot create directory ‘/remove_zero’: Permission denied
start running cut and run analysis at Mon May 29 18:05:34 CEST 2023
read first file name
get bed file
get first file signals
SCC-ChIC-PMC-DRO-T1_nozeroes_augmented.bedgraph
get all file signals
SCC-ChIC-PMC-DRO-T5_nozeroes_augmented.bedgraph
SCC-bulkChIC-PMC-DRO-008_nozeroes_augmented.bedgraph
bulkChIC-PMC-DRO-016_nozeroes_augmented.bedgraph
SCC-ChIC-PMC-DRO-F1_nozeroes_augmented.bedgraph
SCC-ChIC-PMC-DRO-F5_nozeroes_augmented.bedgraph
SCC-bulkChIC-PMC-DRO-002_nozeroes_augmented.bedgraph
bulkChIC-PMC-DRO-015_nozeroes_augmented.bedgraph
get average_ref
get reference  max1
[1] "SCC-ChIC-PMC-DRO-T1_nozeroes_augmented.bedgraph FRiP score: 0.00435487799806318"
[1] "SCC-ChIC-PMC-DRO-T5_nozeroes_augmented.bedgraph FRiP score: 0.00395317438579924"
[1] "SCC-bulkChIC-PMC-DRO-008_nozeroes_augmented.bedgraph FRiP score: 0.0346175023171919"
[1] "bulkChIC-PMC-DRO-016_nozeroes_augmented.bedgraph FRiP score: 0.0118174229897805"
[1] "SCC-ChIC-PMC-DRO-F1_nozeroes_augmented.bedgraph FRiP score: 0.0191660290448191"
[1] "SCC-ChIC-PMC-DRO-F5_nozeroes_augmented.bedgraph FRiP score: 0.0203438978480948"
[1] "SCC-bulkChIC-PMC-DRO-002_nozeroes_augmented.bedgraph FRiP score: 0.184529091361904"
[1] "bulkChIC-PMC-DRO-015_nozeroes_augmented.bedgraph FRiP score: 0.0977747654365648"
[1] "Used reference"
[1] "max1"
     filenames_used                                         frip_used          
[1,] "SCC-bulkChIC-PMC-DRO-002_nozeroes_augmented.bedgraph" "0.184529091361904"
get output bedgraph file
User provide reference.bedgraph: -r average_ref.bedgraph
User provide target.bedgraph: -t SCC-ChIC-PMC-DRO-T1_nozeroes_augmented.bedgraph
User provide outputname: -o SCC-ChIC-PMC-DRO-T1_nozeroes_augmented.bedgraph
User provide NTmethod: -m non0mean
User provide B_init: -i 2.0
User provide fdr_thresh: -f 0.05
User provide rank_lim: -l 0.001
User provide upperlim: -a 100000.0
User provide lowerlim: -b 0.0
User provide p_method: -p z
User provide common_pk_binary: -k 0
User provide common_bg_binary: -g 0
Default cross_mark: -c F
start S3norm.......
('length sig1_raw', 13784097)
('length_sig2_raw', 13784097)
check peak number in reference
reference_pk_num
77117
check peak number in target
target_pk_num
1428
fdr peak number < bin_num * rank_lim
use rank for target
4.0
reference_pk_num
77117
target_pk_num
1428
use FDR common peaks
use FDR common background
common peaks number:
8139
common background number:
13683906
check!!!
3405683
Iteration 0 | dFB: 0.072492
[8.423319346824691, 1.9275075488779714]
Iteration 10 | dFB: 0.026248
[8.673851448512284, 1.3855161806571687]
Iteration 20 | dFB: 0.000050
[8.68876996136191, 1.3464596215212676]
converged!
used: [A, B]
[8.688786433596736, 1.3464159451025106]
transformation: B: 1.3464159451025106; A: 8.688786433596736
User provide reference.bedgraph: -r average_ref.bedgraph
User provide target.bedgraph: -t SCC-ChIC-PMC-DRO-T5_nozeroes_augmented.bedgraph
User provide outputname: -o SCC-ChIC-PMC-DRO-T5_nozeroes_augmented.bedgraph
User provide NTmethod: -m non0mean
User provide B_init: -i 2.0
User provide fdr_thresh: -f 0.05
User provide rank_lim: -l 0.001
User provide upperlim: -a 100000.0
User provide lowerlim: -b 0.0
User provide p_method: -p z
User provide common_pk_binary: -k 0
User provide common_bg_binary: -g 0
Default cross_mark: -c F
start S3norm.......
('length sig1_raw', 13784097)
('length_sig2_raw', 13784097)
check peak number in reference
reference_pk_num
77117
check peak number in target
target_pk_num
1430
fdr peak number < bin_num * rank_lim
use rank for target
4.0
reference_pk_num
77117
target_pk_num
1430
use FDR common peaks
use FDR common background
common peaks number:
7993
common background number:
13685980
check!!!
3406839
Iteration 0 | dFB: 0.072941
[8.438198071703516, 1.9270592920110177]
Iteration 10 | dFB: 0.022441
[8.678164554696593, 1.3976610731814456]
Iteration 20 | dFB: 0.000038
[8.689909912192954, 1.3665321903855736]
converged!
used: [A, B]
[8.689920429476269, 1.3665040333086764]
transformation: B: 1.3665040333086764; A: 8.689920429476269
User provide reference.bedgraph: -r average_ref.bedgraph
User provide target.bedgraph: -t SCC-bulkChIC-PMC-DRO-008_nozeroes_augmented.bedgraph
User provide outputname: -o SCC-bulkChIC-PMC-DRO-008_nozeroes_augmented.bedgraph
User provide NTmethod: -m non0mean
User provide B_init: -i 2.0
User provide fdr_thresh: -f 0.05
User provide rank_lim: -l 0.001
User provide upperlim: -a 100000.0
User provide lowerlim: -b 0.0
User provide p_method: -p z
User provide common_pk_binary: -k 0
User provide common_bg_binary: -g 0
Default cross_mark: -c F
start S3norm.......
('length sig1_raw', 13784097)
('length_sig2_raw', 13784097)
check peak number in reference
reference_pk_num
77117
check peak number in target
target_pk_num
5942
fdr peak number < bin_num * rank_lim
use rank for target
195.0
reference_pk_num
77117
target_pk_num
5942
use FDR common peaks
use FDR common background
common peaks number:
12734
common background number:
13705863
check!!!
1819769
Iteration 0 | dFB: 0.078847
[0.0700887977500847, 1.9211530351837496]
Iteration 10 | dFB: 0.046938
[0.5107834097439765, 1.2660242525610528]
Iteration 20 | dFB: 0.004447
[0.9077013829229568, 1.0541470535799677]
Iteration 30 | dFB: 0.000012
[0.9220688897757277, 1.0481785781839346]
converged!
used: [A, B]
[0.9220841224567777, 1.0481722943045677]
transformation: B: 1.0481722943045677; A: 0.9220841224567777
User provide reference.bedgraph: -r average_ref.bedgraph
User provide target.bedgraph: -t bulkChIC-PMC-DRO-016_nozeroes_augmented.bedgraph
User provide outputname: -o bulkChIC-PMC-DRO-016_nozeroes_augmented.bedgraph
User provide NTmethod: -m non0mean
User provide B_init: -i 2.0
User provide fdr_thresh: -f 0.05
User provide rank_lim: -l 0.001
User provide upperlim: -a 100000.0
User provide lowerlim: -b 0.0
User provide p_method: -p z
User provide common_pk_binary: -k 0
User provide common_bg_binary: -g 0
Default cross_mark: -c F
start S3norm.......
('length sig1_raw', 13784097)
('length_sig2_raw', 13784097)
check peak number in reference
reference_pk_num
77117
check peak number in target
target_pk_num
258
fdr peak number < bin_num * rank_lim
use rank for target
21.0
reference_pk_num
77117
target_pk_num
258
use FDR common peaks
use FDR common background
common peaks number:
8237
common background number:
13699632
check!!!
2861368
Iteration 0 | dFB: 0.062782
[0.8155554539653009, 1.9372183088453936]
Iteration 10 | dFB: 0.039317
[1.784043131380546, 1.4682569124765392]
Iteration 20 | dFB: 0.014198
[2.757733206196005, 1.1711464503536124]
Iteration 30 | dFB: 0.000048
[2.853486821232875, 1.1462652853941007]
converged!
used: [A, B]
[2.8536511891056056, 1.1462230657552797]
transformation: B: 1.1462230657552797; A: 2.8536511891056056
